2025-11-07 19:45:42,930 - UltimateBot_V8 - INFO - 🚀 UltimateTradingSystemV8 initialized (PPO: True)
2025-11-07 19:45:42,930 - UltimateBot_V8 - INFO - 📂 Loading data: 2020-2024
2025-11-07 19:45:42,930 - DataManagerV8 - INFO - 📂 DataManagerV8 initialized with data_dir: /Users/serkanozturk/Desktop/JTTWS/data
2025-11-07 19:45:42,930 - DataManagerV8 - INFO - 📥 Loading EURUSD data (2020-01-01 to 2024-12-31)...
2025-11-07 19:45:42,930 - DataManagerV8 - INFO - 📂 Found 8 CSV files for EURUSD
2025-11-07 19:45:43,494 - DataManagerV8 - INFO - ✅ Loaded 165489 rows for EURUSD from /Users/serkanozturk/Desktop/JTTWS/data/EURUSD2003-2024
2025-11-07 19:45:43,495 - UltimateBot_V8 - INFO -   ✓ EURUSD: 165489 bars
2025-11-07 19:45:43,495 - DataManagerV8 - INFO - 📥 Loading GBPUSD data (2020-01-01 to 2024-12-31)...
2025-11-07 19:45:43,495 - DataManagerV8 - INFO - 📂 Found 8 CSV files for GBPUSD
2025-11-07 19:45:44,020 - DataManagerV8 - INFO - ✅ Loaded 164529 rows for GBPUSD from /Users/serkanozturk/Desktop/JTTWS/data/GBPUSD2003-2024
2025-11-07 19:45:44,021 - UltimateBot_V8 - INFO -   ✓ GBPUSD: 164529 bars
2025-11-07 19:45:44,021 - DataManagerV8 - INFO - 📥 Loading USDJPY data (2020-01-01 to 2024-12-31)...
2025-11-07 19:45:44,022 - DataManagerV8 - INFO - 📂 Found 8 CSV files for USDJPY
2025-11-07 19:45:44,586 - DataManagerV8 - INFO - ✅ Loaded 175297 rows for USDJPY from /Users/serkanozturk/Desktop/JTTWS/data/USDJPY2003-2024
2025-11-07 19:45:44,586 - UltimateBot_V8 - INFO -   ✓ USDJPY: 175297 bars
2025-11-07 19:45:44,586 - UltimateBot_V8 - INFO - ✅ Data loaded: 3 symbols
2025-11-07 19:45:44,587 - UltimateBot_V8 - INFO - 🎓 Training mode with walk-forward...
2025-11-07 19:45:44,587 - UltimateBot_V8 - INFO - 🔄 Walk-Forward Training: 30 Optuna trials per period
2025-11-07 19:45:44,587 - UltimateBot_V8 - INFO - 📊 Using REAL DATA from 3 symbols
2025-11-07 19:45:44,587 - DataAggregatorV8 - INFO - 📊 DataAggregatorV8 initialized
2025-11-07 19:45:44,587 - UltimateBot_V8 - INFO -    Processing EURUSD...
2025-11-07 19:45:44,587 - DataAggregatorV8 - INFO - 🔄 Aggregating EURUSD from 15M to Daily...
2025-11-07 19:45:44,587 - DataAggregatorV8 - INFO -    Input: 165489 rows (15M bars)
2025-11-07 19:45:44,613 - DataAggregatorV8 - INFO -    Output: 1802 days
2025-11-07 19:45:44,613 - DataAggregatorV8 - INFO -    Date range: 2020-01-01 00:00:00 → 2024-12-31 00:00:00
2025-11-07 19:45:44,614 - DataAggregatorV8 - INFO -    Avg Sharpe: -0.158
2025-11-07 19:45:44,614 - UltimateBot_V8 - INFO -    Processing GBPUSD...
2025-11-07 19:45:44,614 - DataAggregatorV8 - INFO - 🔄 Aggregating GBPUSD from 15M to Daily...
2025-11-07 19:45:44,614 - DataAggregatorV8 - INFO -    Input: 164529 rows (15M bars)
2025-11-07 19:45:44,633 - DataAggregatorV8 - INFO -    Output: 1800 days
2025-11-07 19:45:44,634 - DataAggregatorV8 - INFO -    Date range: 2020-01-01 00:00:00 → 2024-12-31 00:00:00
2025-11-07 19:45:44,634 - DataAggregatorV8 - INFO -    Avg Sharpe: 0.114
2025-11-07 19:45:44,634 - UltimateBot_V8 - INFO -    Processing USDJPY...
2025-11-07 19:45:44,634 - DataAggregatorV8 - INFO - 🔄 Aggregating USDJPY from 15M to Daily...
2025-11-07 19:45:44,634 - DataAggregatorV8 - INFO -    Input: 175297 rows (15M bars)
2025-11-07 19:45:44,654 - DataAggregatorV8 - INFO -    Output: 1827 days
2025-11-07 19:45:44,654 - DataAggregatorV8 - INFO -    Date range: 2020-01-01 00:00:00 → 2024-12-31 00:00:00
2025-11-07 19:45:44,654 - DataAggregatorV8 - INFO -    Avg Sharpe: 1.085
2025-11-07 19:45:44,654 - DataAggregatorV8 - INFO - 🔀 Preparing walk-forward data from multiple symbols...
2025-11-07 19:45:44,657 - DataAggregatorV8 - INFO - ✅ Walk-forward data prepared: 1827 days
2025-11-07 19:45:44,657 - DataAggregatorV8 - INFO -    Date range: 2020-01-01 00:00:00 → 2024-12-31 00:00:00
2025-11-07 19:45:44,657 - DataAggregatorV8 - INFO -    Avg Sharpe: 0.353
2025-11-07 19:45:44,657 - DataAggregatorV8 - INFO -    Avg Reward: 0.005409
2025-11-07 19:45:45,830 - UltimateBot_V8 - INFO - 
✅ Walk-Forward Complete!
2025-11-07 19:45:45,830 - UltimateBot_V8 - INFO -    Best Parameters:
2025-11-07 19:45:45,830 - UltimateBot_V8 - INFO -       lr: 0.000300
2025-11-07 19:45:45,830 - UltimateBot_V8 - INFO -       clip_range: 0.200000
2025-11-07 19:45:45,830 - UltimateBot_V8 - INFO -       ent_coef: 0.010000
2025-11-07 19:45:45,830 - UltimateBot_V8 - INFO -       decay_rate: 0.995000
2025-11-07 19:45:45,833 - UltimateBot_V8 - INFO -    Results saved: /Users/serkanozturk/Desktop/JTTWS/outputs/walk_forward_results_v8.csv
2025-11-07 19:45:45,833 - UltimateBot_V8 - INFO - 
======================================================================
2025-11-07 19:45:45,833 - UltimateBot_V8 - INFO - ✅ V8 SYSTEM COMPLETED
2025-11-07 19:45:45,833 - UltimateBot_V8 - INFO - ======================================================================
