2025-11-07 18:58:22,316 - UltimateBot_V8 - INFO - 🚀 UltimateTradingSystemV8 initialized (PPO: True)
2025-11-07 18:58:22,316 - UltimateBot_V8 - INFO - 📂 Loading data: 2020-2024
2025-11-07 18:58:22,316 - DataManagerV8 - INFO - 📂 DataManagerV8 initialized with data_dir: /Users/serkanozturk/Desktop/JTTWS/data
2025-11-07 18:58:22,316 - DataManagerV8 - INFO - 📥 Loading EURUSD data (2020-01-01 to 2024-12-31)...
2025-11-07 18:58:22,317 - DataManagerV8 - INFO - 📂 Found 8 CSV files for EURUSD
2025-11-07 18:58:22,915 - DataManagerV8 - INFO - ✅ Loaded 165489 rows for EURUSD from /Users/serkanozturk/Desktop/JTTWS/data/EURUSD2003-2024
2025-11-07 18:58:22,916 - UltimateBot_V8 - INFO -   ✓ EURUSD: 165489 bars
2025-11-07 18:58:22,916 - DataManagerV8 - INFO - 📥 Loading GBPUSD data (2020-01-01 to 2024-12-31)...
2025-11-07 18:58:22,917 - DataManagerV8 - INFO - 📂 Found 8 CSV files for GBPUSD
2025-11-07 18:58:23,465 - DataManagerV8 - INFO - ✅ Loaded 164529 rows for GBPUSD from /Users/serkanozturk/Desktop/JTTWS/data/GBPUSD2003-2024
2025-11-07 18:58:23,466 - UltimateBot_V8 - INFO -   ✓ GBPUSD: 164529 bars
2025-11-07 18:58:23,466 - DataManagerV8 - INFO - 📥 Loading USDJPY data (2020-01-01 to 2024-12-31)...
2025-11-07 18:58:23,467 - DataManagerV8 - INFO - 📂 Found 8 CSV files for USDJPY
2025-11-07 18:58:24,034 - DataManagerV8 - INFO - ✅ Loaded 175297 rows for USDJPY from /Users/serkanozturk/Desktop/JTTWS/data/USDJPY2003-2024
2025-11-07 18:58:24,035 - UltimateBot_V8 - INFO -   ✓ USDJPY: 175297 bars
2025-11-07 18:58:24,035 - UltimateBot_V8 - INFO - ✅ Data loaded: 3 symbols
2025-11-07 18:58:24,035 - UltimateBot_V8 - INFO - 📊 Running backtest: 1 episodes
2025-11-07 18:58:24,035 - RightsManager - INFO - Rights initialized: {'USDJPY': 25, 'EURUSD': 21, 'GBPUSD': 18}
2025-11-07 18:58:24,035 - TelegramReporter - INFO - ✅ Telegram enabled
2025-11-07 18:58:24,040 - WeeklyRangeLearner - INFO - ✅ EURUSD weekly: 1117 weeks, p95=452.5 pips
2025-11-07 18:58:24,043 - WeeklyRangeLearner - INFO - ✅ GBPUSD weekly: 1117 weeks, p95=542.9 pips
2025-11-07 18:58:24,047 - WeeklyRangeLearner - INFO - ✅ USDJPY weekly: 1117 weeks, p95=455.5 pips
2025-11-07 18:58:24,047 - UltimateBot_V8 - INFO - ✅ RewardShaper initialized
2025-11-07 18:58:24,047 - UltimateBot_V8 - INFO - 🌍 TradingEnvironmentV8 initialized: 3 symbols, $25000.0
2025-11-07 18:58:24,782 - UltimateBot_V8 - INFO - 
📈 Episode 1/1
2025-11-07 18:58:24,792 - UltimateBot_V8 - INFO - Penalty: 0.0000 - {'risk_scale': 1.0}
2025-11-07 18:58:24,792 - UltimateBot_V8 - INFO - Penalty: 0.0000 - {'risk_scale': 1.0}
2025-11-07 18:58:24,793 - UltimateBot_V8 - INFO - Penalty: 0.0000 - {'risk_scale': 1.0}
2025-11-07 18:58:24,793 - UltimateBot_V8 - INFO - Penalty: 0.0000 - {'risk_scale': 1.0}
2025-11-07 18:58:24,793 - UltimateBot_V8 - INFO - Penalty: 0.0000 - {'risk_scale': 1.0}
2025-11-07 18:58:24,793 - UltimateBot_V8 - INFO - Penalty: 0.0000 - {'risk_scale': 1.0}
2025-11-07 18:58:24,794 - UltimateBot_V8 - INFO - Penalty: 0.0000 - {'risk_scale': 1.0}
2025-11-07 18:58:24,794 - UltimateBot_V8 - INFO - Penalty: 0.0000 - {'risk_scale': 1.0}
2025-11-07 18:58:24,794 - UltimateBot_V8 - INFO - Penalty: 0.0000 - {'risk_scale': 1.0}
2025-11-07 18:58:24,794 - UltimateBot_V8 - INFO - Penalty: 0.0000 - {'risk_scale': 1.0}
2025-11-07 18:58:24,794 - UltimateBot_V8 - INFO - Penalty: 0.0000 - {'risk_scale': 1.0}
2025-11-07 18:58:24,795 - UltimateBot_V8 - INFO - Penalty: 0.0000 - {'risk_scale': 1.0}
2025-11-07 18:58:24,795 - UltimateBot_V8 - INFO - Penalty: 0.0000 - {'risk_scale': 1.0}
2025-11-07 18:58:24,795 - UltimateBot_V8 - INFO - Penalty: 0.0000 - {'risk_scale': 1.0}
2025-11-07 18:58:24,795 - UltimateBot_V8 - INFO - Penalty: 0.0000 - {'risk_scale': 1.0}
2025-11-07 18:58:24,796 - UltimateBot_V8 - INFO - Penalty: 0.0000 - {'risk_scale': 1.0}
2025-11-07 18:58:24,796 - UltimateBot_V8 - INFO - Penalty: 0.0000 - {'risk_scale': 1.0}
2025-11-07 18:58:24,796 - UltimateBot_V8 - INFO - Penalty: 0.0000 - {'risk_scale': 1.0}
2025-11-07 18:58:24,796 - UltimateBot_V8 - INFO - Penalty: 0.0000 - {'risk_scale': 1.0}
2025-11-07 18:58:24,797 - UltimateBot_V8 - INFO - Penalty: 0.0000 - {'risk_scale': 1.0}
2025-11-07 18:58:24,797 - UltimateBot_V8 - INFO - Penalty: 0.0000 - {'risk_scale': 1.0}
2025-11-07 18:58:24,797 - UltimateBot_V8 - INFO - Penalty: 0.0000 - {'risk_scale': 1.0}
2025-11-07 18:58:24,797 - UltimateBot_V8 - INFO - Penalty: 0.0000 - {'risk_scale': 1.0}
2025-11-07 18:58:24,798 - UltimateBot_V8 - INFO - Penalty: 0.0000 - {'risk_scale': 1.0}
2025-11-07 18:58:24,798 - UltimateBot_V8 - INFO - Penalty: 0.0000 - {'risk_scale': 1.0}
2025-11-07 18:58:24,798 - UltimateBot_V8 - INFO - Penalty: 0.0000 - {'risk_scale': 1.0}
2025-11-07 18:58:24,798 - UltimateBot_V8 - INFO - Penalty: 0.0000 - {'risk_scale': 1.0}
2025-11-07 18:58:24,798 - UltimateBot_V8 - INFO - Penalty: 0.0000 - {'risk_scale': 1.0}
2025-11-07 18:58:24,799 - UltimateBot_V8 - INFO - Penalty: 0.0000 - {'risk_scale': 1.0}
2025-11-07 18:58:24,799 - UltimateBot_V8 - INFO - Penalty: 0.0000 - {'risk_scale': 1.0}
2025-11-07 18:58:24,799 - UltimateBot_V8 - INFO - Penalty: 0.0000 - {'risk_scale': 1.0}
2025-11-07 18:58:24,799 - UltimateBot_V8 - INFO - Penalty: 0.0000 - {'risk_scale': 1.0}
2025-11-07 18:58:24,799 - UltimateBot_V8 - INFO - Penalty: 0.0000 - {'risk_scale': 1.0}
2025-11-07 18:58:24,800 - UltimateBot_V8 - INFO - Penalty: 0.0000 - {'risk_scale': 1.0}
2025-11-07 18:58:24,800 - UltimateBot_V8 - INFO - Penalty: 0.0000 - {'risk_scale': 1.0}
2025-11-07 18:58:24,800 - UltimateBot_V8 - INFO - Penalty: 0.0000 - {'risk_scale': 1.0}
2025-11-07 18:58:24,800 - UltimateBot_V8 - INFO - Penalty: 0.0000 - {'risk_scale': 1.0}
2025-11-07 18:58:24,800 - UltimateBot_V8 - INFO - Penalty: 0.0000 - {'risk_scale': 1.0}
2025-11-07 18:58:24,801 - UltimateBot_V8 - INFO - Penalty: 0.0000 - {'risk_scale': 1.0}
2025-11-07 18:58:24,801 - UltimateBot_V8 - INFO - Penalty: 0.0000 - {'risk_scale': 1.0}
2025-11-07 18:58:24,801 - UltimateBot_V8 - INFO - Penalty: 0.0000 - {'risk_scale': 1.0}
2025-11-07 18:58:24,801 - UltimateBot_V8 - INFO - Penalty: 0.0000 - {'risk_scale': 1.0}
2025-11-07 18:58:24,802 - UltimateBot_V8 - INFO - Penalty: 0.0000 - {'risk_scale': 1.0}
2025-11-07 18:58:24,802 - UltimateBot_V8 - INFO - Penalty: 0.0000 - {'risk_scale': 1.0}
2025-11-07 18:58:24,802 - UltimateBot_V8 - INFO - Penalty: 0.0000 - {'risk_scale': 1.0}
2025-11-07 18:58:24,802 - UltimateBot_V8 - INFO - Penalty: 0.0000 - {'risk_scale': 1.0}
2025-11-07 18:58:24,802 - UltimateBot_V8 - INFO - Penalty: 0.0000 - {'risk_scale': 1.0}
2025-11-07 18:58:24,803 - UltimateBot_V8 - INFO - Penalty: 0.0000 - {'risk_scale': 1.0}
2025-11-07 18:58:24,803 - UltimateBot_V8 - INFO - Penalty: 0.0000 - {'risk_scale': 1.0}
2025-11-07 18:58:24,803 - UltimateBot_V8 - INFO - Penalty: 0.0000 - {'risk_scale': 1.0}
2025-11-07 18:58:24,803 - UltimateBot_V8 - INFO - Penalty: 0.0000 - {'risk_scale': 1.0}
2025-11-07 18:58:24,803 - UltimateBot_V8 - INFO - Penalty: 0.0000 - {'risk_scale': 1.0}
2025-11-07 18:58:24,804 - UltimateBot_V8 - INFO - Penalty: 0.0000 - {'risk_scale': 1.0}
2025-11-07 18:58:24,804 - UltimateBot_V8 - INFO - Penalty: 0.0000 - {'risk_scale': 1.0}
2025-11-07 18:58:24,804 - UltimateBot_V8 - INFO - Penalty: 0.0000 - {'risk_scale': 1.0}
2025-11-07 18:58:24,804 - UltimateBot_V8 - INFO - Penalty: 0.0000 - {'risk_scale': 1.0}
2025-11-07 18:58:24,804 - UltimateBot_V8 - INFO - Penalty: 0.0000 - {'risk_scale': 1.0}
2025-11-07 18:58:24,805 - UltimateBot_V8 - INFO - Penalty: 0.0000 - {'risk_scale': 1.0}
2025-11-07 18:58:24,805 - UltimateBot_V8 - INFO - Penalty: 0.0000 - {'risk_scale': 1.0}
2025-11-07 18:58:24,805 - UltimateBot_V8 - INFO - Penalty: 0.0000 - {'risk_scale': 1.0}
2025-11-07 18:58:24,805 - UltimateBot_V8 - INFO - Penalty: 0.0000 - {'risk_scale': 1.0}
2025-11-07 18:58:24,806 - UltimateBot_V8 - INFO - Penalty: 0.0000 - {'risk_scale': 1.0}
2025-11-07 18:58:24,806 - UltimateBot_V8 - INFO - Penalty: 0.0000 - {'risk_scale': 1.0}
2025-11-07 18:58:24,806 - UltimateBot_V8 - INFO - Penalty: 0.0000 - {'risk_scale': 1.0}
2025-11-07 18:58:24,806 - UltimateBot_V8 - INFO - Penalty: 0.0000 - {'risk_scale': 1.0}
2025-11-07 18:58:24,806 - UltimateBot_V8 - INFO - Penalty: 0.0000 - {'risk_scale': 1.0}
2025-11-07 18:58:24,807 - UltimateBot_V8 - INFO - Penalty: 0.0000 - {'risk_scale': 1.0}
2025-11-07 18:58:24,807 - UltimateBot_V8 - INFO - Penalty: 0.0000 - {'risk_scale': 1.0}
2025-11-07 18:58:24,807 - UltimateBot_V8 - INFO - Penalty: 0.0000 - {'risk_scale': 1.0}
2025-11-07 18:58:24,807 - UltimateBot_V8 - INFO - Penalty: 0.0000 - {'risk_scale': 1.0}
2025-11-07 18:58:24,808 - UltimateBot_V8 - INFO - Penalty: 0.0000 - {'risk_scale': 1.0}
2025-11-07 18:58:24,808 - UltimateBot_V8 - INFO - Penalty: 0.0000 - {'risk_scale': 1.0}
2025-11-07 18:58:24,808 - UltimateBot_V8 - INFO - Penalty: 0.0000 - {'risk_scale': 1.0}
2025-11-07 18:58:24,808 - UltimateBot_V8 - INFO - Penalty: 0.0000 - {'risk_scale': 1.0}
2025-11-07 18:58:24,808 - UltimateBot_V8 - INFO - Penalty: 0.0000 - {'risk_scale': 1.0}
2025-11-07 18:58:24,809 - UltimateBot_V8 - INFO - Penalty: 0.0000 - {'risk_scale': 1.0}
2025-11-07 18:58:24,809 - UltimateBot_V8 - INFO - Penalty: 0.0000 - {'risk_scale': 1.0}
2025-11-07 18:58:24,809 - UltimateBot_V8 - INFO - Penalty: 0.0000 - {'risk_scale': 1.0}
2025-11-07 18:58:24,809 - UltimateBot_V8 - INFO - Penalty: 0.0000 - {'risk_scale': 1.0}
2025-11-07 18:58:24,809 - UltimateBot_V8 - INFO - Penalty: 0.0000 - {'risk_scale': 1.0}
2025-11-07 18:58:24,809 - UltimateBot_V8 - INFO - Penalty: 0.0000 - {'risk_scale': 1.0}
2025-11-07 18:58:24,810 - UltimateBot_V8 - INFO - Penalty: 0.0000 - {'risk_scale': 1.0}
2025-11-07 18:58:24,810 - UltimateBot_V8 - INFO - Penalty: 0.0000 - {'risk_scale': 1.0}
2025-11-07 18:58:24,810 - UltimateBot_V8 - INFO - Penalty: 0.0000 - {'risk_scale': 1.0}
2025-11-07 18:58:24,810 - UltimateBot_V8 - INFO - Penalty: 0.0000 - {'risk_scale': 1.0}
2025-11-07 18:58:24,810 - UltimateBot_V8 - INFO - Penalty: 0.0000 - {'risk_scale': 1.0}
2025-11-07 18:58:24,811 - UltimateBot_V8 - INFO - Penalty: 0.0000 - {'risk_scale': 1.0}
2025-11-07 18:58:24,811 - UltimateBot_V8 - INFO - Penalty: 0.0000 - {'risk_scale': 1.0}
2025-11-07 18:58:24,811 - UltimateBot_V8 - INFO - Penalty: 0.0000 - {'risk_scale': 1.0}
2025-11-07 18:58:24,811 - UltimateBot_V8 - INFO - Penalty: 0.0000 - {'risk_scale': 1.0}
2025-11-07 18:58:24,811 - UltimateBot_V8 - INFO - Penalty: 0.0000 - {'risk_scale': 1.0}
2025-11-07 18:58:24,812 - UltimateBot_V8 - INFO - Penalty: 0.0000 - {'risk_scale': 1.0}
2025-11-07 18:58:24,812 - UltimateBot_V8 - INFO - Penalty: 0.0000 - {'risk_scale': 1.0}
2025-11-07 18:58:24,812 - UltimateBot_V8 - INFO - Penalty: 0.0000 - {'risk_scale': 1.0}
2025-11-07 18:58:24,812 - UltimateBot_V8 - INFO - Penalty: 0.0000 - {'risk_scale': 1.0}
2025-11-07 18:58:24,812 - UltimateBot_V8 - INFO - Penalty: 0.0000 - {'risk_scale': 1.0}
2025-11-07 18:58:24,813 - UltimateBot_V8 - INFO - Penalty: 0.0000 - {'risk_scale': 1.0}
2025-11-07 18:58:24,813 - UltimateBot_V8 - INFO - Penalty: 0.0000 - {'risk_scale': 1.0}
2025-11-07 18:58:24,813 - UltimateBot_V8 - INFO - Penalty: 0.0000 - {'risk_scale': 1.0}
2025-11-07 18:58:24,814 - UltimateBot_V8 - INFO - Penalty: 0.0000 - {'risk_scale': 1.0}
2025-11-07 18:58:24,814 - UltimateBot_V8 - INFO -   Step 100: Reward=0.0000, Balance=$25000.00
2025-11-07 18:58:24,814 - UltimateBot_V8 - INFO - Penalty: 0.0000 - {'risk_scale': 1.0}
2025-11-07 18:58:24,814 - UltimateBot_V8 - INFO - Penalty: 0.0000 - {'risk_scale': 1.0}
2025-11-07 18:58:24,814 - UltimateBot_V8 - INFO - Penalty: 0.0000 - {'risk_scale': 1.0}
2025-11-07 18:58:24,814 - UltimateBot_V8 - INFO - Penalty: 0.0000 - {'risk_scale': 1.0}
2025-11-07 18:58:24,815 - UltimateBot_V8 - INFO - Penalty: 0.0000 - {'risk_scale': 1.0}
2025-11-07 18:58:24,815 - UltimateBot_V8 - INFO - Penalty: 0.0000 - {'risk_scale': 1.0}
2025-11-07 18:58:24,815 - UltimateBot_V8 - INFO - Penalty: 0.0000 - {'risk_scale': 1.0}
2025-11-07 18:58:24,815 - UltimateBot_V8 - INFO - Penalty: 0.0000 - {'risk_scale': 1.0}
2025-11-07 18:58:24,815 - UltimateBot_V8 - INFO - Penalty: 0.0000 - {'risk_scale': 1.0}
2025-11-07 18:58:24,816 - UltimateBot_V8 - INFO - Penalty: 0.0000 - {'risk_scale': 1.0}
2025-11-07 18:58:24,816 - UltimateBot_V8 - INFO - Penalty: 0.0000 - {'risk_scale': 1.0}
2025-11-07 18:58:24,816 - UltimateBot_V8 - INFO - Penalty: 0.0000 - {'risk_scale': 1.0}
2025-11-07 18:58:24,816 - UltimateBot_V8 - INFO - Penalty: 0.0000 - {'risk_scale': 1.0}
2025-11-07 18:58:24,816 - UltimateBot_V8 - INFO - Penalty: 0.0000 - {'risk_scale': 1.0}
2025-11-07 18:58:24,817 - UltimateBot_V8 - INFO - Penalty: 0.0000 - {'risk_scale': 1.0}
2025-11-07 18:58:24,817 - UltimateBot_V8 - INFO - Penalty: 0.0000 - {'risk_scale': 1.0}
2025-11-07 18:58:24,817 - UltimateBot_V8 - INFO - Penalty: 0.0000 - {'risk_scale': 1.0}
2025-11-07 18:58:24,817 - UltimateBot_V8 - INFO - Penalty: 0.0000 - {'risk_scale': 1.0}
2025-11-07 18:58:24,818 - UltimateBot_V8 - INFO - Penalty: 0.0000 - {'risk_scale': 1.0}
2025-11-07 18:58:24,818 - UltimateBot_V8 - INFO - Penalty: 0.0000 - {'risk_scale': 1.0}
2025-11-07 18:58:24,818 - UltimateBot_V8 - INFO - Penalty: 0.0000 - {'risk_scale': 1.0}
2025-11-07 18:58:24,818 - UltimateBot_V8 - INFO - Penalty: 0.0000 - {'risk_scale': 1.0}
2025-11-07 18:58:24,818 - UltimateBot_V8 - INFO - Penalty: 0.0000 - {'risk_scale': 1.0}
2025-11-07 18:58:24,819 - UltimateBot_V8 - INFO - Penalty: 0.0000 - {'risk_scale': 1.0}
2025-11-07 18:58:24,819 - UltimateBot_V8 - INFO - Penalty: 0.0000 - {'risk_scale': 1.0}
2025-11-07 18:58:24,819 - UltimateBot_V8 - INFO - Penalty: 0.0000 - {'risk_scale': 1.0}
2025-11-07 18:58:24,819 - UltimateBot_V8 - INFO - Penalty: 0.0000 - {'risk_scale': 1.0}
2025-11-07 18:58:24,819 - UltimateBot_V8 - INFO - Penalty: 0.0000 - {'risk_scale': 1.0}
2025-11-07 18:58:24,820 - UltimateBot_V8 - INFO - Penalty: 0.0000 - {'risk_scale': 1.0}
2025-11-07 18:58:24,820 - UltimateBot_V8 - INFO - Penalty: 0.0000 - {'risk_scale': 1.0}
2025-11-07 18:58:24,820 - UltimateBot_V8 - INFO - Penalty: 0.0000 - {'risk_scale': 1.0}
2025-11-07 18:58:24,820 - UltimateBot_V8 - INFO - Penalty: 0.0000 - {'risk_scale': 1.0}
2025-11-07 18:58:24,820 - UltimateBot_V8 - INFO - Penalty: 0.0000 - {'risk_scale': 1.0}
2025-11-07 18:58:24,821 - UltimateBot_V8 - INFO - Penalty: 0.0000 - {'risk_scale': 1.0}
2025-11-07 18:58:24,821 - UltimateBot_V8 - INFO - Penalty: 0.0000 - {'risk_scale': 1.0}
2025-11-07 18:58:24,821 - UltimateBot_V8 - INFO - Penalty: 0.0000 - {'risk_scale': 1.0}
2025-11-07 18:58:24,821 - UltimateBot_V8 - INFO - Penalty: 0.0000 - {'risk_scale': 1.0}
2025-11-07 18:58:24,821 - UltimateBot_V8 - INFO - Penalty: 0.0000 - {'risk_scale': 1.0}
2025-11-07 18:58:24,822 - UltimateBot_V8 - INFO - Penalty: 0.0000 - {'risk_scale': 1.0}
2025-11-07 18:58:24,822 - UltimateBot_V8 - INFO - Penalty: 0.0000 - {'risk_scale': 1.0}
2025-11-07 18:58:24,822 - UltimateBot_V8 - INFO - Penalty: 0.0000 - {'risk_scale': 1.0}
2025-11-07 18:58:24,822 - UltimateBot_V8 - INFO - Penalty: 0.0000 - {'risk_scale': 1.0}
2025-11-07 18:58:24,822 - UltimateBot_V8 - INFO - Penalty: 0.0000 - {'risk_scale': 1.0}
2025-11-07 18:58:24,823 - UltimateBot_V8 - INFO - Penalty: 0.0000 - {'risk_scale': 1.0}
2025-11-07 18:58:24,823 - UltimateBot_V8 - INFO - Penalty: 0.0000 - {'risk_scale': 1.0}
2025-11-07 18:58:24,823 - UltimateBot_V8 - INFO - Penalty: 0.0000 - {'risk_scale': 1.0}
2025-11-07 18:58:24,823 - UltimateBot_V8 - INFO - Penalty: 0.0000 - {'risk_scale': 1.0}
2025-11-07 18:58:24,823 - UltimateBot_V8 - INFO - Penalty: 0.0000 - {'risk_scale': 1.0}
2025-11-07 18:58:24,824 - UltimateBot_V8 - INFO - Penalty: 0.0000 - {'risk_scale': 1.0}
2025-11-07 18:58:24,824 - UltimateBot_V8 - INFO - Penalty: 0.0000 - {'risk_scale': 1.0}
2025-11-07 18:58:24,824 - UltimateBot_V8 - INFO - Penalty: 0.0000 - {'risk_scale': 1.0}
2025-11-07 18:58:24,824 - UltimateBot_V8 - INFO - Penalty: 0.0000 - {'risk_scale': 1.0}
2025-11-07 18:58:24,824 - UltimateBot_V8 - INFO - Penalty: 0.0000 - {'risk_scale': 1.0}
2025-11-07 18:58:24,824 - UltimateBot_V8 - INFO - Penalty: 0.0000 - {'risk_scale': 1.0}
2025-11-07 18:58:24,825 - UltimateBot_V8 - INFO - Penalty: 0.0000 - {'risk_scale': 1.0}
2025-11-07 18:58:24,825 - UltimateBot_V8 - INFO - Penalty: 0.0000 - {'risk_scale': 1.0}
2025-11-07 18:58:24,825 - UltimateBot_V8 - INFO - Penalty: 0.0000 - {'risk_scale': 1.0}
2025-11-07 18:58:24,825 - UltimateBot_V8 - INFO - Penalty: 0.0000 - {'risk_scale': 1.0}
2025-11-07 18:58:24,825 - UltimateBot_V8 - INFO - Penalty: 0.0000 - {'risk_scale': 1.0}
2025-11-07 18:58:24,826 - UltimateBot_V8 - INFO - Penalty: 0.0000 - {'risk_scale': 1.0}
2025-11-07 18:58:24,826 - UltimateBot_V8 - INFO - Penalty: 0.0000 - {'risk_scale': 1.0}
2025-11-07 18:58:24,826 - UltimateBot_V8 - INFO - Penalty: 0.0000 - {'risk_scale': 1.0}
2025-11-07 18:58:24,826 - UltimateBot_V8 - INFO - Penalty: 0.0000 - {'risk_scale': 1.0}
2025-11-07 18:58:24,826 - UltimateBot_V8 - INFO - Penalty: 0.0000 - {'risk_scale': 1.0}
2025-11-07 18:58:24,827 - UltimateBot_V8 - INFO - Penalty: 0.0000 - {'risk_scale': 1.0}
2025-11-07 18:58:24,827 - UltimateBot_V8 - INFO - Penalty: 0.0000 - {'risk_scale': 1.0}
2025-11-07 18:58:24,827 - UltimateBot_V8 - INFO - Penalty: 0.0000 - {'risk_scale': 1.0}
2025-11-07 18:58:24,827 - UltimateBot_V8 - INFO - Penalty: 0.0000 - {'risk_scale': 1.0}
2025-11-07 18:58:24,827 - UltimateBot_V8 - INFO - Penalty: 0.0000 - {'risk_scale': 1.0}
2025-11-07 18:58:24,828 - UltimateBot_V8 - INFO - Penalty: 0.0000 - {'risk_scale': 1.0}
2025-11-07 18:58:24,828 - UltimateBot_V8 - INFO - Penalty: 0.0000 - {'risk_scale': 1.0}
2025-11-07 18:58:24,828 - UltimateBot_V8 - INFO - Penalty: 0.0000 - {'risk_scale': 1.0}
2025-11-07 18:58:24,828 - UltimateBot_V8 - INFO - Penalty: 0.0000 - {'risk_scale': 1.0}
2025-11-07 18:58:24,828 - UltimateBot_V8 - INFO - Penalty: 0.0000 - {'risk_scale': 1.0}
2025-11-07 18:58:24,829 - UltimateBot_V8 - INFO - Penalty: 0.0000 - {'risk_scale': 1.0}
2025-11-07 18:58:24,829 - UltimateBot_V8 - INFO - Penalty: 0.0000 - {'risk_scale': 1.0}
2025-11-07 18:58:24,829 - UltimateBot_V8 - INFO - Penalty: 0.0000 - {'risk_scale': 1.0}
2025-11-07 18:58:24,829 - UltimateBot_V8 - INFO - Penalty: 0.0000 - {'risk_scale': 1.0}
2025-11-07 18:58:24,829 - UltimateBot_V8 - INFO - Penalty: 0.0000 - {'risk_scale': 1.0}
2025-11-07 18:58:24,830 - UltimateBot_V8 - INFO - Penalty: 0.0000 - {'risk_scale': 1.0}
2025-11-07 18:58:24,830 - UltimateBot_V8 - INFO - Penalty: 0.0000 - {'risk_scale': 1.0}
2025-11-07 18:58:24,830 - UltimateBot_V8 - INFO - Penalty: 0.0000 - {'risk_scale': 1.0}
2025-11-07 18:58:24,830 - UltimateBot_V8 - INFO - Penalty: 0.0000 - {'risk_scale': 1.0}
2025-11-07 18:58:24,830 - UltimateBot_V8 - INFO - Penalty: 0.0000 - {'risk_scale': 1.0}
2025-11-07 18:58:24,831 - UltimateBot_V8 - INFO - Penalty: 0.0000 - {'risk_scale': 1.0}
2025-11-07 18:58:24,831 - UltimateBot_V8 - INFO - Penalty: 0.0000 - {'risk_scale': 1.0}
2025-11-07 18:58:24,831 - UltimateBot_V8 - INFO - Penalty: 0.0000 - {'risk_scale': 1.0}
2025-11-07 18:58:24,831 - UltimateBot_V8 - INFO - Penalty: 0.0000 - {'risk_scale': 1.0}
2025-11-07 18:58:24,832 - UltimateBot_V8 - INFO - Penalty: 0.0000 - {'risk_scale': 1.0}
2025-11-07 18:58:24,832 - UltimateBot_V8 - INFO - Penalty: 0.0000 - {'risk_scale': 1.0}
2025-11-07 18:58:24,832 - UltimateBot_V8 - INFO - Penalty: 0.0000 - {'risk_scale': 1.0}
2025-11-07 18:58:24,832 - UltimateBot_V8 - INFO - Penalty: 0.0000 - {'risk_scale': 1.0}
2025-11-07 18:58:24,832 - UltimateBot_V8 - INFO - Penalty: 0.0000 - {'risk_scale': 1.0}
2025-11-07 18:58:24,833 - UltimateBot_V8 - INFO - Penalty: 0.0000 - {'risk_scale': 1.0}
2025-11-07 18:58:24,833 - UltimateBot_V8 - INFO - Penalty: 0.0000 - {'risk_scale': 1.0}
2025-11-07 18:58:24,833 - UltimateBot_V8 - INFO - Penalty: 0.0000 - {'risk_scale': 1.0}
2025-11-07 18:58:24,833 - UltimateBot_V8 - INFO - Penalty: 0.0000 - {'risk_scale': 1.0}
2025-11-07 18:58:24,834 - UltimateBot_V8 - INFO - Penalty: 0.0000 - {'risk_scale': 1.0}
2025-11-07 18:58:24,834 - UltimateBot_V8 - INFO - Penalty: 0.0000 - {'risk_scale': 1.0}
2025-11-07 18:58:24,834 - UltimateBot_V8 - INFO - Penalty: 0.0000 - {'risk_scale': 1.0}
2025-11-07 18:58:24,834 - UltimateBot_V8 - INFO -   Step 200: Reward=0.0000, Balance=$25000.00
2025-11-07 18:58:24,834 - UltimateBot_V8 - INFO - Penalty: 0.0000 - {'risk_scale': 1.0}
2025-11-07 18:58:24,834 - UltimateBot_V8 - INFO - Penalty: 0.0000 - {'risk_scale': 1.0}
2025-11-07 18:58:24,835 - UltimateBot_V8 - INFO - Penalty: 0.0000 - {'risk_scale': 1.0}
2025-11-07 18:58:24,835 - UltimateBot_V8 - INFO - Penalty: 0.0000 - {'risk_scale': 1.0}
2025-11-07 18:58:24,835 - UltimateBot_V8 - INFO - Penalty: 0.0000 - {'risk_scale': 1.0}
2025-11-07 18:58:24,835 - UltimateBot_V8 - INFO - Penalty: 0.0000 - {'risk_scale': 1.0}
2025-11-07 18:58:24,835 - UltimateBot_V8 - INFO - Penalty: 0.0000 - {'risk_scale': 1.0}
2025-11-07 18:58:24,836 - UltimateBot_V8 - INFO - Penalty: 0.0000 - {'risk_scale': 1.0}
2025-11-07 18:58:24,836 - UltimateBot_V8 - INFO - Penalty: 0.0000 - {'risk_scale': 1.0}
2025-11-07 18:58:24,836 - UltimateBot_V8 - INFO - Penalty: 0.0000 - {'risk_scale': 1.0}
2025-11-07 18:58:24,837 - UltimateBot_V8 - INFO - Penalty: 0.0000 - {'risk_scale': 1.0}
2025-11-07 18:58:24,837 - UltimateBot_V8 - INFO - Penalty: 0.0000 - {'risk_scale': 1.0}
2025-11-07 18:58:24,837 - UltimateBot_V8 - INFO - Penalty: 0.0000 - {'risk_scale': 1.0}
2025-11-07 18:58:24,837 - UltimateBot_V8 - INFO - Penalty: 0.0000 - {'risk_scale': 1.0}
2025-11-07 18:58:24,837 - UltimateBot_V8 - INFO - Penalty: 0.0000 - {'risk_scale': 1.0}
2025-11-07 18:58:24,838 - UltimateBot_V8 - INFO - Penalty: 0.0000 - {'risk_scale': 1.0}
2025-11-07 18:58:24,838 - UltimateBot_V8 - INFO - Penalty: 0.0000 - {'risk_scale': 1.0}
2025-11-07 18:58:24,838 - UltimateBot_V8 - INFO - Penalty: 0.0000 - {'risk_scale': 1.0}
2025-11-07 18:58:24,838 - UltimateBot_V8 - INFO - Penalty: 0.0000 - {'risk_scale': 1.0}
2025-11-07 18:58:24,838 - UltimateBot_V8 - INFO - Penalty: 0.0000 - {'risk_scale': 1.0}
2025-11-07 18:58:24,839 - UltimateBot_V8 - INFO - Penalty: 0.0000 - {'risk_scale': 1.0}
2025-11-07 18:58:24,839 - UltimateBot_V8 - INFO - Penalty: 0.0000 - {'risk_scale': 1.0}
2025-11-07 18:58:24,839 - UltimateBot_V8 - INFO - Penalty: 0.0000 - {'risk_scale': 1.0}
2025-11-07 18:58:24,839 - UltimateBot_V8 - INFO - Penalty: 0.0000 - {'risk_scale': 1.0}
2025-11-07 18:58:24,839 - UltimateBot_V8 - INFO - Penalty: 0.0000 - {'risk_scale': 1.0}
2025-11-07 18:58:24,840 - UltimateBot_V8 - INFO - Penalty: 0.0000 - {'risk_scale': 1.0}
2025-11-07 18:58:24,840 - UltimateBot_V8 - INFO - Penalty: 0.0000 - {'risk_scale': 1.0}
2025-11-07 18:58:24,840 - UltimateBot_V8 - INFO - Penalty: 0.0000 - {'risk_scale': 1.0}
2025-11-07 18:58:24,840 - UltimateBot_V8 - INFO - Penalty: 0.0000 - {'risk_scale': 1.0}
2025-11-07 18:58:24,840 - UltimateBot_V8 - INFO - Penalty: 0.0000 - {'risk_scale': 1.0}
2025-11-07 18:58:24,841 - UltimateBot_V8 - INFO - Penalty: 0.0000 - {'risk_scale': 1.0}
2025-11-07 18:58:24,841 - UltimateBot_V8 - INFO - Penalty: 0.0000 - {'risk_scale': 1.0}
2025-11-07 18:58:24,841 - UltimateBot_V8 - INFO - Penalty: 0.0000 - {'risk_scale': 1.0}
2025-11-07 18:58:24,841 - UltimateBot_V8 - INFO - Penalty: 0.0000 - {'risk_scale': 1.0}
2025-11-07 18:58:24,841 - UltimateBot_V8 - INFO - Penalty: 0.0000 - {'risk_scale': 1.0}
2025-11-07 18:58:24,841 - UltimateBot_V8 - INFO - Penalty: 0.0000 - {'risk_scale': 1.0}
2025-11-07 18:58:24,842 - UltimateBot_V8 - INFO - Penalty: 0.0000 - {'risk_scale': 1.0}
2025-11-07 18:58:24,842 - UltimateBot_V8 - INFO - Penalty: 0.0000 - {'risk_scale': 1.0}
2025-11-07 18:58:24,842 - UltimateBot_V8 - INFO - Penalty: 0.0000 - {'risk_scale': 1.0}
2025-11-07 18:58:24,842 - UltimateBot_V8 - INFO - Penalty: 0.0000 - {'risk_scale': 1.0}
2025-11-07 18:58:24,843 - UltimateBot_V8 - INFO - Penalty: 0.0000 - {'risk_scale': 1.0}
2025-11-07 18:58:24,843 - UltimateBot_V8 - INFO - Penalty: 0.0000 - {'risk_scale': 1.0}
2025-11-07 18:58:24,843 - UltimateBot_V8 - INFO - Penalty: 0.0000 - {'risk_scale': 1.0}
2025-11-07 18:58:24,843 - UltimateBot_V8 - INFO - Penalty: 0.0000 - {'risk_scale': 1.0}
2025-11-07 18:58:24,843 - UltimateBot_V8 - INFO - Penalty: 0.0000 - {'risk_scale': 1.0}
2025-11-07 18:58:24,844 - UltimateBot_V8 - INFO - Penalty: 0.0000 - {'risk_scale': 1.0}
2025-11-07 18:58:24,844 - UltimateBot_V8 - INFO - Penalty: 0.0000 - {'risk_scale': 1.0}
2025-11-07 18:58:24,844 - UltimateBot_V8 - INFO - Penalty: 0.0000 - {'risk_scale': 1.0}
2025-11-07 18:58:24,845 - UltimateBot_V8 - INFO - Penalty: 0.0000 - {'risk_scale': 1.0}
2025-11-07 18:58:24,845 - UltimateBot_V8 - INFO - Penalty: 0.0000 - {'risk_scale': 1.0}
2025-11-07 18:58:24,845 - UltimateBot_V8 - INFO - Penalty: 0.0000 - {'risk_scale': 1.0}
2025-11-07 18:58:24,845 - UltimateBot_V8 - INFO - Penalty: 0.0000 - {'risk_scale': 1.0}
2025-11-07 18:58:24,846 - UltimateBot_V8 - INFO - Penalty: 0.0000 - {'risk_scale': 1.0}
2025-11-07 18:58:24,846 - UltimateBot_V8 - INFO - Penalty: 0.0000 - {'risk_scale': 1.0}
2025-11-07 18:58:24,846 - UltimateBot_V8 - INFO - Penalty: 0.0000 - {'risk_scale': 1.0}
2025-11-07 18:58:24,846 - UltimateBot_V8 - INFO - Penalty: 0.0000 - {'risk_scale': 1.0}
2025-11-07 18:58:24,846 - UltimateBot_V8 - INFO - Penalty: 0.0000 - {'risk_scale': 1.0}
2025-11-07 18:58:24,847 - UltimateBot_V8 - INFO - Penalty: 0.0000 - {'risk_scale': 1.0}
2025-11-07 18:58:24,847 - UltimateBot_V8 - INFO - Penalty: 0.0000 - {'risk_scale': 1.0}
2025-11-07 18:58:24,847 - UltimateBot_V8 - INFO - Penalty: 0.0000 - {'risk_scale': 1.0}
2025-11-07 18:58:24,847 - UltimateBot_V8 - INFO - Penalty: 0.0000 - {'risk_scale': 1.0}
2025-11-07 18:58:24,848 - UltimateBot_V8 - INFO - Penalty: 0.0000 - {'risk_scale': 1.0}
2025-11-07 18:58:24,848 - UltimateBot_V8 - INFO - Penalty: 0.0000 - {'risk_scale': 1.0}
2025-11-07 18:58:24,848 - UltimateBot_V8 - INFO - Penalty: 0.0000 - {'risk_scale': 1.0}
2025-11-07 18:58:24,848 - UltimateBot_V8 - INFO - Penalty: 0.0000 - {'risk_scale': 1.0}
2025-11-07 18:58:24,849 - UltimateBot_V8 - INFO - Penalty: 0.0000 - {'risk_scale': 1.0}
2025-11-07 18:58:24,849 - UltimateBot_V8 - INFO - Penalty: 0.0000 - {'risk_scale': 1.0}
2025-11-07 18:58:24,849 - UltimateBot_V8 - INFO - Penalty: 0.0000 - {'risk_scale': 1.0}
2025-11-07 18:58:24,849 - UltimateBot_V8 - INFO - Penalty: 0.0000 - {'risk_scale': 1.0}
2025-11-07 18:58:24,849 - UltimateBot_V8 - INFO - Penalty: 0.0000 - {'risk_scale': 1.0}
2025-11-07 18:58:24,850 - UltimateBot_V8 - INFO - Penalty: 0.0000 - {'risk_scale': 1.0}
2025-11-07 18:58:24,850 - UltimateBot_V8 - INFO - Penalty: 0.0000 - {'risk_scale': 1.0}
2025-11-07 18:58:24,850 - UltimateBot_V8 - INFO - Penalty: 0.0000 - {'risk_scale': 1.0}
2025-11-07 18:58:24,850 - UltimateBot_V8 - INFO - Penalty: 0.0000 - {'risk_scale': 1.0}
2025-11-07 18:58:24,851 - UltimateBot_V8 - INFO - Penalty: 0.0000 - {'risk_scale': 1.0}
2025-11-07 18:58:24,851 - UltimateBot_V8 - INFO - Penalty: 0.0000 - {'risk_scale': 1.0}
2025-11-07 18:58:24,851 - UltimateBot_V8 - INFO - Penalty: 0.0000 - {'risk_scale': 1.0}
2025-11-07 18:58:24,851 - UltimateBot_V8 - INFO - Penalty: 0.0000 - {'risk_scale': 1.0}
2025-11-07 18:58:24,852 - UltimateBot_V8 - INFO - Penalty: 0.0000 - {'risk_scale': 1.0}
2025-11-07 18:58:24,852 - UltimateBot_V8 - INFO - Penalty: 0.0000 - {'risk_scale': 1.0}
2025-11-07 18:58:24,852 - UltimateBot_V8 - INFO - Penalty: 0.0000 - {'risk_scale': 1.0}
2025-11-07 18:58:24,852 - UltimateBot_V8 - INFO - Penalty: 0.0000 - {'risk_scale': 1.0}
2025-11-07 18:58:24,853 - UltimateBot_V8 - INFO - Penalty: 0.0000 - {'risk_scale': 1.0}
2025-11-07 18:58:24,853 - UltimateBot_V8 - INFO - Penalty: 0.0000 - {'risk_scale': 1.0}
2025-11-07 18:58:24,853 - UltimateBot_V8 - INFO - Penalty: 0.0000 - {'risk_scale': 1.0}
2025-11-07 18:58:24,853 - UltimateBot_V8 - INFO - Penalty: 0.0000 - {'risk_scale': 1.0}
2025-11-07 18:58:24,854 - UltimateBot_V8 - INFO - Penalty: 0.0000 - {'risk_scale': 1.0}
2025-11-07 18:58:24,854 - UltimateBot_V8 - INFO - Penalty: 0.0000 - {'risk_scale': 1.0}
2025-11-07 18:58:24,854 - UltimateBot_V8 - INFO - Penalty: 0.0000 - {'risk_scale': 1.0}
2025-11-07 18:58:24,854 - UltimateBot_V8 - INFO - Penalty: 0.0000 - {'risk_scale': 1.0}
2025-11-07 18:58:24,854 - UltimateBot_V8 - INFO - Penalty: 0.0000 - {'risk_scale': 1.0}
2025-11-07 18:58:24,855 - UltimateBot_V8 - INFO - Penalty: 0.0000 - {'risk_scale': 1.0}
2025-11-07 18:58:24,855 - UltimateBot_V8 - INFO - Penalty: 0.0000 - {'risk_scale': 1.0}
2025-11-07 18:58:24,855 - UltimateBot_V8 - INFO - Penalty: 0.0000 - {'risk_scale': 1.0}
2025-11-07 18:58:24,855 - UltimateBot_V8 - INFO - Penalty: 0.0000 - {'risk_scale': 1.0}
2025-11-07 18:58:24,855 - UltimateBot_V8 - INFO - Penalty: 0.0000 - {'risk_scale': 1.0}
2025-11-07 18:58:24,856 - UltimateBot_V8 - INFO - Penalty: 0.0000 - {'risk_scale': 1.0}
2025-11-07 18:58:24,856 - UltimateBot_V8 - INFO - Penalty: 0.0000 - {'risk_scale': 1.0}
2025-11-07 18:58:24,856 - UltimateBot_V8 - INFO - Penalty: 0.0000 - {'risk_scale': 1.0}
2025-11-07 18:58:24,856 - UltimateBot_V8 - INFO - Penalty: 0.0000 - {'risk_scale': 1.0}
2025-11-07 18:58:24,856 - UltimateBot_V8 - INFO -   Step 300: Reward=0.0000, Balance=$25000.00
2025-11-07 18:58:24,857 - UltimateBot_V8 - INFO - Penalty: 0.0000 - {'risk_scale': 1.0}
2025-11-07 18:58:24,857 - UltimateBot_V8 - INFO - Penalty: 0.0000 - {'risk_scale': 1.0}
2025-11-07 18:58:24,857 - UltimateBot_V8 - INFO - Penalty: 0.0000 - {'risk_scale': 1.0}
2025-11-07 18:58:24,857 - UltimateBot_V8 - INFO - Penalty: 0.0000 - {'risk_scale': 1.0}
2025-11-07 18:58:24,857 - UltimateBot_V8 - INFO - Penalty: 0.0000 - {'risk_scale': 1.0}
2025-11-07 18:58:24,858 - UltimateBot_V8 - INFO - Penalty: 0.0000 - {'risk_scale': 1.0}
2025-11-07 18:58:24,858 - UltimateBot_V8 - INFO - Penalty: 0.0000 - {'risk_scale': 1.0}
2025-11-07 18:58:24,858 - UltimateBot_V8 - INFO - Penalty: 0.0000 - {'risk_scale': 1.0}
2025-11-07 18:58:24,858 - UltimateBot_V8 - INFO - Penalty: 0.0000 - {'risk_scale': 1.0}
2025-11-07 18:58:24,858 - UltimateBot_V8 - INFO - Penalty: 0.0000 - {'risk_scale': 1.0}
2025-11-07 18:58:24,859 - UltimateBot_V8 - INFO - Penalty: 0.0000 - {'risk_scale': 1.0}
2025-11-07 18:58:24,859 - UltimateBot_V8 - INFO - Penalty: 0.0000 - {'risk_scale': 1.0}
2025-11-07 18:58:24,859 - UltimateBot_V8 - INFO - Penalty: 0.0000 - {'risk_scale': 1.0}
2025-11-07 18:58:24,859 - UltimateBot_V8 - INFO - Penalty: 0.0000 - {'risk_scale': 1.0}
2025-11-07 18:58:24,859 - UltimateBot_V8 - INFO - Penalty: 0.0000 - {'risk_scale': 1.0}
2025-11-07 18:58:24,860 - UltimateBot_V8 - INFO - Penalty: 0.0000 - {'risk_scale': 1.0}
2025-11-07 18:58:24,860 - UltimateBot_V8 - INFO - Penalty: 0.0000 - {'risk_scale': 1.0}
2025-11-07 18:58:24,860 - UltimateBot_V8 - INFO - Penalty: 0.0000 - {'risk_scale': 1.0}
2025-11-07 18:58:24,860 - UltimateBot_V8 - INFO - Penalty: 0.0000 - {'risk_scale': 1.0}
2025-11-07 18:58:24,860 - UltimateBot_V8 - INFO - Penalty: 0.0000 - {'risk_scale': 1.0}
2025-11-07 18:58:24,861 - UltimateBot_V8 - INFO - Penalty: 0.0000 - {'risk_scale': 1.0}
2025-11-07 18:58:24,861 - UltimateBot_V8 - INFO - Penalty: 0.0000 - {'risk_scale': 1.0}
2025-11-07 18:58:24,861 - UltimateBot_V8 - INFO - Penalty: 0.0000 - {'risk_scale': 1.0}
2025-11-07 18:58:24,862 - UltimateBot_V8 - INFO - Penalty: 0.0000 - {'risk_scale': 1.0}
2025-11-07 18:58:24,862 - UltimateBot_V8 - INFO - Penalty: 0.0000 - {'risk_scale': 1.0}
2025-11-07 18:58:24,862 - UltimateBot_V8 - INFO - Penalty: 0.0000 - {'risk_scale': 1.0}
2025-11-07 18:58:24,862 - UltimateBot_V8 - INFO - Penalty: 0.0000 - {'risk_scale': 1.0}
2025-11-07 18:58:24,862 - UltimateBot_V8 - INFO - Penalty: 0.0000 - {'risk_scale': 1.0}
2025-11-07 18:58:24,863 - UltimateBot_V8 - INFO - Penalty: 0.0000 - {'risk_scale': 1.0}
2025-11-07 18:58:24,863 - UltimateBot_V8 - INFO - Penalty: 0.0000 - {'risk_scale': 1.0}
2025-11-07 18:58:24,863 - UltimateBot_V8 - INFO - Penalty: 0.0000 - {'risk_scale': 1.0}
2025-11-07 18:58:24,863 - UltimateBot_V8 - INFO - Penalty: 0.0000 - {'risk_scale': 1.0}
2025-11-07 18:58:24,863 - UltimateBot_V8 - INFO - Penalty: 0.0000 - {'risk_scale': 1.0}
2025-11-07 18:58:24,864 - UltimateBot_V8 - INFO - Penalty: 0.0000 - {'risk_scale': 1.0}
2025-11-07 18:58:24,864 - UltimateBot_V8 - INFO - Penalty: 0.0000 - {'risk_scale': 1.0}
2025-11-07 18:58:24,864 - UltimateBot_V8 - INFO - Penalty: 0.0000 - {'risk_scale': 1.0}
2025-11-07 18:58:24,864 - UltimateBot_V8 - INFO - Penalty: 0.0000 - {'risk_scale': 1.0}
2025-11-07 18:58:24,864 - UltimateBot_V8 - INFO - Penalty: 0.0000 - {'risk_scale': 1.0}
2025-11-07 18:58:24,865 - UltimateBot_V8 - INFO - Penalty: 0.0000 - {'risk_scale': 1.0}
2025-11-07 18:58:24,865 - UltimateBot_V8 - INFO - Penalty: 0.0000 - {'risk_scale': 1.0}
2025-11-07 18:58:24,865 - UltimateBot_V8 - INFO - Penalty: 0.0000 - {'risk_scale': 1.0}
2025-11-07 18:58:24,865 - UltimateBot_V8 - INFO - Penalty: 0.0000 - {'risk_scale': 1.0}
2025-11-07 18:58:24,865 - UltimateBot_V8 - INFO - Penalty: 0.0000 - {'risk_scale': 1.0}
2025-11-07 18:58:24,866 - UltimateBot_V8 - INFO - Penalty: 0.0000 - {'risk_scale': 1.0}
2025-11-07 18:58:24,866 - UltimateBot_V8 - INFO - Penalty: 0.0000 - {'risk_scale': 1.0}
2025-11-07 18:58:24,866 - UltimateBot_V8 - INFO - Penalty: 0.0000 - {'risk_scale': 1.0}
2025-11-07 18:58:24,866 - UltimateBot_V8 - INFO - Penalty: 0.0000 - {'risk_scale': 1.0}
2025-11-07 18:58:24,866 - UltimateBot_V8 - INFO - Penalty: 0.0000 - {'risk_scale': 1.0}
2025-11-07 18:58:24,867 - UltimateBot_V8 - INFO - Penalty: 0.0000 - {'risk_scale': 1.0}
2025-11-07 18:58:24,867 - UltimateBot_V8 - INFO - Penalty: 0.0000 - {'risk_scale': 1.0}
2025-11-07 18:58:24,867 - UltimateBot_V8 - INFO - Penalty: 0.0000 - {'risk_scale': 1.0}
2025-11-07 18:58:24,867 - UltimateBot_V8 - INFO - Penalty: 0.0000 - {'risk_scale': 1.0}
2025-11-07 18:58:24,867 - UltimateBot_V8 - INFO - Penalty: 0.0000 - {'risk_scale': 1.0}
2025-11-07 18:58:24,868 - UltimateBot_V8 - INFO - Penalty: 0.0000 - {'risk_scale': 1.0}
2025-11-07 18:58:24,868 - UltimateBot_V8 - INFO - Penalty: 0.0000 - {'risk_scale': 1.0}
2025-11-07 18:58:24,868 - UltimateBot_V8 - INFO - Penalty: 0.0000 - {'risk_scale': 1.0}
2025-11-07 18:58:24,868 - UltimateBot_V8 - INFO - Penalty: 0.0000 - {'risk_scale': 1.0}
2025-11-07 18:58:24,868 - UltimateBot_V8 - INFO - Penalty: 0.0000 - {'risk_scale': 1.0}
2025-11-07 18:58:24,869 - UltimateBot_V8 - INFO - Penalty: 0.0000 - {'risk_scale': 1.0}
2025-11-07 18:58:24,869 - UltimateBot_V8 - INFO - Penalty: 0.0000 - {'risk_scale': 1.0}
2025-11-07 18:58:24,869 - UltimateBot_V8 - INFO - Penalty: 0.0000 - {'risk_scale': 1.0}
2025-11-07 18:58:24,869 - UltimateBot_V8 - INFO - Penalty: 0.0000 - {'risk_scale': 1.0}
2025-11-07 18:58:24,869 - UltimateBot_V8 - INFO - Penalty: 0.0000 - {'risk_scale': 1.0}
2025-11-07 18:58:24,869 - UltimateBot_V8 - INFO - Penalty: 0.0000 - {'risk_scale': 1.0}
2025-11-07 18:58:24,870 - UltimateBot_V8 - INFO - Penalty: 0.0000 - {'risk_scale': 1.0}
2025-11-07 18:58:24,870 - UltimateBot_V8 - INFO - Penalty: 0.0000 - {'risk_scale': 1.0}
2025-11-07 18:58:24,870 - UltimateBot_V8 - INFO - Penalty: 0.0000 - {'risk_scale': 1.0}
2025-11-07 18:58:24,870 - UltimateBot_V8 - INFO - Penalty: 0.0000 - {'risk_scale': 1.0}
2025-11-07 18:58:24,870 - UltimateBot_V8 - INFO - Penalty: 0.0000 - {'risk_scale': 1.0}
2025-11-07 18:58:24,871 - UltimateBot_V8 - INFO - Penalty: 0.0000 - {'risk_scale': 1.0}
2025-11-07 18:58:24,871 - UltimateBot_V8 - INFO - Penalty: 0.0000 - {'risk_scale': 1.0}
2025-11-07 18:58:24,871 - UltimateBot_V8 - INFO - Penalty: 0.0000 - {'risk_scale': 1.0}
2025-11-07 18:58:24,871 - UltimateBot_V8 - INFO - Penalty: 0.0000 - {'risk_scale': 1.0}
2025-11-07 18:58:24,871 - UltimateBot_V8 - INFO - Penalty: 0.0000 - {'risk_scale': 1.0}
2025-11-07 18:58:24,872 - UltimateBot_V8 - INFO - Penalty: 0.0000 - {'risk_scale': 1.0}
2025-11-07 18:58:24,872 - UltimateBot_V8 - INFO - Penalty: 0.0000 - {'risk_scale': 1.0}
2025-11-07 18:58:24,872 - UltimateBot_V8 - INFO - Penalty: 0.0000 - {'risk_scale': 1.0}
2025-11-07 18:58:24,872 - UltimateBot_V8 - INFO - Penalty: 0.0000 - {'risk_scale': 1.0}
2025-11-07 18:58:24,872 - UltimateBot_V8 - INFO - Penalty: 0.0000 - {'risk_scale': 1.0}
2025-11-07 18:58:24,873 - UltimateBot_V8 - INFO - Penalty: 0.0000 - {'risk_scale': 1.0}
2025-11-07 18:58:24,873 - UltimateBot_V8 - INFO - Penalty: 0.0000 - {'risk_scale': 1.0}
2025-11-07 18:58:24,873 - UltimateBot_V8 - INFO - Penalty: 0.0000 - {'risk_scale': 1.0}
2025-11-07 18:58:24,873 - UltimateBot_V8 - INFO - Penalty: 0.0000 - {'risk_scale': 1.0}
2025-11-07 18:58:24,873 - UltimateBot_V8 - INFO - Penalty: 0.0000 - {'risk_scale': 1.0}
2025-11-07 18:58:24,874 - UltimateBot_V8 - INFO - Penalty: 0.0000 - {'risk_scale': 1.0}
2025-11-07 18:58:24,874 - UltimateBot_V8 - INFO - Penalty: 0.0000 - {'risk_scale': 1.0}
2025-11-07 18:58:24,874 - UltimateBot_V8 - INFO - Penalty: 0.0000 - {'risk_scale': 1.0}
2025-11-07 18:58:24,874 - UltimateBot_V8 - INFO - Penalty: 0.0000 - {'risk_scale': 1.0}
2025-11-07 18:58:24,874 - UltimateBot_V8 - INFO - Penalty: 0.0000 - {'risk_scale': 1.0}
2025-11-07 18:58:24,875 - UltimateBot_V8 - INFO - Penalty: 0.0000 - {'risk_scale': 1.0}
2025-11-07 18:58:24,875 - UltimateBot_V8 - INFO - Penalty: 0.0000 - {'risk_scale': 1.0}
2025-11-07 18:58:24,875 - UltimateBot_V8 - INFO - Penalty: 0.0000 - {'risk_scale': 1.0}
2025-11-07 18:58:24,875 - UltimateBot_V8 - INFO - Penalty: 0.0000 - {'risk_scale': 1.0}
2025-11-07 18:58:24,875 - UltimateBot_V8 - INFO - Penalty: 0.0000 - {'risk_scale': 1.0}
2025-11-07 18:58:24,876 - UltimateBot_V8 - INFO - Penalty: 0.0000 - {'risk_scale': 1.0}
2025-11-07 18:58:24,876 - UltimateBot_V8 - INFO - Penalty: 0.0000 - {'risk_scale': 1.0}
2025-11-07 18:58:24,876 - UltimateBot_V8 - INFO - Penalty: 0.0000 - {'risk_scale': 1.0}
2025-11-07 18:58:24,876 - UltimateBot_V8 - INFO - Penalty: 0.0000 - {'risk_scale': 1.0}
2025-11-07 18:58:24,876 - UltimateBot_V8 - INFO - Penalty: 0.0000 - {'risk_scale': 1.0}
2025-11-07 18:58:24,877 - UltimateBot_V8 - INFO - Penalty: 0.0000 - {'risk_scale': 1.0}
2025-11-07 18:58:24,877 - UltimateBot_V8 - INFO -   Step 400: Reward=0.0000, Balance=$25000.00
2025-11-07 18:58:24,877 - UltimateBot_V8 - INFO - Penalty: 0.0000 - {'risk_scale': 1.0}
2025-11-07 18:58:24,877 - UltimateBot_V8 - INFO - Penalty: 0.0000 - {'risk_scale': 1.0}
2025-11-07 18:58:24,877 - UltimateBot_V8 - INFO - Penalty: 0.0000 - {'risk_scale': 1.0}
2025-11-07 18:58:24,878 - UltimateBot_V8 - INFO - Penalty: 0.0000 - {'risk_scale': 1.0}
2025-11-07 18:58:24,878 - UltimateBot_V8 - INFO - Penalty: 0.0000 - {'risk_scale': 1.0}
2025-11-07 18:58:24,878 - UltimateBot_V8 - INFO - Penalty: 0.0000 - {'risk_scale': 1.0}
2025-11-07 18:58:24,878 - UltimateBot_V8 - INFO - Penalty: 0.0000 - {'risk_scale': 1.0}
2025-11-07 18:58:24,878 - UltimateBot_V8 - INFO - Penalty: 0.0000 - {'risk_scale': 1.0}
2025-11-07 18:58:24,879 - UltimateBot_V8 - INFO - Penalty: 0.0000 - {'risk_scale': 1.0}
2025-11-07 18:58:24,879 - UltimateBot_V8 - INFO - Penalty: 0.0000 - {'risk_scale': 1.0}
2025-11-07 18:58:24,879 - UltimateBot_V8 - INFO - Penalty: 0.0000 - {'risk_scale': 1.0}
2025-11-07 18:58:24,879 - UltimateBot_V8 - INFO - Penalty: 0.0000 - {'risk_scale': 1.0}
2025-11-07 18:58:24,879 - UltimateBot_V8 - INFO - Penalty: 0.0000 - {'risk_scale': 1.0}
2025-11-07 18:58:24,880 - UltimateBot_V8 - INFO - Penalty: 0.0000 - {'risk_scale': 1.0}
2025-11-07 18:58:24,880 - UltimateBot_V8 - INFO - Penalty: 0.0000 - {'risk_scale': 1.0}
2025-11-07 18:58:24,880 - UltimateBot_V8 - INFO - Penalty: 0.0000 - {'risk_scale': 1.0}
2025-11-07 18:58:24,880 - UltimateBot_V8 - INFO - Penalty: 0.0000 - {'risk_scale': 1.0}
2025-11-07 18:58:24,880 - UltimateBot_V8 - INFO - Penalty: 0.0000 - {'risk_scale': 1.0}
2025-11-07 18:58:24,881 - UltimateBot_V8 - INFO - Penalty: 0.0000 - {'risk_scale': 1.0}
2025-11-07 18:58:24,881 - UltimateBot_V8 - INFO - Penalty: 0.0000 - {'risk_scale': 1.0}
2025-11-07 18:58:24,881 - UltimateBot_V8 - INFO - Penalty: 0.0000 - {'risk_scale': 1.0}
2025-11-07 18:58:24,881 - UltimateBot_V8 - INFO - Penalty: 0.0000 - {'risk_scale': 1.0}
2025-11-07 18:58:24,881 - UltimateBot_V8 - INFO - Penalty: 0.0000 - {'risk_scale': 1.0}
2025-11-07 18:58:24,882 - UltimateBot_V8 - INFO - Penalty: 0.0000 - {'risk_scale': 1.0}
2025-11-07 18:58:24,882 - UltimateBot_V8 - INFO - Penalty: 0.0000 - {'risk_scale': 1.0}
2025-11-07 18:58:24,882 - UltimateBot_V8 - INFO - Penalty: 0.0000 - {'risk_scale': 1.0}
2025-11-07 18:58:24,882 - UltimateBot_V8 - INFO - Penalty: 0.0000 - {'risk_scale': 1.0}
2025-11-07 18:58:24,882 - UltimateBot_V8 - INFO - Penalty: 0.0000 - {'risk_scale': 1.0}
2025-11-07 18:58:24,883 - UltimateBot_V8 - INFO - Penalty: 0.0000 - {'risk_scale': 1.0}
2025-11-07 18:58:24,883 - UltimateBot_V8 - INFO - Penalty: 0.0000 - {'risk_scale': 1.0}
2025-11-07 18:58:24,883 - UltimateBot_V8 - INFO - Penalty: 0.0000 - {'risk_scale': 1.0}
2025-11-07 18:58:24,883 - UltimateBot_V8 - INFO - Penalty: 0.0000 - {'risk_scale': 1.0}
2025-11-07 18:58:24,883 - UltimateBot_V8 - INFO - Penalty: 0.0000 - {'risk_scale': 1.0}
2025-11-07 18:58:24,884 - UltimateBot_V8 - INFO - Penalty: 0.0000 - {'risk_scale': 1.0}
2025-11-07 18:58:24,884 - UltimateBot_V8 - INFO - Penalty: 0.0000 - {'risk_scale': 1.0}
2025-11-07 18:58:24,884 - UltimateBot_V8 - INFO - Penalty: 0.0000 - {'risk_scale': 1.0}
2025-11-07 18:58:24,884 - UltimateBot_V8 - INFO - Penalty: 0.0000 - {'risk_scale': 1.0}
2025-11-07 18:58:24,884 - UltimateBot_V8 - INFO - Penalty: 0.0000 - {'risk_scale': 1.0}
2025-11-07 18:58:24,885 - UltimateBot_V8 - INFO - Penalty: 0.0000 - {'risk_scale': 1.0}
2025-11-07 18:58:24,885 - UltimateBot_V8 - INFO - Penalty: 0.0000 - {'risk_scale': 1.0}
2025-11-07 18:58:24,885 - UltimateBot_V8 - INFO - Penalty: 0.0000 - {'risk_scale': 1.0}
2025-11-07 18:58:24,885 - UltimateBot_V8 - INFO - Penalty: 0.0000 - {'risk_scale': 1.0}
2025-11-07 18:58:24,885 - UltimateBot_V8 - INFO - Penalty: 0.0000 - {'risk_scale': 1.0}
2025-11-07 18:58:24,886 - UltimateBot_V8 - INFO - Penalty: 0.0000 - {'risk_scale': 1.0}
2025-11-07 18:58:24,886 - UltimateBot_V8 - INFO - Penalty: 0.0000 - {'risk_scale': 1.0}
2025-11-07 18:58:24,886 - UltimateBot_V8 - INFO - Penalty: 0.0000 - {'risk_scale': 1.0}
2025-11-07 18:58:24,886 - UltimateBot_V8 - INFO - Penalty: 0.0000 - {'risk_scale': 1.0}
2025-11-07 18:58:24,887 - UltimateBot_V8 - INFO - Penalty: 0.0000 - {'risk_scale': 1.0}
2025-11-07 18:58:24,887 - UltimateBot_V8 - INFO - Penalty: 0.0000 - {'risk_scale': 1.0}
2025-11-07 18:58:24,887 - UltimateBot_V8 - INFO - Penalty: 0.0000 - {'risk_scale': 1.0}
2025-11-07 18:58:24,887 - UltimateBot_V8 - INFO - Penalty: 0.0000 - {'risk_scale': 1.0}
2025-11-07 18:58:24,887 - UltimateBot_V8 - INFO - Penalty: 0.0000 - {'risk_scale': 1.0}
2025-11-07 18:58:24,888 - UltimateBot_V8 - INFO - Penalty: 0.0000 - {'risk_scale': 1.0}
2025-11-07 18:58:24,888 - UltimateBot_V8 - INFO - Penalty: 0.0000 - {'risk_scale': 1.0}
2025-11-07 18:58:24,888 - UltimateBot_V8 - INFO - Penalty: 0.0000 - {'risk_scale': 1.0}
2025-11-07 18:58:24,888 - UltimateBot_V8 - INFO - Penalty: 0.0000 - {'risk_scale': 1.0}
2025-11-07 18:58:24,888 - UltimateBot_V8 - INFO - Penalty: 0.0000 - {'risk_scale': 1.0}
2025-11-07 18:58:24,889 - UltimateBot_V8 - INFO - Penalty: 0.0000 - {'risk_scale': 1.0}
2025-11-07 18:58:24,889 - UltimateBot_V8 - INFO - Penalty: 0.0000 - {'risk_scale': 1.0}
2025-11-07 18:58:24,889 - UltimateBot_V8 - INFO - Penalty: 0.0000 - {'risk_scale': 1.0}
2025-11-07 18:58:24,889 - UltimateBot_V8 - INFO - Penalty: 0.0000 - {'risk_scale': 1.0}
2025-11-07 18:58:24,889 - UltimateBot_V8 - INFO - Penalty: 0.0000 - {'risk_scale': 1.0}
2025-11-07 18:58:24,890 - UltimateBot_V8 - INFO - Penalty: 0.0000 - {'risk_scale': 1.0}
2025-11-07 18:58:24,890 - UltimateBot_V8 - INFO - Penalty: 0.0000 - {'risk_scale': 1.0}
2025-11-07 18:58:24,890 - UltimateBot_V8 - INFO - Penalty: 0.0000 - {'risk_scale': 1.0}
2025-11-07 18:58:24,890 - UltimateBot_V8 - INFO - Penalty: 0.0000 - {'risk_scale': 1.0}
2025-11-07 18:58:24,890 - UltimateBot_V8 - INFO - Penalty: 0.0000 - {'risk_scale': 1.0}
2025-11-07 18:58:24,891 - UltimateBot_V8 - INFO - Penalty: 0.0000 - {'risk_scale': 1.0}
2025-11-07 18:58:24,891 - UltimateBot_V8 - INFO - Penalty: 0.0000 - {'risk_scale': 1.0}
2025-11-07 18:58:24,891 - UltimateBot_V8 - INFO - Penalty: 0.0000 - {'risk_scale': 1.0}
2025-11-07 18:58:24,891 - UltimateBot_V8 - INFO - Penalty: 0.0000 - {'risk_scale': 1.0}
2025-11-07 18:58:24,891 - UltimateBot_V8 - INFO - Penalty: 0.0000 - {'risk_scale': 1.0}
2025-11-07 18:58:24,892 - UltimateBot_V8 - INFO - Penalty: 0.0000 - {'risk_scale': 1.0}
2025-11-07 18:58:24,892 - UltimateBot_V8 - INFO - Penalty: 0.0000 - {'risk_scale': 1.0}
2025-11-07 18:58:24,892 - UltimateBot_V8 - INFO - Penalty: 0.0000 - {'risk_scale': 1.0}
2025-11-07 18:58:24,892 - UltimateBot_V8 - INFO - Penalty: 0.0000 - {'risk_scale': 1.0}
2025-11-07 18:58:24,893 - UltimateBot_V8 - INFO - Penalty: 0.0000 - {'risk_scale': 1.0}
2025-11-07 18:58:24,893 - UltimateBot_V8 - INFO - Penalty: 0.0000 - {'risk_scale': 1.0}
2025-11-07 18:58:24,893 - UltimateBot_V8 - INFO - Penalty: 0.0000 - {'risk_scale': 1.0}
2025-11-07 18:58:24,893 - UltimateBot_V8 - INFO - Penalty: 0.0000 - {'risk_scale': 1.0}
2025-11-07 18:58:24,894 - UltimateBot_V8 - INFO - Penalty: 0.0000 - {'risk_scale': 1.0}
2025-11-07 18:58:24,894 - UltimateBot_V8 - INFO - Penalty: 0.0000 - {'risk_scale': 1.0}
2025-11-07 18:58:24,894 - UltimateBot_V8 - INFO - Penalty: 0.0000 - {'risk_scale': 1.0}
2025-11-07 18:58:24,895 - UltimateBot_V8 - INFO - Penalty: 0.0000 - {'risk_scale': 1.0}
2025-11-07 18:58:24,895 - UltimateBot_V8 - INFO - Penalty: 0.0000 - {'risk_scale': 1.0}
2025-11-07 18:58:24,895 - UltimateBot_V8 - INFO - Penalty: 0.0000 - {'risk_scale': 1.0}
2025-11-07 18:58:24,895 - UltimateBot_V8 - INFO - Penalty: 0.0000 - {'risk_scale': 1.0}
2025-11-07 18:58:24,896 - UltimateBot_V8 - INFO - Penalty: 0.0000 - {'risk_scale': 1.0}
2025-11-07 18:58:24,896 - UltimateBot_V8 - INFO - Penalty: 0.0000 - {'risk_scale': 1.0}
2025-11-07 18:58:24,896 - UltimateBot_V8 - INFO - Penalty: 0.0000 - {'risk_scale': 1.0}
2025-11-07 18:58:24,896 - UltimateBot_V8 - INFO - Penalty: 0.0000 - {'risk_scale': 1.0}
2025-11-07 18:58:24,896 - UltimateBot_V8 - INFO - Penalty: 0.0000 - {'risk_scale': 1.0}
2025-11-07 18:58:24,897 - UltimateBot_V8 - INFO - Penalty: 0.0000 - {'risk_scale': 1.0}
2025-11-07 18:58:24,897 - UltimateBot_V8 - INFO - Penalty: 0.0000 - {'risk_scale': 1.0}
2025-11-07 18:58:24,897 - UltimateBot_V8 - INFO - Penalty: 0.0000 - {'risk_scale': 1.0}
2025-11-07 18:58:24,897 - UltimateBot_V8 - INFO - Penalty: 0.0000 - {'risk_scale': 1.0}
2025-11-07 18:58:24,897 - UltimateBot_V8 - INFO - Penalty: 0.0000 - {'risk_scale': 1.0}
2025-11-07 18:58:24,898 - UltimateBot_V8 - INFO - Penalty: 0.0000 - {'risk_scale': 1.0}
2025-11-07 18:58:24,898 - UltimateBot_V8 - INFO - Penalty: 0.0000 - {'risk_scale': 1.0}
2025-11-07 18:58:24,898 - UltimateBot_V8 - INFO - Penalty: 0.0000 - {'risk_scale': 1.0}
2025-11-07 18:58:24,898 - UltimateBot_V8 - INFO -   Step 500: Reward=0.0000, Balance=$25000.00
2025-11-07 18:58:24,898 - UltimateBot_V8 - INFO - Penalty: 0.0000 - {'risk_scale': 1.0}
2025-11-07 18:58:24,898 - UltimateBot_V8 - INFO - Penalty: 0.0000 - {'risk_scale': 1.0}
2025-11-07 18:58:24,899 - UltimateBot_V8 - INFO - Penalty: 0.0000 - {'risk_scale': 1.0}
2025-11-07 18:58:24,899 - UltimateBot_V8 - INFO - Penalty: 0.0000 - {'risk_scale': 1.0}
2025-11-07 18:58:24,899 - UltimateBot_V8 - INFO - Penalty: 0.0000 - {'risk_scale': 1.0}
2025-11-07 18:58:24,899 - UltimateBot_V8 - INFO - Penalty: 0.0000 - {'risk_scale': 1.0}
2025-11-07 18:58:24,899 - UltimateBot_V8 - INFO - Penalty: 0.0000 - {'risk_scale': 1.0}
2025-11-07 18:58:24,899 - UltimateBot_V8 - INFO - Penalty: 0.0000 - {'risk_scale': 1.0}
2025-11-07 18:58:24,900 - UltimateBot_V8 - INFO - Penalty: 0.0000 - {'risk_scale': 1.0}
2025-11-07 18:58:24,900 - UltimateBot_V8 - INFO - Penalty: 0.0000 - {'risk_scale': 1.0}
2025-11-07 18:58:24,900 - UltimateBot_V8 - INFO - Penalty: 0.0000 - {'risk_scale': 1.0}
2025-11-07 18:58:24,900 - UltimateBot_V8 - INFO - Penalty: 0.0000 - {'risk_scale': 1.0}
2025-11-07 18:58:24,900 - UltimateBot_V8 - INFO - Penalty: 0.0000 - {'risk_scale': 1.0}
2025-11-07 18:58:24,901 - UltimateBot_V8 - INFO - Penalty: 0.0000 - {'risk_scale': 1.0}
2025-11-07 18:58:24,901 - UltimateBot_V8 - INFO - Penalty: 0.0000 - {'risk_scale': 1.0}
2025-11-07 18:58:24,901 - UltimateBot_V8 - INFO - Penalty: 0.0000 - {'risk_scale': 1.0}
2025-11-07 18:58:24,901 - UltimateBot_V8 - INFO - Penalty: 0.0000 - {'risk_scale': 1.0}
2025-11-07 18:58:24,901 - UltimateBot_V8 - INFO - Penalty: 0.0000 - {'risk_scale': 1.0}
2025-11-07 18:58:24,902 - UltimateBot_V8 - INFO - Penalty: 0.0000 - {'risk_scale': 1.0}
2025-11-07 18:58:24,902 - UltimateBot_V8 - INFO - Penalty: 0.0000 - {'risk_scale': 1.0}
2025-11-07 18:58:24,902 - UltimateBot_V8 - INFO - Penalty: 0.0000 - {'risk_scale': 1.0}
2025-11-07 18:58:24,902 - UltimateBot_V8 - INFO - Penalty: 0.0000 - {'risk_scale': 1.0}
2025-11-07 18:58:24,902 - UltimateBot_V8 - INFO - Penalty: 0.0000 - {'risk_scale': 1.0}
2025-11-07 18:58:24,903 - UltimateBot_V8 - INFO - Penalty: 0.0000 - {'risk_scale': 1.0}
2025-11-07 18:58:24,903 - UltimateBot_V8 - INFO - Penalty: 0.0000 - {'risk_scale': 1.0}
2025-11-07 18:58:24,903 - UltimateBot_V8 - INFO - Penalty: 0.0000 - {'risk_scale': 1.0}
2025-11-07 18:58:24,903 - UltimateBot_V8 - INFO - Penalty: 0.0000 - {'risk_scale': 1.0}
2025-11-07 18:58:24,903 - UltimateBot_V8 - INFO - Penalty: 0.0000 - {'risk_scale': 1.0}
2025-11-07 18:58:24,904 - UltimateBot_V8 - INFO - Penalty: 0.0000 - {'risk_scale': 1.0}
2025-11-07 18:58:24,904 - UltimateBot_V8 - INFO - Penalty: 0.0000 - {'risk_scale': 1.0}
2025-11-07 18:58:24,904 - UltimateBot_V8 - INFO - Penalty: 0.0000 - {'risk_scale': 1.0}
2025-11-07 18:58:24,904 - UltimateBot_V8 - INFO - Penalty: 0.0000 - {'risk_scale': 1.0}
2025-11-07 18:58:24,904 - UltimateBot_V8 - INFO - Penalty: 0.0000 - {'risk_scale': 1.0}
2025-11-07 18:58:24,905 - UltimateBot_V8 - INFO - Penalty: 0.0000 - {'risk_scale': 1.0}
2025-11-07 18:58:24,905 - UltimateBot_V8 - INFO - Penalty: 0.0000 - {'risk_scale': 1.0}
2025-11-07 18:58:24,905 - UltimateBot_V8 - INFO - Penalty: 0.0000 - {'risk_scale': 1.0}
2025-11-07 18:58:24,905 - UltimateBot_V8 - INFO - Penalty: 0.0000 - {'risk_scale': 1.0}
2025-11-07 18:58:24,905 - UltimateBot_V8 - INFO - Penalty: 0.0000 - {'risk_scale': 1.0}
2025-11-07 18:58:24,906 - UltimateBot_V8 - INFO - Penalty: 0.0000 - {'risk_scale': 1.0}
2025-11-07 18:58:24,906 - UltimateBot_V8 - INFO - Penalty: 0.0000 - {'risk_scale': 1.0}
2025-11-07 18:58:24,906 - UltimateBot_V8 - INFO - Penalty: 0.0000 - {'risk_scale': 1.0}
2025-11-07 18:58:24,906 - UltimateBot_V8 - INFO - Penalty: 0.0000 - {'risk_scale': 1.0}
2025-11-07 18:58:24,906 - UltimateBot_V8 - INFO - Penalty: 0.0000 - {'risk_scale': 1.0}
2025-11-07 18:58:24,907 - UltimateBot_V8 - INFO - Penalty: 0.0000 - {'risk_scale': 1.0}
2025-11-07 18:58:24,907 - UltimateBot_V8 - INFO - Penalty: 0.0000 - {'risk_scale': 1.0}
2025-11-07 18:58:24,907 - UltimateBot_V8 - INFO - Penalty: 0.0000 - {'risk_scale': 1.0}
2025-11-07 18:58:24,907 - UltimateBot_V8 - INFO - Penalty: 0.0000 - {'risk_scale': 1.0}
2025-11-07 18:58:24,907 - UltimateBot_V8 - INFO - Penalty: 0.0000 - {'risk_scale': 1.0}
2025-11-07 18:58:24,907 - UltimateBot_V8 - INFO - Penalty: 0.0000 - {'risk_scale': 1.0}
2025-11-07 18:58:24,908 - UltimateBot_V8 - INFO - Penalty: 0.0000 - {'risk_scale': 1.0}
2025-11-07 18:58:24,908 - UltimateBot_V8 - INFO - Penalty: 0.0000 - {'risk_scale': 1.0}
2025-11-07 18:58:24,908 - UltimateBot_V8 - INFO - Penalty: 0.0000 - {'risk_scale': 1.0}
2025-11-07 18:58:24,908 - UltimateBot_V8 - INFO - Penalty: 0.0000 - {'risk_scale': 1.0}
2025-11-07 18:58:24,908 - UltimateBot_V8 - INFO - Penalty: 0.0000 - {'risk_scale': 1.0}
2025-11-07 18:58:24,909 - UltimateBot_V8 - INFO - Penalty: 0.0000 - {'risk_scale': 1.0}
2025-11-07 18:58:24,909 - UltimateBot_V8 - INFO - Penalty: 0.0000 - {'risk_scale': 1.0}
2025-11-07 18:58:24,909 - UltimateBot_V8 - INFO - Penalty: 0.0000 - {'risk_scale': 1.0}
2025-11-07 18:58:24,909 - UltimateBot_V8 - INFO - Penalty: 0.0000 - {'risk_scale': 1.0}
2025-11-07 18:58:24,909 - UltimateBot_V8 - INFO - Penalty: 0.0000 - {'risk_scale': 1.0}
2025-11-07 18:58:24,910 - UltimateBot_V8 - INFO - Penalty: 0.0000 - {'risk_scale': 1.0}
2025-11-07 18:58:24,910 - UltimateBot_V8 - INFO - Penalty: 0.0000 - {'risk_scale': 1.0}
2025-11-07 18:58:24,910 - UltimateBot_V8 - INFO - Penalty: 0.0000 - {'risk_scale': 1.0}
2025-11-07 18:58:24,910 - UltimateBot_V8 - INFO - Penalty: 0.0000 - {'risk_scale': 1.0}
2025-11-07 18:58:24,910 - UltimateBot_V8 - INFO - Penalty: 0.0000 - {'risk_scale': 1.0}
2025-11-07 18:58:24,911 - UltimateBot_V8 - INFO - Penalty: 0.0000 - {'risk_scale': 1.0}
2025-11-07 18:58:24,911 - UltimateBot_V8 - INFO - Penalty: 0.0000 - {'risk_scale': 1.0}
2025-11-07 18:58:24,911 - UltimateBot_V8 - INFO - Penalty: 0.0000 - {'risk_scale': 1.0}
2025-11-07 18:58:24,911 - UltimateBot_V8 - INFO - Penalty: 0.0000 - {'risk_scale': 1.0}
2025-11-07 18:58:24,911 - UltimateBot_V8 - INFO - Penalty: 0.0000 - {'risk_scale': 1.0}
2025-11-07 18:58:24,912 - UltimateBot_V8 - INFO - Penalty: 0.0000 - {'risk_scale': 1.0}
2025-11-07 18:58:24,912 - UltimateBot_V8 - INFO - Penalty: 0.0000 - {'risk_scale': 1.0}
2025-11-07 18:58:24,912 - UltimateBot_V8 - INFO - Penalty: 0.0000 - {'risk_scale': 1.0}
2025-11-07 18:58:24,912 - UltimateBot_V8 - INFO - Penalty: 0.0000 - {'risk_scale': 1.0}
2025-11-07 18:58:24,913 - UltimateBot_V8 - INFO - Penalty: 0.0000 - {'risk_scale': 1.0}
2025-11-07 18:58:24,913 - UltimateBot_V8 - INFO - Penalty: 0.0000 - {'risk_scale': 1.0}
2025-11-07 18:58:24,913 - UltimateBot_V8 - INFO - Penalty: 0.0000 - {'risk_scale': 1.0}
2025-11-07 18:58:24,913 - UltimateBot_V8 - INFO - Penalty: 0.0000 - {'risk_scale': 1.0}
2025-11-07 18:58:24,913 - UltimateBot_V8 - INFO - Penalty: 0.0000 - {'risk_scale': 1.0}
2025-11-07 18:58:24,914 - UltimateBot_V8 - INFO - Penalty: 0.0000 - {'risk_scale': 1.0}
2025-11-07 18:58:24,914 - UltimateBot_V8 - INFO - Penalty: 0.0000 - {'risk_scale': 1.0}
2025-11-07 18:58:24,914 - UltimateBot_V8 - INFO - Penalty: 0.0000 - {'risk_scale': 1.0}
2025-11-07 18:58:24,914 - UltimateBot_V8 - INFO - Penalty: 0.0000 - {'risk_scale': 1.0}
2025-11-07 18:58:24,914 - UltimateBot_V8 - INFO - Penalty: 0.0000 - {'risk_scale': 1.0}
2025-11-07 18:58:24,915 - UltimateBot_V8 - INFO - Penalty: 0.0000 - {'risk_scale': 1.0}
2025-11-07 18:58:24,915 - UltimateBot_V8 - INFO - Penalty: 0.0000 - {'risk_scale': 1.0}
2025-11-07 18:58:24,915 - UltimateBot_V8 - INFO - Penalty: 0.0000 - {'risk_scale': 1.0}
2025-11-07 18:58:24,915 - UltimateBot_V8 - INFO - Penalty: 0.0000 - {'risk_scale': 1.0}
2025-11-07 18:58:24,915 - UltimateBot_V8 - INFO - Penalty: 0.0000 - {'risk_scale': 1.0}
2025-11-07 18:58:24,916 - UltimateBot_V8 - INFO - Penalty: 0.0000 - {'risk_scale': 1.0}
2025-11-07 18:58:24,916 - UltimateBot_V8 - INFO - Penalty: 0.0000 - {'risk_scale': 1.0}
2025-11-07 18:58:24,916 - UltimateBot_V8 - INFO - Penalty: 0.0000 - {'risk_scale': 1.0}
2025-11-07 18:58:24,916 - UltimateBot_V8 - INFO - Penalty: 0.0000 - {'risk_scale': 1.0}
2025-11-07 18:58:24,916 - UltimateBot_V8 - INFO - Penalty: 0.0000 - {'risk_scale': 1.0}
2025-11-07 18:58:24,917 - UltimateBot_V8 - INFO - Penalty: 0.0000 - {'risk_scale': 1.0}
2025-11-07 18:58:24,917 - UltimateBot_V8 - INFO - Penalty: 0.0000 - {'risk_scale': 1.0}
2025-11-07 18:58:24,917 - UltimateBot_V8 - INFO - Penalty: 0.0000 - {'risk_scale': 1.0}
2025-11-07 18:58:24,917 - UltimateBot_V8 - INFO - Penalty: 0.0000 - {'risk_scale': 1.0}
2025-11-07 18:58:24,917 - UltimateBot_V8 - INFO - Penalty: 0.0000 - {'risk_scale': 1.0}
2025-11-07 18:58:24,918 - UltimateBot_V8 - INFO - Penalty: 0.0000 - {'risk_scale': 1.0}
2025-11-07 18:58:24,918 - UltimateBot_V8 - INFO - Penalty: 0.0000 - {'risk_scale': 1.0}
2025-11-07 18:58:24,918 - UltimateBot_V8 - INFO -   Step 600: Reward=0.0000, Balance=$25000.00
2025-11-07 18:58:24,918 - UltimateBot_V8 - INFO - Penalty: 0.0000 - {'risk_scale': 1.0}
2025-11-07 18:58:24,918 - UltimateBot_V8 - INFO - Penalty: 0.0000 - {'risk_scale': 1.0}
2025-11-07 18:58:24,918 - UltimateBot_V8 - INFO - Penalty: 0.0000 - {'risk_scale': 1.0}
2025-11-07 18:58:24,919 - UltimateBot_V8 - INFO - Penalty: 0.0000 - {'risk_scale': 1.0}
2025-11-07 18:58:24,919 - UltimateBot_V8 - INFO - Penalty: 0.0000 - {'risk_scale': 1.0}
2025-11-07 18:58:24,919 - UltimateBot_V8 - INFO - Penalty: 0.0000 - {'risk_scale': 1.0}
2025-11-07 18:58:24,919 - UltimateBot_V8 - INFO - Penalty: 0.0000 - {'risk_scale': 1.0}
2025-11-07 18:58:24,919 - UltimateBot_V8 - INFO - Penalty: 0.0000 - {'risk_scale': 1.0}
2025-11-07 18:58:24,920 - UltimateBot_V8 - INFO - Penalty: 0.0000 - {'risk_scale': 1.0}
2025-11-07 18:58:24,920 - UltimateBot_V8 - INFO - Penalty: 0.0000 - {'risk_scale': 1.0}
2025-11-07 18:58:24,920 - UltimateBot_V8 - INFO - Penalty: 0.0000 - {'risk_scale': 1.0}
2025-11-07 18:58:24,920 - UltimateBot_V8 - INFO - Penalty: 0.0000 - {'risk_scale': 1.0}
2025-11-07 18:58:24,920 - UltimateBot_V8 - INFO - Penalty: 0.0000 - {'risk_scale': 1.0}
2025-11-07 18:58:24,921 - UltimateBot_V8 - INFO - Penalty: 0.0000 - {'risk_scale': 1.0}
2025-11-07 18:58:24,921 - UltimateBot_V8 - INFO - Penalty: 0.0000 - {'risk_scale': 1.0}
2025-11-07 18:58:24,921 - UltimateBot_V8 - INFO - Penalty: 0.0000 - {'risk_scale': 1.0}
2025-11-07 18:58:24,921 - UltimateBot_V8 - INFO - Penalty: 0.0000 - {'risk_scale': 1.0}
2025-11-07 18:58:24,921 - UltimateBot_V8 - INFO - Penalty: 0.0000 - {'risk_scale': 1.0}
2025-11-07 18:58:24,922 - UltimateBot_V8 - INFO - Penalty: 0.0000 - {'risk_scale': 1.0}
2025-11-07 18:58:24,922 - UltimateBot_V8 - INFO - Penalty: 0.0000 - {'risk_scale': 1.0}
2025-11-07 18:58:24,922 - UltimateBot_V8 - INFO - Penalty: 0.0000 - {'risk_scale': 1.0}
2025-11-07 18:58:24,922 - UltimateBot_V8 - INFO - Penalty: 0.0000 - {'risk_scale': 1.0}
2025-11-07 18:58:24,922 - UltimateBot_V8 - INFO - Penalty: 0.0000 - {'risk_scale': 1.0}
2025-11-07 18:58:24,922 - UltimateBot_V8 - INFO - Penalty: 0.0000 - {'risk_scale': 1.0}
2025-11-07 18:58:24,923 - UltimateBot_V8 - INFO - Penalty: 0.0000 - {'risk_scale': 1.0}
2025-11-07 18:58:24,923 - UltimateBot_V8 - INFO - Penalty: 0.0000 - {'risk_scale': 1.0}
2025-11-07 18:58:24,923 - UltimateBot_V8 - INFO - Penalty: 0.0000 - {'risk_scale': 1.0}
2025-11-07 18:58:24,923 - UltimateBot_V8 - INFO - Penalty: 0.0000 - {'risk_scale': 1.0}
2025-11-07 18:58:24,923 - UltimateBot_V8 - INFO - Penalty: 0.0000 - {'risk_scale': 1.0}
2025-11-07 18:58:24,924 - UltimateBot_V8 - INFO - Penalty: 0.0000 - {'risk_scale': 1.0}
2025-11-07 18:58:24,924 - UltimateBot_V8 - INFO - Penalty: 0.0000 - {'risk_scale': 1.0}
2025-11-07 18:58:24,924 - UltimateBot_V8 - INFO - Penalty: 0.0000 - {'risk_scale': 1.0}
2025-11-07 18:58:24,924 - UltimateBot_V8 - INFO - Penalty: 0.0000 - {'risk_scale': 1.0}
2025-11-07 18:58:24,924 - UltimateBot_V8 - INFO - Penalty: 0.0000 - {'risk_scale': 1.0}
2025-11-07 18:58:24,925 - UltimateBot_V8 - INFO - Penalty: 0.0000 - {'risk_scale': 1.0}
2025-11-07 18:58:24,925 - UltimateBot_V8 - INFO - Penalty: 0.0000 - {'risk_scale': 1.0}
2025-11-07 18:58:24,925 - UltimateBot_V8 - INFO - Penalty: 0.0000 - {'risk_scale': 1.0}
2025-11-07 18:58:24,925 - UltimateBot_V8 - INFO - Penalty: 0.0000 - {'risk_scale': 1.0}
2025-11-07 18:58:24,925 - UltimateBot_V8 - INFO - Penalty: 0.0000 - {'risk_scale': 1.0}
2025-11-07 18:58:24,926 - UltimateBot_V8 - INFO - Penalty: 0.0000 - {'risk_scale': 1.0}
2025-11-07 18:58:24,926 - UltimateBot_V8 - INFO - Penalty: 0.0000 - {'risk_scale': 1.0}
2025-11-07 18:58:24,926 - UltimateBot_V8 - INFO - Penalty: 0.0000 - {'risk_scale': 1.0}
2025-11-07 18:58:24,926 - UltimateBot_V8 - INFO - Penalty: 0.0000 - {'risk_scale': 1.0}
2025-11-07 18:58:24,926 - UltimateBot_V8 - INFO - Penalty: 0.0000 - {'risk_scale': 1.0}
2025-11-07 18:58:24,927 - UltimateBot_V8 - INFO - Penalty: 0.0000 - {'risk_scale': 1.0}
2025-11-07 18:58:24,927 - UltimateBot_V8 - INFO - Penalty: 0.0000 - {'risk_scale': 1.0}
2025-11-07 18:58:24,927 - UltimateBot_V8 - INFO - Penalty: 0.0000 - {'risk_scale': 1.0}
2025-11-07 18:58:24,927 - UltimateBot_V8 - INFO - Penalty: 0.0000 - {'risk_scale': 1.0}
2025-11-07 18:58:24,927 - UltimateBot_V8 - INFO - Penalty: 0.0000 - {'risk_scale': 1.0}
2025-11-07 18:58:24,928 - UltimateBot_V8 - INFO - Penalty: 0.0000 - {'risk_scale': 1.0}
2025-11-07 18:58:24,928 - UltimateBot_V8 - INFO - Penalty: 0.0000 - {'risk_scale': 1.0}
2025-11-07 18:58:24,928 - UltimateBot_V8 - INFO - Penalty: 0.0000 - {'risk_scale': 1.0}
2025-11-07 18:58:24,928 - UltimateBot_V8 - INFO - Penalty: 0.0000 - {'risk_scale': 1.0}
2025-11-07 18:58:24,928 - UltimateBot_V8 - INFO - Penalty: 0.0000 - {'risk_scale': 1.0}
2025-11-07 18:58:24,928 - UltimateBot_V8 - INFO - Penalty: 0.0000 - {'risk_scale': 1.0}
2025-11-07 18:58:24,929 - UltimateBot_V8 - INFO - Penalty: 0.0000 - {'risk_scale': 1.0}
2025-11-07 18:58:24,929 - UltimateBot_V8 - INFO - Penalty: 0.0000 - {'risk_scale': 1.0}
2025-11-07 18:58:24,929 - UltimateBot_V8 - INFO - Penalty: 0.0000 - {'risk_scale': 1.0}
2025-11-07 18:58:24,929 - UltimateBot_V8 - INFO - Penalty: 0.0000 - {'risk_scale': 1.0}
2025-11-07 18:58:24,930 - UltimateBot_V8 - INFO - Penalty: 0.0000 - {'risk_scale': 1.0}
2025-11-07 18:58:24,930 - UltimateBot_V8 - INFO - Penalty: 0.0000 - {'risk_scale': 1.0}
2025-11-07 18:58:24,930 - UltimateBot_V8 - INFO - Penalty: 0.0000 - {'risk_scale': 1.0}
2025-11-07 18:58:24,930 - UltimateBot_V8 - INFO - Penalty: 0.0000 - {'risk_scale': 1.0}
2025-11-07 18:58:24,930 - UltimateBot_V8 - INFO - Penalty: 0.0000 - {'risk_scale': 1.0}
2025-11-07 18:58:24,930 - UltimateBot_V8 - INFO - Penalty: 0.0000 - {'risk_scale': 1.0}
2025-11-07 18:58:24,931 - UltimateBot_V8 - INFO - Penalty: 0.0000 - {'risk_scale': 1.0}
2025-11-07 18:58:24,931 - UltimateBot_V8 - INFO - Penalty: 0.0000 - {'risk_scale': 1.0}
2025-11-07 18:58:24,931 - UltimateBot_V8 - INFO - Penalty: 0.0000 - {'risk_scale': 1.0}
2025-11-07 18:58:24,931 - UltimateBot_V8 - INFO - Penalty: 0.0000 - {'risk_scale': 1.0}
2025-11-07 18:58:24,932 - UltimateBot_V8 - INFO - Penalty: 0.0000 - {'risk_scale': 1.0}
2025-11-07 18:58:24,932 - UltimateBot_V8 - INFO - Penalty: 0.0000 - {'risk_scale': 1.0}
2025-11-07 18:58:24,932 - UltimateBot_V8 - INFO - Penalty: 0.0000 - {'risk_scale': 1.0}
2025-11-07 18:58:24,932 - UltimateBot_V8 - INFO - Penalty: 0.0000 - {'risk_scale': 1.0}
2025-11-07 18:58:24,932 - UltimateBot_V8 - INFO - Penalty: 0.0000 - {'risk_scale': 1.0}
2025-11-07 18:58:24,932 - UltimateBot_V8 - INFO - Penalty: 0.0000 - {'risk_scale': 1.0}
2025-11-07 18:58:24,933 - UltimateBot_V8 - INFO - Penalty: 0.0000 - {'risk_scale': 1.0}
2025-11-07 18:58:24,933 - UltimateBot_V8 - INFO - Penalty: 0.0000 - {'risk_scale': 1.0}
2025-11-07 18:58:24,933 - UltimateBot_V8 - INFO - Penalty: 0.0000 - {'risk_scale': 1.0}
2025-11-07 18:58:24,933 - UltimateBot_V8 - INFO - Penalty: 0.0000 - {'risk_scale': 1.0}
2025-11-07 18:58:24,933 - UltimateBot_V8 - INFO - Penalty: 0.0000 - {'risk_scale': 1.0}
2025-11-07 18:58:24,934 - UltimateBot_V8 - INFO - Penalty: 0.0000 - {'risk_scale': 1.0}
2025-11-07 18:58:24,934 - UltimateBot_V8 - INFO - Penalty: 0.0000 - {'risk_scale': 1.0}
2025-11-07 18:58:24,934 - UltimateBot_V8 - INFO - Penalty: 0.0000 - {'risk_scale': 1.0}
2025-11-07 18:58:24,934 - UltimateBot_V8 - INFO - Penalty: 0.0000 - {'risk_scale': 1.0}
2025-11-07 18:58:24,934 - UltimateBot_V8 - INFO - Penalty: 0.0000 - {'risk_scale': 1.0}
2025-11-07 18:58:24,935 - UltimateBot_V8 - INFO - Penalty: 0.0000 - {'risk_scale': 1.0}
2025-11-07 18:58:24,935 - UltimateBot_V8 - INFO - Penalty: 0.0000 - {'risk_scale': 1.0}
2025-11-07 18:58:24,935 - UltimateBot_V8 - INFO - Penalty: 0.0000 - {'risk_scale': 1.0}
2025-11-07 18:58:24,935 - UltimateBot_V8 - INFO - Penalty: 0.0000 - {'risk_scale': 1.0}
2025-11-07 18:58:24,935 - UltimateBot_V8 - INFO - Penalty: 0.0000 - {'risk_scale': 1.0}
2025-11-07 18:58:24,936 - UltimateBot_V8 - INFO - Penalty: 0.0000 - {'risk_scale': 1.0}
2025-11-07 18:58:24,936 - UltimateBot_V8 - INFO - Penalty: 0.0000 - {'risk_scale': 1.0}
2025-11-07 18:58:24,936 - UltimateBot_V8 - INFO - Penalty: 0.0000 - {'risk_scale': 1.0}
2025-11-07 18:58:24,936 - UltimateBot_V8 - INFO - Penalty: 0.0000 - {'risk_scale': 1.0}
2025-11-07 18:58:24,936 - UltimateBot_V8 - INFO - Penalty: 0.0000 - {'risk_scale': 1.0}
2025-11-07 18:58:24,937 - UltimateBot_V8 - INFO - Penalty: 0.0000 - {'risk_scale': 1.0}
2025-11-07 18:58:24,937 - UltimateBot_V8 - INFO - Penalty: 0.0000 - {'risk_scale': 1.0}
2025-11-07 18:58:24,937 - UltimateBot_V8 - INFO - Penalty: 0.0000 - {'risk_scale': 1.0}
2025-11-07 18:58:24,937 - UltimateBot_V8 - INFO - Penalty: 0.0000 - {'risk_scale': 1.0}
2025-11-07 18:58:24,937 - UltimateBot_V8 - INFO - Penalty: 0.0000 - {'risk_scale': 1.0}
2025-11-07 18:58:24,937 - UltimateBot_V8 - INFO -   Step 700: Reward=0.0000, Balance=$25000.00
2025-11-07 18:58:24,938 - UltimateBot_V8 - INFO - Penalty: 0.0000 - {'risk_scale': 1.0}
2025-11-07 18:58:24,938 - UltimateBot_V8 - INFO - Penalty: 0.0000 - {'risk_scale': 1.0}
2025-11-07 18:58:24,938 - UltimateBot_V8 - INFO - Penalty: 0.0000 - {'risk_scale': 1.0}
2025-11-07 18:58:24,938 - UltimateBot_V8 - INFO - Penalty: 0.0000 - {'risk_scale': 1.0}
2025-11-07 18:58:24,938 - UltimateBot_V8 - INFO - Penalty: 0.0000 - {'risk_scale': 1.0}
2025-11-07 18:58:24,939 - UltimateBot_V8 - INFO - Penalty: 0.0000 - {'risk_scale': 1.0}
2025-11-07 18:58:24,939 - UltimateBot_V8 - INFO - Penalty: 0.0000 - {'risk_scale': 1.0}
2025-11-07 18:58:24,939 - UltimateBot_V8 - INFO - Penalty: 0.0000 - {'risk_scale': 1.0}
2025-11-07 18:58:24,939 - UltimateBot_V8 - INFO - Penalty: 0.0000 - {'risk_scale': 1.0}
2025-11-07 18:58:24,939 - UltimateBot_V8 - INFO - Penalty: 0.0000 - {'risk_scale': 1.0}
2025-11-07 18:58:24,939 - UltimateBot_V8 - INFO - Penalty: 0.0000 - {'risk_scale': 1.0}
2025-11-07 18:58:24,940 - UltimateBot_V8 - INFO - Penalty: 0.0000 - {'risk_scale': 1.0}
2025-11-07 18:58:24,940 - UltimateBot_V8 - INFO - Penalty: 0.0000 - {'risk_scale': 1.0}
2025-11-07 18:58:24,940 - UltimateBot_V8 - INFO - Penalty: 0.0000 - {'risk_scale': 1.0}
2025-11-07 18:58:24,940 - UltimateBot_V8 - INFO - Penalty: 0.0000 - {'risk_scale': 1.0}
2025-11-07 18:58:24,940 - UltimateBot_V8 - INFO - Penalty: 0.0000 - {'risk_scale': 1.0}
2025-11-07 18:58:24,941 - UltimateBot_V8 - INFO - Penalty: 0.0000 - {'risk_scale': 1.0}
2025-11-07 18:58:24,941 - UltimateBot_V8 - INFO - Penalty: 0.0000 - {'risk_scale': 1.0}
2025-11-07 18:58:24,941 - UltimateBot_V8 - INFO - Penalty: 0.0000 - {'risk_scale': 1.0}
2025-11-07 18:58:24,941 - UltimateBot_V8 - INFO - Penalty: 0.0000 - {'risk_scale': 1.0}
2025-11-07 18:58:24,941 - UltimateBot_V8 - INFO - Penalty: 0.0000 - {'risk_scale': 1.0}
2025-11-07 18:58:24,942 - UltimateBot_V8 - INFO - Penalty: 0.0000 - {'risk_scale': 1.0}
2025-11-07 18:58:24,942 - UltimateBot_V8 - INFO - Penalty: 0.0000 - {'risk_scale': 1.0}
2025-11-07 18:58:24,942 - UltimateBot_V8 - INFO - Penalty: 0.0000 - {'risk_scale': 1.0}
2025-11-07 18:58:24,942 - UltimateBot_V8 - INFO - Penalty: 0.0000 - {'risk_scale': 1.0}
2025-11-07 18:58:24,943 - UltimateBot_V8 - INFO - Penalty: 0.0000 - {'risk_scale': 1.0}
2025-11-07 18:58:24,943 - UltimateBot_V8 - INFO - Penalty: 0.0000 - {'risk_scale': 1.0}
2025-11-07 18:58:24,943 - UltimateBot_V8 - INFO - Penalty: 0.0000 - {'risk_scale': 1.0}
2025-11-07 18:58:24,943 - UltimateBot_V8 - INFO - Penalty: 0.0000 - {'risk_scale': 1.0}
2025-11-07 18:58:24,943 - UltimateBot_V8 - INFO - Penalty: 0.0000 - {'risk_scale': 1.0}
2025-11-07 18:58:24,944 - UltimateBot_V8 - INFO - Penalty: 0.0000 - {'risk_scale': 1.0}
2025-11-07 18:58:24,944 - UltimateBot_V8 - INFO - Penalty: 0.0000 - {'risk_scale': 1.0}
2025-11-07 18:58:24,944 - UltimateBot_V8 - INFO - Penalty: 0.0000 - {'risk_scale': 1.0}
2025-11-07 18:58:24,944 - UltimateBot_V8 - INFO - Penalty: 0.0000 - {'risk_scale': 1.0}
2025-11-07 18:58:24,944 - UltimateBot_V8 - INFO - Penalty: 0.0000 - {'risk_scale': 1.0}
2025-11-07 18:58:24,945 - UltimateBot_V8 - INFO - Penalty: 0.0000 - {'risk_scale': 1.0}
2025-11-07 18:58:24,945 - UltimateBot_V8 - INFO - Penalty: 0.0000 - {'risk_scale': 1.0}
2025-11-07 18:58:24,945 - UltimateBot_V8 - INFO - Penalty: 0.0000 - {'risk_scale': 1.0}
2025-11-07 18:58:24,945 - UltimateBot_V8 - INFO - Penalty: 0.0000 - {'risk_scale': 1.0}
2025-11-07 18:58:24,945 - UltimateBot_V8 - INFO - Penalty: 0.0000 - {'risk_scale': 1.0}
2025-11-07 18:58:24,946 - UltimateBot_V8 - INFO - Penalty: 0.0000 - {'risk_scale': 1.0}
2025-11-07 18:58:24,946 - UltimateBot_V8 - INFO - Penalty: 0.0000 - {'risk_scale': 1.0}
2025-11-07 18:58:24,946 - UltimateBot_V8 - INFO - Penalty: 0.0000 - {'risk_scale': 1.0}
2025-11-07 18:58:24,946 - UltimateBot_V8 - INFO - Penalty: 0.0000 - {'risk_scale': 1.0}
2025-11-07 18:58:24,947 - UltimateBot_V8 - INFO - Penalty: 0.0000 - {'risk_scale': 1.0}
2025-11-07 18:58:24,947 - UltimateBot_V8 - INFO - Penalty: 0.0000 - {'risk_scale': 1.0}
2025-11-07 18:58:24,947 - UltimateBot_V8 - INFO - Penalty: 0.0000 - {'risk_scale': 1.0}
2025-11-07 18:58:24,947 - UltimateBot_V8 - INFO - Penalty: 0.0000 - {'risk_scale': 1.0}
2025-11-07 18:58:24,947 - UltimateBot_V8 - INFO - Penalty: 0.0000 - {'risk_scale': 1.0}
2025-11-07 18:58:24,948 - UltimateBot_V8 - INFO - Penalty: 0.0000 - {'risk_scale': 1.0}
2025-11-07 18:58:24,948 - UltimateBot_V8 - INFO - Penalty: 0.0000 - {'risk_scale': 1.0}
2025-11-07 18:58:24,948 - UltimateBot_V8 - INFO - Penalty: 0.0000 - {'risk_scale': 1.0}
2025-11-07 18:58:24,948 - UltimateBot_V8 - INFO - Penalty: 0.0000 - {'risk_scale': 1.0}
2025-11-07 18:58:24,948 - UltimateBot_V8 - INFO - Penalty: 0.0000 - {'risk_scale': 1.0}
2025-11-07 18:58:24,949 - UltimateBot_V8 - INFO - Penalty: 0.0000 - {'risk_scale': 1.0}
2025-11-07 18:58:24,949 - UltimateBot_V8 - INFO - Penalty: 0.0000 - {'risk_scale': 1.0}
2025-11-07 18:58:24,949 - UltimateBot_V8 - INFO - Penalty: 0.0000 - {'risk_scale': 1.0}
2025-11-07 18:58:24,949 - UltimateBot_V8 - INFO - Penalty: 0.0000 - {'risk_scale': 1.0}
2025-11-07 18:58:24,949 - UltimateBot_V8 - INFO - Penalty: 0.0000 - {'risk_scale': 1.0}
2025-11-07 18:58:24,950 - UltimateBot_V8 - INFO - Penalty: 0.0000 - {'risk_scale': 1.0}
2025-11-07 18:58:24,950 - UltimateBot_V8 - INFO - Penalty: 0.0000 - {'risk_scale': 1.0}
2025-11-07 18:58:24,950 - UltimateBot_V8 - INFO - Penalty: 0.0000 - {'risk_scale': 1.0}
2025-11-07 18:58:24,950 - UltimateBot_V8 - INFO - Penalty: 0.0000 - {'risk_scale': 1.0}
2025-11-07 18:58:24,950 - UltimateBot_V8 - INFO - Penalty: 0.0000 - {'risk_scale': 1.0}
2025-11-07 18:58:24,951 - UltimateBot_V8 - INFO - Penalty: 0.0000 - {'risk_scale': 1.0}
2025-11-07 18:58:24,951 - UltimateBot_V8 - INFO - Penalty: 0.0000 - {'risk_scale': 1.0}
2025-11-07 18:58:24,951 - UltimateBot_V8 - INFO - Penalty: 0.0000 - {'risk_scale': 1.0}
2025-11-07 18:58:24,951 - UltimateBot_V8 - INFO - Penalty: 0.0000 - {'risk_scale': 1.0}
2025-11-07 18:58:24,951 - UltimateBot_V8 - INFO - Penalty: 0.0000 - {'risk_scale': 1.0}
2025-11-07 18:58:24,952 - UltimateBot_V8 - INFO - Penalty: 0.0000 - {'risk_scale': 1.0}
2025-11-07 18:58:24,952 - UltimateBot_V8 - INFO - Penalty: 0.0000 - {'risk_scale': 1.0}
2025-11-07 18:58:24,952 - UltimateBot_V8 - INFO - Penalty: 0.0000 - {'risk_scale': 1.0}
2025-11-07 18:58:24,952 - UltimateBot_V8 - INFO - Penalty: 0.0000 - {'risk_scale': 1.0}
2025-11-07 18:58:24,952 - UltimateBot_V8 - INFO - Penalty: 0.0000 - {'risk_scale': 1.0}
2025-11-07 18:58:24,952 - UltimateBot_V8 - INFO - Penalty: 0.0000 - {'risk_scale': 1.0}
2025-11-07 18:58:24,953 - UltimateBot_V8 - INFO - Penalty: 0.0000 - {'risk_scale': 1.0}
2025-11-07 18:58:24,953 - UltimateBot_V8 - INFO - Penalty: 0.0000 - {'risk_scale': 1.0}
2025-11-07 18:58:24,953 - UltimateBot_V8 - INFO - Penalty: 0.0000 - {'risk_scale': 1.0}
2025-11-07 18:58:24,953 - UltimateBot_V8 - INFO - Penalty: 0.0000 - {'risk_scale': 1.0}
2025-11-07 18:58:24,953 - UltimateBot_V8 - INFO - Penalty: 0.0000 - {'risk_scale': 1.0}
2025-11-07 18:58:24,954 - UltimateBot_V8 - INFO - Penalty: 0.0000 - {'risk_scale': 1.0}
2025-11-07 18:58:24,954 - UltimateBot_V8 - INFO - Penalty: 0.0000 - {'risk_scale': 1.0}
2025-11-07 18:58:24,954 - UltimateBot_V8 - INFO - Penalty: 0.0000 - {'risk_scale': 1.0}
2025-11-07 18:58:24,954 - UltimateBot_V8 - INFO - Penalty: 0.0000 - {'risk_scale': 1.0}
2025-11-07 18:58:24,954 - UltimateBot_V8 - INFO - Penalty: 0.0000 - {'risk_scale': 1.0}
2025-11-07 18:58:24,955 - UltimateBot_V8 - INFO - Penalty: 0.0000 - {'risk_scale': 1.0}
2025-11-07 18:58:24,955 - UltimateBot_V8 - INFO - Penalty: 0.0000 - {'risk_scale': 1.0}
2025-11-07 18:58:24,955 - UltimateBot_V8 - INFO - Penalty: 0.0000 - {'risk_scale': 1.0}
2025-11-07 18:58:24,955 - UltimateBot_V8 - INFO - Penalty: 0.0000 - {'risk_scale': 1.0}
2025-11-07 18:58:24,955 - UltimateBot_V8 - INFO - Penalty: 0.0000 - {'risk_scale': 1.0}
2025-11-07 18:58:24,956 - UltimateBot_V8 - INFO - Penalty: 0.0000 - {'risk_scale': 1.0}
2025-11-07 18:58:24,956 - UltimateBot_V8 - INFO - Penalty: 0.0000 - {'risk_scale': 1.0}
2025-11-07 18:58:24,956 - UltimateBot_V8 - INFO - Penalty: 0.0000 - {'risk_scale': 1.0}
2025-11-07 18:58:24,956 - UltimateBot_V8 - INFO - Penalty: 0.0000 - {'risk_scale': 1.0}
2025-11-07 18:58:24,956 - UltimateBot_V8 - INFO - Penalty: 0.0000 - {'risk_scale': 1.0}
2025-11-07 18:58:24,957 - UltimateBot_V8 - INFO - Penalty: 0.0000 - {'risk_scale': 1.0}
2025-11-07 18:58:24,957 - UltimateBot_V8 - INFO - Penalty: 0.0000 - {'risk_scale': 1.0}
2025-11-07 18:58:24,957 - UltimateBot_V8 - INFO - Penalty: 0.0000 - {'risk_scale': 1.0}
2025-11-07 18:58:24,957 - UltimateBot_V8 - INFO - Penalty: 0.0000 - {'risk_scale': 1.0}
2025-11-07 18:58:24,957 - UltimateBot_V8 - INFO - Penalty: 0.0000 - {'risk_scale': 1.0}
2025-11-07 18:58:24,957 - UltimateBot_V8 - INFO -   Step 800: Reward=0.0000, Balance=$25000.00
2025-11-07 18:58:24,958 - UltimateBot_V8 - INFO - Penalty: 0.0000 - {'risk_scale': 1.0}
2025-11-07 18:58:24,958 - UltimateBot_V8 - INFO - Penalty: 0.0000 - {'risk_scale': 1.0}
2025-11-07 18:58:24,958 - UltimateBot_V8 - INFO - Penalty: 0.0000 - {'risk_scale': 1.0}
2025-11-07 18:58:24,958 - UltimateBot_V8 - INFO - Penalty: 0.0000 - {'risk_scale': 1.0}
2025-11-07 18:58:24,958 - UltimateBot_V8 - INFO - Penalty: 0.0000 - {'risk_scale': 1.0}
2025-11-07 18:58:24,959 - UltimateBot_V8 - INFO - Penalty: 0.0000 - {'risk_scale': 1.0}
2025-11-07 18:58:24,959 - UltimateBot_V8 - INFO - Penalty: 0.0000 - {'risk_scale': 1.0}
2025-11-07 18:58:24,959 - UltimateBot_V8 - INFO - Penalty: 0.0000 - {'risk_scale': 1.0}
2025-11-07 18:58:24,959 - UltimateBot_V8 - INFO - Penalty: 0.0000 - {'risk_scale': 1.0}
2025-11-07 18:58:24,959 - UltimateBot_V8 - INFO - Penalty: 0.0000 - {'risk_scale': 1.0}
2025-11-07 18:58:24,960 - UltimateBot_V8 - INFO - Penalty: 0.0000 - {'risk_scale': 1.0}
2025-11-07 18:58:24,960 - UltimateBot_V8 - INFO - Penalty: 0.0000 - {'risk_scale': 1.0}
2025-11-07 18:58:24,960 - UltimateBot_V8 - INFO - Penalty: 0.0000 - {'risk_scale': 1.0}
2025-11-07 18:58:24,960 - UltimateBot_V8 - INFO - Penalty: 0.0000 - {'risk_scale': 1.0}
2025-11-07 18:58:24,960 - UltimateBot_V8 - INFO - Penalty: 0.0000 - {'risk_scale': 1.0}
2025-11-07 18:58:24,961 - UltimateBot_V8 - INFO - Penalty: 0.0000 - {'risk_scale': 1.0}
2025-11-07 18:58:24,961 - UltimateBot_V8 - INFO - Penalty: 0.0000 - {'risk_scale': 1.0}
2025-11-07 18:58:24,961 - UltimateBot_V8 - INFO - Penalty: 0.0000 - {'risk_scale': 1.0}
2025-11-07 18:58:24,961 - UltimateBot_V8 - INFO - Penalty: 0.0000 - {'risk_scale': 1.0}
2025-11-07 18:58:24,961 - UltimateBot_V8 - INFO - Penalty: 0.0000 - {'risk_scale': 1.0}
2025-11-07 18:58:24,962 - UltimateBot_V8 - INFO - Penalty: 0.0000 - {'risk_scale': 1.0}
2025-11-07 18:58:24,962 - UltimateBot_V8 - INFO - Penalty: 0.0000 - {'risk_scale': 1.0}
2025-11-07 18:58:24,962 - UltimateBot_V8 - INFO - Penalty: 0.0000 - {'risk_scale': 1.0}
2025-11-07 18:58:24,962 - UltimateBot_V8 - INFO - Penalty: 0.0000 - {'risk_scale': 1.0}
2025-11-07 18:58:24,962 - UltimateBot_V8 - INFO - Penalty: 0.0000 - {'risk_scale': 1.0}
2025-11-07 18:58:24,963 - UltimateBot_V8 - INFO - Penalty: 0.0000 - {'risk_scale': 1.0}
2025-11-07 18:58:24,963 - UltimateBot_V8 - INFO - Penalty: 0.0000 - {'risk_scale': 1.0}
2025-11-07 18:58:24,963 - UltimateBot_V8 - INFO - Penalty: 0.0000 - {'risk_scale': 1.0}
2025-11-07 18:58:24,963 - UltimateBot_V8 - INFO - Penalty: 0.0000 - {'risk_scale': 1.0}
2025-11-07 18:58:24,963 - UltimateBot_V8 - INFO - Penalty: 0.0000 - {'risk_scale': 1.0}
2025-11-07 18:58:24,963 - UltimateBot_V8 - INFO - Penalty: 0.0000 - {'risk_scale': 1.0}
2025-11-07 18:58:24,964 - UltimateBot_V8 - INFO - Penalty: 0.0000 - {'risk_scale': 1.0}
2025-11-07 18:58:24,964 - UltimateBot_V8 - INFO - Penalty: 0.0000 - {'risk_scale': 1.0}
2025-11-07 18:58:24,964 - UltimateBot_V8 - INFO - Penalty: 0.0000 - {'risk_scale': 1.0}
2025-11-07 18:58:24,964 - UltimateBot_V8 - INFO - Penalty: 0.0000 - {'risk_scale': 1.0}
2025-11-07 18:58:24,964 - UltimateBot_V8 - INFO - Penalty: 0.0000 - {'risk_scale': 1.0}
2025-11-07 18:58:24,965 - UltimateBot_V8 - INFO - Penalty: 0.0000 - {'risk_scale': 1.0}
2025-11-07 18:58:24,965 - UltimateBot_V8 - INFO - Penalty: 0.0000 - {'risk_scale': 1.0}
2025-11-07 18:58:24,965 - UltimateBot_V8 - INFO - Penalty: 0.0000 - {'risk_scale': 1.0}
2025-11-07 18:58:24,965 - UltimateBot_V8 - INFO - Penalty: 0.0000 - {'risk_scale': 1.0}
2025-11-07 18:58:24,966 - UltimateBot_V8 - INFO - Penalty: 0.0000 - {'risk_scale': 1.0}
2025-11-07 18:58:24,966 - UltimateBot_V8 - INFO - Penalty: 0.0000 - {'risk_scale': 1.0}
2025-11-07 18:58:24,966 - UltimateBot_V8 - INFO - Penalty: 0.0000 - {'risk_scale': 1.0}
2025-11-07 18:58:24,966 - UltimateBot_V8 - INFO - Penalty: 0.0000 - {'risk_scale': 1.0}
2025-11-07 18:58:24,966 - UltimateBot_V8 - INFO - Penalty: 0.0000 - {'risk_scale': 1.0}
2025-11-07 18:58:24,966 - UltimateBot_V8 - INFO - Penalty: 0.0000 - {'risk_scale': 1.0}
2025-11-07 18:58:24,967 - UltimateBot_V8 - INFO - Penalty: 0.0000 - {'risk_scale': 1.0}
2025-11-07 18:58:24,967 - UltimateBot_V8 - INFO - Penalty: 0.0000 - {'risk_scale': 1.0}
2025-11-07 18:58:24,967 - UltimateBot_V8 - INFO - Penalty: 0.0000 - {'risk_scale': 1.0}
2025-11-07 18:58:24,967 - UltimateBot_V8 - INFO - Penalty: 0.0000 - {'risk_scale': 1.0}
2025-11-07 18:58:24,967 - UltimateBot_V8 - INFO - Penalty: 0.0000 - {'risk_scale': 1.0}
2025-11-07 18:58:24,968 - UltimateBot_V8 - INFO - Penalty: 0.0000 - {'risk_scale': 1.0}
2025-11-07 18:58:24,968 - UltimateBot_V8 - INFO - Penalty: 0.0000 - {'risk_scale': 1.0}
2025-11-07 18:58:24,968 - UltimateBot_V8 - INFO - Penalty: 0.0000 - {'risk_scale': 1.0}
2025-11-07 18:58:24,968 - UltimateBot_V8 - INFO - Penalty: 0.0000 - {'risk_scale': 1.0}
2025-11-07 18:58:24,968 - UltimateBot_V8 - INFO - Penalty: 0.0000 - {'risk_scale': 1.0}
2025-11-07 18:58:24,969 - UltimateBot_V8 - INFO - Penalty: 0.0000 - {'risk_scale': 1.0}
2025-11-07 18:58:24,969 - UltimateBot_V8 - INFO - Penalty: 0.0000 - {'risk_scale': 1.0}
2025-11-07 18:58:24,969 - UltimateBot_V8 - INFO - Penalty: 0.0000 - {'risk_scale': 1.0}
2025-11-07 18:58:24,969 - UltimateBot_V8 - INFO - Penalty: 0.0000 - {'risk_scale': 1.0}
2025-11-07 18:58:24,969 - UltimateBot_V8 - INFO - Penalty: 0.0000 - {'risk_scale': 1.0}
2025-11-07 18:58:24,970 - UltimateBot_V8 - INFO - Penalty: 0.0000 - {'risk_scale': 1.0}
2025-11-07 18:58:24,970 - UltimateBot_V8 - INFO - Penalty: 0.0000 - {'risk_scale': 1.0}
2025-11-07 18:58:24,970 - UltimateBot_V8 - INFO - Penalty: 0.0000 - {'risk_scale': 1.0}
2025-11-07 18:58:24,970 - UltimateBot_V8 - INFO - Penalty: 0.0000 - {'risk_scale': 1.0}
2025-11-07 18:58:24,970 - UltimateBot_V8 - INFO - Penalty: 0.0000 - {'risk_scale': 1.0}
2025-11-07 18:58:24,971 - UltimateBot_V8 - INFO - Penalty: 0.0000 - {'risk_scale': 1.0}
2025-11-07 18:58:24,971 - UltimateBot_V8 - INFO - Penalty: 0.0000 - {'risk_scale': 1.0}
2025-11-07 18:58:24,971 - UltimateBot_V8 - INFO - Penalty: 0.0000 - {'risk_scale': 1.0}
2025-11-07 18:58:24,971 - UltimateBot_V8 - INFO - Penalty: 0.0000 - {'risk_scale': 1.0}
2025-11-07 18:58:24,971 - UltimateBot_V8 - INFO - Penalty: 0.0000 - {'risk_scale': 1.0}
2025-11-07 18:58:24,972 - UltimateBot_V8 - INFO - Penalty: 0.0000 - {'risk_scale': 1.0}
2025-11-07 18:58:24,972 - UltimateBot_V8 - INFO - Penalty: 0.0000 - {'risk_scale': 1.0}
2025-11-07 18:58:24,972 - UltimateBot_V8 - INFO - Penalty: 0.0000 - {'risk_scale': 1.0}
2025-11-07 18:58:24,972 - UltimateBot_V8 - INFO - Penalty: 0.0000 - {'risk_scale': 1.0}
2025-11-07 18:58:24,972 - UltimateBot_V8 - INFO - Penalty: 0.0000 - {'risk_scale': 1.0}
2025-11-07 18:58:24,973 - UltimateBot_V8 - INFO - Penalty: 0.0000 - {'risk_scale': 1.0}
2025-11-07 18:58:24,973 - UltimateBot_V8 - INFO - Penalty: 0.0000 - {'risk_scale': 1.0}
2025-11-07 18:58:24,973 - UltimateBot_V8 - INFO - Penalty: 0.0000 - {'risk_scale': 1.0}
2025-11-07 18:58:24,973 - UltimateBot_V8 - INFO - Penalty: 0.0000 - {'risk_scale': 1.0}
2025-11-07 18:58:24,973 - UltimateBot_V8 - INFO - Penalty: 0.0000 - {'risk_scale': 1.0}
2025-11-07 18:58:24,973 - UltimateBot_V8 - INFO - Penalty: 0.0000 - {'risk_scale': 1.0}
2025-11-07 18:58:24,974 - UltimateBot_V8 - INFO - Penalty: 0.0000 - {'risk_scale': 1.0}
2025-11-07 18:58:24,974 - UltimateBot_V8 - INFO - Penalty: 0.0000 - {'risk_scale': 1.0}
2025-11-07 18:58:24,974 - UltimateBot_V8 - INFO - Penalty: 0.0000 - {'risk_scale': 1.0}
2025-11-07 18:58:24,974 - UltimateBot_V8 - INFO - Penalty: 0.0000 - {'risk_scale': 1.0}
2025-11-07 18:58:24,974 - UltimateBot_V8 - INFO - Penalty: 0.0000 - {'risk_scale': 1.0}
2025-11-07 18:58:24,975 - UltimateBot_V8 - INFO - Penalty: 0.0000 - {'risk_scale': 1.0}
2025-11-07 18:58:24,975 - UltimateBot_V8 - INFO - Penalty: 0.0000 - {'risk_scale': 1.0}
2025-11-07 18:58:24,975 - UltimateBot_V8 - INFO - Penalty: 0.0000 - {'risk_scale': 1.0}
2025-11-07 18:58:24,975 - UltimateBot_V8 - INFO - Penalty: 0.0000 - {'risk_scale': 1.0}
2025-11-07 18:58:24,975 - UltimateBot_V8 - INFO - Penalty: 0.0000 - {'risk_scale': 1.0}
2025-11-07 18:58:24,976 - UltimateBot_V8 - INFO - Penalty: 0.0000 - {'risk_scale': 1.0}
2025-11-07 18:58:24,976 - UltimateBot_V8 - INFO - Penalty: 0.0000 - {'risk_scale': 1.0}
2025-11-07 18:58:24,976 - UltimateBot_V8 - INFO - Penalty: 0.0000 - {'risk_scale': 1.0}
2025-11-07 18:58:24,976 - UltimateBot_V8 - INFO - Penalty: 0.0000 - {'risk_scale': 1.0}
2025-11-07 18:58:24,976 - UltimateBot_V8 - INFO - Penalty: 0.0000 - {'risk_scale': 1.0}
2025-11-07 18:58:24,977 - UltimateBot_V8 - INFO - Penalty: 0.0000 - {'risk_scale': 1.0}
2025-11-07 18:58:24,977 - UltimateBot_V8 - INFO - Penalty: 0.0000 - {'risk_scale': 1.0}
2025-11-07 18:58:24,977 - UltimateBot_V8 - INFO - Penalty: 0.0000 - {'risk_scale': 1.0}
2025-11-07 18:58:24,977 - UltimateBot_V8 - INFO -   Step 900: Reward=0.0000, Balance=$25000.00
2025-11-07 18:58:24,977 - UltimateBot_V8 - INFO - Penalty: 0.0000 - {'risk_scale': 1.0}
2025-11-07 18:58:24,977 - UltimateBot_V8 - INFO - Penalty: 0.0000 - {'risk_scale': 1.0}
2025-11-07 18:58:24,978 - UltimateBot_V8 - INFO - Penalty: 0.0000 - {'risk_scale': 1.0}
2025-11-07 18:58:24,978 - UltimateBot_V8 - INFO - Penalty: 0.0000 - {'risk_scale': 1.0}
2025-11-07 18:58:24,978 - UltimateBot_V8 - INFO - Penalty: 0.0000 - {'risk_scale': 1.0}
2025-11-07 18:58:24,978 - UltimateBot_V8 - INFO - Penalty: 0.0000 - {'risk_scale': 1.0}
2025-11-07 18:58:24,978 - UltimateBot_V8 - INFO - Penalty: 0.0000 - {'risk_scale': 1.0}
2025-11-07 18:58:24,979 - UltimateBot_V8 - INFO - Penalty: 0.0000 - {'risk_scale': 1.0}
2025-11-07 18:58:24,979 - UltimateBot_V8 - INFO - Penalty: 0.0000 - {'risk_scale': 1.0}
2025-11-07 18:58:24,979 - UltimateBot_V8 - INFO - Penalty: 0.0000 - {'risk_scale': 1.0}
2025-11-07 18:58:24,979 - UltimateBot_V8 - INFO - Penalty: 0.0000 - {'risk_scale': 1.0}
2025-11-07 18:58:24,979 - UltimateBot_V8 - INFO - Penalty: 0.0000 - {'risk_scale': 1.0}
2025-11-07 18:58:24,980 - UltimateBot_V8 - INFO - Penalty: 0.0000 - {'risk_scale': 1.0}
2025-11-07 18:58:24,980 - UltimateBot_V8 - INFO - Penalty: 0.0000 - {'risk_scale': 1.0}
2025-11-07 18:58:24,980 - UltimateBot_V8 - INFO - Penalty: 0.0000 - {'risk_scale': 1.0}
2025-11-07 18:58:24,980 - UltimateBot_V8 - INFO - Penalty: 0.0000 - {'risk_scale': 1.0}
2025-11-07 18:58:24,980 - UltimateBot_V8 - INFO - Penalty: 0.0000 - {'risk_scale': 1.0}
2025-11-07 18:58:24,980 - UltimateBot_V8 - INFO - Penalty: 0.0000 - {'risk_scale': 1.0}
2025-11-07 18:58:24,981 - UltimateBot_V8 - INFO - Penalty: 0.0000 - {'risk_scale': 1.0}
2025-11-07 18:58:24,981 - UltimateBot_V8 - INFO - Penalty: 0.0000 - {'risk_scale': 1.0}
2025-11-07 18:58:24,981 - UltimateBot_V8 - INFO - Penalty: 0.0000 - {'risk_scale': 1.0}
2025-11-07 18:58:24,981 - UltimateBot_V8 - INFO - Penalty: 0.0000 - {'risk_scale': 1.0}
2025-11-07 18:58:24,981 - UltimateBot_V8 - INFO - Penalty: 0.0000 - {'risk_scale': 1.0}
2025-11-07 18:58:24,982 - UltimateBot_V8 - INFO - Penalty: 0.0000 - {'risk_scale': 1.0}
2025-11-07 18:58:24,982 - UltimateBot_V8 - INFO - Penalty: 0.0000 - {'risk_scale': 1.0}
2025-11-07 18:58:24,982 - UltimateBot_V8 - INFO - Penalty: 0.0000 - {'risk_scale': 1.0}
2025-11-07 18:58:24,982 - UltimateBot_V8 - INFO - Penalty: 0.0000 - {'risk_scale': 1.0}
2025-11-07 18:58:24,982 - UltimateBot_V8 - INFO - Penalty: 0.0000 - {'risk_scale': 1.0}
2025-11-07 18:58:24,983 - UltimateBot_V8 - INFO - Penalty: 0.0000 - {'risk_scale': 1.0}
2025-11-07 18:58:24,983 - UltimateBot_V8 - INFO - Penalty: 0.0000 - {'risk_scale': 1.0}
2025-11-07 18:58:24,983 - UltimateBot_V8 - INFO - Penalty: 0.0000 - {'risk_scale': 1.0}
2025-11-07 18:58:24,983 - UltimateBot_V8 - INFO - Penalty: 0.0000 - {'risk_scale': 1.0}
2025-11-07 18:58:24,983 - UltimateBot_V8 - INFO - Penalty: 0.0000 - {'risk_scale': 1.0}
2025-11-07 18:58:24,984 - UltimateBot_V8 - INFO - Penalty: 0.0000 - {'risk_scale': 1.0}
2025-11-07 18:58:24,984 - UltimateBot_V8 - INFO - Penalty: 0.0000 - {'risk_scale': 1.0}
2025-11-07 18:58:24,984 - UltimateBot_V8 - INFO - Penalty: 0.0000 - {'risk_scale': 1.0}
2025-11-07 18:58:24,984 - UltimateBot_V8 - INFO - Penalty: 0.0000 - {'risk_scale': 1.0}
2025-11-07 18:58:24,984 - UltimateBot_V8 - INFO - Penalty: 0.0000 - {'risk_scale': 1.0}
2025-11-07 18:58:24,985 - UltimateBot_V8 - INFO - Penalty: 0.0000 - {'risk_scale': 1.0}
2025-11-07 18:58:24,985 - UltimateBot_V8 - INFO - Penalty: 0.0000 - {'risk_scale': 1.0}
2025-11-07 18:58:24,985 - UltimateBot_V8 - INFO - Penalty: 0.0000 - {'risk_scale': 1.0}
2025-11-07 18:58:24,985 - UltimateBot_V8 - INFO - Penalty: 0.0000 - {'risk_scale': 1.0}
2025-11-07 18:58:24,985 - UltimateBot_V8 - INFO - Penalty: 0.0000 - {'risk_scale': 1.0}
2025-11-07 18:58:24,986 - UltimateBot_V8 - INFO - Penalty: 0.0000 - {'risk_scale': 1.0}
2025-11-07 18:58:24,986 - UltimateBot_V8 - INFO - Penalty: 0.0000 - {'risk_scale': 1.0}
2025-11-07 18:58:24,986 - UltimateBot_V8 - INFO - Penalty: 0.0000 - {'risk_scale': 1.0}
2025-11-07 18:58:24,986 - UltimateBot_V8 - INFO - Penalty: 0.0000 - {'risk_scale': 1.0}
2025-11-07 18:58:24,986 - UltimateBot_V8 - INFO - Penalty: 0.0000 - {'risk_scale': 1.0}
2025-11-07 18:58:24,986 - UltimateBot_V8 - INFO - Penalty: 0.0000 - {'risk_scale': 1.0}
2025-11-07 18:58:24,987 - UltimateBot_V8 - INFO - Penalty: 0.0000 - {'risk_scale': 1.0}
2025-11-07 18:58:24,987 - UltimateBot_V8 - INFO - Penalty: 0.0000 - {'risk_scale': 1.0}
2025-11-07 18:58:24,987 - UltimateBot_V8 - INFO - Penalty: 0.0000 - {'risk_scale': 1.0}
2025-11-07 18:58:24,987 - UltimateBot_V8 - INFO - Penalty: 0.0000 - {'risk_scale': 1.0}
2025-11-07 18:58:24,987 - UltimateBot_V8 - INFO - Penalty: 0.0000 - {'risk_scale': 1.0}
2025-11-07 18:58:24,988 - UltimateBot_V8 - INFO - Penalty: 0.0000 - {'risk_scale': 1.0}
2025-11-07 18:58:24,988 - UltimateBot_V8 - INFO - Penalty: 0.0000 - {'risk_scale': 1.0}
2025-11-07 18:58:24,988 - UltimateBot_V8 - INFO - Penalty: 0.0000 - {'risk_scale': 1.0}
2025-11-07 18:58:24,988 - UltimateBot_V8 - INFO - Penalty: 0.0000 - {'risk_scale': 1.0}
2025-11-07 18:58:24,989 - UltimateBot_V8 - INFO - Penalty: 0.0000 - {'risk_scale': 1.0}
2025-11-07 18:58:24,989 - UltimateBot_V8 - INFO - Penalty: 0.0000 - {'risk_scale': 1.0}
2025-11-07 18:58:24,989 - UltimateBot_V8 - INFO - Penalty: 0.0000 - {'risk_scale': 1.0}
2025-11-07 18:58:24,990 - UltimateBot_V8 - INFO - Penalty: 0.0000 - {'risk_scale': 1.0}
2025-11-07 18:58:24,990 - UltimateBot_V8 - INFO - Penalty: 0.0000 - {'risk_scale': 1.0}
2025-11-07 18:58:24,990 - UltimateBot_V8 - INFO - Penalty: 0.0000 - {'risk_scale': 1.0}
2025-11-07 18:58:24,990 - UltimateBot_V8 - INFO - Penalty: 0.0000 - {'risk_scale': 1.0}
2025-11-07 18:58:24,991 - UltimateBot_V8 - INFO - Penalty: 0.0000 - {'risk_scale': 1.0}
2025-11-07 18:58:24,991 - UltimateBot_V8 - INFO - Penalty: 0.0000 - {'risk_scale': 1.0}
2025-11-07 18:58:24,991 - UltimateBot_V8 - INFO - Penalty: 0.0000 - {'risk_scale': 1.0}
2025-11-07 18:58:24,991 - UltimateBot_V8 - INFO - Penalty: 0.0000 - {'risk_scale': 1.0}
2025-11-07 18:58:24,991 - UltimateBot_V8 - INFO - Penalty: 0.0000 - {'risk_scale': 1.0}
2025-11-07 18:58:24,992 - UltimateBot_V8 - INFO - Penalty: 0.0000 - {'risk_scale': 1.0}
2025-11-07 18:58:24,992 - UltimateBot_V8 - INFO - Penalty: 0.0000 - {'risk_scale': 1.0}
2025-11-07 18:58:24,992 - UltimateBot_V8 - INFO - Penalty: 0.0000 - {'risk_scale': 1.0}
2025-11-07 18:58:24,992 - UltimateBot_V8 - INFO - Penalty: 0.0000 - {'risk_scale': 1.0}
2025-11-07 18:58:24,992 - UltimateBot_V8 - INFO - Penalty: 0.0000 - {'risk_scale': 1.0}
2025-11-07 18:58:24,993 - UltimateBot_V8 - INFO - Penalty: 0.0000 - {'risk_scale': 1.0}
2025-11-07 18:58:24,993 - UltimateBot_V8 - INFO - Penalty: 0.0000 - {'risk_scale': 1.0}
2025-11-07 18:58:24,993 - UltimateBot_V8 - INFO - Penalty: 0.0000 - {'risk_scale': 1.0}
2025-11-07 18:58:24,993 - UltimateBot_V8 - INFO - Penalty: 0.0000 - {'risk_scale': 1.0}
2025-11-07 18:58:24,993 - UltimateBot_V8 - INFO - Penalty: 0.0000 - {'risk_scale': 1.0}
2025-11-07 18:58:24,994 - UltimateBot_V8 - INFO - Penalty: 0.0000 - {'risk_scale': 1.0}
2025-11-07 18:58:24,994 - UltimateBot_V8 - INFO - Penalty: 0.0000 - {'risk_scale': 1.0}
2025-11-07 18:58:24,994 - UltimateBot_V8 - INFO - Penalty: 0.0000 - {'risk_scale': 1.0}
2025-11-07 18:58:24,995 - UltimateBot_V8 - INFO - Penalty: 0.0000 - {'risk_scale': 1.0}
2025-11-07 18:58:24,996 - UltimateBot_V8 - INFO - Penalty: 0.0000 - {'risk_scale': 1.0}
2025-11-07 18:58:24,996 - UltimateBot_V8 - INFO - Penalty: 0.0000 - {'risk_scale': 1.0}
2025-11-07 18:58:24,996 - UltimateBot_V8 - INFO - Penalty: 0.0000 - {'risk_scale': 1.0}
2025-11-07 18:58:24,997 - UltimateBot_V8 - INFO - Penalty: 0.0000 - {'risk_scale': 1.0}
2025-11-07 18:58:24,997 - UltimateBot_V8 - INFO - Penalty: 0.0000 - {'risk_scale': 1.0}
2025-11-07 18:58:24,997 - UltimateBot_V8 - INFO - Penalty: 0.0000 - {'risk_scale': 1.0}
2025-11-07 18:58:24,998 - UltimateBot_V8 - INFO - Penalty: 0.0000 - {'risk_scale': 1.0}
2025-11-07 18:58:24,998 - UltimateBot_V8 - INFO - Penalty: 0.0000 - {'risk_scale': 1.0}
2025-11-07 18:58:24,998 - UltimateBot_V8 - INFO - Penalty: 0.0000 - {'risk_scale': 1.0}
2025-11-07 18:58:24,998 - UltimateBot_V8 - INFO - Penalty: 0.0000 - {'risk_scale': 1.0}
2025-11-07 18:58:24,999 - UltimateBot_V8 - INFO - Penalty: 0.0000 - {'risk_scale': 1.0}
2025-11-07 18:58:24,999 - UltimateBot_V8 - INFO - Penalty: 0.0000 - {'risk_scale': 1.0}
2025-11-07 18:58:25,000 - UltimateBot_V8 - INFO - Penalty: 0.0000 - {'risk_scale': 1.0}
2025-11-07 18:58:25,001 - UltimateBot_V8 - INFO - Penalty: 0.0000 - {'risk_scale': 1.0}
2025-11-07 18:58:25,002 - UltimateBot_V8 - INFO - Penalty: 0.0000 - {'risk_scale': 1.0}
2025-11-07 18:58:25,003 - UltimateBot_V8 - INFO - Penalty: 0.0000 - {'risk_scale': 1.0}
2025-11-07 18:58:25,003 - UltimateBot_V8 - INFO -   Step 1000: Reward=0.0000, Balance=$25000.00
2025-11-07 18:58:25,003 - UltimateBot_V8 - INFO - ✅ Episode 1 complete: Reward=0.0000
2025-11-07 18:58:25,003 - UltimateBot_V8 - INFO - 
📊 Backtest Summary:
2025-11-07 18:58:25,003 - UltimateBot_V8 - INFO -    Episodes: 1
2025-11-07 18:58:25,003 - UltimateBot_V8 - INFO -    Avg Reward: 0.0000
2025-11-07 18:58:25,004 - UltimateBot_V8 - INFO -    Std Reward: 0.0000
2025-11-07 18:58:25,004 - UltimateBot_V8 - INFO - 
======================================================================
2025-11-07 18:58:25,004 - UltimateBot_V8 - INFO - ✅ V8 SYSTEM COMPLETED
2025-11-07 18:58:25,004 - UltimateBot_V8 - INFO - ======================================================================
