2025-11-06 16:45:59,672 - UltimateBot_V8 - INFO - 🚀 UltimateTradingSystemV8 initialized (PPO: True)
2025-11-06 16:45:59,672 - UltimateBot_V8 - INFO - 📂 Loading data: 2020-2024
2025-11-06 16:45:59,672 - UltimateBot_V8 - ERROR - ❌ Data loading failed: 'DataManager' object has no attribute 'load_symbol_data'
2025-11-06 16:45:59,673 - UltimateBot_V8 - INFO - ⚠️  Creating mock data...
2025-11-06 16:45:59,677 - UltimateBot_V8 - INFO - ✅ Mock data created
2025-11-06 16:45:59,677 - UltimateBot_V8 - INFO - 📊 Running backtest: 1 episodes
2025-11-06 16:45:59,677 - RightsManager - INFO - Rights initialized: {'USDJPY': 25, 'EURUSD': 21, 'GBPUSD': 18}
2025-11-06 16:45:59,677 - TelegramReporter - INFO - ✅ Telegram enabled
2025-11-06 16:45:59,687 - WeeklyRangeLearner - INFO - ✅ EURUSD weekly: 1117 weeks, p95=452.5 pips
2025-11-06 16:45:59,692 - WeeklyRangeLearner - INFO - ✅ GBPUSD weekly: 1117 weeks, p95=542.9 pips
2025-11-06 16:45:59,696 - WeeklyRangeLearner - INFO - ✅ USDJPY weekly: 1117 weeks, p95=455.5 pips
2025-11-06 16:45:59,696 - UltimateBot_V8 - INFO - ✅ RewardShaper initialized
2025-11-06 16:45:59,696 - UltimateBot_V8 - INFO - 🌍 TradingEnvironmentV8 initialized: 3 symbols, $25000.0
2025-11-06 16:46:00,300 - UltimateBot_V8 - INFO - 
📈 Episode 1/1
2025-11-06 16:46:00,311 - UltimateBot_V8 - INFO - Penalty: 0.0000 - {'risk_scale': 1.0}
2025-11-06 16:46:00,312 - UltimateBot_V8 - INFO - Penalty: 0.0000 - {'risk_scale': 1.0}
2025-11-06 16:46:00,312 - UltimateBot_V8 - INFO - Penalty: 0.0000 - {'risk_scale': 1.0}
2025-11-06 16:46:00,312 - UltimateBot_V8 - INFO - Penalty: 0.0000 - {'risk_scale': 1.0}
2025-11-06 16:46:00,313 - UltimateBot_V8 - INFO - Penalty: 0.0000 - {'risk_scale': 1.0}
2025-11-06 16:46:00,313 - UltimateBot_V8 - INFO - Penalty: 0.0000 - {'risk_scale': 1.0}
2025-11-06 16:46:00,314 - UltimateBot_V8 - INFO - Penalty: 0.0000 - {'risk_scale': 1.0}
2025-11-06 16:46:00,314 - UltimateBot_V8 - INFO - Penalty: 0.0000 - {'risk_scale': 1.0}
2025-11-06 16:46:00,315 - UltimateBot_V8 - INFO - Penalty: 0.0000 - {'risk_scale': 1.0}
2025-11-06 16:46:00,315 - UltimateBot_V8 - INFO - Penalty: 0.0000 - {'risk_scale': 1.0}
2025-11-06 16:46:00,316 - UltimateBot_V8 - INFO - Penalty: 0.0000 - {'risk_scale': 1.0}
2025-11-06 16:46:00,317 - UltimateBot_V8 - INFO - Penalty: 0.0000 - {'risk_scale': 1.0}
2025-11-06 16:46:00,317 - UltimateBot_V8 - INFO - Penalty: 0.0000 - {'risk_scale': 1.0}
2025-11-06 16:46:00,318 - UltimateBot_V8 - INFO - Penalty: 0.0000 - {'risk_scale': 1.0}
2025-11-06 16:46:00,319 - UltimateBot_V8 - INFO - Penalty: 0.0000 - {'risk_scale': 1.0}
2025-11-06 16:46:00,319 - UltimateBot_V8 - INFO - Penalty: 0.0000 - {'risk_scale': 1.0}
2025-11-06 16:46:00,320 - UltimateBot_V8 - INFO - Penalty: 0.0000 - {'risk_scale': 1.0}
2025-11-06 16:46:00,321 - UltimateBot_V8 - INFO - Penalty: 0.0000 - {'risk_scale': 1.0}
2025-11-06 16:46:00,321 - UltimateBot_V8 - INFO - Penalty: 0.0000 - {'risk_scale': 1.0}
2025-11-06 16:46:00,322 - UltimateBot_V8 - INFO - Penalty: 0.0000 - {'risk_scale': 1.0}
2025-11-06 16:46:00,323 - UltimateBot_V8 - INFO - Penalty: 0.0000 - {'risk_scale': 1.0}
2025-11-06 16:46:00,324 - UltimateBot_V8 - INFO - Penalty: 0.0000 - {'risk_scale': 1.0}
2025-11-06 16:46:00,325 - UltimateBot_V8 - INFO - Penalty: 0.0000 - {'risk_scale': 1.0}
2025-11-06 16:46:00,325 - UltimateBot_V8 - INFO - Penalty: 0.0000 - {'risk_scale': 1.0}
2025-11-06 16:46:00,326 - UltimateBot_V8 - INFO - Penalty: 0.0000 - {'risk_scale': 1.0}
2025-11-06 16:46:00,327 - UltimateBot_V8 - INFO - Penalty: 0.0000 - {'risk_scale': 1.0}
2025-11-06 16:46:00,328 - UltimateBot_V8 - INFO - Penalty: 0.0000 - {'risk_scale': 1.0}
2025-11-06 16:46:00,329 - UltimateBot_V8 - INFO - Penalty: 0.0000 - {'risk_scale': 1.0}
2025-11-06 16:46:00,330 - UltimateBot_V8 - INFO - Penalty: 0.0000 - {'risk_scale': 1.0}
2025-11-06 16:46:00,331 - UltimateBot_V8 - INFO - Penalty: 0.0000 - {'risk_scale': 1.0}
2025-11-06 16:46:00,332 - UltimateBot_V8 - INFO - Penalty: 0.0000 - {'risk_scale': 1.0}
2025-11-06 16:46:00,333 - UltimateBot_V8 - INFO - Penalty: 0.0000 - {'risk_scale': 1.0}
2025-11-06 16:46:00,334 - UltimateBot_V8 - INFO - Penalty: 0.0000 - {'risk_scale': 1.0}
2025-11-06 16:46:00,335 - UltimateBot_V8 - INFO - Penalty: 0.0000 - {'risk_scale': 1.0}
2025-11-06 16:46:00,336 - UltimateBot_V8 - INFO - Penalty: 0.0000 - {'risk_scale': 1.0}
2025-11-06 16:46:00,338 - UltimateBot_V8 - INFO - Penalty: 0.0000 - {'risk_scale': 1.0}
2025-11-06 16:46:00,339 - UltimateBot_V8 - INFO - Penalty: 0.0000 - {'risk_scale': 1.0}
2025-11-06 16:46:00,340 - UltimateBot_V8 - INFO - Penalty: 0.0000 - {'risk_scale': 1.0}
2025-11-06 16:46:00,341 - UltimateBot_V8 - INFO - Penalty: 0.0000 - {'risk_scale': 1.0}
2025-11-06 16:46:00,342 - UltimateBot_V8 - INFO - Penalty: 0.0000 - {'risk_scale': 1.0}
2025-11-06 16:46:00,344 - UltimateBot_V8 - INFO - Penalty: 0.0000 - {'risk_scale': 1.0}
2025-11-06 16:46:00,345 - UltimateBot_V8 - INFO - Penalty: 0.0000 - {'risk_scale': 1.0}
2025-11-06 16:46:00,346 - UltimateBot_V8 - INFO - Penalty: 0.0000 - {'risk_scale': 1.0}
2025-11-06 16:46:00,347 - UltimateBot_V8 - INFO - Penalty: 0.0000 - {'risk_scale': 1.0}
2025-11-06 16:46:00,349 - UltimateBot_V8 - INFO - Penalty: 0.0000 - {'risk_scale': 1.0}
2025-11-06 16:46:00,350 - UltimateBot_V8 - INFO - Penalty: 0.0000 - {'risk_scale': 1.0}
2025-11-06 16:46:00,351 - UltimateBot_V8 - INFO - Penalty: 0.0000 - {'risk_scale': 1.0}
2025-11-06 16:46:00,353 - UltimateBot_V8 - INFO - Penalty: 0.0000 - {'risk_scale': 1.0}
2025-11-06 16:46:00,354 - UltimateBot_V8 - INFO - Penalty: 0.0000 - {'risk_scale': 1.0}
2025-11-06 16:46:00,355 - UltimateBot_V8 - INFO - Penalty: 0.0000 - {'risk_scale': 1.0}
2025-11-06 16:46:00,357 - UltimateBot_V8 - INFO - Penalty: 0.0000 - {'risk_scale': 1.0}
2025-11-06 16:46:00,358 - UltimateBot_V8 - INFO - Penalty: 0.0000 - {'risk_scale': 1.0}
2025-11-06 16:46:00,360 - UltimateBot_V8 - INFO - Penalty: 0.0000 - {'risk_scale': 1.0}
2025-11-06 16:46:00,361 - UltimateBot_V8 - INFO - Penalty: 0.0000 - {'risk_scale': 1.0}
2025-11-06 16:46:00,362 - UltimateBot_V8 - INFO - Penalty: 0.0000 - {'risk_scale': 1.0}
2025-11-06 16:46:00,364 - UltimateBot_V8 - INFO - Penalty: 0.0000 - {'risk_scale': 1.0}
2025-11-06 16:46:00,366 - UltimateBot_V8 - INFO - Penalty: 0.0000 - {'risk_scale': 1.0}
2025-11-06 16:46:00,367 - UltimateBot_V8 - INFO - Penalty: 0.0000 - {'risk_scale': 1.0}
2025-11-06 16:46:00,369 - UltimateBot_V8 - INFO - Penalty: 0.0000 - {'risk_scale': 1.0}
2025-11-06 16:46:00,370 - UltimateBot_V8 - INFO - Penalty: 0.0000 - {'risk_scale': 1.0}
2025-11-06 16:46:00,372 - UltimateBot_V8 - INFO - Penalty: 0.0000 - {'risk_scale': 1.0}
2025-11-06 16:46:00,374 - UltimateBot_V8 - INFO - Penalty: 0.0000 - {'risk_scale': 1.0}
2025-11-06 16:46:00,375 - UltimateBot_V8 - INFO - Penalty: 0.0000 - {'risk_scale': 1.0}
2025-11-06 16:46:00,377 - UltimateBot_V8 - INFO - Penalty: 0.0000 - {'risk_scale': 1.0}
2025-11-06 16:46:00,379 - UltimateBot_V8 - INFO - Penalty: 0.0000 - {'risk_scale': 1.0}
2025-11-06 16:46:00,381 - UltimateBot_V8 - INFO - Penalty: 0.0000 - {'risk_scale': 1.0}
2025-11-06 16:46:00,382 - UltimateBot_V8 - INFO - Penalty: 0.0000 - {'risk_scale': 1.0}
2025-11-06 16:46:00,384 - UltimateBot_V8 - INFO - Penalty: 0.0000 - {'risk_scale': 1.0}
2025-11-06 16:46:00,386 - UltimateBot_V8 - INFO - Penalty: 0.0000 - {'risk_scale': 1.0}
2025-11-06 16:46:00,388 - UltimateBot_V8 - INFO - Penalty: 0.0000 - {'risk_scale': 1.0}
2025-11-06 16:46:00,389 - UltimateBot_V8 - INFO - Penalty: 0.0000 - {'risk_scale': 1.0}
2025-11-06 16:46:00,391 - UltimateBot_V8 - INFO - Penalty: 0.0000 - {'risk_scale': 1.0}
2025-11-06 16:46:00,393 - UltimateBot_V8 - INFO - Penalty: 0.0000 - {'risk_scale': 1.0}
2025-11-06 16:46:00,395 - UltimateBot_V8 - INFO - Penalty: 0.0000 - {'risk_scale': 1.0}
2025-11-06 16:46:00,397 - UltimateBot_V8 - INFO - Penalty: 0.0000 - {'risk_scale': 1.0}
2025-11-06 16:46:00,399 - UltimateBot_V8 - INFO - Penalty: 0.0000 - {'risk_scale': 1.0}
2025-11-06 16:46:00,401 - UltimateBot_V8 - INFO - Penalty: 0.0000 - {'risk_scale': 1.0}
2025-11-06 16:46:00,403 - UltimateBot_V8 - INFO - Penalty: 0.0000 - {'risk_scale': 1.0}
2025-11-06 16:46:00,405 - UltimateBot_V8 - INFO - Penalty: 0.0000 - {'risk_scale': 1.0}
2025-11-06 16:46:00,407 - UltimateBot_V8 - INFO - Penalty: 0.0000 - {'risk_scale': 1.0}
2025-11-06 16:46:00,409 - UltimateBot_V8 - INFO - Penalty: 0.0000 - {'risk_scale': 1.0}
2025-11-06 16:46:00,411 - UltimateBot_V8 - INFO - Penalty: 0.0000 - {'risk_scale': 1.0}
2025-11-06 16:46:00,413 - UltimateBot_V8 - INFO - Penalty: 0.0000 - {'risk_scale': 1.0}
2025-11-06 16:46:00,415 - UltimateBot_V8 - INFO - Penalty: 0.0000 - {'risk_scale': 1.0}
2025-11-06 16:46:00,417 - UltimateBot_V8 - INFO - Penalty: 0.0000 - {'risk_scale': 1.0}
2025-11-06 16:46:00,419 - UltimateBot_V8 - INFO - Penalty: 0.0000 - {'risk_scale': 1.0}
2025-11-06 16:46:00,421 - UltimateBot_V8 - INFO - Penalty: 0.0000 - {'risk_scale': 1.0}
2025-11-06 16:46:00,424 - UltimateBot_V8 - INFO - Penalty: 0.0000 - {'risk_scale': 1.0}
2025-11-06 16:46:00,426 - UltimateBot_V8 - INFO - Penalty: 0.0000 - {'risk_scale': 1.0}
2025-11-06 16:46:00,428 - UltimateBot_V8 - INFO - Penalty: 0.0000 - {'risk_scale': 1.0}
2025-11-06 16:46:00,430 - UltimateBot_V8 - INFO - Penalty: 0.0000 - {'risk_scale': 1.0}
2025-11-06 16:46:00,433 - UltimateBot_V8 - INFO - Penalty: 0.0000 - {'risk_scale': 1.0}
2025-11-06 16:46:00,435 - UltimateBot_V8 - INFO - Penalty: 0.0000 - {'risk_scale': 1.0}
2025-11-06 16:46:00,437 - UltimateBot_V8 - INFO - Penalty: 0.0000 - {'risk_scale': 1.0}
2025-11-06 16:46:00,439 - UltimateBot_V8 - INFO - Penalty: 0.0000 - {'risk_scale': 1.0}
2025-11-06 16:46:00,442 - UltimateBot_V8 - INFO - Penalty: 0.0000 - {'risk_scale': 1.0}
2025-11-06 16:46:00,444 - UltimateBot_V8 - INFO - Penalty: 0.0000 - {'risk_scale': 1.0}
2025-11-06 16:46:00,447 - UltimateBot_V8 - INFO - Penalty: 0.0000 - {'risk_scale': 1.0}
2025-11-06 16:46:00,450 - UltimateBot_V8 - INFO - Penalty: 0.0000 - {'risk_scale': 1.0}
2025-11-06 16:46:00,452 - UltimateBot_V8 - INFO - Penalty: 0.0000 - {'risk_scale': 1.0}
2025-11-06 16:46:00,452 - UltimateBot_V8 - INFO -   Step 100: Reward=0.2522, Balance=$25000.00
2025-11-06 16:46:00,455 - UltimateBot_V8 - INFO - Penalty: 0.0000 - {'risk_scale': 1.0}
2025-11-06 16:46:00,457 - UltimateBot_V8 - INFO - Penalty: 0.0000 - {'risk_scale': 1.0}
2025-11-06 16:46:00,460 - UltimateBot_V8 - INFO - Penalty: 0.0000 - {'risk_scale': 1.0}
2025-11-06 16:46:00,462 - UltimateBot_V8 - INFO - Penalty: 0.0000 - {'risk_scale': 1.0}
2025-11-06 16:46:00,465 - UltimateBot_V8 - INFO - Penalty: 0.0000 - {'risk_scale': 1.0}
2025-11-06 16:46:00,468 - UltimateBot_V8 - INFO - Penalty: 0.0000 - {'risk_scale': 1.0}
2025-11-06 16:46:00,470 - UltimateBot_V8 - INFO - Penalty: 0.0000 - {'risk_scale': 1.0}
2025-11-06 16:46:00,473 - UltimateBot_V8 - INFO - Penalty: 0.0000 - {'risk_scale': 1.0}
2025-11-06 16:46:00,476 - UltimateBot_V8 - INFO - Penalty: 0.0000 - {'risk_scale': 1.0}
2025-11-06 16:46:00,478 - UltimateBot_V8 - INFO - Penalty: 0.0000 - {'risk_scale': 1.0}
2025-11-06 16:46:00,481 - UltimateBot_V8 - INFO - Penalty: 0.0000 - {'risk_scale': 1.0}
2025-11-06 16:46:00,484 - UltimateBot_V8 - INFO - Penalty: 0.0000 - {'risk_scale': 1.0}
2025-11-06 16:46:00,487 - UltimateBot_V8 - INFO - Penalty: 0.0000 - {'risk_scale': 1.0}
2025-11-06 16:46:00,490 - UltimateBot_V8 - INFO - Penalty: 0.0000 - {'risk_scale': 1.0}
2025-11-06 16:46:00,493 - UltimateBot_V8 - INFO - Penalty: 0.0000 - {'risk_scale': 1.0}
2025-11-06 16:46:00,496 - UltimateBot_V8 - INFO - Penalty: 0.0000 - {'risk_scale': 1.0}
2025-11-06 16:46:00,499 - UltimateBot_V8 - INFO - Penalty: 0.0000 - {'risk_scale': 1.0}
2025-11-06 16:46:00,502 - UltimateBot_V8 - INFO - Penalty: 0.0000 - {'risk_scale': 1.0}
2025-11-06 16:46:00,505 - UltimateBot_V8 - INFO - Penalty: 0.0000 - {'risk_scale': 1.0}
2025-11-06 16:46:00,509 - UltimateBot_V8 - INFO - Penalty: 0.0000 - {'risk_scale': 1.0}
2025-11-06 16:46:00,512 - UltimateBot_V8 - INFO - Penalty: 0.0000 - {'risk_scale': 1.0}
2025-11-06 16:46:00,515 - UltimateBot_V8 - INFO - Penalty: 0.0000 - {'risk_scale': 1.0}
2025-11-06 16:46:00,518 - UltimateBot_V8 - INFO - Penalty: 0.0000 - {'risk_scale': 1.0}
2025-11-06 16:46:00,522 - UltimateBot_V8 - INFO - Penalty: 0.0000 - {'risk_scale': 1.0}
2025-11-06 16:46:00,525 - UltimateBot_V8 - INFO - Penalty: 0.0000 - {'risk_scale': 1.0}
2025-11-06 16:46:00,528 - UltimateBot_V8 - INFO - Penalty: 0.0000 - {'risk_scale': 1.0}
2025-11-06 16:46:00,531 - UltimateBot_V8 - INFO - Penalty: 0.0000 - {'risk_scale': 1.0}
2025-11-06 16:46:00,534 - UltimateBot_V8 - INFO - Penalty: 0.0000 - {'risk_scale': 1.0}
2025-11-06 16:46:00,538 - UltimateBot_V8 - INFO - Penalty: 0.0000 - {'risk_scale': 1.0}
2025-11-06 16:46:00,541 - UltimateBot_V8 - INFO - Penalty: 0.0000 - {'risk_scale': 1.0}
2025-11-06 16:46:00,544 - UltimateBot_V8 - INFO - Penalty: 0.0000 - {'risk_scale': 1.0}
2025-11-06 16:46:00,547 - UltimateBot_V8 - INFO - Penalty: 0.0000 - {'risk_scale': 1.0}
2025-11-06 16:46:00,550 - UltimateBot_V8 - INFO - Penalty: 0.0000 - {'risk_scale': 1.0}
2025-11-06 16:46:00,553 - UltimateBot_V8 - INFO - Penalty: 0.0000 - {'risk_scale': 1.0}
2025-11-06 16:46:00,557 - UltimateBot_V8 - INFO - Penalty: 0.0000 - {'risk_scale': 1.0}
2025-11-06 16:46:00,560 - UltimateBot_V8 - INFO - Penalty: 0.0000 - {'risk_scale': 1.0}
2025-11-06 16:46:00,563 - UltimateBot_V8 - INFO - Penalty: 0.0000 - {'risk_scale': 1.0}
2025-11-06 16:46:00,567 - UltimateBot_V8 - INFO - Penalty: 0.0000 - {'risk_scale': 1.0}
2025-11-06 16:46:00,570 - UltimateBot_V8 - INFO - Penalty: 0.0000 - {'risk_scale': 1.0}
2025-11-06 16:46:00,573 - UltimateBot_V8 - INFO - Penalty: 0.0000 - {'risk_scale': 1.0}
2025-11-06 16:46:00,576 - UltimateBot_V8 - INFO - Penalty: 0.0000 - {'risk_scale': 1.0}
2025-11-06 16:46:00,580 - UltimateBot_V8 - INFO - Penalty: 0.0000 - {'risk_scale': 1.0}
2025-11-06 16:46:00,583 - UltimateBot_V8 - INFO - Penalty: 0.0000 - {'risk_scale': 1.0}
2025-11-06 16:46:00,587 - UltimateBot_V8 - INFO - Penalty: 0.0000 - {'risk_scale': 1.0}
2025-11-06 16:46:00,590 - UltimateBot_V8 - INFO - Penalty: 0.0000 - {'risk_scale': 1.0}
2025-11-06 16:46:00,594 - UltimateBot_V8 - INFO - Penalty: 0.0000 - {'risk_scale': 1.0}
2025-11-06 16:46:00,597 - UltimateBot_V8 - INFO - Penalty: 0.0000 - {'risk_scale': 1.0}
2025-11-06 16:46:00,600 - UltimateBot_V8 - INFO - Penalty: 0.0000 - {'risk_scale': 1.0}
2025-11-06 16:46:00,604 - UltimateBot_V8 - INFO - Penalty: 0.0000 - {'risk_scale': 1.0}
2025-11-06 16:46:00,607 - UltimateBot_V8 - INFO - Penalty: 0.0000 - {'risk_scale': 1.0}
2025-11-06 16:46:00,611 - UltimateBot_V8 - INFO - Penalty: 0.0000 - {'risk_scale': 1.0}
2025-11-06 16:46:00,614 - UltimateBot_V8 - INFO - Penalty: 0.0000 - {'risk_scale': 1.0}
2025-11-06 16:46:00,618 - UltimateBot_V8 - INFO - Penalty: 0.0000 - {'risk_scale': 1.0}
2025-11-06 16:46:00,622 - UltimateBot_V8 - INFO - Penalty: 0.0000 - {'risk_scale': 1.0}
2025-11-06 16:46:00,625 - UltimateBot_V8 - INFO - Penalty: 0.0000 - {'risk_scale': 1.0}
2025-11-06 16:46:00,629 - UltimateBot_V8 - INFO - Penalty: 0.0000 - {'risk_scale': 1.0}
2025-11-06 16:46:00,633 - UltimateBot_V8 - INFO - Penalty: 0.0000 - {'risk_scale': 1.0}
2025-11-06 16:46:00,636 - UltimateBot_V8 - INFO - Penalty: 0.0000 - {'risk_scale': 1.0}
2025-11-06 16:46:00,640 - UltimateBot_V8 - INFO - Penalty: 0.0000 - {'risk_scale': 1.0}
2025-11-06 16:46:00,644 - UltimateBot_V8 - INFO - Penalty: 0.0000 - {'risk_scale': 1.0}
2025-11-06 16:46:00,648 - UltimateBot_V8 - INFO - Penalty: 0.0000 - {'risk_scale': 1.0}
2025-11-06 16:46:00,651 - UltimateBot_V8 - INFO - Penalty: 0.0000 - {'risk_scale': 1.0}
2025-11-06 16:46:00,655 - UltimateBot_V8 - INFO - Penalty: 0.0000 - {'risk_scale': 1.0}
2025-11-06 16:46:00,659 - UltimateBot_V8 - INFO - Penalty: 0.0000 - {'risk_scale': 1.0}
2025-11-06 16:46:00,663 - UltimateBot_V8 - INFO - Penalty: 0.0000 - {'risk_scale': 1.0}
2025-11-06 16:46:00,667 - UltimateBot_V8 - INFO - Penalty: 0.0000 - {'risk_scale': 1.0}
2025-11-06 16:46:00,671 - UltimateBot_V8 - INFO - Penalty: 0.0000 - {'risk_scale': 1.0}
2025-11-06 16:46:00,675 - UltimateBot_V8 - INFO - Penalty: 0.0000 - {'risk_scale': 1.0}
2025-11-06 16:46:00,679 - UltimateBot_V8 - INFO - Penalty: 0.0000 - {'risk_scale': 1.0}
2025-11-06 16:46:00,683 - UltimateBot_V8 - INFO - Penalty: 0.0000 - {'risk_scale': 1.0}
2025-11-06 16:46:00,686 - UltimateBot_V8 - INFO - Penalty: 0.0000 - {'risk_scale': 1.0}
2025-11-06 16:46:00,690 - UltimateBot_V8 - INFO - Penalty: 0.0000 - {'risk_scale': 1.0}
2025-11-06 16:46:00,694 - UltimateBot_V8 - INFO - Penalty: 0.0000 - {'risk_scale': 1.0}
2025-11-06 16:46:00,698 - UltimateBot_V8 - INFO - Penalty: 0.0000 - {'risk_scale': 1.0}
2025-11-06 16:46:00,702 - UltimateBot_V8 - INFO - Penalty: 0.0000 - {'risk_scale': 1.0}
2025-11-06 16:46:00,707 - UltimateBot_V8 - INFO - Penalty: 0.0000 - {'risk_scale': 1.0}
2025-11-06 16:46:00,711 - UltimateBot_V8 - INFO - Penalty: 0.0000 - {'risk_scale': 1.0}
2025-11-06 16:46:00,715 - UltimateBot_V8 - INFO - Penalty: 0.0000 - {'risk_scale': 1.0}
2025-11-06 16:46:00,719 - UltimateBot_V8 - INFO - Penalty: 0.0000 - {'risk_scale': 1.0}
2025-11-06 16:46:00,723 - UltimateBot_V8 - INFO - Penalty: 0.0000 - {'risk_scale': 1.0}
2025-11-06 16:46:00,727 - UltimateBot_V8 - INFO - Penalty: 0.0000 - {'risk_scale': 1.0}
2025-11-06 16:46:00,731 - UltimateBot_V8 - INFO - Penalty: 0.0000 - {'risk_scale': 1.0}
2025-11-06 16:46:00,736 - UltimateBot_V8 - INFO - Penalty: 0.0000 - {'risk_scale': 1.0}
2025-11-06 16:46:00,740 - UltimateBot_V8 - INFO - Penalty: 0.0000 - {'risk_scale': 1.0}
2025-11-06 16:46:00,744 - UltimateBot_V8 - INFO - Penalty: 0.0000 - {'risk_scale': 1.0}
2025-11-06 16:46:00,749 - UltimateBot_V8 - INFO - Penalty: 0.0000 - {'risk_scale': 1.0}
2025-11-06 16:46:00,753 - UltimateBot_V8 - INFO - Penalty: 0.0000 - {'risk_scale': 1.0}
2025-11-06 16:46:00,757 - UltimateBot_V8 - INFO - Penalty: 0.0000 - {'risk_scale': 1.0}
2025-11-06 16:46:00,761 - UltimateBot_V8 - INFO - Penalty: 0.0000 - {'risk_scale': 1.0}
2025-11-06 16:46:00,766 - UltimateBot_V8 - INFO - Penalty: 0.0000 - {'risk_scale': 1.0}
2025-11-06 16:46:00,770 - UltimateBot_V8 - INFO - Penalty: 0.0000 - {'risk_scale': 1.0}
2025-11-06 16:46:00,775 - UltimateBot_V8 - INFO - Penalty: 0.0000 - {'risk_scale': 1.0}
2025-11-06 16:46:00,779 - UltimateBot_V8 - INFO - Penalty: 0.0000 - {'risk_scale': 1.0}
2025-11-06 16:46:00,784 - UltimateBot_V8 - INFO - Penalty: 0.0000 - {'risk_scale': 1.0}
2025-11-06 16:46:00,788 - UltimateBot_V8 - INFO - Penalty: 0.0000 - {'risk_scale': 1.0}
2025-11-06 16:46:00,793 - UltimateBot_V8 - INFO - Penalty: 0.0000 - {'risk_scale': 1.0}
2025-11-06 16:46:00,797 - UltimateBot_V8 - INFO - Penalty: 0.0000 - {'risk_scale': 1.0}
2025-11-06 16:46:00,802 - UltimateBot_V8 - INFO - Penalty: 0.0000 - {'risk_scale': 1.0}
2025-11-06 16:46:00,806 - UltimateBot_V8 - INFO - Penalty: 0.0000 - {'risk_scale': 1.0}
2025-11-06 16:46:00,811 - UltimateBot_V8 - INFO - Penalty: 0.0000 - {'risk_scale': 1.0}
2025-11-06 16:46:00,811 - UltimateBot_V8 - INFO -   Step 200: Reward=7.8004, Balance=$25000.00
2025-11-06 16:46:00,816 - UltimateBot_V8 - INFO - Penalty: 0.0000 - {'risk_scale': 1.0}
2025-11-06 16:46:00,820 - UltimateBot_V8 - INFO - Penalty: 0.0000 - {'risk_scale': 1.0}
2025-11-06 16:46:00,825 - UltimateBot_V8 - INFO - Penalty: 0.0000 - {'risk_scale': 1.0}
2025-11-06 16:46:00,829 - UltimateBot_V8 - INFO - Penalty: 0.0000 - {'risk_scale': 1.0}
2025-11-06 16:46:00,834 - UltimateBot_V8 - INFO - Penalty: 0.0000 - {'risk_scale': 1.0}
2025-11-06 16:46:00,839 - UltimateBot_V8 - INFO - Penalty: 0.0000 - {'risk_scale': 1.0}
2025-11-06 16:46:00,844 - UltimateBot_V8 - INFO - Penalty: 0.0000 - {'risk_scale': 1.0}
2025-11-06 16:46:00,849 - UltimateBot_V8 - INFO - Penalty: 0.0000 - {'risk_scale': 1.0}
2025-11-06 16:46:00,854 - UltimateBot_V8 - INFO - Penalty: 0.0000 - {'risk_scale': 1.0}
2025-11-06 16:46:00,858 - UltimateBot_V8 - INFO - Penalty: 0.0000 - {'risk_scale': 1.0}
2025-11-06 16:46:00,863 - UltimateBot_V8 - INFO - Penalty: 0.0000 - {'risk_scale': 1.0}
2025-11-06 16:46:00,868 - UltimateBot_V8 - INFO - Penalty: 0.0000 - {'risk_scale': 1.0}
2025-11-06 16:46:00,873 - UltimateBot_V8 - INFO - Penalty: 0.0000 - {'risk_scale': 1.0}
2025-11-06 16:46:00,878 - UltimateBot_V8 - INFO - Penalty: 0.0000 - {'risk_scale': 1.0}
2025-11-06 16:46:00,883 - UltimateBot_V8 - INFO - Penalty: 0.0000 - {'risk_scale': 1.0}
2025-11-06 16:46:00,888 - UltimateBot_V8 - INFO - Penalty: 0.0000 - {'risk_scale': 1.0}
2025-11-06 16:46:00,893 - UltimateBot_V8 - INFO - Penalty: 0.0000 - {'risk_scale': 1.0}
2025-11-06 16:46:00,898 - UltimateBot_V8 - INFO - Penalty: 0.0000 - {'risk_scale': 1.0}
2025-11-06 16:46:00,904 - UltimateBot_V8 - INFO - Penalty: 0.0000 - {'risk_scale': 1.0}
2025-11-06 16:46:00,910 - UltimateBot_V8 - INFO - Penalty: 0.0000 - {'risk_scale': 1.0}
2025-11-06 16:46:00,915 - UltimateBot_V8 - INFO - Penalty: 0.0000 - {'risk_scale': 1.0}
2025-11-06 16:46:00,921 - UltimateBot_V8 - INFO - Penalty: 0.0000 - {'risk_scale': 1.0}
2025-11-06 16:46:00,926 - UltimateBot_V8 - INFO - Penalty: 0.0000 - {'risk_scale': 1.0}
2025-11-06 16:46:00,932 - UltimateBot_V8 - INFO - Penalty: 0.0000 - {'risk_scale': 1.0}
2025-11-06 16:46:00,938 - UltimateBot_V8 - INFO - Penalty: 0.0000 - {'risk_scale': 1.0}
2025-11-06 16:46:00,943 - UltimateBot_V8 - INFO - Penalty: 0.0000 - {'risk_scale': 1.0}
2025-11-06 16:46:00,948 - UltimateBot_V8 - INFO - Penalty: 0.0000 - {'risk_scale': 1.0}
2025-11-06 16:46:00,954 - UltimateBot_V8 - INFO - Penalty: 0.0000 - {'risk_scale': 1.0}
2025-11-06 16:46:00,959 - UltimateBot_V8 - INFO - Penalty: 0.0000 - {'risk_scale': 1.0}
2025-11-06 16:46:00,965 - UltimateBot_V8 - INFO - Penalty: 0.0000 - {'risk_scale': 1.0}
2025-11-06 16:46:00,970 - UltimateBot_V8 - INFO - Penalty: 0.0000 - {'risk_scale': 1.0}
2025-11-06 16:46:00,975 - UltimateBot_V8 - INFO - Penalty: 0.0000 - {'risk_scale': 1.0}
2025-11-06 16:46:00,981 - UltimateBot_V8 - INFO - Penalty: 0.0000 - {'risk_scale': 1.0}
2025-11-06 16:46:00,986 - UltimateBot_V8 - INFO - Penalty: 0.0000 - {'risk_scale': 1.0}
2025-11-06 16:46:00,992 - UltimateBot_V8 - INFO - Penalty: 0.0000 - {'risk_scale': 1.0}
2025-11-06 16:46:00,997 - UltimateBot_V8 - INFO - Penalty: 0.0000 - {'risk_scale': 1.0}
2025-11-06 16:46:01,003 - UltimateBot_V8 - INFO - Penalty: 0.0000 - {'risk_scale': 1.0}
2025-11-06 16:46:01,008 - UltimateBot_V8 - INFO - Penalty: 0.0000 - {'risk_scale': 1.0}
2025-11-06 16:46:01,014 - UltimateBot_V8 - INFO - Penalty: 0.0000 - {'risk_scale': 1.0}
2025-11-06 16:46:01,019 - UltimateBot_V8 - INFO - Penalty: 0.0000 - {'risk_scale': 1.0}
2025-11-06 16:46:01,024 - UltimateBot_V8 - INFO - Penalty: 0.0000 - {'risk_scale': 1.0}
2025-11-06 16:46:01,030 - UltimateBot_V8 - INFO - Penalty: 0.0000 - {'risk_scale': 1.0}
2025-11-06 16:46:01,036 - UltimateBot_V8 - INFO - Penalty: 0.0000 - {'risk_scale': 1.0}
2025-11-06 16:46:01,041 - UltimateBot_V8 - INFO - Penalty: 0.0000 - {'risk_scale': 1.0}
2025-11-06 16:46:01,047 - UltimateBot_V8 - INFO - Penalty: 0.0000 - {'risk_scale': 1.0}
2025-11-06 16:46:01,052 - UltimateBot_V8 - INFO - Penalty: 0.0000 - {'risk_scale': 1.0}
2025-11-06 16:46:01,058 - UltimateBot_V8 - INFO - Penalty: 0.0000 - {'risk_scale': 1.0}
2025-11-06 16:46:01,063 - UltimateBot_V8 - INFO - Penalty: 0.0000 - {'risk_scale': 1.0}
2025-11-06 16:46:01,069 - UltimateBot_V8 - INFO - Penalty: 0.0000 - {'risk_scale': 1.0}
2025-11-06 16:46:01,075 - UltimateBot_V8 - INFO - Penalty: 0.0000 - {'risk_scale': 1.0}
2025-11-06 16:46:01,081 - UltimateBot_V8 - INFO - Penalty: 0.0000 - {'risk_scale': 1.0}
2025-11-06 16:46:01,086 - UltimateBot_V8 - INFO - Penalty: 0.0000 - {'risk_scale': 1.0}
2025-11-06 16:46:01,092 - UltimateBot_V8 - INFO - Penalty: 0.0000 - {'risk_scale': 1.0}
2025-11-06 16:46:01,098 - UltimateBot_V8 - INFO - Penalty: 0.0000 - {'risk_scale': 1.0}
2025-11-06 16:46:01,104 - UltimateBot_V8 - INFO - Penalty: 0.0000 - {'risk_scale': 1.0}
2025-11-06 16:46:01,109 - UltimateBot_V8 - INFO - Penalty: 0.0000 - {'risk_scale': 1.0}
2025-11-06 16:46:01,115 - UltimateBot_V8 - INFO - Penalty: 0.0000 - {'risk_scale': 1.0}
2025-11-06 16:46:01,121 - UltimateBot_V8 - INFO - Penalty: 0.0000 - {'risk_scale': 1.0}
2025-11-06 16:46:01,127 - UltimateBot_V8 - INFO - Penalty: 0.0000 - {'risk_scale': 1.0}
2025-11-06 16:46:01,133 - UltimateBot_V8 - INFO - Penalty: 0.0000 - {'risk_scale': 1.0}
2025-11-06 16:46:01,139 - UltimateBot_V8 - INFO - Penalty: 0.0000 - {'risk_scale': 1.0}
2025-11-06 16:46:01,145 - UltimateBot_V8 - INFO - Penalty: 0.0000 - {'risk_scale': 1.0}
2025-11-06 16:46:01,151 - UltimateBot_V8 - INFO - Penalty: 0.0000 - {'risk_scale': 1.0}
2025-11-06 16:46:01,157 - UltimateBot_V8 - INFO - Penalty: 0.0000 - {'risk_scale': 1.0}
2025-11-06 16:46:01,163 - UltimateBot_V8 - INFO - Penalty: 0.0000 - {'risk_scale': 1.0}
2025-11-06 16:46:01,169 - UltimateBot_V8 - INFO - Penalty: 0.0000 - {'risk_scale': 1.0}
2025-11-06 16:46:01,175 - UltimateBot_V8 - INFO - Penalty: 0.0000 - {'risk_scale': 1.0}
2025-11-06 16:46:01,181 - UltimateBot_V8 - INFO - Penalty: 0.0000 - {'risk_scale': 1.0}
2025-11-06 16:46:01,187 - UltimateBot_V8 - INFO - Penalty: 0.0000 - {'risk_scale': 1.0}
2025-11-06 16:46:01,193 - UltimateBot_V8 - INFO - Penalty: 0.0000 - {'risk_scale': 1.0}
2025-11-06 16:46:01,199 - UltimateBot_V8 - INFO - Penalty: 0.0000 - {'risk_scale': 1.0}
2025-11-06 16:46:01,205 - UltimateBot_V8 - INFO - Penalty: 0.0000 - {'risk_scale': 1.0}
2025-11-06 16:46:01,212 - UltimateBot_V8 - INFO - Penalty: 0.0000 - {'risk_scale': 1.0}
2025-11-06 16:46:01,218 - UltimateBot_V8 - INFO - Penalty: 0.0000 - {'risk_scale': 1.0}
2025-11-06 16:46:01,224 - UltimateBot_V8 - INFO - Penalty: 0.0000 - {'risk_scale': 1.0}
2025-11-06 16:46:01,231 - UltimateBot_V8 - INFO - Penalty: 0.0000 - {'risk_scale': 1.0}
2025-11-06 16:46:01,237 - UltimateBot_V8 - INFO - Penalty: 0.0000 - {'risk_scale': 1.0}
2025-11-06 16:46:01,243 - UltimateBot_V8 - INFO - Penalty: 0.0000 - {'risk_scale': 1.0}
2025-11-06 16:46:01,250 - UltimateBot_V8 - INFO - Penalty: 0.0000 - {'risk_scale': 1.0}
2025-11-06 16:46:01,256 - UltimateBot_V8 - INFO - Penalty: 0.0000 - {'risk_scale': 1.0}
2025-11-06 16:46:01,263 - UltimateBot_V8 - INFO - Penalty: 0.0000 - {'risk_scale': 1.0}
2025-11-06 16:46:01,269 - UltimateBot_V8 - INFO - Penalty: 0.0000 - {'risk_scale': 1.0}
2025-11-06 16:46:01,275 - UltimateBot_V8 - INFO - Penalty: 0.0000 - {'risk_scale': 1.0}
2025-11-06 16:46:01,282 - UltimateBot_V8 - INFO - Penalty: 0.0000 - {'risk_scale': 1.0}
2025-11-06 16:46:01,288 - UltimateBot_V8 - INFO - Penalty: 0.0000 - {'risk_scale': 1.0}
2025-11-06 16:46:01,294 - UltimateBot_V8 - INFO - Penalty: 0.0000 - {'risk_scale': 1.0}
2025-11-06 16:46:01,301 - UltimateBot_V8 - INFO - Penalty: 0.0000 - {'risk_scale': 1.0}
2025-11-06 16:46:01,307 - UltimateBot_V8 - INFO - Penalty: 0.0000 - {'risk_scale': 1.0}
2025-11-06 16:46:01,314 - UltimateBot_V8 - INFO - Penalty: 0.0000 - {'risk_scale': 1.0}
2025-11-06 16:46:01,320 - UltimateBot_V8 - INFO - Penalty: 0.0000 - {'risk_scale': 1.0}
2025-11-06 16:46:01,327 - UltimateBot_V8 - INFO - Penalty: 0.0000 - {'risk_scale': 1.0}
2025-11-06 16:46:01,334 - UltimateBot_V8 - INFO - Penalty: 0.0000 - {'risk_scale': 1.0}
2025-11-06 16:46:01,340 - UltimateBot_V8 - INFO - Penalty: 0.0000 - {'risk_scale': 1.0}
2025-11-06 16:46:01,347 - UltimateBot_V8 - INFO - Penalty: 0.0000 - {'risk_scale': 1.0}
2025-11-06 16:46:01,354 - UltimateBot_V8 - INFO - Penalty: 0.0000 - {'risk_scale': 1.0}
2025-11-06 16:46:01,360 - UltimateBot_V8 - INFO - Penalty: 0.0000 - {'risk_scale': 1.0}
2025-11-06 16:46:01,367 - UltimateBot_V8 - INFO - Penalty: 0.0000 - {'risk_scale': 1.0}
2025-11-06 16:46:01,374 - UltimateBot_V8 - INFO - Penalty: 0.0000 - {'risk_scale': 1.0}
2025-11-06 16:46:01,380 - UltimateBot_V8 - INFO - Penalty: 0.0000 - {'risk_scale': 1.0}
2025-11-06 16:46:01,387 - UltimateBot_V8 - INFO - Penalty: 0.0000 - {'risk_scale': 1.0}
2025-11-06 16:46:01,387 - UltimateBot_V8 - INFO -   Step 300: Reward=25.3221, Balance=$25000.00
2025-11-06 16:46:01,394 - UltimateBot_V8 - INFO - Penalty: 0.0000 - {'risk_scale': 1.0}
2025-11-06 16:46:01,401 - UltimateBot_V8 - INFO - Penalty: 0.0000 - {'risk_scale': 1.0}
2025-11-06 16:46:01,407 - UltimateBot_V8 - INFO - Penalty: 0.0000 - {'risk_scale': 1.0}
2025-11-06 16:46:01,414 - UltimateBot_V8 - INFO - Penalty: 0.0000 - {'risk_scale': 1.0}
2025-11-06 16:46:01,421 - UltimateBot_V8 - INFO - Penalty: 0.0000 - {'risk_scale': 1.0}
2025-11-06 16:46:01,428 - UltimateBot_V8 - INFO - Penalty: 0.0000 - {'risk_scale': 1.0}
2025-11-06 16:46:01,435 - UltimateBot_V8 - INFO - Penalty: 0.0000 - {'risk_scale': 1.0}
2025-11-06 16:46:01,442 - UltimateBot_V8 - INFO - Penalty: 0.0000 - {'risk_scale': 1.0}
2025-11-06 16:46:01,449 - UltimateBot_V8 - INFO - Penalty: 0.0000 - {'risk_scale': 1.0}
2025-11-06 16:46:01,456 - UltimateBot_V8 - INFO - Penalty: 0.0000 - {'risk_scale': 1.0}
2025-11-06 16:46:01,464 - UltimateBot_V8 - INFO - Penalty: 0.0000 - {'risk_scale': 1.0}
2025-11-06 16:46:01,471 - UltimateBot_V8 - INFO - Penalty: 0.0000 - {'risk_scale': 1.0}
2025-11-06 16:46:01,478 - UltimateBot_V8 - INFO - Penalty: 0.0000 - {'risk_scale': 1.0}
2025-11-06 16:46:01,485 - UltimateBot_V8 - INFO - Penalty: 0.0000 - {'risk_scale': 1.0}
2025-11-06 16:46:01,492 - UltimateBot_V8 - INFO - Penalty: 0.0000 - {'risk_scale': 1.0}
2025-11-06 16:46:01,499 - UltimateBot_V8 - INFO - Penalty: 0.0000 - {'risk_scale': 1.0}
2025-11-06 16:46:01,506 - UltimateBot_V8 - INFO - Penalty: 0.0000 - {'risk_scale': 1.0}
2025-11-06 16:46:01,513 - UltimateBot_V8 - INFO - Penalty: 0.0000 - {'risk_scale': 1.0}
2025-11-06 16:46:01,521 - UltimateBot_V8 - INFO - Penalty: 0.0000 - {'risk_scale': 1.0}
2025-11-06 16:46:01,528 - UltimateBot_V8 - INFO - Penalty: 0.0000 - {'risk_scale': 1.0}
2025-11-06 16:46:01,535 - UltimateBot_V8 - INFO - Penalty: 0.0000 - {'risk_scale': 1.0}
2025-11-06 16:46:01,542 - UltimateBot_V8 - INFO - Penalty: 0.0000 - {'risk_scale': 1.0}
2025-11-06 16:46:01,549 - UltimateBot_V8 - INFO - Penalty: 0.0000 - {'risk_scale': 1.0}
2025-11-06 16:46:01,557 - UltimateBot_V8 - INFO - Penalty: 0.0000 - {'risk_scale': 1.0}
2025-11-06 16:46:01,564 - UltimateBot_V8 - INFO - Penalty: 0.0000 - {'risk_scale': 1.0}
2025-11-06 16:46:01,571 - UltimateBot_V8 - INFO - Penalty: 0.0000 - {'risk_scale': 1.0}
2025-11-06 16:46:01,579 - UltimateBot_V8 - INFO - Penalty: 0.0000 - {'risk_scale': 1.0}
2025-11-06 16:46:01,586 - UltimateBot_V8 - INFO - Penalty: 0.0000 - {'risk_scale': 1.0}
2025-11-06 16:46:01,594 - UltimateBot_V8 - INFO - Penalty: 0.0000 - {'risk_scale': 1.0}
2025-11-06 16:46:01,601 - UltimateBot_V8 - INFO - Penalty: 0.0000 - {'risk_scale': 1.0}
2025-11-06 16:46:01,609 - UltimateBot_V8 - INFO - Penalty: 0.0000 - {'risk_scale': 1.0}
2025-11-06 16:46:01,616 - UltimateBot_V8 - INFO - Penalty: 0.0000 - {'risk_scale': 1.0}
2025-11-06 16:46:01,623 - UltimateBot_V8 - INFO - Penalty: 0.0000 - {'risk_scale': 1.0}
2025-11-06 16:46:01,631 - UltimateBot_V8 - INFO - Penalty: 0.0000 - {'risk_scale': 1.0}
2025-11-06 16:46:01,638 - UltimateBot_V8 - INFO - Penalty: 0.0000 - {'risk_scale': 1.0}
2025-11-06 16:46:01,646 - UltimateBot_V8 - INFO - Penalty: 0.0000 - {'risk_scale': 1.0}
2025-11-06 16:46:01,653 - UltimateBot_V8 - INFO - Penalty: 0.0000 - {'risk_scale': 1.0}
2025-11-06 16:46:01,661 - UltimateBot_V8 - INFO - Penalty: 0.0000 - {'risk_scale': 1.0}
2025-11-06 16:46:01,668 - UltimateBot_V8 - INFO - Penalty: 0.0000 - {'risk_scale': 1.0}
2025-11-06 16:46:01,676 - UltimateBot_V8 - INFO - Penalty: 0.0000 - {'risk_scale': 1.0}
2025-11-06 16:46:01,684 - UltimateBot_V8 - INFO - Penalty: 0.0000 - {'risk_scale': 1.0}
2025-11-06 16:46:01,691 - UltimateBot_V8 - INFO - Penalty: 0.0000 - {'risk_scale': 1.0}
2025-11-06 16:46:01,699 - UltimateBot_V8 - INFO - Penalty: 0.0000 - {'risk_scale': 1.0}
2025-11-06 16:46:01,707 - UltimateBot_V8 - INFO - Penalty: 0.0000 - {'risk_scale': 1.0}
2025-11-06 16:46:01,715 - UltimateBot_V8 - INFO - Penalty: 0.0000 - {'risk_scale': 1.0}
2025-11-06 16:46:01,722 - UltimateBot_V8 - INFO - Penalty: 0.0000 - {'risk_scale': 1.0}
2025-11-06 16:46:01,730 - UltimateBot_V8 - INFO - Penalty: 0.0000 - {'risk_scale': 1.0}
2025-11-06 16:46:01,738 - UltimateBot_V8 - INFO - Penalty: 0.0000 - {'risk_scale': 1.0}
2025-11-06 16:46:01,745 - UltimateBot_V8 - INFO - Penalty: 0.0000 - {'risk_scale': 1.0}
2025-11-06 16:46:01,753 - UltimateBot_V8 - INFO - Penalty: 0.0000 - {'risk_scale': 1.0}
2025-11-06 16:46:01,761 - UltimateBot_V8 - INFO - Penalty: 0.0000 - {'risk_scale': 1.0}
2025-11-06 16:46:01,769 - UltimateBot_V8 - INFO - Penalty: 0.0000 - {'risk_scale': 1.0}
2025-11-06 16:46:01,777 - UltimateBot_V8 - INFO - Penalty: 0.0000 - {'risk_scale': 1.0}
2025-11-06 16:46:01,785 - UltimateBot_V8 - INFO - Penalty: 0.0000 - {'risk_scale': 1.0}
2025-11-06 16:46:01,793 - UltimateBot_V8 - INFO - Penalty: 0.0000 - {'risk_scale': 1.0}
2025-11-06 16:46:01,801 - UltimateBot_V8 - INFO - Penalty: 0.0000 - {'risk_scale': 1.0}
2025-11-06 16:46:01,809 - UltimateBot_V8 - INFO - Penalty: 0.0000 - {'risk_scale': 1.0}
2025-11-06 16:46:01,817 - UltimateBot_V8 - INFO - Penalty: 0.0000 - {'risk_scale': 1.0}
2025-11-06 16:46:01,825 - UltimateBot_V8 - INFO - Penalty: 0.0000 - {'risk_scale': 1.0}
2025-11-06 16:46:01,833 - UltimateBot_V8 - INFO - Penalty: 0.0000 - {'risk_scale': 1.0}
2025-11-06 16:46:01,841 - UltimateBot_V8 - INFO - Penalty: 0.0000 - {'risk_scale': 1.0}
2025-11-06 16:46:01,849 - UltimateBot_V8 - INFO - Penalty: 0.0000 - {'risk_scale': 1.0}
2025-11-06 16:46:01,857 - UltimateBot_V8 - INFO - Penalty: 0.0000 - {'risk_scale': 1.0}
2025-11-06 16:46:01,865 - UltimateBot_V8 - INFO - Penalty: 0.0000 - {'risk_scale': 1.0}
2025-11-06 16:46:01,873 - UltimateBot_V8 - INFO - Penalty: 0.0000 - {'risk_scale': 1.0}
2025-11-06 16:46:01,881 - UltimateBot_V8 - INFO - Penalty: 0.0000 - {'risk_scale': 1.0}
2025-11-06 16:46:01,889 - UltimateBot_V8 - INFO - Penalty: 0.0000 - {'risk_scale': 1.0}
2025-11-06 16:46:01,897 - UltimateBot_V8 - INFO - Penalty: 0.0000 - {'risk_scale': 1.0}
2025-11-06 16:46:01,906 - UltimateBot_V8 - INFO - Penalty: 0.0000 - {'risk_scale': 1.0}
2025-11-06 16:46:01,914 - UltimateBot_V8 - INFO - Penalty: 0.0000 - {'risk_scale': 1.0}
2025-11-06 16:46:01,922 - UltimateBot_V8 - INFO - Penalty: 0.0000 - {'risk_scale': 1.0}
2025-11-06 16:46:01,931 - UltimateBot_V8 - INFO - Penalty: 0.0000 - {'risk_scale': 1.0}
2025-11-06 16:46:01,939 - UltimateBot_V8 - INFO - Penalty: 0.0000 - {'risk_scale': 1.0}
2025-11-06 16:46:01,947 - UltimateBot_V8 - INFO - Penalty: 0.0000 - {'risk_scale': 1.0}
2025-11-06 16:46:01,956 - UltimateBot_V8 - INFO - Penalty: 0.0000 - {'risk_scale': 1.0}
2025-11-06 16:46:01,964 - UltimateBot_V8 - INFO - Penalty: 0.0000 - {'risk_scale': 1.0}
2025-11-06 16:46:01,973 - UltimateBot_V8 - INFO - Penalty: 0.0000 - {'risk_scale': 1.0}
2025-11-06 16:46:01,981 - UltimateBot_V8 - INFO - Penalty: 0.0000 - {'risk_scale': 1.0}
2025-11-06 16:46:01,990 - UltimateBot_V8 - INFO - Penalty: 0.0000 - {'risk_scale': 1.0}
2025-11-06 16:46:01,998 - UltimateBot_V8 - INFO - Penalty: 0.0000 - {'risk_scale': 1.0}
2025-11-06 16:46:02,007 - UltimateBot_V8 - INFO - Penalty: 0.0000 - {'risk_scale': 1.0}
2025-11-06 16:46:02,015 - UltimateBot_V8 - INFO - Penalty: 0.0000 - {'risk_scale': 1.0}
2025-11-06 16:46:02,024 - UltimateBot_V8 - INFO - Penalty: 0.0000 - {'risk_scale': 1.0}
2025-11-06 16:46:02,033 - UltimateBot_V8 - INFO - Penalty: 0.0000 - {'risk_scale': 1.0}
2025-11-06 16:46:02,041 - UltimateBot_V8 - INFO - Penalty: 0.0000 - {'risk_scale': 1.0}
2025-11-06 16:46:02,050 - UltimateBot_V8 - INFO - Penalty: 0.0000 - {'risk_scale': 1.0}
2025-11-06 16:46:02,059 - UltimateBot_V8 - INFO - Penalty: 0.0000 - {'risk_scale': 1.0}
2025-11-06 16:46:02,068 - UltimateBot_V8 - INFO - Penalty: 0.0000 - {'risk_scale': 1.0}
2025-11-06 16:46:02,077 - UltimateBot_V8 - INFO - Penalty: 0.0000 - {'risk_scale': 1.0}
2025-11-06 16:46:02,085 - UltimateBot_V8 - INFO - Penalty: 0.0000 - {'risk_scale': 1.0}
2025-11-06 16:46:02,094 - UltimateBot_V8 - INFO - Penalty: 0.0000 - {'risk_scale': 1.0}
2025-11-06 16:46:02,103 - UltimateBot_V8 - INFO - Penalty: 0.0000 - {'risk_scale': 1.0}
2025-11-06 16:46:02,112 - UltimateBot_V8 - INFO - Penalty: 0.0000 - {'risk_scale': 1.0}
2025-11-06 16:46:02,121 - UltimateBot_V8 - INFO - Penalty: 0.0000 - {'risk_scale': 1.0}
2025-11-06 16:46:02,129 - UltimateBot_V8 - INFO - Penalty: 0.0000 - {'risk_scale': 1.0}
2025-11-06 16:46:02,138 - UltimateBot_V8 - INFO - Penalty: 0.0000 - {'risk_scale': 1.0}
2025-11-06 16:46:02,147 - UltimateBot_V8 - INFO - Penalty: 0.0000 - {'risk_scale': 1.0}
2025-11-06 16:46:02,157 - UltimateBot_V8 - INFO - Penalty: 0.0000 - {'risk_scale': 1.0}
2025-11-06 16:46:02,166 - UltimateBot_V8 - INFO - Penalty: 0.0000 - {'risk_scale': 1.0}
2025-11-06 16:46:02,175 - UltimateBot_V8 - INFO - Penalty: 0.0000 - {'risk_scale': 1.0}
2025-11-06 16:46:02,175 - UltimateBot_V8 - INFO -   Step 400: Reward=59.4025, Balance=$25000.00
2025-11-06 16:46:02,184 - UltimateBot_V8 - INFO - Penalty: 0.0000 - {'risk_scale': 1.0}
2025-11-06 16:46:02,193 - UltimateBot_V8 - INFO - Penalty: 0.0000 - {'risk_scale': 1.0}
2025-11-06 16:46:02,202 - UltimateBot_V8 - INFO - Penalty: 0.0000 - {'risk_scale': 1.0}
2025-11-06 16:46:02,211 - UltimateBot_V8 - INFO - Penalty: 0.0000 - {'risk_scale': 1.0}
2025-11-06 16:46:02,220 - UltimateBot_V8 - INFO - Penalty: 0.0000 - {'risk_scale': 1.0}
2025-11-06 16:46:02,229 - UltimateBot_V8 - INFO - Penalty: 0.0000 - {'risk_scale': 1.0}
2025-11-06 16:46:02,238 - UltimateBot_V8 - INFO - Penalty: 0.0000 - {'risk_scale': 1.0}
2025-11-06 16:46:02,247 - UltimateBot_V8 - INFO - Penalty: 0.0000 - {'risk_scale': 1.0}
2025-11-06 16:46:02,257 - UltimateBot_V8 - INFO - Penalty: 0.0000 - {'risk_scale': 1.0}
2025-11-06 16:46:02,266 - UltimateBot_V8 - INFO - Penalty: 0.0000 - {'risk_scale': 1.0}
2025-11-06 16:46:02,275 - UltimateBot_V8 - INFO - Penalty: 0.0000 - {'risk_scale': 1.0}
2025-11-06 16:46:02,284 - UltimateBot_V8 - INFO - Penalty: 0.0000 - {'risk_scale': 1.0}
2025-11-06 16:46:02,294 - UltimateBot_V8 - INFO - Penalty: 0.0000 - {'risk_scale': 1.0}
2025-11-06 16:46:02,303 - UltimateBot_V8 - INFO - Penalty: 0.0000 - {'risk_scale': 1.0}
2025-11-06 16:46:02,312 - UltimateBot_V8 - INFO - Penalty: 0.0000 - {'risk_scale': 1.0}
2025-11-06 16:46:02,322 - UltimateBot_V8 - INFO - Penalty: 0.0000 - {'risk_scale': 1.0}
2025-11-06 16:46:02,331 - UltimateBot_V8 - INFO - Penalty: 0.0000 - {'risk_scale': 1.0}
2025-11-06 16:46:02,340 - UltimateBot_V8 - INFO - Penalty: 0.0000 - {'risk_scale': 1.0}
2025-11-06 16:46:02,349 - UltimateBot_V8 - INFO - Penalty: 0.0000 - {'risk_scale': 1.0}
2025-11-06 16:46:02,359 - UltimateBot_V8 - INFO - Penalty: 0.0000 - {'risk_scale': 1.0}
2025-11-06 16:46:02,368 - UltimateBot_V8 - INFO - Penalty: 0.0000 - {'risk_scale': 1.0}
2025-11-06 16:46:02,378 - UltimateBot_V8 - INFO - Penalty: 0.0000 - {'risk_scale': 1.0}
2025-11-06 16:46:02,387 - UltimateBot_V8 - INFO - Penalty: 0.0000 - {'risk_scale': 1.0}
2025-11-06 16:46:02,396 - UltimateBot_V8 - INFO - Penalty: 0.0000 - {'risk_scale': 1.0}
2025-11-06 16:46:02,406 - UltimateBot_V8 - INFO - Penalty: 0.0000 - {'risk_scale': 1.0}
2025-11-06 16:46:02,415 - UltimateBot_V8 - INFO - Penalty: 0.0000 - {'risk_scale': 1.0}
2025-11-06 16:46:02,425 - UltimateBot_V8 - INFO - Penalty: 0.0000 - {'risk_scale': 1.0}
2025-11-06 16:46:02,435 - UltimateBot_V8 - INFO - Penalty: 0.0000 - {'risk_scale': 1.0}
2025-11-06 16:46:02,444 - UltimateBot_V8 - INFO - Penalty: 0.0000 - {'risk_scale': 1.0}
2025-11-06 16:46:02,454 - UltimateBot_V8 - INFO - Penalty: 0.0000 - {'risk_scale': 1.0}
2025-11-06 16:46:02,464 - UltimateBot_V8 - INFO - Penalty: 0.0000 - {'risk_scale': 1.0}
2025-11-06 16:46:02,474 - UltimateBot_V8 - INFO - Penalty: 0.0000 - {'risk_scale': 1.0}
2025-11-06 16:46:02,484 - UltimateBot_V8 - INFO - Penalty: 0.0000 - {'risk_scale': 1.0}
2025-11-06 16:46:02,494 - UltimateBot_V8 - INFO - Penalty: 0.0000 - {'risk_scale': 1.0}
2025-11-06 16:46:02,503 - UltimateBot_V8 - INFO - Penalty: 0.0000 - {'risk_scale': 1.0}
2025-11-06 16:46:02,513 - UltimateBot_V8 - INFO - Penalty: 0.0000 - {'risk_scale': 1.0}
2025-11-06 16:46:02,523 - UltimateBot_V8 - INFO - Penalty: 0.0000 - {'risk_scale': 1.0}
2025-11-06 16:46:02,532 - UltimateBot_V8 - INFO - Penalty: 0.0000 - {'risk_scale': 1.0}
2025-11-06 16:46:02,542 - UltimateBot_V8 - INFO - Penalty: 0.0000 - {'risk_scale': 1.0}
2025-11-06 16:46:02,552 - UltimateBot_V8 - INFO - Penalty: 0.0000 - {'risk_scale': 1.0}
2025-11-06 16:46:02,562 - UltimateBot_V8 - INFO - Penalty: 0.0000 - {'risk_scale': 1.0}
2025-11-06 16:46:02,572 - UltimateBot_V8 - INFO - Penalty: 0.0000 - {'risk_scale': 1.0}
2025-11-06 16:46:02,582 - UltimateBot_V8 - INFO - Penalty: 0.0000 - {'risk_scale': 1.0}
2025-11-06 16:46:02,592 - UltimateBot_V8 - INFO - Penalty: 0.0000 - {'risk_scale': 1.0}
2025-11-06 16:46:02,602 - UltimateBot_V8 - INFO - Penalty: 0.0000 - {'risk_scale': 1.0}
2025-11-06 16:46:02,612 - UltimateBot_V8 - INFO - Penalty: 0.0000 - {'risk_scale': 1.0}
2025-11-06 16:46:02,622 - UltimateBot_V8 - INFO - Penalty: 0.0000 - {'risk_scale': 1.0}
2025-11-06 16:46:02,632 - UltimateBot_V8 - INFO - Penalty: 0.0000 - {'risk_scale': 1.0}
2025-11-06 16:46:02,642 - UltimateBot_V8 - INFO - Penalty: 0.0000 - {'risk_scale': 1.0}
2025-11-06 16:46:02,653 - UltimateBot_V8 - INFO - Penalty: 0.0000 - {'risk_scale': 1.0}
2025-11-06 16:46:02,663 - UltimateBot_V8 - INFO - Penalty: 0.0000 - {'risk_scale': 1.0}
2025-11-06 16:46:02,673 - UltimateBot_V8 - INFO - Penalty: 0.0000 - {'risk_scale': 1.0}
2025-11-06 16:46:02,683 - UltimateBot_V8 - INFO - Penalty: 0.0000 - {'risk_scale': 1.0}
2025-11-06 16:46:02,693 - UltimateBot_V8 - INFO - Penalty: 0.0000 - {'risk_scale': 1.0}
2025-11-06 16:46:02,703 - UltimateBot_V8 - INFO - Penalty: 0.0000 - {'risk_scale': 1.0}
2025-11-06 16:46:02,713 - UltimateBot_V8 - INFO - Penalty: 0.0000 - {'risk_scale': 1.0}
2025-11-06 16:46:02,724 - UltimateBot_V8 - INFO - Penalty: 0.0000 - {'risk_scale': 1.0}
2025-11-06 16:46:02,734 - UltimateBot_V8 - INFO - Penalty: 0.0000 - {'risk_scale': 1.0}
2025-11-06 16:46:02,745 - UltimateBot_V8 - INFO - Penalty: 0.0000 - {'risk_scale': 1.0}
2025-11-06 16:46:02,755 - UltimateBot_V8 - INFO - Penalty: 0.0000 - {'risk_scale': 1.0}
2025-11-06 16:46:02,766 - UltimateBot_V8 - INFO - Penalty: 0.0000 - {'risk_scale': 1.0}
2025-11-06 16:46:02,776 - UltimateBot_V8 - INFO - Penalty: 0.0000 - {'risk_scale': 1.0}
2025-11-06 16:46:02,786 - UltimateBot_V8 - INFO - Penalty: 0.0000 - {'risk_scale': 1.0}
2025-11-06 16:46:02,796 - UltimateBot_V8 - INFO - Penalty: 0.0000 - {'risk_scale': 1.0}
2025-11-06 16:46:02,807 - UltimateBot_V8 - INFO - Penalty: 0.0000 - {'risk_scale': 1.0}
2025-11-06 16:46:02,818 - UltimateBot_V8 - INFO - Penalty: 0.0000 - {'risk_scale': 1.0}
2025-11-06 16:46:02,829 - UltimateBot_V8 - INFO - Penalty: 0.0000 - {'risk_scale': 1.0}
2025-11-06 16:46:02,839 - UltimateBot_V8 - INFO - Penalty: 0.0000 - {'risk_scale': 1.0}
2025-11-06 16:46:02,850 - UltimateBot_V8 - INFO - Penalty: 0.0000 - {'risk_scale': 1.0}
2025-11-06 16:46:02,860 - UltimateBot_V8 - INFO - Penalty: 0.0000 - {'risk_scale': 1.0}
2025-11-06 16:46:02,871 - UltimateBot_V8 - INFO - Penalty: 0.0000 - {'risk_scale': 1.0}
2025-11-06 16:46:02,881 - UltimateBot_V8 - INFO - Penalty: 0.0000 - {'risk_scale': 1.0}
2025-11-06 16:46:02,892 - UltimateBot_V8 - INFO - Penalty: 0.0000 - {'risk_scale': 1.0}
2025-11-06 16:46:02,903 - UltimateBot_V8 - INFO - Penalty: 0.0000 - {'risk_scale': 1.0}
2025-11-06 16:46:02,914 - UltimateBot_V8 - INFO - Penalty: 0.0000 - {'risk_scale': 1.0}
2025-11-06 16:46:02,926 - UltimateBot_V8 - INFO - Penalty: 0.0000 - {'risk_scale': 1.0}
2025-11-06 16:46:02,937 - UltimateBot_V8 - INFO - Penalty: 0.0000 - {'risk_scale': 1.0}
2025-11-06 16:46:02,948 - UltimateBot_V8 - INFO - Penalty: 0.0000 - {'risk_scale': 1.0}
2025-11-06 16:46:02,958 - UltimateBot_V8 - INFO - Penalty: 0.0000 - {'risk_scale': 1.0}
2025-11-06 16:46:02,969 - UltimateBot_V8 - INFO - Penalty: 0.0000 - {'risk_scale': 1.0}
2025-11-06 16:46:02,980 - UltimateBot_V8 - INFO - Penalty: 0.0000 - {'risk_scale': 1.0}
2025-11-06 16:46:02,991 - UltimateBot_V8 - INFO - Penalty: 0.0000 - {'risk_scale': 1.0}
2025-11-06 16:46:03,001 - UltimateBot_V8 - INFO - Penalty: 0.0000 - {'risk_scale': 1.0}
2025-11-06 16:46:03,012 - UltimateBot_V8 - INFO - Penalty: 0.0000 - {'risk_scale': 1.0}
2025-11-06 16:46:03,024 - UltimateBot_V8 - INFO - Penalty: 0.0000 - {'risk_scale': 1.0}
2025-11-06 16:46:03,035 - UltimateBot_V8 - INFO - Penalty: 0.0000 - {'risk_scale': 1.0}
2025-11-06 16:46:03,046 - UltimateBot_V8 - INFO - Penalty: 0.0000 - {'risk_scale': 1.0}
2025-11-06 16:46:03,058 - UltimateBot_V8 - INFO - Penalty: 0.0000 - {'risk_scale': 1.0}
2025-11-06 16:46:03,069 - UltimateBot_V8 - INFO - Penalty: 0.0000 - {'risk_scale': 1.0}
2025-11-06 16:46:03,081 - UltimateBot_V8 - INFO - Penalty: 0.0000 - {'risk_scale': 1.0}
2025-11-06 16:46:03,093 - UltimateBot_V8 - INFO - Penalty: 0.0000 - {'risk_scale': 1.0}
2025-11-06 16:46:03,105 - UltimateBot_V8 - INFO - Penalty: 0.0000 - {'risk_scale': 1.0}
2025-11-06 16:46:03,117 - UltimateBot_V8 - INFO - Penalty: 0.0000 - {'risk_scale': 1.0}
2025-11-06 16:46:03,129 - UltimateBot_V8 - INFO - Penalty: 0.0000 - {'risk_scale': 1.0}
2025-11-06 16:46:03,141 - UltimateBot_V8 - INFO - Penalty: 0.0000 - {'risk_scale': 1.0}
2025-11-06 16:46:03,153 - UltimateBot_V8 - INFO - Penalty: 0.0000 - {'risk_scale': 1.0}
2025-11-06 16:46:03,165 - UltimateBot_V8 - INFO - Penalty: 0.0000 - {'risk_scale': 1.0}
2025-11-06 16:46:03,181 - UltimateBot_V8 - INFO - Penalty: 0.0000 - {'risk_scale': 1.0}
2025-11-06 16:46:03,194 - UltimateBot_V8 - INFO - Penalty: 0.0000 - {'risk_scale': 1.0}
2025-11-06 16:46:03,207 - UltimateBot_V8 - INFO - Penalty: 0.0000 - {'risk_scale': 1.0}
2025-11-06 16:46:03,208 - UltimateBot_V8 - INFO -   Step 500: Reward=144.4600, Balance=$25000.00
2025-11-06 16:46:03,221 - UltimateBot_V8 - INFO - Penalty: 0.0000 - {'risk_scale': 1.0}
2025-11-06 16:46:03,232 - UltimateBot_V8 - INFO - Penalty: 0.0000 - {'risk_scale': 1.0}
2025-11-06 16:46:03,244 - UltimateBot_V8 - INFO - Penalty: 0.0000 - {'risk_scale': 1.0}
2025-11-06 16:46:03,255 - UltimateBot_V8 - INFO - Penalty: 0.0000 - {'risk_scale': 1.0}
2025-11-06 16:46:03,266 - UltimateBot_V8 - INFO - Penalty: 0.0000 - {'risk_scale': 1.0}
2025-11-06 16:46:03,278 - UltimateBot_V8 - INFO - Penalty: 0.0000 - {'risk_scale': 1.0}
2025-11-06 16:46:03,289 - UltimateBot_V8 - INFO - Penalty: 0.0000 - {'risk_scale': 1.0}
2025-11-06 16:46:03,300 - UltimateBot_V8 - INFO - Penalty: 0.0000 - {'risk_scale': 1.0}
2025-11-06 16:46:03,311 - UltimateBot_V8 - INFO - Penalty: 0.0000 - {'risk_scale': 1.0}
2025-11-06 16:46:03,323 - UltimateBot_V8 - INFO - Penalty: 0.0000 - {'risk_scale': 1.0}
2025-11-06 16:46:03,334 - UltimateBot_V8 - INFO - Penalty: 0.0000 - {'risk_scale': 1.0}
2025-11-06 16:46:03,346 - UltimateBot_V8 - INFO - Penalty: 0.0000 - {'risk_scale': 1.0}
2025-11-06 16:46:03,357 - UltimateBot_V8 - INFO - Penalty: 0.0000 - {'risk_scale': 1.0}
2025-11-06 16:46:03,369 - UltimateBot_V8 - INFO - Penalty: 0.0000 - {'risk_scale': 1.0}
2025-11-06 16:46:03,380 - UltimateBot_V8 - INFO - Penalty: 0.0000 - {'risk_scale': 1.0}
2025-11-06 16:46:03,391 - UltimateBot_V8 - INFO - Penalty: 0.0000 - {'risk_scale': 1.0}
2025-11-06 16:46:03,403 - UltimateBot_V8 - INFO - Penalty: 0.0000 - {'risk_scale': 1.0}
2025-11-06 16:46:03,414 - UltimateBot_V8 - INFO - Penalty: 0.0000 - {'risk_scale': 1.0}
2025-11-06 16:46:03,426 - UltimateBot_V8 - INFO - Penalty: 0.0000 - {'risk_scale': 1.0}
2025-11-06 16:46:03,437 - UltimateBot_V8 - INFO - Penalty: 0.0000 - {'risk_scale': 1.0}
2025-11-06 16:46:03,449 - UltimateBot_V8 - INFO - Penalty: 0.0000 - {'risk_scale': 1.0}
2025-11-06 16:46:03,461 - UltimateBot_V8 - INFO - Penalty: 0.0000 - {'risk_scale': 1.0}
2025-11-06 16:46:03,473 - UltimateBot_V8 - INFO - Penalty: 0.0000 - {'risk_scale': 1.0}
2025-11-06 16:46:03,485 - UltimateBot_V8 - INFO - Penalty: 0.0000 - {'risk_scale': 1.0}
2025-11-06 16:46:03,497 - UltimateBot_V8 - INFO - Penalty: 0.0000 - {'risk_scale': 1.0}
2025-11-06 16:46:03,508 - UltimateBot_V8 - INFO - Penalty: 0.0000 - {'risk_scale': 1.0}
2025-11-06 16:46:03,520 - UltimateBot_V8 - INFO - Penalty: 0.0000 - {'risk_scale': 1.0}
2025-11-06 16:46:03,532 - UltimateBot_V8 - INFO - Penalty: 0.0000 - {'risk_scale': 1.0}
2025-11-06 16:46:03,544 - UltimateBot_V8 - INFO - Penalty: 0.0000 - {'risk_scale': 1.0}
2025-11-06 16:46:03,556 - UltimateBot_V8 - INFO - Penalty: 0.0000 - {'risk_scale': 1.0}
2025-11-06 16:46:03,568 - UltimateBot_V8 - INFO - Penalty: 0.0000 - {'risk_scale': 1.0}
2025-11-06 16:46:03,580 - UltimateBot_V8 - INFO - Penalty: 0.0000 - {'risk_scale': 1.0}
2025-11-06 16:46:03,592 - UltimateBot_V8 - INFO - Penalty: 0.0000 - {'risk_scale': 1.0}
2025-11-06 16:46:03,603 - UltimateBot_V8 - INFO - Penalty: 0.0000 - {'risk_scale': 1.0}
2025-11-06 16:46:03,616 - UltimateBot_V8 - INFO - Penalty: 0.0000 - {'risk_scale': 1.0}
2025-11-06 16:46:03,628 - UltimateBot_V8 - INFO - Penalty: 0.0000 - {'risk_scale': 1.0}
2025-11-06 16:46:03,641 - UltimateBot_V8 - INFO - Penalty: 0.0000 - {'risk_scale': 1.0}
2025-11-06 16:46:03,653 - UltimateBot_V8 - INFO - Penalty: 0.0000 - {'risk_scale': 1.0}
2025-11-06 16:46:03,665 - UltimateBot_V8 - INFO - Penalty: 0.0000 - {'risk_scale': 1.0}
2025-11-06 16:46:03,677 - UltimateBot_V8 - INFO - Penalty: 0.0000 - {'risk_scale': 1.0}
2025-11-06 16:46:03,689 - UltimateBot_V8 - INFO - Penalty: 0.0000 - {'risk_scale': 1.0}
2025-11-06 16:46:03,701 - UltimateBot_V8 - INFO - Penalty: 0.0000 - {'risk_scale': 1.0}
2025-11-06 16:46:03,713 - UltimateBot_V8 - INFO - Penalty: 0.0000 - {'risk_scale': 1.0}
2025-11-06 16:46:03,726 - UltimateBot_V8 - INFO - Penalty: 0.0000 - {'risk_scale': 1.0}
2025-11-06 16:46:03,738 - UltimateBot_V8 - INFO - Penalty: 0.0000 - {'risk_scale': 1.0}
2025-11-06 16:46:03,751 - UltimateBot_V8 - INFO - Penalty: 0.0000 - {'risk_scale': 1.0}
2025-11-06 16:46:03,763 - UltimateBot_V8 - INFO - Penalty: 0.0000 - {'risk_scale': 1.0}
2025-11-06 16:46:03,776 - UltimateBot_V8 - INFO - Penalty: 0.0000 - {'risk_scale': 1.0}
2025-11-06 16:46:03,788 - UltimateBot_V8 - INFO - Penalty: 0.0000 - {'risk_scale': 1.0}
2025-11-06 16:46:03,800 - UltimateBot_V8 - INFO - Penalty: 0.0000 - {'risk_scale': 1.0}
2025-11-06 16:46:03,812 - UltimateBot_V8 - INFO - Penalty: 0.0000 - {'risk_scale': 1.0}
2025-11-06 16:46:03,824 - UltimateBot_V8 - INFO - Penalty: 0.0000 - {'risk_scale': 1.0}
2025-11-06 16:46:03,837 - UltimateBot_V8 - INFO - Penalty: 0.0000 - {'risk_scale': 1.0}
2025-11-06 16:46:03,849 - UltimateBot_V8 - INFO - Penalty: 0.0000 - {'risk_scale': 1.0}
2025-11-06 16:46:03,862 - UltimateBot_V8 - INFO - Penalty: 0.0000 - {'risk_scale': 1.0}
2025-11-06 16:46:03,874 - UltimateBot_V8 - INFO - Penalty: 0.0000 - {'risk_scale': 1.0}
2025-11-06 16:46:03,887 - UltimateBot_V8 - INFO - Penalty: 0.0000 - {'risk_scale': 1.0}
2025-11-06 16:46:03,899 - UltimateBot_V8 - INFO - Penalty: 0.0000 - {'risk_scale': 1.0}
2025-11-06 16:46:03,911 - UltimateBot_V8 - INFO - Penalty: 0.0000 - {'risk_scale': 1.0}
2025-11-06 16:46:03,924 - UltimateBot_V8 - INFO - Penalty: 0.0000 - {'risk_scale': 1.0}
2025-11-06 16:46:03,936 - UltimateBot_V8 - INFO - Penalty: 0.0000 - {'risk_scale': 1.0}
2025-11-06 16:46:03,949 - UltimateBot_V8 - INFO - Penalty: 0.0000 - {'risk_scale': 1.0}
2025-11-06 16:46:03,961 - UltimateBot_V8 - INFO - Penalty: 0.0000 - {'risk_scale': 1.0}
2025-11-06 16:46:03,974 - UltimateBot_V8 - INFO - Penalty: 0.0000 - {'risk_scale': 1.0}
2025-11-06 16:46:03,986 - UltimateBot_V8 - INFO - Penalty: 0.0000 - {'risk_scale': 1.0}
2025-11-06 16:46:03,999 - UltimateBot_V8 - INFO - Penalty: 0.0000 - {'risk_scale': 1.0}
2025-11-06 16:46:04,011 - UltimateBot_V8 - INFO - Penalty: 0.0000 - {'risk_scale': 1.0}
2025-11-06 16:46:04,024 - UltimateBot_V8 - INFO - Penalty: 0.0000 - {'risk_scale': 1.0}
2025-11-06 16:46:04,037 - UltimateBot_V8 - INFO - Penalty: 0.0000 - {'risk_scale': 1.0}
2025-11-06 16:46:04,049 - UltimateBot_V8 - INFO - Penalty: 0.0000 - {'risk_scale': 1.0}
2025-11-06 16:46:04,062 - UltimateBot_V8 - INFO - Penalty: 0.0000 - {'risk_scale': 1.0}
2025-11-06 16:46:04,075 - UltimateBot_V8 - INFO - Penalty: 0.0000 - {'risk_scale': 1.0}
2025-11-06 16:46:04,087 - UltimateBot_V8 - INFO - Penalty: 0.0000 - {'risk_scale': 1.0}
2025-11-06 16:46:04,100 - UltimateBot_V8 - INFO - Penalty: 0.0000 - {'risk_scale': 1.0}
2025-11-06 16:46:04,113 - UltimateBot_V8 - INFO - Penalty: 0.0000 - {'risk_scale': 1.0}
2025-11-06 16:46:04,125 - UltimateBot_V8 - INFO - Penalty: 0.0000 - {'risk_scale': 1.0}
2025-11-06 16:46:04,138 - UltimateBot_V8 - INFO - Penalty: 0.0000 - {'risk_scale': 1.0}
2025-11-06 16:46:04,151 - UltimateBot_V8 - INFO - Penalty: 0.0000 - {'risk_scale': 1.0}
2025-11-06 16:46:04,164 - UltimateBot_V8 - INFO - Penalty: 0.0000 - {'risk_scale': 1.0}
2025-11-06 16:46:04,176 - UltimateBot_V8 - INFO - Penalty: 0.0000 - {'risk_scale': 1.0}
2025-11-06 16:46:04,189 - UltimateBot_V8 - INFO - Penalty: 0.0000 - {'risk_scale': 1.0}
2025-11-06 16:46:04,202 - UltimateBot_V8 - INFO - Penalty: 0.0000 - {'risk_scale': 1.0}
2025-11-06 16:46:04,215 - UltimateBot_V8 - INFO - Penalty: 0.0000 - {'risk_scale': 1.0}
2025-11-06 16:46:04,228 - UltimateBot_V8 - INFO - Penalty: 0.0000 - {'risk_scale': 1.0}
2025-11-06 16:46:04,242 - UltimateBot_V8 - INFO - Penalty: 0.0000 - {'risk_scale': 1.0}
2025-11-06 16:46:04,255 - UltimateBot_V8 - INFO - Penalty: 0.0000 - {'risk_scale': 1.0}
2025-11-06 16:46:04,268 - UltimateBot_V8 - INFO - Penalty: 0.0000 - {'risk_scale': 1.0}
2025-11-06 16:46:04,281 - UltimateBot_V8 - INFO - Penalty: 0.0000 - {'risk_scale': 1.0}
2025-11-06 16:46:04,294 - UltimateBot_V8 - INFO - Penalty: 0.0000 - {'risk_scale': 1.0}
2025-11-06 16:46:04,307 - UltimateBot_V8 - INFO - Penalty: 0.0000 - {'risk_scale': 1.0}
2025-11-06 16:46:04,320 - UltimateBot_V8 - INFO - Penalty: 0.0000 - {'risk_scale': 1.0}
2025-11-06 16:46:04,335 - UltimateBot_V8 - INFO - Penalty: 0.0000 - {'risk_scale': 1.0}
2025-11-06 16:46:04,349 - UltimateBot_V8 - INFO - Penalty: 0.0000 - {'risk_scale': 1.0}
2025-11-06 16:46:04,362 - UltimateBot_V8 - INFO - Penalty: 0.0000 - {'risk_scale': 1.0}
2025-11-06 16:46:04,376 - UltimateBot_V8 - INFO - Penalty: 0.0000 - {'risk_scale': 1.0}
2025-11-06 16:46:04,390 - UltimateBot_V8 - INFO - Penalty: 0.0000 - {'risk_scale': 1.0}
2025-11-06 16:46:04,404 - UltimateBot_V8 - INFO - Penalty: 0.0000 - {'risk_scale': 1.0}
2025-11-06 16:46:04,418 - UltimateBot_V8 - INFO - Penalty: 0.0000 - {'risk_scale': 1.0}
2025-11-06 16:46:04,432 - UltimateBot_V8 - INFO - Penalty: 0.0000 - {'risk_scale': 1.0}
2025-11-06 16:46:04,446 - UltimateBot_V8 - INFO - Penalty: 0.0000 - {'risk_scale': 1.0}
2025-11-06 16:46:04,446 - UltimateBot_V8 - INFO -   Step 600: Reward=281.0007, Balance=$25000.00
2025-11-06 16:46:04,460 - UltimateBot_V8 - INFO - Penalty: 0.0000 - {'risk_scale': 1.0}
2025-11-06 16:46:04,476 - UltimateBot_V8 - INFO - Penalty: 0.0000 - {'risk_scale': 1.0}
2025-11-06 16:46:04,490 - UltimateBot_V8 - INFO - Penalty: 0.0000 - {'risk_scale': 1.0}
2025-11-06 16:46:04,504 - UltimateBot_V8 - INFO - Penalty: 0.0000 - {'risk_scale': 1.0}
2025-11-06 16:46:04,518 - UltimateBot_V8 - INFO - Penalty: 0.0000 - {'risk_scale': 1.0}
2025-11-06 16:46:04,532 - UltimateBot_V8 - INFO - Penalty: 0.0000 - {'risk_scale': 1.0}
2025-11-06 16:46:04,547 - UltimateBot_V8 - INFO - Penalty: 0.0000 - {'risk_scale': 1.0}
2025-11-06 16:46:04,562 - UltimateBot_V8 - INFO - Penalty: 0.0000 - {'risk_scale': 1.0}
2025-11-06 16:46:04,581 - UltimateBot_V8 - INFO - Penalty: 0.0000 - {'risk_scale': 1.0}
2025-11-06 16:46:04,596 - UltimateBot_V8 - INFO - Penalty: 0.0000 - {'risk_scale': 1.0}
2025-11-06 16:46:04,610 - UltimateBot_V8 - INFO - Penalty: 0.0000 - {'risk_scale': 1.0}
2025-11-06 16:46:04,625 - UltimateBot_V8 - INFO - Penalty: 0.0000 - {'risk_scale': 1.0}
2025-11-06 16:46:04,638 - UltimateBot_V8 - INFO - Penalty: 0.0000 - {'risk_scale': 1.0}
2025-11-06 16:46:04,652 - UltimateBot_V8 - INFO - Penalty: 0.0000 - {'risk_scale': 1.0}
2025-11-06 16:46:04,666 - UltimateBot_V8 - INFO - Penalty: 0.0000 - {'risk_scale': 1.0}
2025-11-06 16:46:04,681 - UltimateBot_V8 - INFO - Penalty: 0.0000 - {'risk_scale': 1.0}
2025-11-06 16:46:04,696 - UltimateBot_V8 - INFO - Penalty: 0.0000 - {'risk_scale': 1.0}
2025-11-06 16:46:04,711 - UltimateBot_V8 - INFO - Penalty: 0.0000 - {'risk_scale': 1.0}
2025-11-06 16:46:04,725 - UltimateBot_V8 - INFO - Penalty: 0.0000 - {'risk_scale': 1.0}
2025-11-06 16:46:04,740 - UltimateBot_V8 - INFO - Penalty: 0.0000 - {'risk_scale': 1.0}
2025-11-06 16:46:04,754 - UltimateBot_V8 - INFO - Penalty: 0.0000 - {'risk_scale': 1.0}
2025-11-06 16:46:04,770 - UltimateBot_V8 - INFO - Penalty: 0.0000 - {'risk_scale': 1.0}
2025-11-06 16:46:04,784 - UltimateBot_V8 - INFO - Penalty: 0.0000 - {'risk_scale': 1.0}
2025-11-06 16:46:04,798 - UltimateBot_V8 - INFO - Penalty: 0.0000 - {'risk_scale': 1.0}
2025-11-06 16:46:04,812 - UltimateBot_V8 - INFO - Penalty: 0.0000 - {'risk_scale': 1.0}
2025-11-06 16:46:04,826 - UltimateBot_V8 - INFO - Penalty: 0.0000 - {'risk_scale': 1.0}
2025-11-06 16:46:04,840 - UltimateBot_V8 - INFO - Penalty: 0.0000 - {'risk_scale': 1.0}
2025-11-06 16:46:04,854 - UltimateBot_V8 - INFO - Penalty: 0.0000 - {'risk_scale': 1.0}
2025-11-06 16:46:04,868 - UltimateBot_V8 - INFO - Penalty: 0.0000 - {'risk_scale': 1.0}
2025-11-06 16:46:04,882 - UltimateBot_V8 - INFO - Penalty: 0.0000 - {'risk_scale': 1.0}
2025-11-06 16:46:04,896 - UltimateBot_V8 - INFO - Penalty: 0.0000 - {'risk_scale': 1.0}
2025-11-06 16:46:04,911 - UltimateBot_V8 - INFO - Penalty: 0.0000 - {'risk_scale': 1.0}
2025-11-06 16:46:04,925 - UltimateBot_V8 - INFO - Penalty: 0.0000 - {'risk_scale': 1.0}
2025-11-06 16:46:04,938 - UltimateBot_V8 - INFO - Penalty: 0.0000 - {'risk_scale': 1.0}
2025-11-06 16:46:04,953 - UltimateBot_V8 - INFO - Penalty: 0.0000 - {'risk_scale': 1.0}
2025-11-06 16:46:04,967 - UltimateBot_V8 - INFO - Penalty: 0.0000 - {'risk_scale': 1.0}
2025-11-06 16:46:04,981 - UltimateBot_V8 - INFO - Penalty: 0.0000 - {'risk_scale': 1.0}
2025-11-06 16:46:04,995 - UltimateBot_V8 - INFO - Penalty: 0.0000 - {'risk_scale': 1.0}
2025-11-06 16:46:05,009 - UltimateBot_V8 - INFO - Penalty: 0.0000 - {'risk_scale': 1.0}
2025-11-06 16:46:05,024 - UltimateBot_V8 - INFO - Penalty: 0.0000 - {'risk_scale': 1.0}
2025-11-06 16:46:05,038 - UltimateBot_V8 - INFO - Penalty: 0.0000 - {'risk_scale': 1.0}
2025-11-06 16:46:05,052 - UltimateBot_V8 - INFO - Penalty: 0.0000 - {'risk_scale': 1.0}
2025-11-06 16:46:05,066 - UltimateBot_V8 - INFO - Penalty: 0.0000 - {'risk_scale': 1.0}
2025-11-06 16:46:05,081 - UltimateBot_V8 - INFO - Penalty: 0.0000 - {'risk_scale': 1.0}
2025-11-06 16:46:05,095 - UltimateBot_V8 - INFO - Penalty: 0.0000 - {'risk_scale': 1.0}
2025-11-06 16:46:05,109 - UltimateBot_V8 - INFO - Penalty: 0.0000 - {'risk_scale': 1.0}
2025-11-06 16:46:05,123 - UltimateBot_V8 - INFO - Penalty: 0.0000 - {'risk_scale': 1.0}
2025-11-06 16:46:05,138 - UltimateBot_V8 - INFO - Penalty: 0.0000 - {'risk_scale': 1.0}
2025-11-06 16:46:05,152 - UltimateBot_V8 - INFO - Penalty: 0.0000 - {'risk_scale': 1.0}
2025-11-06 16:46:05,167 - UltimateBot_V8 - INFO - Penalty: 0.0000 - {'risk_scale': 1.0}
2025-11-06 16:46:05,183 - UltimateBot_V8 - INFO - Penalty: 0.0000 - {'risk_scale': 1.0}
2025-11-06 16:46:05,197 - UltimateBot_V8 - INFO - Penalty: 0.0000 - {'risk_scale': 1.0}
2025-11-06 16:46:05,212 - UltimateBot_V8 - INFO - Penalty: 0.0000 - {'risk_scale': 1.0}
2025-11-06 16:46:05,227 - UltimateBot_V8 - INFO - Penalty: 0.0000 - {'risk_scale': 1.0}
2025-11-06 16:46:05,242 - UltimateBot_V8 - INFO - Penalty: 0.0000 - {'risk_scale': 1.0}
2025-11-06 16:46:05,256 - UltimateBot_V8 - INFO - Penalty: 0.0000 - {'risk_scale': 1.0}
2025-11-06 16:46:05,271 - UltimateBot_V8 - INFO - Penalty: 0.0000 - {'risk_scale': 1.0}
2025-11-06 16:46:05,285 - UltimateBot_V8 - INFO - Penalty: 0.0000 - {'risk_scale': 1.0}
2025-11-06 16:46:05,300 - UltimateBot_V8 - INFO - Penalty: 0.0000 - {'risk_scale': 1.0}
2025-11-06 16:46:05,315 - UltimateBot_V8 - INFO - Penalty: 0.0000 - {'risk_scale': 1.0}
2025-11-06 16:46:05,329 - UltimateBot_V8 - INFO - Penalty: 0.0000 - {'risk_scale': 1.0}
2025-11-06 16:46:05,344 - UltimateBot_V8 - INFO - Penalty: 0.0000 - {'risk_scale': 1.0}
2025-11-06 16:46:05,359 - UltimateBot_V8 - INFO - Penalty: 0.0000 - {'risk_scale': 1.0}
2025-11-06 16:46:05,373 - UltimateBot_V8 - INFO - Penalty: 0.0000 - {'risk_scale': 1.0}
2025-11-06 16:46:05,388 - UltimateBot_V8 - INFO - Penalty: 0.0000 - {'risk_scale': 1.0}
2025-11-06 16:46:05,403 - UltimateBot_V8 - INFO - Penalty: 0.0000 - {'risk_scale': 1.0}
2025-11-06 16:46:05,417 - UltimateBot_V8 - INFO - Penalty: 0.0000 - {'risk_scale': 1.0}
2025-11-06 16:46:05,432 - UltimateBot_V8 - INFO - Penalty: 0.0000 - {'risk_scale': 1.0}
2025-11-06 16:46:05,447 - UltimateBot_V8 - INFO - Penalty: 0.0000 - {'risk_scale': 1.0}
2025-11-06 16:46:05,464 - UltimateBot_V8 - INFO - Penalty: 0.0000 - {'risk_scale': 1.0}
2025-11-06 16:46:05,479 - UltimateBot_V8 - INFO - Penalty: 0.0000 - {'risk_scale': 1.0}
2025-11-06 16:46:05,495 - UltimateBot_V8 - INFO - Penalty: 0.0000 - {'risk_scale': 1.0}
2025-11-06 16:46:05,510 - UltimateBot_V8 - INFO - Penalty: 0.0000 - {'risk_scale': 1.0}
2025-11-06 16:46:05,525 - UltimateBot_V8 - INFO - Penalty: 0.0000 - {'risk_scale': 1.0}
2025-11-06 16:46:05,541 - UltimateBot_V8 - INFO - Penalty: 0.0000 - {'risk_scale': 1.0}
2025-11-06 16:46:05,556 - UltimateBot_V8 - INFO - Penalty: 0.0000 - {'risk_scale': 1.0}
2025-11-06 16:46:05,571 - UltimateBot_V8 - INFO - Penalty: 0.0000 - {'risk_scale': 1.0}
2025-11-06 16:46:05,586 - UltimateBot_V8 - INFO - Penalty: 0.0000 - {'risk_scale': 1.0}
2025-11-06 16:46:05,601 - UltimateBot_V8 - INFO - Penalty: 0.0000 - {'risk_scale': 1.0}
2025-11-06 16:46:05,616 - UltimateBot_V8 - INFO - Penalty: 0.0000 - {'risk_scale': 1.0}
2025-11-06 16:46:05,631 - UltimateBot_V8 - INFO - Penalty: 0.0000 - {'risk_scale': 1.0}
2025-11-06 16:46:05,646 - UltimateBot_V8 - INFO - Penalty: 0.0000 - {'risk_scale': 1.0}
2025-11-06 16:46:05,661 - UltimateBot_V8 - INFO - Penalty: 0.0000 - {'risk_scale': 1.0}
2025-11-06 16:46:05,676 - UltimateBot_V8 - INFO - Penalty: 0.0000 - {'risk_scale': 1.0}
2025-11-06 16:46:05,691 - UltimateBot_V8 - INFO - Penalty: 0.0000 - {'risk_scale': 1.0}
2025-11-06 16:46:05,707 - UltimateBot_V8 - INFO - Penalty: 0.0000 - {'risk_scale': 1.0}
2025-11-06 16:46:05,722 - UltimateBot_V8 - INFO - Penalty: 0.0000 - {'risk_scale': 1.0}
2025-11-06 16:46:05,737 - UltimateBot_V8 - INFO - Penalty: 0.0000 - {'risk_scale': 1.0}
2025-11-06 16:46:05,752 - UltimateBot_V8 - INFO - Penalty: 0.0000 - {'risk_scale': 1.0}
2025-11-06 16:46:05,768 - UltimateBot_V8 - INFO - Penalty: 0.0000 - {'risk_scale': 1.0}
2025-11-06 16:46:05,783 - UltimateBot_V8 - INFO - Penalty: 0.0000 - {'risk_scale': 1.0}
2025-11-06 16:46:05,798 - UltimateBot_V8 - INFO - Penalty: 0.0000 - {'risk_scale': 1.0}
2025-11-06 16:46:05,813 - UltimateBot_V8 - INFO - Penalty: 0.0000 - {'risk_scale': 1.0}
2025-11-06 16:46:05,829 - UltimateBot_V8 - INFO - Penalty: 0.0000 - {'risk_scale': 1.0}
2025-11-06 16:46:05,844 - UltimateBot_V8 - INFO - Penalty: 0.0000 - {'risk_scale': 1.0}
2025-11-06 16:46:05,859 - UltimateBot_V8 - INFO - Penalty: 0.0000 - {'risk_scale': 1.0}
2025-11-06 16:46:05,875 - UltimateBot_V8 - INFO - Penalty: 0.0000 - {'risk_scale': 1.0}
2025-11-06 16:46:05,890 - UltimateBot_V8 - INFO - Penalty: 0.0000 - {'risk_scale': 1.0}
2025-11-06 16:46:05,906 - UltimateBot_V8 - INFO - Penalty: 0.0000 - {'risk_scale': 1.0}
2025-11-06 16:46:05,921 - UltimateBot_V8 - INFO - Penalty: 0.0000 - {'risk_scale': 1.0}
2025-11-06 16:46:05,922 - UltimateBot_V8 - INFO -   Step 700: Reward=403.2671, Balance=$25000.00
2025-11-06 16:46:05,938 - UltimateBot_V8 - INFO - Penalty: 0.0000 - {'risk_scale': 1.0}
2025-11-06 16:46:05,953 - UltimateBot_V8 - INFO - Penalty: 0.0000 - {'risk_scale': 1.0}
2025-11-06 16:46:05,969 - UltimateBot_V8 - INFO - Penalty: 0.0000 - {'risk_scale': 1.0}
2025-11-06 16:46:05,984 - UltimateBot_V8 - INFO - Penalty: 0.0000 - {'risk_scale': 1.0}
2025-11-06 16:46:06,000 - UltimateBot_V8 - INFO - Penalty: 0.0000 - {'risk_scale': 1.0}
2025-11-06 16:46:06,015 - UltimateBot_V8 - INFO - Penalty: 0.0000 - {'risk_scale': 1.0}
2025-11-06 16:46:06,031 - UltimateBot_V8 - INFO - Penalty: 0.0000 - {'risk_scale': 1.0}
2025-11-06 16:46:06,047 - UltimateBot_V8 - INFO - Penalty: 0.0000 - {'risk_scale': 1.0}
2025-11-06 16:46:06,062 - UltimateBot_V8 - INFO - Penalty: 0.0000 - {'risk_scale': 1.0}
2025-11-06 16:46:06,078 - UltimateBot_V8 - INFO - Penalty: 0.0000 - {'risk_scale': 1.0}
2025-11-06 16:46:06,093 - UltimateBot_V8 - INFO - Penalty: 0.0000 - {'risk_scale': 1.0}
2025-11-06 16:46:06,109 - UltimateBot_V8 - INFO - Penalty: 0.0000 - {'risk_scale': 1.0}
2025-11-06 16:46:06,125 - UltimateBot_V8 - INFO - Penalty: 0.0000 - {'risk_scale': 1.0}
2025-11-06 16:46:06,140 - UltimateBot_V8 - INFO - Penalty: 0.0000 - {'risk_scale': 1.0}
2025-11-06 16:46:06,156 - UltimateBot_V8 - INFO - Penalty: 0.0000 - {'risk_scale': 1.0}
2025-11-06 16:46:06,172 - UltimateBot_V8 - INFO - Penalty: 0.0000 - {'risk_scale': 1.0}
2025-11-06 16:46:06,188 - UltimateBot_V8 - INFO - Penalty: 0.0000 - {'risk_scale': 1.0}
2025-11-06 16:46:06,204 - UltimateBot_V8 - INFO - Penalty: 0.0000 - {'risk_scale': 1.0}
2025-11-06 16:46:06,220 - UltimateBot_V8 - INFO - Penalty: 0.0000 - {'risk_scale': 1.0}
2025-11-06 16:46:06,236 - UltimateBot_V8 - INFO - Penalty: 0.0000 - {'risk_scale': 1.0}
2025-11-06 16:46:06,252 - UltimateBot_V8 - INFO - Penalty: 0.0000 - {'risk_scale': 1.0}
2025-11-06 16:46:06,268 - UltimateBot_V8 - INFO - Penalty: 0.0000 - {'risk_scale': 1.0}
2025-11-06 16:46:06,283 - UltimateBot_V8 - INFO - Penalty: 0.0000 - {'risk_scale': 1.0}
2025-11-06 16:46:06,299 - UltimateBot_V8 - INFO - Penalty: 0.0000 - {'risk_scale': 1.0}
2025-11-06 16:46:06,315 - UltimateBot_V8 - INFO - Penalty: 0.0000 - {'risk_scale': 1.0}
2025-11-06 16:46:06,331 - UltimateBot_V8 - INFO - Penalty: 0.0000 - {'risk_scale': 1.0}
2025-11-06 16:46:06,347 - UltimateBot_V8 - INFO - Penalty: 0.0000 - {'risk_scale': 1.0}
2025-11-06 16:46:06,363 - UltimateBot_V8 - INFO - Penalty: 0.0000 - {'risk_scale': 1.0}
2025-11-06 16:46:06,380 - UltimateBot_V8 - INFO - Penalty: 0.0000 - {'risk_scale': 1.0}
2025-11-06 16:46:06,396 - UltimateBot_V8 - INFO - Penalty: 0.0000 - {'risk_scale': 1.0}
2025-11-06 16:46:06,412 - UltimateBot_V8 - INFO - Penalty: 0.0000 - {'risk_scale': 1.0}
2025-11-06 16:46:06,428 - UltimateBot_V8 - INFO - Penalty: 0.0000 - {'risk_scale': 1.0}
2025-11-06 16:46:06,444 - UltimateBot_V8 - INFO - Penalty: 0.0000 - {'risk_scale': 1.0}
2025-11-06 16:46:06,461 - UltimateBot_V8 - INFO - Penalty: 0.0000 - {'risk_scale': 1.0}
2025-11-06 16:46:06,477 - UltimateBot_V8 - INFO - Penalty: 0.0000 - {'risk_scale': 1.0}
2025-11-06 16:46:06,494 - UltimateBot_V8 - INFO - Penalty: 0.0000 - {'risk_scale': 1.0}
2025-11-06 16:46:06,510 - UltimateBot_V8 - INFO - Penalty: 0.0000 - {'risk_scale': 1.0}
2025-11-06 16:46:06,526 - UltimateBot_V8 - INFO - Penalty: 0.0000 - {'risk_scale': 1.0}
2025-11-06 16:46:06,543 - UltimateBot_V8 - INFO - Penalty: 0.0000 - {'risk_scale': 1.0}
2025-11-06 16:46:06,559 - UltimateBot_V8 - INFO - Penalty: 0.0000 - {'risk_scale': 1.0}
2025-11-06 16:46:06,576 - UltimateBot_V8 - INFO - Penalty: 0.0000 - {'risk_scale': 1.0}
2025-11-06 16:46:06,592 - UltimateBot_V8 - INFO - Penalty: 0.0000 - {'risk_scale': 1.0}
2025-11-06 16:46:06,608 - UltimateBot_V8 - INFO - Penalty: 0.0000 - {'risk_scale': 1.0}
2025-11-06 16:46:06,626 - UltimateBot_V8 - INFO - Penalty: 0.0000 - {'risk_scale': 1.0}
2025-11-06 16:46:06,643 - UltimateBot_V8 - INFO - Penalty: 0.0000 - {'risk_scale': 1.0}
2025-11-06 16:46:06,659 - UltimateBot_V8 - INFO - Penalty: 0.0000 - {'risk_scale': 1.0}
2025-11-06 16:46:06,676 - UltimateBot_V8 - INFO - Penalty: 0.0000 - {'risk_scale': 1.0}
2025-11-06 16:46:06,693 - UltimateBot_V8 - INFO - Penalty: 0.0000 - {'risk_scale': 1.0}
2025-11-06 16:46:06,709 - UltimateBot_V8 - INFO - Penalty: 0.0000 - {'risk_scale': 1.0}
2025-11-06 16:46:06,726 - UltimateBot_V8 - INFO - Penalty: 0.0000 - {'risk_scale': 1.0}
2025-11-06 16:46:06,742 - UltimateBot_V8 - INFO - Penalty: 0.0000 - {'risk_scale': 1.0}
2025-11-06 16:46:06,759 - UltimateBot_V8 - INFO - Penalty: 0.0000 - {'risk_scale': 1.0}
2025-11-06 16:46:06,776 - UltimateBot_V8 - INFO - Penalty: 0.0000 - {'risk_scale': 1.0}
2025-11-06 16:46:06,793 - UltimateBot_V8 - INFO - Penalty: 0.0000 - {'risk_scale': 1.0}
2025-11-06 16:46:06,809 - UltimateBot_V8 - INFO - Penalty: 0.0000 - {'risk_scale': 1.0}
2025-11-06 16:46:06,826 - UltimateBot_V8 - INFO - Penalty: 0.0000 - {'risk_scale': 1.0}
2025-11-06 16:46:06,843 - UltimateBot_V8 - INFO - Penalty: 0.0000 - {'risk_scale': 1.0}
2025-11-06 16:46:06,861 - UltimateBot_V8 - INFO - Penalty: 0.0000 - {'risk_scale': 1.0}
2025-11-06 16:46:06,878 - UltimateBot_V8 - INFO - Penalty: 0.0000 - {'risk_scale': 1.0}
2025-11-06 16:46:06,895 - UltimateBot_V8 - INFO - Penalty: 0.0000 - {'risk_scale': 1.0}
2025-11-06 16:46:06,912 - UltimateBot_V8 - INFO - Penalty: 0.0000 - {'risk_scale': 1.0}
2025-11-06 16:46:06,929 - UltimateBot_V8 - INFO - Penalty: 0.0000 - {'risk_scale': 1.0}
2025-11-06 16:46:06,946 - UltimateBot_V8 - INFO - Penalty: 0.0000 - {'risk_scale': 1.0}
2025-11-06 16:46:06,963 - UltimateBot_V8 - INFO - Penalty: 0.0000 - {'risk_scale': 1.0}
2025-11-06 16:46:06,980 - UltimateBot_V8 - INFO - Penalty: 0.0000 - {'risk_scale': 1.0}
2025-11-06 16:46:06,997 - UltimateBot_V8 - INFO - Penalty: 0.0000 - {'risk_scale': 1.0}
2025-11-06 16:46:07,014 - UltimateBot_V8 - INFO - Penalty: 0.0000 - {'risk_scale': 1.0}
2025-11-06 16:46:07,031 - UltimateBot_V8 - INFO - Penalty: 0.0000 - {'risk_scale': 1.0}
2025-11-06 16:46:07,048 - UltimateBot_V8 - INFO - Penalty: 0.0000 - {'risk_scale': 1.0}
2025-11-06 16:46:07,065 - UltimateBot_V8 - INFO - Penalty: 0.0000 - {'risk_scale': 1.0}
2025-11-06 16:46:07,082 - UltimateBot_V8 - INFO - Penalty: 0.0000 - {'risk_scale': 1.0}
2025-11-06 16:46:07,099 - UltimateBot_V8 - INFO - Penalty: 0.0000 - {'risk_scale': 1.0}
2025-11-06 16:46:07,117 - UltimateBot_V8 - INFO - Penalty: 0.0000 - {'risk_scale': 1.0}
2025-11-06 16:46:07,134 - UltimateBot_V8 - INFO - Penalty: 0.0000 - {'risk_scale': 1.0}
2025-11-06 16:46:07,151 - UltimateBot_V8 - INFO - Penalty: 0.0000 - {'risk_scale': 1.0}
2025-11-06 16:46:07,169 - UltimateBot_V8 - INFO - Penalty: 0.0000 - {'risk_scale': 1.0}
2025-11-06 16:46:07,186 - UltimateBot_V8 - INFO - Penalty: 0.0000 - {'risk_scale': 1.0}
2025-11-06 16:46:07,204 - UltimateBot_V8 - INFO - Penalty: 0.0000 - {'risk_scale': 1.0}
2025-11-06 16:46:07,221 - UltimateBot_V8 - INFO - Penalty: 0.0000 - {'risk_scale': 1.0}
2025-11-06 16:46:07,238 - UltimateBot_V8 - INFO - Penalty: 0.0000 - {'risk_scale': 1.0}
2025-11-06 16:46:07,256 - UltimateBot_V8 - INFO - Penalty: 0.0000 - {'risk_scale': 1.0}
2025-11-06 16:46:07,273 - UltimateBot_V8 - INFO - Penalty: 0.0000 - {'risk_scale': 1.0}
2025-11-06 16:46:07,291 - UltimateBot_V8 - INFO - Penalty: 0.0000 - {'risk_scale': 1.0}
2025-11-06 16:46:07,308 - UltimateBot_V8 - INFO - Penalty: 0.0000 - {'risk_scale': 1.0}
2025-11-06 16:46:07,325 - UltimateBot_V8 - INFO - Penalty: 0.0000 - {'risk_scale': 1.0}
2025-11-06 16:46:07,343 - UltimateBot_V8 - INFO - Penalty: 0.0000 - {'risk_scale': 1.0}
2025-11-06 16:46:07,360 - UltimateBot_V8 - INFO - Penalty: 0.0000 - {'risk_scale': 1.0}
2025-11-06 16:46:07,378 - UltimateBot_V8 - INFO - Penalty: 0.0000 - {'risk_scale': 1.0}
2025-11-06 16:46:07,395 - UltimateBot_V8 - INFO - Penalty: 0.0000 - {'risk_scale': 1.0}
2025-11-06 16:46:07,413 - UltimateBot_V8 - INFO - Penalty: 0.0000 - {'risk_scale': 1.0}
2025-11-06 16:46:07,430 - UltimateBot_V8 - INFO - Penalty: 0.0000 - {'risk_scale': 1.0}
2025-11-06 16:46:07,449 - UltimateBot_V8 - INFO - Penalty: 0.0000 - {'risk_scale': 1.0}
2025-11-06 16:46:07,468 - UltimateBot_V8 - INFO - Penalty: 0.0000 - {'risk_scale': 1.0}
2025-11-06 16:46:07,486 - UltimateBot_V8 - INFO - Penalty: 0.0000 - {'risk_scale': 1.0}
2025-11-06 16:46:07,504 - UltimateBot_V8 - INFO - Penalty: 0.0000 - {'risk_scale': 1.0}
2025-11-06 16:46:07,523 - UltimateBot_V8 - INFO - Penalty: 0.0000 - {'risk_scale': 1.0}
2025-11-06 16:46:07,541 - UltimateBot_V8 - INFO - Penalty: 0.0000 - {'risk_scale': 1.0}
2025-11-06 16:46:07,559 - UltimateBot_V8 - INFO - Penalty: 0.0000 - {'risk_scale': 1.0}
2025-11-06 16:46:07,577 - UltimateBot_V8 - INFO - Penalty: 0.0000 - {'risk_scale': 1.0}
2025-11-06 16:46:07,594 - UltimateBot_V8 - INFO - Penalty: 0.0000 - {'risk_scale': 1.0}
2025-11-06 16:46:07,595 - UltimateBot_V8 - INFO -   Step 800: Reward=529.1730, Balance=$25000.00
2025-11-06 16:46:07,612 - UltimateBot_V8 - INFO - Penalty: 0.0000 - {'risk_scale': 1.0}
2025-11-06 16:46:07,630 - UltimateBot_V8 - INFO - Penalty: 0.0000 - {'risk_scale': 1.0}
2025-11-06 16:46:07,648 - UltimateBot_V8 - INFO - Penalty: 0.0000 - {'risk_scale': 1.0}
2025-11-06 16:46:07,666 - UltimateBot_V8 - INFO - Penalty: 0.0000 - {'risk_scale': 1.0}
2025-11-06 16:46:07,685 - UltimateBot_V8 - INFO - Penalty: 0.0000 - {'risk_scale': 1.0}
2025-11-06 16:46:07,704 - UltimateBot_V8 - INFO - Penalty: 0.0000 - {'risk_scale': 1.0}
2025-11-06 16:46:07,723 - UltimateBot_V8 - INFO - Penalty: 0.0000 - {'risk_scale': 1.0}
2025-11-06 16:46:07,741 - UltimateBot_V8 - INFO - Penalty: 0.0000 - {'risk_scale': 1.0}
2025-11-06 16:46:07,760 - UltimateBot_V8 - INFO - Penalty: 0.0000 - {'risk_scale': 1.0}
2025-11-06 16:46:07,778 - UltimateBot_V8 - INFO - Penalty: 0.0000 - {'risk_scale': 1.0}
2025-11-06 16:46:07,796 - UltimateBot_V8 - INFO - Penalty: 0.0000 - {'risk_scale': 1.0}
2025-11-06 16:46:07,815 - UltimateBot_V8 - INFO - Penalty: 0.0000 - {'risk_scale': 1.0}
2025-11-06 16:46:07,833 - UltimateBot_V8 - INFO - Penalty: 0.0000 - {'risk_scale': 1.0}
2025-11-06 16:46:07,851 - UltimateBot_V8 - INFO - Penalty: 0.0000 - {'risk_scale': 1.0}
2025-11-06 16:46:07,869 - UltimateBot_V8 - INFO - Penalty: 0.0000 - {'risk_scale': 1.0}
2025-11-06 16:46:07,887 - UltimateBot_V8 - INFO - Penalty: 0.0000 - {'risk_scale': 1.0}
2025-11-06 16:46:07,905 - UltimateBot_V8 - INFO - Penalty: 0.0000 - {'risk_scale': 1.0}
2025-11-06 16:46:07,923 - UltimateBot_V8 - INFO - Penalty: 0.0000 - {'risk_scale': 1.0}
2025-11-06 16:46:07,942 - UltimateBot_V8 - INFO - Penalty: 0.0000 - {'risk_scale': 1.0}
2025-11-06 16:46:07,960 - UltimateBot_V8 - INFO - Penalty: 0.0000 - {'risk_scale': 1.0}
2025-11-06 16:46:07,978 - UltimateBot_V8 - INFO - Penalty: 0.0000 - {'risk_scale': 1.0}
2025-11-06 16:46:07,996 - UltimateBot_V8 - INFO - Penalty: 0.0000 - {'risk_scale': 1.0}
2025-11-06 16:46:08,014 - UltimateBot_V8 - INFO - Penalty: 0.0000 - {'risk_scale': 1.0}
2025-11-06 16:46:08,032 - UltimateBot_V8 - INFO - Penalty: 0.0000 - {'risk_scale': 1.0}
2025-11-06 16:46:08,051 - UltimateBot_V8 - INFO - Penalty: 0.0000 - {'risk_scale': 1.0}
2025-11-06 16:46:08,069 - UltimateBot_V8 - INFO - Penalty: 0.0000 - {'risk_scale': 1.0}
2025-11-06 16:46:08,087 - UltimateBot_V8 - INFO - Penalty: 0.0000 - {'risk_scale': 1.0}
2025-11-06 16:46:08,105 - UltimateBot_V8 - INFO - Penalty: 0.0000 - {'risk_scale': 1.0}
2025-11-06 16:46:08,124 - UltimateBot_V8 - INFO - Penalty: 0.0000 - {'risk_scale': 1.0}
2025-11-06 16:46:08,143 - UltimateBot_V8 - INFO - Penalty: 0.0000 - {'risk_scale': 1.0}
2025-11-06 16:46:08,161 - UltimateBot_V8 - INFO - Penalty: 0.0000 - {'risk_scale': 1.0}
2025-11-06 16:46:08,180 - UltimateBot_V8 - INFO - Penalty: 0.0000 - {'risk_scale': 1.0}
2025-11-06 16:46:08,198 - UltimateBot_V8 - INFO - Penalty: 0.0000 - {'risk_scale': 1.0}
2025-11-06 16:46:08,217 - UltimateBot_V8 - INFO - Penalty: 0.0000 - {'risk_scale': 1.0}
2025-11-06 16:46:08,236 - UltimateBot_V8 - INFO - Penalty: 0.0000 - {'risk_scale': 1.0}
2025-11-06 16:46:08,255 - UltimateBot_V8 - INFO - Penalty: 0.0000 - {'risk_scale': 1.0}
2025-11-06 16:46:08,273 - UltimateBot_V8 - INFO - Penalty: 0.0000 - {'risk_scale': 1.0}
2025-11-06 16:46:08,292 - UltimateBot_V8 - INFO - Penalty: 0.0000 - {'risk_scale': 1.0}
2025-11-06 16:46:08,310 - UltimateBot_V8 - INFO - Penalty: 0.0000 - {'risk_scale': 1.0}
2025-11-06 16:46:08,329 - UltimateBot_V8 - INFO - Penalty: 0.0000 - {'risk_scale': 1.0}
2025-11-06 16:46:08,348 - UltimateBot_V8 - INFO - Penalty: 0.0000 - {'risk_scale': 1.0}
2025-11-06 16:46:08,367 - UltimateBot_V8 - INFO - Penalty: 0.0000 - {'risk_scale': 1.0}
2025-11-06 16:46:08,385 - UltimateBot_V8 - INFO - Penalty: 0.0000 - {'risk_scale': 1.0}
2025-11-06 16:46:08,404 - UltimateBot_V8 - INFO - Penalty: 0.0000 - {'risk_scale': 1.0}
2025-11-06 16:46:08,422 - UltimateBot_V8 - INFO - Penalty: 0.0000 - {'risk_scale': 1.0}
2025-11-06 16:46:08,441 - UltimateBot_V8 - INFO - Penalty: 0.0000 - {'risk_scale': 1.0}
2025-11-06 16:46:08,460 - UltimateBot_V8 - INFO - Penalty: 0.0000 - {'risk_scale': 1.0}
2025-11-06 16:46:08,481 - UltimateBot_V8 - INFO - Penalty: 0.0000 - {'risk_scale': 1.0}
2025-11-06 16:46:08,500 - UltimateBot_V8 - INFO - Penalty: 0.0000 - {'risk_scale': 1.0}
2025-11-06 16:46:08,519 - UltimateBot_V8 - INFO - Penalty: 0.0000 - {'risk_scale': 1.0}
2025-11-06 16:46:08,539 - UltimateBot_V8 - INFO - Penalty: 0.0000 - {'risk_scale': 1.0}
2025-11-06 16:46:08,558 - UltimateBot_V8 - INFO - Penalty: 0.0000 - {'risk_scale': 1.0}
2025-11-06 16:46:08,576 - UltimateBot_V8 - INFO - Penalty: 0.0000 - {'risk_scale': 1.0}
2025-11-06 16:46:08,595 - UltimateBot_V8 - INFO - Penalty: 0.0000 - {'risk_scale': 1.0}
2025-11-06 16:46:08,615 - UltimateBot_V8 - INFO - Penalty: 0.0000 - {'risk_scale': 1.0}
2025-11-06 16:46:08,633 - UltimateBot_V8 - INFO - Penalty: 0.0000 - {'risk_scale': 1.0}
2025-11-06 16:46:08,653 - UltimateBot_V8 - INFO - Penalty: 0.0000 - {'risk_scale': 1.0}
2025-11-06 16:46:08,672 - UltimateBot_V8 - INFO - Penalty: 0.0000 - {'risk_scale': 1.0}
2025-11-06 16:46:08,691 - UltimateBot_V8 - INFO - Penalty: 0.0000 - {'risk_scale': 1.0}
2025-11-06 16:46:08,710 - UltimateBot_V8 - INFO - Penalty: 0.0000 - {'risk_scale': 1.0}
2025-11-06 16:46:08,729 - UltimateBot_V8 - INFO - Penalty: 0.0000 - {'risk_scale': 1.0}
2025-11-06 16:46:08,748 - UltimateBot_V8 - INFO - Penalty: 0.0000 - {'risk_scale': 1.0}
2025-11-06 16:46:08,767 - UltimateBot_V8 - INFO - Penalty: 0.0000 - {'risk_scale': 1.0}
2025-11-06 16:46:08,786 - UltimateBot_V8 - INFO - Penalty: 0.0000 - {'risk_scale': 1.0}
2025-11-06 16:46:08,805 - UltimateBot_V8 - INFO - Penalty: 0.0000 - {'risk_scale': 1.0}
2025-11-06 16:46:08,825 - UltimateBot_V8 - INFO - Penalty: 0.0000 - {'risk_scale': 1.0}
2025-11-06 16:46:08,844 - UltimateBot_V8 - INFO - Penalty: 0.0000 - {'risk_scale': 1.0}
2025-11-06 16:46:08,863 - UltimateBot_V8 - INFO - Penalty: 0.0000 - {'risk_scale': 1.0}
2025-11-06 16:46:08,883 - UltimateBot_V8 - INFO - Penalty: 0.0000 - {'risk_scale': 1.0}
2025-11-06 16:46:08,902 - UltimateBot_V8 - INFO - Penalty: 0.0000 - {'risk_scale': 1.0}
2025-11-06 16:46:08,921 - UltimateBot_V8 - INFO - Penalty: 0.0000 - {'risk_scale': 1.0}
2025-11-06 16:46:08,940 - UltimateBot_V8 - INFO - Penalty: 0.0000 - {'risk_scale': 1.0}
2025-11-06 16:46:08,959 - UltimateBot_V8 - INFO - Penalty: 0.0000 - {'risk_scale': 1.0}
2025-11-06 16:46:08,979 - UltimateBot_V8 - INFO - Penalty: 0.0000 - {'risk_scale': 1.0}
2025-11-06 16:46:08,998 - UltimateBot_V8 - INFO - Penalty: 0.0000 - {'risk_scale': 1.0}
2025-11-06 16:46:09,017 - UltimateBot_V8 - INFO - Penalty: 0.0000 - {'risk_scale': 1.0}
2025-11-06 16:46:09,036 - UltimateBot_V8 - INFO - Penalty: 0.0000 - {'risk_scale': 1.0}
2025-11-06 16:46:09,056 - UltimateBot_V8 - INFO - Penalty: 0.0000 - {'risk_scale': 1.0}
2025-11-06 16:46:09,075 - UltimateBot_V8 - INFO - Penalty: 0.0000 - {'risk_scale': 1.0}
2025-11-06 16:46:09,095 - UltimateBot_V8 - INFO - Penalty: 0.0000 - {'risk_scale': 1.0}
2025-11-06 16:46:09,114 - UltimateBot_V8 - INFO - Penalty: 0.0000 - {'risk_scale': 1.0}
2025-11-06 16:46:09,134 - UltimateBot_V8 - INFO - Penalty: 0.0000 - {'risk_scale': 1.0}
2025-11-06 16:46:09,153 - UltimateBot_V8 - INFO - Penalty: 0.0000 - {'risk_scale': 1.0}
2025-11-06 16:46:09,173 - UltimateBot_V8 - INFO - Penalty: 0.0000 - {'risk_scale': 1.0}
2025-11-06 16:46:09,192 - UltimateBot_V8 - INFO - Penalty: 0.0000 - {'risk_scale': 1.0}
2025-11-06 16:46:09,212 - UltimateBot_V8 - INFO - Penalty: 0.0000 - {'risk_scale': 1.0}
2025-11-06 16:46:09,232 - UltimateBot_V8 - INFO - Penalty: 0.0000 - {'risk_scale': 1.0}
2025-11-06 16:46:09,251 - UltimateBot_V8 - INFO - Penalty: 0.0000 - {'risk_scale': 1.0}
2025-11-06 16:46:09,271 - UltimateBot_V8 - INFO - Penalty: 0.0000 - {'risk_scale': 1.0}
2025-11-06 16:46:09,291 - UltimateBot_V8 - INFO - Penalty: 0.0000 - {'risk_scale': 1.0}
2025-11-06 16:46:09,310 - UltimateBot_V8 - INFO - Penalty: 0.0000 - {'risk_scale': 1.0}
2025-11-06 16:46:09,330 - UltimateBot_V8 - INFO - Penalty: 0.0000 - {'risk_scale': 1.0}
2025-11-06 16:46:09,350 - UltimateBot_V8 - INFO - Penalty: 0.0000 - {'risk_scale': 1.0}
2025-11-06 16:46:09,369 - UltimateBot_V8 - INFO - Penalty: 0.0000 - {'risk_scale': 1.0}
2025-11-06 16:46:09,389 - UltimateBot_V8 - INFO - Penalty: 0.0000 - {'risk_scale': 1.0}
2025-11-06 16:46:09,409 - UltimateBot_V8 - INFO - Penalty: 0.0000 - {'risk_scale': 1.0}
2025-11-06 16:46:09,429 - UltimateBot_V8 - INFO - Penalty: 0.0000 - {'risk_scale': 1.0}
2025-11-06 16:46:09,449 - UltimateBot_V8 - INFO - Penalty: 0.0000 - {'risk_scale': 1.0}
2025-11-06 16:46:09,469 - UltimateBot_V8 - INFO - Penalty: 0.0000 - {'risk_scale': 1.0}
2025-11-06 16:46:09,489 - UltimateBot_V8 - INFO - Penalty: 0.0000 - {'risk_scale': 1.0}
2025-11-06 16:46:09,489 - UltimateBot_V8 - INFO -   Step 900: Reward=634.3032, Balance=$25000.00
2025-11-06 16:46:09,509 - UltimateBot_V8 - INFO - Penalty: 0.0000 - {'risk_scale': 1.0}
2025-11-06 16:46:09,529 - UltimateBot_V8 - INFO - Penalty: 0.0000 - {'risk_scale': 1.0}
2025-11-06 16:46:09,549 - UltimateBot_V8 - INFO - Penalty: 0.0000 - {'risk_scale': 1.0}
2025-11-06 16:46:09,569 - UltimateBot_V8 - INFO - Penalty: 0.0000 - {'risk_scale': 1.0}
2025-11-06 16:46:09,589 - UltimateBot_V8 - INFO - Penalty: 0.0000 - {'risk_scale': 1.0}
2025-11-06 16:46:09,609 - UltimateBot_V8 - INFO - Penalty: 0.0000 - {'risk_scale': 1.0}
2025-11-06 16:46:09,629 - UltimateBot_V8 - INFO - Penalty: 0.0000 - {'risk_scale': 1.0}
2025-11-06 16:46:09,650 - UltimateBot_V8 - INFO - Penalty: 0.0000 - {'risk_scale': 1.0}
2025-11-06 16:46:09,670 - UltimateBot_V8 - INFO - Penalty: 0.0000 - {'risk_scale': 1.0}
2025-11-06 16:46:09,691 - UltimateBot_V8 - INFO - Penalty: 0.0000 - {'risk_scale': 1.0}
2025-11-06 16:46:09,712 - UltimateBot_V8 - INFO - Penalty: 0.0000 - {'risk_scale': 1.0}
2025-11-06 16:46:09,732 - UltimateBot_V8 - INFO - Penalty: 0.0000 - {'risk_scale': 1.0}
2025-11-06 16:46:09,753 - UltimateBot_V8 - INFO - Penalty: 0.0000 - {'risk_scale': 1.0}
2025-11-06 16:46:09,773 - UltimateBot_V8 - INFO - Penalty: 0.0000 - {'risk_scale': 1.0}
2025-11-06 16:46:09,794 - UltimateBot_V8 - INFO - Penalty: 0.0000 - {'risk_scale': 1.0}
2025-11-06 16:46:09,814 - UltimateBot_V8 - INFO - Penalty: 0.0000 - {'risk_scale': 1.0}
2025-11-06 16:46:09,834 - UltimateBot_V8 - INFO - Penalty: 0.0000 - {'risk_scale': 1.0}
2025-11-06 16:46:09,854 - UltimateBot_V8 - INFO - Penalty: 0.0000 - {'risk_scale': 1.0}
2025-11-06 16:46:09,874 - UltimateBot_V8 - INFO - Penalty: 0.0000 - {'risk_scale': 1.0}
2025-11-06 16:46:09,895 - UltimateBot_V8 - INFO - Penalty: 0.0000 - {'risk_scale': 1.0}
2025-11-06 16:46:09,915 - UltimateBot_V8 - INFO - Penalty: 0.0000 - {'risk_scale': 1.0}
2025-11-06 16:46:09,935 - UltimateBot_V8 - INFO - Penalty: 0.0000 - {'risk_scale': 1.0}
2025-11-06 16:46:09,958 - UltimateBot_V8 - INFO - Penalty: 0.0000 - {'risk_scale': 1.0}
2025-11-06 16:46:09,979 - UltimateBot_V8 - INFO - Penalty: 0.0000 - {'risk_scale': 1.0}
2025-11-06 16:46:10,000 - UltimateBot_V8 - INFO - Penalty: 0.0000 - {'risk_scale': 1.0}
2025-11-06 16:46:10,021 - UltimateBot_V8 - INFO - Penalty: 0.0000 - {'risk_scale': 1.0}
2025-11-06 16:46:10,041 - UltimateBot_V8 - INFO - Penalty: 0.0000 - {'risk_scale': 1.0}
2025-11-06 16:46:10,062 - UltimateBot_V8 - INFO - Penalty: 0.0000 - {'risk_scale': 1.0}
2025-11-06 16:46:10,082 - UltimateBot_V8 - INFO - Penalty: 0.0000 - {'risk_scale': 1.0}
2025-11-06 16:46:10,103 - UltimateBot_V8 - INFO - Penalty: 0.0000 - {'risk_scale': 1.0}
2025-11-06 16:46:10,123 - UltimateBot_V8 - INFO - Penalty: 0.0000 - {'risk_scale': 1.0}
2025-11-06 16:46:10,144 - UltimateBot_V8 - INFO - Penalty: 0.0000 - {'risk_scale': 1.0}
2025-11-06 16:46:10,164 - UltimateBot_V8 - INFO - Penalty: 0.0000 - {'risk_scale': 1.0}
2025-11-06 16:46:10,185 - UltimateBot_V8 - INFO - Penalty: 0.0000 - {'risk_scale': 1.0}
2025-11-06 16:46:10,206 - UltimateBot_V8 - INFO - Penalty: 0.0000 - {'risk_scale': 1.0}
2025-11-06 16:46:10,227 - UltimateBot_V8 - INFO - Penalty: 0.0000 - {'risk_scale': 1.0}
2025-11-06 16:46:10,248 - UltimateBot_V8 - INFO - Penalty: 0.0000 - {'risk_scale': 1.0}
2025-11-06 16:46:10,269 - UltimateBot_V8 - INFO - Penalty: 0.0000 - {'risk_scale': 1.0}
2025-11-06 16:46:10,290 - UltimateBot_V8 - INFO - Penalty: 0.0000 - {'risk_scale': 1.0}
2025-11-06 16:46:10,311 - UltimateBot_V8 - INFO - Penalty: 0.0000 - {'risk_scale': 1.0}
2025-11-06 16:46:10,332 - UltimateBot_V8 - INFO - Penalty: 0.0000 - {'risk_scale': 1.0}
2025-11-06 16:46:10,352 - UltimateBot_V8 - INFO - Penalty: 0.0000 - {'risk_scale': 1.0}
2025-11-06 16:46:10,373 - UltimateBot_V8 - INFO - Penalty: 0.0000 - {'risk_scale': 1.0}
2025-11-06 16:46:10,394 - UltimateBot_V8 - INFO - Penalty: 0.0000 - {'risk_scale': 1.0}
2025-11-06 16:46:10,415 - UltimateBot_V8 - INFO - Penalty: 0.0000 - {'risk_scale': 1.0}
2025-11-06 16:46:10,436 - UltimateBot_V8 - INFO - Penalty: 0.0000 - {'risk_scale': 1.0}
2025-11-06 16:46:10,458 - UltimateBot_V8 - INFO - Penalty: 0.0000 - {'risk_scale': 1.0}
2025-11-06 16:46:10,479 - UltimateBot_V8 - INFO - Penalty: 0.0000 - {'risk_scale': 1.0}
2025-11-06 16:46:10,500 - UltimateBot_V8 - INFO - Penalty: 0.0000 - {'risk_scale': 1.0}
2025-11-06 16:46:10,521 - UltimateBot_V8 - INFO - Penalty: 0.0000 - {'risk_scale': 1.0}
2025-11-06 16:46:10,543 - UltimateBot_V8 - INFO - Penalty: 0.0000 - {'risk_scale': 1.0}
2025-11-06 16:46:10,564 - UltimateBot_V8 - INFO - Penalty: 0.0000 - {'risk_scale': 1.0}
2025-11-06 16:46:10,585 - UltimateBot_V8 - INFO - Penalty: 0.0000 - {'risk_scale': 1.0}
2025-11-06 16:46:10,606 - UltimateBot_V8 - INFO - Penalty: 0.0000 - {'risk_scale': 1.0}
2025-11-06 16:46:10,627 - UltimateBot_V8 - INFO - Penalty: 0.0000 - {'risk_scale': 1.0}
2025-11-06 16:46:10,649 - UltimateBot_V8 - INFO - Penalty: 0.0000 - {'risk_scale': 1.0}
2025-11-06 16:46:10,670 - UltimateBot_V8 - INFO - Penalty: 0.0000 - {'risk_scale': 1.0}
2025-11-06 16:46:10,691 - UltimateBot_V8 - INFO - Penalty: 0.0000 - {'risk_scale': 1.0}
2025-11-06 16:46:10,712 - UltimateBot_V8 - INFO - Penalty: 0.0000 - {'risk_scale': 1.0}
2025-11-06 16:46:10,734 - UltimateBot_V8 - INFO - Penalty: 0.0000 - {'risk_scale': 1.0}
2025-11-06 16:46:10,755 - UltimateBot_V8 - INFO - Penalty: 0.0000 - {'risk_scale': 1.0}
2025-11-06 16:46:10,776 - UltimateBot_V8 - INFO - Penalty: 0.0000 - {'risk_scale': 1.0}
2025-11-06 16:46:10,797 - UltimateBot_V8 - INFO - Penalty: 0.0000 - {'risk_scale': 1.0}
2025-11-06 16:46:10,818 - UltimateBot_V8 - INFO - Penalty: 0.0000 - {'risk_scale': 1.0}
2025-11-06 16:46:10,840 - UltimateBot_V8 - INFO - Penalty: 0.0000 - {'risk_scale': 1.0}
2025-11-06 16:46:10,861 - UltimateBot_V8 - INFO - Penalty: 0.0000 - {'risk_scale': 1.0}
2025-11-06 16:46:10,882 - UltimateBot_V8 - INFO - Penalty: 0.0000 - {'risk_scale': 1.0}
2025-11-06 16:46:10,904 - UltimateBot_V8 - INFO - Penalty: 0.0000 - {'risk_scale': 1.0}
2025-11-06 16:46:10,925 - UltimateBot_V8 - INFO - Penalty: 0.0000 - {'risk_scale': 1.0}
2025-11-06 16:46:10,946 - UltimateBot_V8 - INFO - Penalty: 0.0000 - {'risk_scale': 1.0}
2025-11-06 16:46:10,968 - UltimateBot_V8 - INFO - Penalty: 0.0000 - {'risk_scale': 1.0}
2025-11-06 16:46:10,989 - UltimateBot_V8 - INFO - Penalty: 0.0000 - {'risk_scale': 1.0}
2025-11-06 16:46:11,010 - UltimateBot_V8 - INFO - Penalty: 0.0000 - {'risk_scale': 1.0}
2025-11-06 16:46:11,032 - UltimateBot_V8 - INFO - Penalty: 0.0000 - {'risk_scale': 1.0}
2025-11-06 16:46:11,053 - UltimateBot_V8 - INFO - Penalty: 0.0000 - {'risk_scale': 1.0}
2025-11-06 16:46:11,074 - UltimateBot_V8 - INFO - Penalty: 0.0000 - {'risk_scale': 1.0}
2025-11-06 16:46:11,096 - UltimateBot_V8 - INFO - Penalty: 0.0000 - {'risk_scale': 1.0}
2025-11-06 16:46:11,117 - UltimateBot_V8 - INFO - Penalty: 0.0000 - {'risk_scale': 1.0}
2025-11-06 16:46:11,139 - UltimateBot_V8 - INFO - Penalty: 0.0000 - {'risk_scale': 1.0}
2025-11-06 16:46:11,160 - UltimateBot_V8 - INFO - Penalty: 0.0000 - {'risk_scale': 1.0}
2025-11-06 16:46:11,182 - UltimateBot_V8 - INFO - Penalty: 0.0000 - {'risk_scale': 1.0}
2025-11-06 16:46:11,203 - UltimateBot_V8 - INFO - Penalty: 0.0000 - {'risk_scale': 1.0}
2025-11-06 16:46:11,225 - UltimateBot_V8 - INFO - Penalty: 0.0000 - {'risk_scale': 1.0}
2025-11-06 16:46:11,247 - UltimateBot_V8 - INFO - Penalty: 0.0000 - {'risk_scale': 1.0}
2025-11-06 16:46:11,268 - UltimateBot_V8 - INFO - Penalty: 0.0000 - {'risk_scale': 1.0}
2025-11-06 16:46:11,290 - UltimateBot_V8 - INFO - Penalty: 0.0000 - {'risk_scale': 1.0}
2025-11-06 16:46:11,311 - UltimateBot_V8 - INFO - Penalty: 0.0000 - {'risk_scale': 1.0}
2025-11-06 16:46:11,333 - UltimateBot_V8 - INFO - Penalty: 0.0000 - {'risk_scale': 1.0}
2025-11-06 16:46:11,355 - UltimateBot_V8 - INFO - Penalty: 0.0000 - {'risk_scale': 1.0}
2025-11-06 16:46:11,377 - UltimateBot_V8 - INFO - Penalty: 0.0000 - {'risk_scale': 1.0}
2025-11-06 16:46:11,398 - UltimateBot_V8 - INFO - Penalty: 0.0000 - {'risk_scale': 1.0}
2025-11-06 16:46:11,420 - UltimateBot_V8 - INFO - Penalty: 0.0000 - {'risk_scale': 1.0}
2025-11-06 16:46:11,442 - UltimateBot_V8 - INFO - Penalty: 0.0000 - {'risk_scale': 1.0}
2025-11-06 16:46:11,464 - UltimateBot_V8 - INFO - Penalty: 0.0000 - {'risk_scale': 1.0}
2025-11-06 16:46:11,486 - UltimateBot_V8 - INFO - Penalty: 0.0000 - {'risk_scale': 1.0}
2025-11-06 16:46:11,508 - UltimateBot_V8 - INFO - Penalty: 0.0000 - {'risk_scale': 1.0}
2025-11-06 16:46:11,530 - UltimateBot_V8 - INFO - Penalty: 0.0000 - {'risk_scale': 1.0}
2025-11-06 16:46:11,552 - UltimateBot_V8 - INFO - Penalty: 0.0000 - {'risk_scale': 1.0}
2025-11-06 16:46:11,574 - UltimateBot_V8 - INFO - Penalty: 0.0000 - {'risk_scale': 1.0}
2025-11-06 16:46:11,574 - UltimateBot_V8 - INFO -   Step 1000: Reward=727.4409, Balance=$0.00
2025-11-06 16:46:11,574 - UltimateBot_V8 - INFO - ✅ Episode 1 complete: Reward=727.4409
2025-11-06 16:46:11,574 - UltimateBot_V8 - INFO - 
📊 Backtest Summary:
2025-11-06 16:46:11,574 - UltimateBot_V8 - INFO -    Episodes: 1
2025-11-06 16:46:11,574 - UltimateBot_V8 - INFO -    Avg Reward: 727.4409
2025-11-06 16:46:11,574 - UltimateBot_V8 - INFO -    Std Reward: 0.0000
2025-11-06 16:46:11,574 - UltimateBot_V8 - INFO - 
======================================================================
2025-11-06 16:46:11,574 - UltimateBot_V8 - INFO - ✅ V8 SYSTEM COMPLETED
2025-11-06 16:46:11,574 - UltimateBot_V8 - INFO - ======================================================================
