2025-11-07 20:02:43,360 - UltimateBot_V8 - INFO - 🚀 UltimateTradingSystemV8 initialized (PPO: True)
2025-11-07 20:02:43,360 - UltimateBot_V8 - INFO - 📂 Loading data: 2020-2024
2025-11-07 20:02:43,360 - DataManagerV8 - INFO - 📂 DataManagerV8 initialized with data_dir: /Users/serkanozturk/Desktop/JTTWS/data
2025-11-07 20:02:43,361 - DataManagerV8 - INFO - 📥 Loading EURUSD data (2020-01-01 to 2024-12-31)...
2025-11-07 20:02:43,361 - DataManagerV8 - INFO - 📂 Found 8 CSV files for EURUSD
2025-11-07 20:02:43,953 - DataManagerV8 - INFO - ✅ Loaded 165489 rows for EURUSD from /Users/serkanozturk/Desktop/JTTWS/data/EURUSD2003-2024
2025-11-07 20:02:43,953 - UltimateBot_V8 - INFO -   ✓ EURUSD: 165489 bars
2025-11-07 20:02:43,953 - DataManagerV8 - INFO - 📥 Loading GBPUSD data (2020-01-01 to 2024-12-31)...
2025-11-07 20:02:43,954 - DataManagerV8 - INFO - 📂 Found 8 CSV files for GBPUSD
2025-11-07 20:02:44,543 - DataManagerV8 - INFO - ✅ Loaded 164529 rows for GBPUSD from /Users/serkanozturk/Desktop/JTTWS/data/GBPUSD2003-2024
2025-11-07 20:02:44,544 - UltimateBot_V8 - INFO -   ✓ GBPUSD: 164529 bars
2025-11-07 20:02:44,544 - DataManagerV8 - INFO - 📥 Loading USDJPY data (2020-01-01 to 2024-12-31)...
2025-11-07 20:02:44,545 - DataManagerV8 - INFO - 📂 Found 8 CSV files for USDJPY
2025-11-07 20:02:45,107 - DataManagerV8 - INFO - ✅ Loaded 175297 rows for USDJPY from /Users/serkanozturk/Desktop/JTTWS/data/USDJPY2003-2024
2025-11-07 20:02:45,108 - UltimateBot_V8 - INFO -   ✓ USDJPY: 175297 bars
2025-11-07 20:02:45,108 - UltimateBot_V8 - INFO - ✅ Data loaded: 3 symbols
2025-11-07 20:02:45,108 - UltimateBot_V8 - INFO - 📊 Running backtest: 1 episodes
2025-11-07 20:02:45,108 - RightsManager - INFO - Rights initialized: {'USDJPY': 25, 'EURUSD': 21, 'GBPUSD': 18}
2025-11-07 20:02:45,108 - TelegramReporter - INFO - ✅ Telegram enabled
2025-11-07 20:02:45,113 - WeeklyRangeLearner - INFO - ✅ EURUSD weekly: 1117 weeks, p95=452.5 pips
2025-11-07 20:02:45,117 - WeeklyRangeLearner - INFO - ✅ GBPUSD weekly: 1117 weeks, p95=542.9 pips
2025-11-07 20:02:45,120 - WeeklyRangeLearner - INFO - ✅ USDJPY weekly: 1117 weeks, p95=455.5 pips
2025-11-07 20:02:45,120 - UltimateBot_V8 - INFO - ✅ RewardShaper initialized
2025-11-07 20:02:45,120 - UltimateBot_V8 - INFO - 🌍 TradingEnvironmentV8 initialized: 3 symbols, $25000.0
2025-11-07 20:02:45,653 - UltimateBot_V8 - INFO - 
📈 Episode 1/1
2025-11-07 20:02:45,663 - UltimateBot_V8 - INFO - Penalty: 0.0000 - {'risk_scale': 1.0}
2025-11-07 20:02:45,664 - UltimateBot_V8 - INFO - Penalty: 0.0000 - {'risk_scale': 1.0}
2025-11-07 20:02:45,664 - UltimateBot_V8 - INFO - Penalty: 0.0000 - {'risk_scale': 1.0}
2025-11-07 20:02:45,664 - UltimateBot_V8 - INFO - Penalty: 0.0000 - {'risk_scale': 1.0}
2025-11-07 20:02:45,665 - UltimateBot_V8 - INFO - Penalty: 0.0000 - {'risk_scale': 1.0}
2025-11-07 20:02:45,665 - UltimateBot_V8 - INFO - Penalty: 0.0000 - {'risk_scale': 1.0}
2025-11-07 20:02:45,666 - UltimateBot_V8 - INFO - Penalty: 0.0000 - {'risk_scale': 1.0}
2025-11-07 20:02:45,666 - UltimateBot_V8 - INFO - Penalty: 0.0000 - {'risk_scale': 1.0}
2025-11-07 20:02:45,666 - UltimateBot_V8 - INFO - Penalty: 0.0000 - {'risk_scale': 1.0}
2025-11-07 20:02:45,667 - UltimateBot_V8 - INFO - Penalty: 0.0000 - {'risk_scale': 1.0}
2025-11-07 20:02:45,667 - UltimateBot_V8 - INFO - Penalty: 0.0000 - {'risk_scale': 1.0}
2025-11-07 20:02:45,668 - UltimateBot_V8 - INFO - Penalty: 0.0000 - {'risk_scale': 1.0}
2025-11-07 20:02:45,668 - UltimateBot_V8 - INFO - Penalty: 0.0000 - {'risk_scale': 1.0}
2025-11-07 20:02:45,669 - UltimateBot_V8 - INFO - Penalty: 0.0000 - {'risk_scale': 1.0}
2025-11-07 20:02:45,669 - UltimateBot_V8 - INFO - Penalty: 0.0000 - {'risk_scale': 1.0}
2025-11-07 20:02:45,670 - UltimateBot_V8 - INFO - Penalty: 0.0000 - {'risk_scale': 1.0}
2025-11-07 20:02:45,670 - UltimateBot_V8 - INFO - Penalty: 0.0000 - {'risk_scale': 1.0}
2025-11-07 20:02:45,671 - UltimateBot_V8 - INFO - Penalty: 0.0000 - {'risk_scale': 1.0}
2025-11-07 20:02:45,671 - UltimateBot_V8 - INFO - Penalty: 0.0000 - {'risk_scale': 1.0}
2025-11-07 20:02:45,672 - UltimateBot_V8 - INFO - Penalty: 0.0000 - {'risk_scale': 1.0}
2025-11-07 20:02:45,672 - UltimateBot_V8 - INFO - Penalty: 0.0000 - {'risk_scale': 1.0}
2025-11-07 20:02:45,673 - UltimateBot_V8 - INFO - Penalty: 0.0000 - {'risk_scale': 1.0}
2025-11-07 20:02:45,674 - UltimateBot_V8 - INFO - Penalty: 0.0000 - {'risk_scale': 1.0}
2025-11-07 20:02:45,674 - UltimateBot_V8 - INFO - Penalty: 0.0000 - {'risk_scale': 1.0}
2025-11-07 20:02:45,675 - UltimateBot_V8 - INFO - Penalty: 0.0000 - {'risk_scale': 1.0}
2025-11-07 20:02:45,676 - UltimateBot_V8 - INFO - Penalty: 0.0000 - {'risk_scale': 1.0}
2025-11-07 20:02:45,676 - UltimateBot_V8 - INFO - Penalty: 0.0000 - {'risk_scale': 1.0}
2025-11-07 20:02:45,677 - UltimateBot_V8 - INFO - Penalty: 0.0000 - {'risk_scale': 1.0}
2025-11-07 20:02:45,678 - UltimateBot_V8 - INFO - Penalty: 0.0000 - {'risk_scale': 1.0}
2025-11-07 20:02:45,678 - UltimateBot_V8 - INFO - Penalty: 0.0000 - {'risk_scale': 1.0}
2025-11-07 20:02:45,679 - UltimateBot_V8 - INFO - Penalty: 0.0000 - {'risk_scale': 1.0}
2025-11-07 20:02:45,680 - UltimateBot_V8 - INFO - Penalty: 0.0000 - {'risk_scale': 1.0}
2025-11-07 20:02:45,681 - UltimateBot_V8 - INFO - Penalty: 0.0000 - {'risk_scale': 1.0}
2025-11-07 20:02:45,681 - UltimateBot_V8 - INFO - Penalty: 0.0000 - {'risk_scale': 1.0}
2025-11-07 20:02:45,682 - UltimateBot_V8 - INFO - Penalty: 0.0000 - {'risk_scale': 1.0}
2025-11-07 20:02:45,683 - UltimateBot_V8 - INFO - Penalty: 0.0000 - {'risk_scale': 1.0}
2025-11-07 20:02:45,684 - UltimateBot_V8 - INFO - Penalty: 0.0000 - {'risk_scale': 1.0}
2025-11-07 20:02:45,685 - UltimateBot_V8 - INFO - Penalty: 0.0000 - {'risk_scale': 1.0}
2025-11-07 20:02:45,685 - UltimateBot_V8 - INFO - Penalty: 0.0000 - {'risk_scale': 1.0}
2025-11-07 20:02:45,686 - UltimateBot_V8 - INFO - Penalty: 0.0000 - {'risk_scale': 1.0}
2025-11-07 20:02:45,687 - UltimateBot_V8 - INFO - Penalty: 0.0000 - {'risk_scale': 1.0}
2025-11-07 20:02:45,688 - UltimateBot_V8 - INFO - Penalty: 0.0000 - {'risk_scale': 1.0}
2025-11-07 20:02:45,689 - UltimateBot_V8 - INFO - Penalty: 0.0000 - {'risk_scale': 1.0}
2025-11-07 20:02:45,690 - UltimateBot_V8 - INFO - Penalty: 0.0000 - {'risk_scale': 1.0}
2025-11-07 20:02:45,691 - UltimateBot_V8 - INFO - Penalty: 0.0000 - {'risk_scale': 1.0}
2025-11-07 20:02:45,692 - UltimateBot_V8 - INFO - Penalty: 0.0000 - {'risk_scale': 1.0}
2025-11-07 20:02:45,693 - UltimateBot_V8 - INFO - Penalty: 0.0000 - {'risk_scale': 1.0}
2025-11-07 20:02:45,694 - UltimateBot_V8 - INFO - Penalty: 0.0000 - {'risk_scale': 1.0}
2025-11-07 20:02:45,695 - UltimateBot_V8 - INFO - Penalty: 0.0000 - {'risk_scale': 1.0}
2025-11-07 20:02:45,696 - UltimateBot_V8 - INFO - Penalty: 0.0000 - {'risk_scale': 1.0}
2025-11-07 20:02:45,697 - UltimateBot_V8 - INFO - Penalty: 0.0000 - {'risk_scale': 1.0}
2025-11-07 20:02:45,698 - UltimateBot_V8 - INFO - Penalty: 0.0000 - {'risk_scale': 1.0}
2025-11-07 20:02:45,699 - UltimateBot_V8 - INFO - Penalty: 0.0000 - {'risk_scale': 1.0}
2025-11-07 20:02:45,700 - UltimateBot_V8 - INFO - Penalty: 0.0000 - {'risk_scale': 1.0}
2025-11-07 20:02:45,702 - UltimateBot_V8 - INFO - Penalty: 0.0000 - {'risk_scale': 1.0}
2025-11-07 20:02:45,703 - UltimateBot_V8 - INFO - Penalty: 0.0000 - {'risk_scale': 1.0}
2025-11-07 20:02:45,704 - UltimateBot_V8 - INFO - Penalty: 0.0000 - {'risk_scale': 1.0}
2025-11-07 20:02:45,705 - UltimateBot_V8 - INFO - Penalty: 0.0000 - {'risk_scale': 1.0}
2025-11-07 20:02:45,706 - UltimateBot_V8 - INFO - Penalty: 0.0000 - {'risk_scale': 1.0}
2025-11-07 20:02:45,707 - UltimateBot_V8 - INFO - Penalty: 0.0000 - {'risk_scale': 1.0}
2025-11-07 20:02:45,709 - UltimateBot_V8 - INFO - Penalty: 0.0000 - {'risk_scale': 1.0}
2025-11-07 20:02:45,710 - UltimateBot_V8 - INFO - Penalty: 0.0000 - {'risk_scale': 1.0}
2025-11-07 20:02:45,711 - UltimateBot_V8 - INFO - Penalty: 0.0000 - {'risk_scale': 1.0}
2025-11-07 20:02:45,712 - UltimateBot_V8 - INFO - Penalty: 0.0000 - {'risk_scale': 1.0}
2025-11-07 20:02:45,714 - UltimateBot_V8 - INFO - Penalty: 0.0000 - {'risk_scale': 1.0}
2025-11-07 20:02:45,715 - UltimateBot_V8 - INFO - Penalty: 0.0000 - {'risk_scale': 1.0}
2025-11-07 20:02:45,716 - UltimateBot_V8 - INFO - Penalty: 0.0000 - {'risk_scale': 1.0}
2025-11-07 20:02:45,718 - UltimateBot_V8 - INFO - Penalty: 0.0000 - {'risk_scale': 1.0}
2025-11-07 20:02:45,720 - UltimateBot_V8 - INFO - Penalty: 0.0000 - {'risk_scale': 1.0}
2025-11-07 20:02:45,722 - UltimateBot_V8 - INFO - Penalty: 0.0000 - {'risk_scale': 1.0}
2025-11-07 20:02:45,723 - UltimateBot_V8 - INFO - Penalty: 0.0000 - {'risk_scale': 1.0}
2025-11-07 20:02:45,725 - UltimateBot_V8 - INFO - Penalty: 0.0000 - {'risk_scale': 1.0}
2025-11-07 20:02:45,726 - UltimateBot_V8 - INFO - Penalty: 0.0000 - {'risk_scale': 1.0}
2025-11-07 20:02:45,728 - UltimateBot_V8 - INFO - Penalty: 0.0000 - {'risk_scale': 1.0}
2025-11-07 20:02:45,729 - UltimateBot_V8 - INFO - Penalty: 0.0000 - {'risk_scale': 1.0}
2025-11-07 20:02:45,731 - UltimateBot_V8 - INFO - Penalty: 0.0000 - {'risk_scale': 1.0}
2025-11-07 20:02:45,733 - UltimateBot_V8 - INFO - Penalty: 0.0000 - {'risk_scale': 1.0}
2025-11-07 20:02:45,735 - UltimateBot_V8 - INFO - Penalty: 0.0000 - {'risk_scale': 1.0}
2025-11-07 20:02:45,737 - UltimateBot_V8 - INFO - Penalty: 0.0000 - {'risk_scale': 1.0}
2025-11-07 20:02:45,739 - UltimateBot_V8 - INFO - Penalty: 0.0000 - {'risk_scale': 1.0}
2025-11-07 20:02:45,740 - UltimateBot_V8 - INFO - Penalty: 0.0000 - {'risk_scale': 1.0}
2025-11-07 20:02:45,742 - UltimateBot_V8 - INFO - Penalty: 0.0000 - {'risk_scale': 1.0}
2025-11-07 20:02:45,744 - UltimateBot_V8 - INFO - Penalty: 0.0000 - {'risk_scale': 1.0}
2025-11-07 20:02:45,745 - UltimateBot_V8 - INFO - Penalty: 0.0000 - {'risk_scale': 1.0}
2025-11-07 20:02:45,747 - UltimateBot_V8 - INFO - Penalty: 0.0000 - {'risk_scale': 1.0}
2025-11-07 20:02:45,749 - UltimateBot_V8 - INFO - Penalty: 0.0000 - {'risk_scale': 1.0}
2025-11-07 20:02:45,751 - UltimateBot_V8 - INFO - Penalty: 0.0000 - {'risk_scale': 1.0}
2025-11-07 20:02:45,752 - UltimateBot_V8 - INFO - Penalty: 0.0000 - {'risk_scale': 1.0}
2025-11-07 20:02:45,754 - UltimateBot_V8 - INFO - Penalty: 0.0000 - {'risk_scale': 1.0}
2025-11-07 20:02:45,756 - UltimateBot_V8 - INFO - Penalty: 0.0000 - {'risk_scale': 1.0}
2025-11-07 20:02:45,757 - UltimateBot_V8 - INFO - Penalty: 0.0000 - {'risk_scale': 1.0}
2025-11-07 20:02:45,759 - UltimateBot_V8 - INFO - Penalty: 0.0000 - {'risk_scale': 1.0}
2025-11-07 20:02:45,761 - UltimateBot_V8 - INFO - Penalty: 0.0000 - {'risk_scale': 1.0}
2025-11-07 20:02:45,763 - UltimateBot_V8 - INFO - Penalty: 0.0000 - {'risk_scale': 1.0}
2025-11-07 20:02:45,765 - UltimateBot_V8 - INFO - Penalty: 0.0000 - {'risk_scale': 1.0}
2025-11-07 20:02:45,767 - UltimateBot_V8 - INFO - Penalty: 0.0000 - {'risk_scale': 1.0}
2025-11-07 20:02:45,769 - UltimateBot_V8 - INFO - Penalty: 0.0000 - {'risk_scale': 1.0}
2025-11-07 20:02:45,771 - UltimateBot_V8 - INFO - Penalty: 0.0000 - {'risk_scale': 1.0}
2025-11-07 20:02:45,772 - UltimateBot_V8 - INFO - Penalty: 0.0000 - {'risk_scale': 1.0}
2025-11-07 20:02:45,774 - UltimateBot_V8 - INFO - Penalty: 0.0000 - {'risk_scale': 1.0}
2025-11-07 20:02:45,774 - UltimateBot_V8 - INFO -   Step 100: Reward=-0.1141, Balance=$25000.00
2025-11-07 20:02:45,776 - UltimateBot_V8 - INFO - Penalty: 0.0000 - {'risk_scale': 1.0}
2025-11-07 20:02:45,778 - UltimateBot_V8 - INFO - Penalty: 0.0000 - {'risk_scale': 1.0}
2025-11-07 20:02:45,780 - UltimateBot_V8 - INFO - Penalty: 0.0000 - {'risk_scale': 1.0}
2025-11-07 20:02:45,783 - UltimateBot_V8 - INFO - Penalty: 0.0000 - {'risk_scale': 1.0}
2025-11-07 20:02:45,785 - UltimateBot_V8 - INFO - Penalty: 0.0000 - {'risk_scale': 1.0}
2025-11-07 20:02:45,786 - UltimateBot_V8 - INFO - Penalty: 0.0000 - {'risk_scale': 1.0}
2025-11-07 20:02:45,788 - UltimateBot_V8 - INFO - Penalty: 0.0000 - {'risk_scale': 1.0}
2025-11-07 20:02:45,790 - UltimateBot_V8 - INFO - Penalty: 0.0000 - {'risk_scale': 1.0}
2025-11-07 20:02:45,792 - UltimateBot_V8 - INFO - Penalty: 0.0000 - {'risk_scale': 1.0}
2025-11-07 20:02:45,794 - UltimateBot_V8 - INFO - Penalty: 0.0000 - {'risk_scale': 1.0}
2025-11-07 20:02:45,796 - UltimateBot_V8 - INFO - Penalty: 0.0000 - {'risk_scale': 1.0}
2025-11-07 20:02:45,799 - UltimateBot_V8 - INFO - Penalty: 0.0000 - {'risk_scale': 1.0}
2025-11-07 20:02:45,801 - UltimateBot_V8 - INFO - Penalty: 0.0000 - {'risk_scale': 1.0}
2025-11-07 20:02:45,803 - UltimateBot_V8 - INFO - Penalty: 0.0000 - {'risk_scale': 1.0}
2025-11-07 20:02:45,805 - UltimateBot_V8 - INFO - Penalty: 0.0000 - {'risk_scale': 1.0}
2025-11-07 20:02:45,807 - UltimateBot_V8 - INFO - Penalty: 0.0000 - {'risk_scale': 1.0}
2025-11-07 20:02:45,809 - UltimateBot_V8 - INFO - Penalty: 0.0000 - {'risk_scale': 1.0}
2025-11-07 20:02:45,811 - UltimateBot_V8 - INFO - Penalty: 0.0000 - {'risk_scale': 1.0}
2025-11-07 20:02:45,814 - UltimateBot_V8 - INFO - Penalty: 0.0000 - {'risk_scale': 1.0}
2025-11-07 20:02:45,816 - UltimateBot_V8 - INFO - Penalty: 0.0000 - {'risk_scale': 1.0}
2025-11-07 20:02:45,819 - UltimateBot_V8 - INFO - Penalty: 0.0000 - {'risk_scale': 1.0}
2025-11-07 20:02:45,821 - UltimateBot_V8 - INFO - Penalty: 0.0000 - {'risk_scale': 1.0}
2025-11-07 20:02:45,823 - UltimateBot_V8 - INFO - Penalty: 0.0000 - {'risk_scale': 1.0}
2025-11-07 20:02:45,826 - UltimateBot_V8 - INFO - Penalty: 0.0000 - {'risk_scale': 1.0}
2025-11-07 20:02:45,828 - UltimateBot_V8 - INFO - Penalty: 0.0000 - {'risk_scale': 1.0}
2025-11-07 20:02:45,830 - UltimateBot_V8 - INFO - Penalty: 0.0000 - {'risk_scale': 1.0}
2025-11-07 20:02:45,832 - UltimateBot_V8 - INFO - Penalty: 0.0000 - {'risk_scale': 1.0}
2025-11-07 20:02:45,835 - UltimateBot_V8 - INFO - Penalty: 0.0000 - {'risk_scale': 1.0}
2025-11-07 20:02:45,837 - UltimateBot_V8 - INFO - Penalty: 0.0000 - {'risk_scale': 1.0}
2025-11-07 20:02:45,840 - UltimateBot_V8 - INFO - Penalty: 0.0000 - {'risk_scale': 1.0}
2025-11-07 20:02:45,842 - UltimateBot_V8 - INFO - Penalty: 0.0000 - {'risk_scale': 1.0}
2025-11-07 20:02:45,844 - UltimateBot_V8 - INFO - Penalty: 0.0000 - {'risk_scale': 1.0}
2025-11-07 20:02:45,847 - UltimateBot_V8 - INFO - Penalty: 0.0000 - {'risk_scale': 1.0}
2025-11-07 20:02:45,849 - UltimateBot_V8 - INFO - Penalty: 0.0000 - {'risk_scale': 1.0}
2025-11-07 20:02:45,852 - UltimateBot_V8 - INFO - Penalty: 0.0000 - {'risk_scale': 1.0}
2025-11-07 20:02:45,854 - UltimateBot_V8 - INFO - Penalty: 0.0000 - {'risk_scale': 1.0}
2025-11-07 20:02:45,857 - UltimateBot_V8 - INFO - Penalty: 0.0000 - {'risk_scale': 1.0}
2025-11-07 20:02:45,859 - UltimateBot_V8 - INFO - Penalty: 0.0000 - {'risk_scale': 1.0}
2025-11-07 20:02:45,862 - UltimateBot_V8 - INFO - Penalty: 0.0000 - {'risk_scale': 1.0}
2025-11-07 20:02:45,864 - UltimateBot_V8 - INFO - Penalty: 0.0000 - {'risk_scale': 1.0}
2025-11-07 20:02:45,867 - UltimateBot_V8 - INFO - Penalty: 0.0000 - {'risk_scale': 1.0}
2025-11-07 20:02:45,869 - UltimateBot_V8 - INFO - Penalty: 0.0000 - {'risk_scale': 1.0}
2025-11-07 20:02:45,872 - UltimateBot_V8 - INFO - Penalty: 0.0000 - {'risk_scale': 1.0}
2025-11-07 20:02:45,875 - UltimateBot_V8 - INFO - Penalty: 0.0000 - {'risk_scale': 1.0}
2025-11-07 20:02:45,877 - UltimateBot_V8 - INFO - Penalty: 0.0000 - {'risk_scale': 1.0}
2025-11-07 20:02:45,880 - UltimateBot_V8 - INFO - Penalty: 0.0000 - {'risk_scale': 1.0}
2025-11-07 20:02:45,882 - UltimateBot_V8 - INFO - Penalty: 0.0000 - {'risk_scale': 1.0}
2025-11-07 20:02:45,885 - UltimateBot_V8 - INFO - Penalty: 0.0000 - {'risk_scale': 1.0}
2025-11-07 20:02:45,888 - UltimateBot_V8 - INFO - Penalty: 0.0000 - {'risk_scale': 1.0}
2025-11-07 20:02:45,890 - UltimateBot_V8 - INFO - Penalty: 0.0000 - {'risk_scale': 1.0}
2025-11-07 20:02:45,893 - UltimateBot_V8 - INFO - Penalty: 0.0000 - {'risk_scale': 1.0}
2025-11-07 20:02:45,895 - UltimateBot_V8 - INFO - Penalty: 0.0000 - {'risk_scale': 1.0}
2025-11-07 20:02:45,898 - UltimateBot_V8 - INFO - Penalty: 0.0000 - {'risk_scale': 1.0}
2025-11-07 20:02:45,901 - UltimateBot_V8 - INFO - Penalty: 0.0000 - {'risk_scale': 1.0}
2025-11-07 20:02:45,904 - UltimateBot_V8 - INFO - Penalty: 0.0000 - {'risk_scale': 1.0}
2025-11-07 20:02:45,906 - UltimateBot_V8 - INFO - Penalty: 0.0000 - {'risk_scale': 1.0}
2025-11-07 20:02:45,909 - UltimateBot_V8 - INFO - Penalty: 0.0000 - {'risk_scale': 1.0}
2025-11-07 20:02:45,912 - UltimateBot_V8 - INFO - Penalty: 0.0000 - {'risk_scale': 1.0}
2025-11-07 20:02:45,915 - UltimateBot_V8 - INFO - Penalty: 0.0000 - {'risk_scale': 1.0}
2025-11-07 20:02:45,918 - UltimateBot_V8 - INFO - Penalty: 0.0000 - {'risk_scale': 1.0}
2025-11-07 20:02:45,921 - UltimateBot_V8 - INFO - Penalty: 0.0000 - {'risk_scale': 1.0}
2025-11-07 20:02:45,924 - UltimateBot_V8 - INFO - Penalty: 0.0000 - {'risk_scale': 1.0}
2025-11-07 20:02:45,927 - UltimateBot_V8 - INFO - Penalty: 0.0000 - {'risk_scale': 1.0}
2025-11-07 20:02:45,930 - UltimateBot_V8 - INFO - Penalty: 0.0000 - {'risk_scale': 1.0}
2025-11-07 20:02:45,933 - UltimateBot_V8 - INFO - Penalty: 0.0000 - {'risk_scale': 1.0}
2025-11-07 20:02:45,936 - UltimateBot_V8 - INFO - Penalty: 0.0000 - {'risk_scale': 1.0}
2025-11-07 20:02:45,939 - UltimateBot_V8 - INFO - Penalty: 0.0000 - {'risk_scale': 1.0}
2025-11-07 20:02:45,942 - UltimateBot_V8 - INFO - Penalty: 0.0000 - {'risk_scale': 1.0}
2025-11-07 20:02:45,945 - UltimateBot_V8 - INFO - Penalty: 0.0000 - {'risk_scale': 1.0}
2025-11-07 20:02:45,948 - UltimateBot_V8 - INFO - Penalty: 0.0000 - {'risk_scale': 1.0}
2025-11-07 20:02:45,951 - UltimateBot_V8 - INFO - Penalty: 0.0000 - {'risk_scale': 1.0}
2025-11-07 20:02:45,955 - UltimateBot_V8 - INFO - Penalty: 0.0000 - {'risk_scale': 1.0}
2025-11-07 20:02:45,958 - UltimateBot_V8 - INFO - Penalty: 0.0000 - {'risk_scale': 1.0}
2025-11-07 20:02:45,961 - UltimateBot_V8 - INFO - Penalty: 0.0000 - {'risk_scale': 1.0}
2025-11-07 20:02:45,965 - UltimateBot_V8 - INFO - Penalty: 0.0000 - {'risk_scale': 1.0}
2025-11-07 20:02:45,969 - UltimateBot_V8 - INFO - Penalty: 0.0000 - {'risk_scale': 1.0}
2025-11-07 20:02:45,973 - UltimateBot_V8 - INFO - Penalty: 0.0000 - {'risk_scale': 1.0}
2025-11-07 20:02:45,976 - UltimateBot_V8 - INFO - Penalty: 0.0000 - {'risk_scale': 1.0}
2025-11-07 20:02:45,980 - UltimateBot_V8 - INFO - Penalty: 0.0000 - {'risk_scale': 1.0}
2025-11-07 20:02:45,984 - UltimateBot_V8 - INFO - Penalty: 0.0000 - {'risk_scale': 1.0}
2025-11-07 20:02:45,987 - UltimateBot_V8 - INFO - Penalty: 0.0000 - {'risk_scale': 1.0}
2025-11-07 20:02:45,990 - UltimateBot_V8 - INFO - Penalty: 0.0000 - {'risk_scale': 1.0}
2025-11-07 20:02:45,993 - UltimateBot_V8 - INFO - Penalty: 0.0000 - {'risk_scale': 1.0}
2025-11-07 20:02:45,997 - UltimateBot_V8 - INFO - Penalty: 0.0000 - {'risk_scale': 1.0}
2025-11-07 20:02:46,000 - UltimateBot_V8 - INFO - Penalty: 0.0000 - {'risk_scale': 1.0}
2025-11-07 20:02:46,003 - UltimateBot_V8 - INFO - Penalty: 0.0000 - {'risk_scale': 1.0}
2025-11-07 20:02:46,007 - UltimateBot_V8 - INFO - Penalty: 0.0000 - {'risk_scale': 1.0}
2025-11-07 20:02:46,010 - UltimateBot_V8 - INFO - Penalty: 0.0000 - {'risk_scale': 1.0}
2025-11-07 20:02:46,013 - UltimateBot_V8 - INFO - Penalty: 0.0000 - {'risk_scale': 1.0}
2025-11-07 20:02:46,017 - UltimateBot_V8 - INFO - Penalty: 0.0000 - {'risk_scale': 1.0}
2025-11-07 20:02:46,021 - UltimateBot_V8 - INFO - Penalty: 0.0000 - {'risk_scale': 1.0}
2025-11-07 20:02:46,025 - UltimateBot_V8 - INFO - Penalty: 0.0000 - {'risk_scale': 1.0}
2025-11-07 20:02:46,028 - UltimateBot_V8 - INFO - Penalty: 0.0000 - {'risk_scale': 1.0}
2025-11-07 20:02:46,032 - UltimateBot_V8 - INFO - Penalty: 0.0000 - {'risk_scale': 1.0}
2025-11-07 20:02:46,035 - UltimateBot_V8 - INFO - Penalty: 0.0000 - {'risk_scale': 1.0}
2025-11-07 20:02:46,039 - UltimateBot_V8 - INFO - Penalty: 0.0000 - {'risk_scale': 1.0}
2025-11-07 20:02:46,042 - UltimateBot_V8 - INFO - Penalty: 0.0000 - {'risk_scale': 1.0}
2025-11-07 20:02:46,046 - UltimateBot_V8 - INFO - Penalty: 0.0000 - {'risk_scale': 1.0}
2025-11-07 20:02:46,049 - UltimateBot_V8 - INFO - Penalty: 0.0000 - {'risk_scale': 1.0}
2025-11-07 20:02:46,053 - UltimateBot_V8 - INFO - Penalty: 0.0000 - {'risk_scale': 1.0}
2025-11-07 20:02:46,053 - UltimateBot_V8 - INFO -   Step 200: Reward=2.7672, Balance=$25000.00
2025-11-07 20:02:46,057 - UltimateBot_V8 - INFO - Penalty: 0.0000 - {'risk_scale': 1.0}
2025-11-07 20:02:46,060 - UltimateBot_V8 - INFO - Penalty: 0.0000 - {'risk_scale': 1.0}
2025-11-07 20:02:46,064 - UltimateBot_V8 - INFO - Penalty: 0.0000 - {'risk_scale': 1.0}
2025-11-07 20:02:46,067 - UltimateBot_V8 - INFO - Penalty: 0.0000 - {'risk_scale': 1.0}
2025-11-07 20:02:46,071 - UltimateBot_V8 - INFO - Penalty: 0.0000 - {'risk_scale': 1.0}
2025-11-07 20:02:46,074 - UltimateBot_V8 - INFO - Penalty: 0.0000 - {'risk_scale': 1.0}
2025-11-07 20:02:46,078 - UltimateBot_V8 - INFO - Penalty: 0.0000 - {'risk_scale': 1.0}
2025-11-07 20:02:46,081 - UltimateBot_V8 - INFO - Penalty: 0.0000 - {'risk_scale': 1.0}
2025-11-07 20:02:46,085 - UltimateBot_V8 - INFO - Penalty: 0.0000 - {'risk_scale': 1.0}
2025-11-07 20:02:46,089 - UltimateBot_V8 - INFO - Penalty: 0.0000 - {'risk_scale': 1.0}
2025-11-07 20:02:46,092 - UltimateBot_V8 - INFO - Penalty: 0.0000 - {'risk_scale': 1.0}
2025-11-07 20:02:46,096 - UltimateBot_V8 - INFO - Penalty: 0.0000 - {'risk_scale': 1.0}
2025-11-07 20:02:46,100 - UltimateBot_V8 - INFO - Penalty: 0.0000 - {'risk_scale': 1.0}
2025-11-07 20:02:46,104 - UltimateBot_V8 - INFO - Penalty: 0.0000 - {'risk_scale': 1.0}
2025-11-07 20:02:46,107 - UltimateBot_V8 - INFO - Penalty: 0.0000 - {'risk_scale': 1.0}
2025-11-07 20:02:46,111 - UltimateBot_V8 - INFO - Penalty: 0.0000 - {'risk_scale': 1.0}
2025-11-07 20:02:46,115 - UltimateBot_V8 - INFO - Penalty: 0.0000 - {'risk_scale': 1.0}
2025-11-07 20:02:46,119 - UltimateBot_V8 - INFO - Penalty: 0.0000 - {'risk_scale': 1.0}
2025-11-07 20:02:46,123 - UltimateBot_V8 - INFO - Penalty: 0.0000 - {'risk_scale': 1.0}
2025-11-07 20:02:46,127 - UltimateBot_V8 - INFO - Penalty: 0.0000 - {'risk_scale': 1.0}
2025-11-07 20:02:46,131 - UltimateBot_V8 - INFO - Penalty: 0.0000 - {'risk_scale': 1.0}
2025-11-07 20:02:46,135 - UltimateBot_V8 - INFO - Penalty: 0.0000 - {'risk_scale': 1.0}
2025-11-07 20:02:46,139 - UltimateBot_V8 - INFO - Penalty: 0.0000 - {'risk_scale': 1.0}
2025-11-07 20:02:46,142 - UltimateBot_V8 - INFO - Penalty: 0.0000 - {'risk_scale': 1.0}
2025-11-07 20:02:46,146 - UltimateBot_V8 - INFO - Penalty: 0.0000 - {'risk_scale': 1.0}
2025-11-07 20:02:46,150 - UltimateBot_V8 - INFO - Penalty: 0.0000 - {'risk_scale': 1.0}
2025-11-07 20:02:46,154 - UltimateBot_V8 - INFO - Penalty: 0.0000 - {'risk_scale': 1.0}
2025-11-07 20:02:46,158 - UltimateBot_V8 - INFO - Penalty: 0.0000 - {'risk_scale': 1.0}
2025-11-07 20:02:46,162 - UltimateBot_V8 - INFO - Penalty: 0.0000 - {'risk_scale': 1.0}
2025-11-07 20:02:46,166 - UltimateBot_V8 - INFO - Penalty: 0.0000 - {'risk_scale': 1.0}
2025-11-07 20:02:46,170 - UltimateBot_V8 - INFO - Penalty: 0.0000 - {'risk_scale': 1.0}
2025-11-07 20:02:46,174 - UltimateBot_V8 - INFO - Penalty: 0.0000 - {'risk_scale': 1.0}
2025-11-07 20:02:46,178 - UltimateBot_V8 - INFO - Penalty: 0.0000 - {'risk_scale': 1.0}
2025-11-07 20:02:46,182 - UltimateBot_V8 - INFO - Penalty: 0.0000 - {'risk_scale': 1.0}
2025-11-07 20:02:46,186 - UltimateBot_V8 - INFO - Penalty: 0.0000 - {'risk_scale': 1.0}
2025-11-07 20:02:46,190 - UltimateBot_V8 - INFO - Penalty: 0.0000 - {'risk_scale': 1.0}
2025-11-07 20:02:46,195 - UltimateBot_V8 - INFO - Penalty: 0.0000 - {'risk_scale': 1.0}
2025-11-07 20:02:46,200 - UltimateBot_V8 - INFO - Penalty: 0.0000 - {'risk_scale': 1.0}
2025-11-07 20:02:46,205 - UltimateBot_V8 - INFO - Penalty: 0.0000 - {'risk_scale': 1.0}
2025-11-07 20:02:46,209 - UltimateBot_V8 - INFO - Penalty: 0.0000 - {'risk_scale': 1.0}
2025-11-07 20:02:46,214 - UltimateBot_V8 - INFO - Penalty: 0.0000 - {'risk_scale': 1.0}
2025-11-07 20:02:46,219 - UltimateBot_V8 - INFO - Penalty: 0.0000 - {'risk_scale': 1.0}
2025-11-07 20:02:46,223 - UltimateBot_V8 - INFO - Penalty: 0.0000 - {'risk_scale': 1.0}
2025-11-07 20:02:46,228 - UltimateBot_V8 - INFO - Penalty: 0.0000 - {'risk_scale': 1.0}
2025-11-07 20:02:46,233 - UltimateBot_V8 - INFO - Penalty: 0.0000 - {'risk_scale': 1.0}
2025-11-07 20:02:46,237 - UltimateBot_V8 - INFO - Penalty: 0.0000 - {'risk_scale': 1.0}
2025-11-07 20:02:46,241 - UltimateBot_V8 - INFO - Penalty: 0.0000 - {'risk_scale': 1.0}
2025-11-07 20:02:46,246 - UltimateBot_V8 - INFO - Penalty: 0.0000 - {'risk_scale': 1.0}
2025-11-07 20:02:46,250 - UltimateBot_V8 - INFO - Penalty: 0.0000 - {'risk_scale': 1.0}
2025-11-07 20:02:46,255 - UltimateBot_V8 - INFO - Penalty: 0.0000 - {'risk_scale': 1.0}
2025-11-07 20:02:46,259 - UltimateBot_V8 - INFO - Penalty: 0.0000 - {'risk_scale': 1.0}
2025-11-07 20:02:46,264 - UltimateBot_V8 - INFO - Penalty: 0.0000 - {'risk_scale': 1.0}
2025-11-07 20:02:46,268 - UltimateBot_V8 - INFO - Penalty: 0.0000 - {'risk_scale': 1.0}
2025-11-07 20:02:46,273 - UltimateBot_V8 - INFO - Penalty: 0.0000 - {'risk_scale': 1.0}
2025-11-07 20:02:46,277 - UltimateBot_V8 - INFO - Penalty: 0.0000 - {'risk_scale': 1.0}
2025-11-07 20:02:46,281 - UltimateBot_V8 - INFO - Penalty: 0.0000 - {'risk_scale': 1.0}
2025-11-07 20:02:46,286 - UltimateBot_V8 - INFO - Penalty: 0.0000 - {'risk_scale': 1.0}
2025-11-07 20:02:46,290 - UltimateBot_V8 - INFO - Penalty: 0.0000 - {'risk_scale': 1.0}
2025-11-07 20:02:46,295 - UltimateBot_V8 - INFO - Penalty: 0.0000 - {'risk_scale': 1.0}
2025-11-07 20:02:46,299 - UltimateBot_V8 - INFO - Penalty: 0.0000 - {'risk_scale': 1.0}
2025-11-07 20:02:46,304 - UltimateBot_V8 - INFO - Penalty: 0.0000 - {'risk_scale': 1.0}
2025-11-07 20:02:46,308 - UltimateBot_V8 - INFO - Penalty: 0.0000 - {'risk_scale': 1.0}
2025-11-07 20:02:46,313 - UltimateBot_V8 - INFO - Penalty: 0.0000 - {'risk_scale': 1.0}
2025-11-07 20:02:46,317 - UltimateBot_V8 - INFO - Penalty: 0.0000 - {'risk_scale': 1.0}
2025-11-07 20:02:46,322 - UltimateBot_V8 - INFO - Penalty: 0.0000 - {'risk_scale': 1.0}
2025-11-07 20:02:46,326 - UltimateBot_V8 - INFO - Penalty: 0.0000 - {'risk_scale': 1.0}
2025-11-07 20:02:46,331 - UltimateBot_V8 - INFO - Penalty: 0.0000 - {'risk_scale': 1.0}
2025-11-07 20:02:46,336 - UltimateBot_V8 - INFO - Penalty: 0.0000 - {'risk_scale': 1.0}
2025-11-07 20:02:46,340 - UltimateBot_V8 - INFO - Penalty: 0.0000 - {'risk_scale': 1.0}
2025-11-07 20:02:46,345 - UltimateBot_V8 - INFO - Penalty: 0.0000 - {'risk_scale': 1.0}
2025-11-07 20:02:46,350 - UltimateBot_V8 - INFO - Penalty: 0.0000 - {'risk_scale': 1.0}
2025-11-07 20:02:46,355 - UltimateBot_V8 - INFO - Penalty: 0.0000 - {'risk_scale': 1.0}
2025-11-07 20:02:46,359 - UltimateBot_V8 - INFO - Penalty: 0.0000 - {'risk_scale': 1.0}
2025-11-07 20:02:46,364 - UltimateBot_V8 - INFO - Penalty: 0.0000 - {'risk_scale': 1.0}
2025-11-07 20:02:46,369 - UltimateBot_V8 - INFO - Penalty: 0.0000 - {'risk_scale': 1.0}
2025-11-07 20:02:46,374 - UltimateBot_V8 - INFO - Penalty: 0.0000 - {'risk_scale': 1.0}
2025-11-07 20:02:46,378 - UltimateBot_V8 - INFO - Penalty: 0.0000 - {'risk_scale': 1.0}
2025-11-07 20:02:46,383 - UltimateBot_V8 - INFO - Penalty: 0.0000 - {'risk_scale': 1.0}
2025-11-07 20:02:46,388 - UltimateBot_V8 - INFO - Penalty: 0.0000 - {'risk_scale': 1.0}
2025-11-07 20:02:46,393 - UltimateBot_V8 - INFO - Penalty: 0.0000 - {'risk_scale': 1.0}
2025-11-07 20:02:46,397 - UltimateBot_V8 - INFO - Penalty: 0.0000 - {'risk_scale': 1.0}
2025-11-07 20:02:46,402 - UltimateBot_V8 - INFO - Penalty: 0.0000 - {'risk_scale': 1.0}
2025-11-07 20:02:46,407 - UltimateBot_V8 - INFO - Penalty: 0.0000 - {'risk_scale': 1.0}
2025-11-07 20:02:46,412 - UltimateBot_V8 - INFO - Penalty: 0.0000 - {'risk_scale': 1.0}
2025-11-07 20:02:46,417 - UltimateBot_V8 - INFO - Penalty: 0.0000 - {'risk_scale': 1.0}
2025-11-07 20:02:46,422 - UltimateBot_V8 - INFO - Penalty: 0.0000 - {'risk_scale': 1.0}
2025-11-07 20:02:46,426 - UltimateBot_V8 - INFO - Penalty: 0.0000 - {'risk_scale': 1.0}
2025-11-07 20:02:46,431 - UltimateBot_V8 - INFO - Penalty: 0.0000 - {'risk_scale': 1.0}
2025-11-07 20:02:46,437 - UltimateBot_V8 - INFO - Penalty: 0.0000 - {'risk_scale': 1.0}
2025-11-07 20:02:46,442 - UltimateBot_V8 - INFO - Penalty: 0.0000 - {'risk_scale': 1.0}
2025-11-07 20:02:46,447 - UltimateBot_V8 - INFO - Penalty: 0.0000 - {'risk_scale': 1.0}
2025-11-07 20:02:46,452 - UltimateBot_V8 - INFO - Penalty: 0.0000 - {'risk_scale': 1.0}
2025-11-07 20:02:46,457 - UltimateBot_V8 - INFO - Penalty: 0.0000 - {'risk_scale': 1.0}
2025-11-07 20:02:46,462 - UltimateBot_V8 - INFO - Penalty: 0.0000 - {'risk_scale': 1.0}
2025-11-07 20:02:46,467 - UltimateBot_V8 - INFO - Penalty: 0.0000 - {'risk_scale': 1.0}
2025-11-07 20:02:46,472 - UltimateBot_V8 - INFO - Penalty: 0.0000 - {'risk_scale': 1.0}
2025-11-07 20:02:46,477 - UltimateBot_V8 - INFO - Penalty: 0.0000 - {'risk_scale': 1.0}
2025-11-07 20:02:46,482 - UltimateBot_V8 - INFO - Penalty: 0.0000 - {'risk_scale': 1.0}
2025-11-07 20:02:46,487 - UltimateBot_V8 - INFO - Penalty: 0.0000 - {'risk_scale': 1.0}
2025-11-07 20:02:46,492 - UltimateBot_V8 - INFO - Penalty: 0.0000 - {'risk_scale': 1.0}
2025-11-07 20:02:46,493 - UltimateBot_V8 - INFO -   Step 300: Reward=11.2563, Balance=$25000.00
2025-11-07 20:02:46,498 - UltimateBot_V8 - INFO - Penalty: 0.0000 - {'risk_scale': 1.0}
2025-11-07 20:02:46,503 - UltimateBot_V8 - INFO - Penalty: 0.0000 - {'risk_scale': 1.0}
2025-11-07 20:02:46,508 - UltimateBot_V8 - INFO - Penalty: 0.0000 - {'risk_scale': 1.0}
2025-11-07 20:02:46,513 - UltimateBot_V8 - INFO - Penalty: 0.0000 - {'risk_scale': 1.0}
2025-11-07 20:02:46,518 - UltimateBot_V8 - INFO - Penalty: 0.0000 - {'risk_scale': 1.0}
2025-11-07 20:02:46,523 - UltimateBot_V8 - INFO - Penalty: 0.0000 - {'risk_scale': 1.0}
2025-11-07 20:02:46,528 - UltimateBot_V8 - INFO - Penalty: 0.0000 - {'risk_scale': 1.0}
2025-11-07 20:02:46,534 - UltimateBot_V8 - INFO - Penalty: 0.0000 - {'risk_scale': 1.0}
2025-11-07 20:02:46,539 - UltimateBot_V8 - INFO - Penalty: 0.0000 - {'risk_scale': 1.0}
2025-11-07 20:02:46,544 - UltimateBot_V8 - INFO - Penalty: 0.0000 - {'risk_scale': 1.0}
2025-11-07 20:02:46,549 - UltimateBot_V8 - INFO - Penalty: 0.0000 - {'risk_scale': 1.0}
2025-11-07 20:02:46,555 - UltimateBot_V8 - INFO - Penalty: 0.0000 - {'risk_scale': 1.0}
2025-11-07 20:02:46,560 - UltimateBot_V8 - INFO - Penalty: 0.0000 - {'risk_scale': 1.0}
2025-11-07 20:02:46,565 - UltimateBot_V8 - INFO - Penalty: 0.0000 - {'risk_scale': 1.0}
2025-11-07 20:02:46,571 - UltimateBot_V8 - INFO - Penalty: 0.0000 - {'risk_scale': 1.0}
2025-11-07 20:02:46,576 - UltimateBot_V8 - INFO - Penalty: 0.0000 - {'risk_scale': 1.0}
2025-11-07 20:02:46,581 - UltimateBot_V8 - INFO - Penalty: 0.0000 - {'risk_scale': 1.0}
2025-11-07 20:02:46,586 - UltimateBot_V8 - INFO - Penalty: 0.0000 - {'risk_scale': 1.0}
2025-11-07 20:02:46,592 - UltimateBot_V8 - INFO - Penalty: 0.0000 - {'risk_scale': 1.0}
2025-11-07 20:02:46,597 - UltimateBot_V8 - INFO - Penalty: 0.0000 - {'risk_scale': 1.0}
2025-11-07 20:02:46,603 - UltimateBot_V8 - INFO - Penalty: 0.0000 - {'risk_scale': 1.0}
2025-11-07 20:02:46,608 - UltimateBot_V8 - INFO - Penalty: 0.0000 - {'risk_scale': 1.0}
2025-11-07 20:02:46,613 - UltimateBot_V8 - INFO - Penalty: 0.0000 - {'risk_scale': 1.0}
2025-11-07 20:02:46,619 - UltimateBot_V8 - INFO - Penalty: 0.0000 - {'risk_scale': 1.0}
2025-11-07 20:02:46,624 - UltimateBot_V8 - INFO - Penalty: 0.0000 - {'risk_scale': 1.0}
2025-11-07 20:02:46,630 - UltimateBot_V8 - INFO - Penalty: 0.0000 - {'risk_scale': 1.0}
2025-11-07 20:02:46,635 - UltimateBot_V8 - INFO - Penalty: 0.0000 - {'risk_scale': 1.0}
2025-11-07 20:02:46,641 - UltimateBot_V8 - INFO - Penalty: 0.0000 - {'risk_scale': 1.0}
2025-11-07 20:02:46,646 - UltimateBot_V8 - INFO - Penalty: 0.0000 - {'risk_scale': 1.0}
2025-11-07 20:02:46,652 - UltimateBot_V8 - INFO - Penalty: 0.0000 - {'risk_scale': 1.0}
2025-11-07 20:02:46,657 - UltimateBot_V8 - INFO - Penalty: 0.0000 - {'risk_scale': 1.0}
2025-11-07 20:02:46,663 - UltimateBot_V8 - INFO - Penalty: 0.0000 - {'risk_scale': 1.0}
2025-11-07 20:02:46,669 - UltimateBot_V8 - INFO - Penalty: 0.0000 - {'risk_scale': 1.0}
2025-11-07 20:02:46,674 - UltimateBot_V8 - INFO - Penalty: 0.0000 - {'risk_scale': 1.0}
2025-11-07 20:02:46,680 - UltimateBot_V8 - INFO - Penalty: 0.0000 - {'risk_scale': 1.0}
2025-11-07 20:02:46,685 - UltimateBot_V8 - INFO - Penalty: 0.0000 - {'risk_scale': 1.0}
2025-11-07 20:02:46,691 - UltimateBot_V8 - INFO - Penalty: 0.0000 - {'risk_scale': 1.0}
2025-11-07 20:02:46,697 - UltimateBot_V8 - INFO - Penalty: 0.0000 - {'risk_scale': 1.0}
2025-11-07 20:02:46,703 - UltimateBot_V8 - INFO - Penalty: 0.0000 - {'risk_scale': 1.0}
2025-11-07 20:02:46,709 - UltimateBot_V8 - INFO - Penalty: 0.0000 - {'risk_scale': 1.0}
2025-11-07 20:02:46,714 - UltimateBot_V8 - INFO - Penalty: 0.0000 - {'risk_scale': 1.0}
2025-11-07 20:02:46,720 - UltimateBot_V8 - INFO - Penalty: 0.0000 - {'risk_scale': 1.0}
2025-11-07 20:02:46,726 - UltimateBot_V8 - INFO - Penalty: 0.0000 - {'risk_scale': 1.0}
2025-11-07 20:02:46,732 - UltimateBot_V8 - INFO - Penalty: 0.0000 - {'risk_scale': 1.0}
2025-11-07 20:02:46,737 - UltimateBot_V8 - INFO - Penalty: 0.0000 - {'risk_scale': 1.0}
2025-11-07 20:02:46,743 - UltimateBot_V8 - INFO - Penalty: 0.0000 - {'risk_scale': 1.0}
2025-11-07 20:02:46,749 - UltimateBot_V8 - INFO - Penalty: 0.0000 - {'risk_scale': 1.0}
2025-11-07 20:02:46,755 - UltimateBot_V8 - INFO - Penalty: 0.0000 - {'risk_scale': 1.0}
2025-11-07 20:02:46,761 - UltimateBot_V8 - INFO - Penalty: 0.0000 - {'risk_scale': 1.0}
2025-11-07 20:02:46,767 - UltimateBot_V8 - INFO - Penalty: 0.0000 - {'risk_scale': 1.0}
2025-11-07 20:02:46,772 - UltimateBot_V8 - INFO - Penalty: 0.0000 - {'risk_scale': 1.0}
2025-11-07 20:02:46,778 - UltimateBot_V8 - INFO - Penalty: 0.0000 - {'risk_scale': 1.0}
2025-11-07 20:02:46,784 - UltimateBot_V8 - INFO - Penalty: 0.0000 - {'risk_scale': 1.0}
2025-11-07 20:02:46,790 - UltimateBot_V8 - INFO - Penalty: 0.0000 - {'risk_scale': 1.0}
2025-11-07 20:02:46,796 - UltimateBot_V8 - INFO - Penalty: 0.0000 - {'risk_scale': 1.0}
2025-11-07 20:02:46,802 - UltimateBot_V8 - INFO - Penalty: 0.0000 - {'risk_scale': 1.0}
2025-11-07 20:02:46,808 - UltimateBot_V8 - INFO - Penalty: 0.0000 - {'risk_scale': 1.0}
2025-11-07 20:02:46,814 - UltimateBot_V8 - INFO - Penalty: 0.0000 - {'risk_scale': 1.0}
2025-11-07 20:02:46,820 - UltimateBot_V8 - INFO - Penalty: 0.0000 - {'risk_scale': 1.0}
2025-11-07 20:02:46,826 - UltimateBot_V8 - INFO - Penalty: 0.0000 - {'risk_scale': 1.0}
2025-11-07 20:02:46,832 - UltimateBot_V8 - INFO - Penalty: 0.0000 - {'risk_scale': 1.0}
2025-11-07 20:02:46,838 - UltimateBot_V8 - INFO - Penalty: 0.0000 - {'risk_scale': 1.0}
2025-11-07 20:02:46,844 - UltimateBot_V8 - INFO - Penalty: 0.0000 - {'risk_scale': 1.0}
2025-11-07 20:02:46,850 - UltimateBot_V8 - INFO - Penalty: 0.0000 - {'risk_scale': 1.0}
2025-11-07 20:02:46,856 - UltimateBot_V8 - INFO - Penalty: 0.0000 - {'risk_scale': 1.0}
2025-11-07 20:02:46,863 - UltimateBot_V8 - INFO - Penalty: 0.0000 - {'risk_scale': 1.0}
2025-11-07 20:02:46,869 - UltimateBot_V8 - INFO - Penalty: 0.0000 - {'risk_scale': 1.0}
2025-11-07 20:02:46,875 - UltimateBot_V8 - INFO - Penalty: 0.0000 - {'risk_scale': 1.0}
2025-11-07 20:02:46,881 - UltimateBot_V8 - INFO - Penalty: 0.0000 - {'risk_scale': 1.0}
2025-11-07 20:02:46,887 - UltimateBot_V8 - INFO - Penalty: 0.0000 - {'risk_scale': 1.0}
2025-11-07 20:02:46,893 - UltimateBot_V8 - INFO - Penalty: 0.0000 - {'risk_scale': 1.0}
2025-11-07 20:02:46,900 - UltimateBot_V8 - INFO - Penalty: 0.0000 - {'risk_scale': 1.0}
2025-11-07 20:02:46,906 - UltimateBot_V8 - INFO - Penalty: 0.0000 - {'risk_scale': 1.0}
2025-11-07 20:02:46,912 - UltimateBot_V8 - INFO - Penalty: 0.0000 - {'risk_scale': 1.0}
2025-11-07 20:02:46,919 - UltimateBot_V8 - INFO - Penalty: 0.0000 - {'risk_scale': 1.0}
2025-11-07 20:02:46,925 - UltimateBot_V8 - INFO - Penalty: 0.0000 - {'risk_scale': 1.0}
2025-11-07 20:02:46,932 - UltimateBot_V8 - INFO - Penalty: 0.0000 - {'risk_scale': 1.0}
2025-11-07 20:02:46,939 - UltimateBot_V8 - INFO - Penalty: 0.0000 - {'risk_scale': 1.0}
2025-11-07 20:02:46,945 - UltimateBot_V8 - INFO - Penalty: 0.0000 - {'risk_scale': 1.0}
2025-11-07 20:02:46,952 - UltimateBot_V8 - INFO - Penalty: 0.0000 - {'risk_scale': 1.0}
2025-11-07 20:02:46,958 - UltimateBot_V8 - INFO - Penalty: 0.0000 - {'risk_scale': 1.0}
2025-11-07 20:02:46,964 - UltimateBot_V8 - INFO - Penalty: 0.0000 - {'risk_scale': 1.0}
2025-11-07 20:02:46,971 - UltimateBot_V8 - INFO - Penalty: 0.0000 - {'risk_scale': 1.0}
2025-11-07 20:02:46,977 - UltimateBot_V8 - INFO - Penalty: 0.0000 - {'risk_scale': 1.0}
2025-11-07 20:02:46,984 - UltimateBot_V8 - INFO - Penalty: 0.0000 - {'risk_scale': 1.0}
2025-11-07 20:02:46,990 - UltimateBot_V8 - INFO - Penalty: 0.0000 - {'risk_scale': 1.0}
2025-11-07 20:02:46,996 - UltimateBot_V8 - INFO - Penalty: 0.0000 - {'risk_scale': 1.0}
2025-11-07 20:02:47,003 - UltimateBot_V8 - INFO - Penalty: 0.0000 - {'risk_scale': 1.0}
2025-11-07 20:02:47,009 - UltimateBot_V8 - INFO - Penalty: 0.0000 - {'risk_scale': 1.0}
2025-11-07 20:02:47,016 - UltimateBot_V8 - INFO - Penalty: 0.0000 - {'risk_scale': 1.0}
2025-11-07 20:02:47,023 - UltimateBot_V8 - INFO - Penalty: 0.0000 - {'risk_scale': 1.0}
2025-11-07 20:02:47,029 - UltimateBot_V8 - INFO - Penalty: 0.0000 - {'risk_scale': 1.0}
2025-11-07 20:02:47,036 - UltimateBot_V8 - INFO - Penalty: 0.0000 - {'risk_scale': 1.0}
2025-11-07 20:02:47,042 - UltimateBot_V8 - INFO - Penalty: 0.0000 - {'risk_scale': 1.0}
2025-11-07 20:02:47,049 - UltimateBot_V8 - INFO - Penalty: 0.0000 - {'risk_scale': 1.0}
2025-11-07 20:02:47,056 - UltimateBot_V8 - INFO - Penalty: 0.0000 - {'risk_scale': 1.0}
2025-11-07 20:02:47,062 - UltimateBot_V8 - INFO - Penalty: 0.0000 - {'risk_scale': 1.0}
2025-11-07 20:02:47,069 - UltimateBot_V8 - INFO - Penalty: 0.0000 - {'risk_scale': 1.0}
2025-11-07 20:02:47,075 - UltimateBot_V8 - INFO - Penalty: 0.0000 - {'risk_scale': 1.0}
2025-11-07 20:02:47,082 - UltimateBot_V8 - INFO - Penalty: 0.0000 - {'risk_scale': 1.0}
2025-11-07 20:02:47,082 - UltimateBot_V8 - INFO -   Step 400: Reward=20.4130, Balance=$25000.00
2025-11-07 20:02:47,089 - UltimateBot_V8 - INFO - Penalty: 0.0000 - {'risk_scale': 1.0}
2025-11-07 20:02:47,096 - UltimateBot_V8 - INFO - Penalty: 0.0000 - {'risk_scale': 1.0}
2025-11-07 20:02:47,103 - UltimateBot_V8 - INFO - Penalty: 0.0000 - {'risk_scale': 1.0}
2025-11-07 20:02:47,110 - UltimateBot_V8 - INFO - Penalty: 0.0000 - {'risk_scale': 1.0}
2025-11-07 20:02:47,117 - UltimateBot_V8 - INFO - Penalty: 0.0000 - {'risk_scale': 1.0}
2025-11-07 20:02:47,123 - UltimateBot_V8 - INFO - Penalty: 0.0000 - {'risk_scale': 1.0}
2025-11-07 20:02:47,130 - UltimateBot_V8 - INFO - Penalty: 0.0000 - {'risk_scale': 1.0}
2025-11-07 20:02:47,137 - UltimateBot_V8 - INFO - Penalty: 0.0000 - {'risk_scale': 1.0}
2025-11-07 20:02:47,144 - UltimateBot_V8 - INFO - Penalty: 0.0000 - {'risk_scale': 1.0}
2025-11-07 20:02:47,151 - UltimateBot_V8 - INFO - Penalty: 0.0000 - {'risk_scale': 1.0}
2025-11-07 20:02:47,158 - UltimateBot_V8 - INFO - Penalty: 0.0000 - {'risk_scale': 1.0}
2025-11-07 20:02:47,166 - UltimateBot_V8 - INFO - Penalty: 0.0000 - {'risk_scale': 1.0}
2025-11-07 20:02:47,173 - UltimateBot_V8 - INFO - Penalty: 0.0000 - {'risk_scale': 1.0}
2025-11-07 20:02:47,180 - UltimateBot_V8 - INFO - Penalty: 0.0000 - {'risk_scale': 1.0}
2025-11-07 20:02:47,187 - UltimateBot_V8 - INFO - Penalty: 0.0000 - {'risk_scale': 1.0}
2025-11-07 20:02:47,194 - UltimateBot_V8 - INFO - Penalty: 0.0000 - {'risk_scale': 1.0}
2025-11-07 20:02:47,201 - UltimateBot_V8 - INFO - Penalty: 0.0000 - {'risk_scale': 1.0}
2025-11-07 20:02:47,208 - UltimateBot_V8 - INFO - Penalty: 0.0000 - {'risk_scale': 1.0}
2025-11-07 20:02:47,215 - UltimateBot_V8 - INFO - Penalty: 0.0000 - {'risk_scale': 1.0}
2025-11-07 20:02:47,223 - UltimateBot_V8 - INFO - Penalty: 0.0000 - {'risk_scale': 1.0}
2025-11-07 20:02:47,230 - UltimateBot_V8 - INFO - Penalty: 0.0000 - {'risk_scale': 1.0}
2025-11-07 20:02:47,237 - UltimateBot_V8 - INFO - Penalty: 0.0000 - {'risk_scale': 1.0}
2025-11-07 20:02:47,245 - UltimateBot_V8 - INFO - Penalty: 0.0000 - {'risk_scale': 1.0}
2025-11-07 20:02:47,252 - UltimateBot_V8 - INFO - Penalty: 0.0000 - {'risk_scale': 1.0}
2025-11-07 20:02:47,259 - UltimateBot_V8 - INFO - Penalty: 0.0000 - {'risk_scale': 1.0}
2025-11-07 20:02:47,266 - UltimateBot_V8 - INFO - Penalty: 0.0000 - {'risk_scale': 1.0}
2025-11-07 20:02:47,274 - UltimateBot_V8 - INFO - Penalty: 0.0000 - {'risk_scale': 1.0}
2025-11-07 20:02:47,281 - UltimateBot_V8 - INFO - Penalty: 0.0000 - {'risk_scale': 1.0}
2025-11-07 20:02:47,288 - UltimateBot_V8 - INFO - Penalty: 0.0000 - {'risk_scale': 1.0}
2025-11-07 20:02:47,295 - UltimateBot_V8 - INFO - Penalty: 0.0000 - {'risk_scale': 1.0}
2025-11-07 20:02:47,302 - UltimateBot_V8 - INFO - Penalty: 0.0000 - {'risk_scale': 1.0}
2025-11-07 20:02:47,309 - UltimateBot_V8 - INFO - Penalty: 0.0000 - {'risk_scale': 1.0}
2025-11-07 20:02:47,317 - UltimateBot_V8 - INFO - Penalty: 0.0000 - {'risk_scale': 1.0}
2025-11-07 20:02:47,324 - UltimateBot_V8 - INFO - Penalty: 0.0000 - {'risk_scale': 1.0}
2025-11-07 20:02:47,331 - UltimateBot_V8 - INFO - Penalty: 0.0000 - {'risk_scale': 1.0}
2025-11-07 20:02:47,338 - UltimateBot_V8 - INFO - Penalty: 0.0000 - {'risk_scale': 1.0}
2025-11-07 20:02:47,346 - UltimateBot_V8 - INFO - Penalty: 0.0000 - {'risk_scale': 1.0}
2025-11-07 20:02:47,353 - UltimateBot_V8 - INFO - Penalty: 0.0000 - {'risk_scale': 1.0}
2025-11-07 20:02:47,360 - UltimateBot_V8 - INFO - Penalty: 0.0000 - {'risk_scale': 1.0}
2025-11-07 20:02:47,367 - UltimateBot_V8 - INFO - Penalty: 0.0000 - {'risk_scale': 1.0}
2025-11-07 20:02:47,375 - UltimateBot_V8 - INFO - Penalty: 0.0000 - {'risk_scale': 1.0}
2025-11-07 20:02:47,382 - UltimateBot_V8 - INFO - Penalty: 0.0000 - {'risk_scale': 1.0}
2025-11-07 20:02:47,389 - UltimateBot_V8 - INFO - Penalty: 0.0000 - {'risk_scale': 1.0}
2025-11-07 20:02:47,396 - UltimateBot_V8 - INFO - Penalty: 0.0000 - {'risk_scale': 1.0}
2025-11-07 20:02:47,404 - UltimateBot_V8 - INFO - Penalty: 0.0000 - {'risk_scale': 1.0}
2025-11-07 20:02:47,411 - UltimateBot_V8 - INFO - Penalty: 0.0000 - {'risk_scale': 1.0}
2025-11-07 20:02:47,418 - UltimateBot_V8 - INFO - Penalty: 0.0000 - {'risk_scale': 1.0}
2025-11-07 20:02:47,426 - UltimateBot_V8 - INFO - Penalty: 0.0000 - {'risk_scale': 1.0}
2025-11-07 20:02:47,433 - UltimateBot_V8 - INFO - Penalty: 0.0000 - {'risk_scale': 1.0}
2025-11-07 20:02:47,441 - UltimateBot_V8 - INFO - Penalty: 0.0000 - {'risk_scale': 1.0}
2025-11-07 20:02:47,448 - UltimateBot_V8 - INFO - Penalty: 0.0000 - {'risk_scale': 1.0}
2025-11-07 20:02:47,456 - UltimateBot_V8 - INFO - Penalty: 0.0000 - {'risk_scale': 1.0}
2025-11-07 20:02:47,463 - UltimateBot_V8 - INFO - Penalty: 0.0000 - {'risk_scale': 1.0}
2025-11-07 20:02:47,471 - UltimateBot_V8 - INFO - Penalty: 0.0000 - {'risk_scale': 1.0}
2025-11-07 20:02:47,478 - UltimateBot_V8 - INFO - Penalty: 0.0000 - {'risk_scale': 1.0}
2025-11-07 20:02:47,486 - UltimateBot_V8 - INFO - Penalty: 0.0000 - {'risk_scale': 1.0}
2025-11-07 20:02:47,493 - UltimateBot_V8 - INFO - Penalty: 0.0000 - {'risk_scale': 1.0}
2025-11-07 20:02:47,501 - UltimateBot_V8 - INFO - Penalty: 0.0000 - {'risk_scale': 1.0}
2025-11-07 20:02:47,508 - UltimateBot_V8 - INFO - Penalty: 0.0000 - {'risk_scale': 1.0}
2025-11-07 20:02:47,516 - UltimateBot_V8 - INFO - Penalty: 0.0000 - {'risk_scale': 1.0}
2025-11-07 20:02:47,523 - UltimateBot_V8 - INFO - Penalty: 0.0000 - {'risk_scale': 1.0}
2025-11-07 20:02:47,531 - UltimateBot_V8 - INFO - Penalty: 0.0000 - {'risk_scale': 1.0}
2025-11-07 20:02:47,538 - UltimateBot_V8 - INFO - Penalty: 0.0000 - {'risk_scale': 1.0}
2025-11-07 20:02:47,546 - UltimateBot_V8 - INFO - Penalty: 0.0000 - {'risk_scale': 1.0}
2025-11-07 20:02:47,554 - UltimateBot_V8 - INFO - Penalty: 0.0000 - {'risk_scale': 1.0}
2025-11-07 20:02:47,562 - UltimateBot_V8 - INFO - Penalty: 0.0000 - {'risk_scale': 1.0}
2025-11-07 20:02:47,569 - UltimateBot_V8 - INFO - Penalty: 0.0000 - {'risk_scale': 1.0}
2025-11-07 20:02:47,577 - UltimateBot_V8 - INFO - Penalty: 0.0000 - {'risk_scale': 1.0}
2025-11-07 20:02:47,585 - UltimateBot_V8 - INFO - Penalty: 0.0000 - {'risk_scale': 1.0}
2025-11-07 20:02:47,593 - UltimateBot_V8 - INFO - Penalty: 0.0000 - {'risk_scale': 1.0}
2025-11-07 20:02:47,601 - UltimateBot_V8 - INFO - Penalty: 0.0000 - {'risk_scale': 1.0}
2025-11-07 20:02:47,609 - UltimateBot_V8 - INFO - Penalty: 0.0000 - {'risk_scale': 1.0}
2025-11-07 20:02:47,616 - UltimateBot_V8 - INFO - Penalty: 0.0000 - {'risk_scale': 1.0}
2025-11-07 20:02:47,624 - UltimateBot_V8 - INFO - Penalty: 0.0000 - {'risk_scale': 1.0}
2025-11-07 20:02:47,632 - UltimateBot_V8 - INFO - Penalty: 0.0000 - {'risk_scale': 1.0}
2025-11-07 20:02:47,640 - UltimateBot_V8 - INFO - Penalty: 0.0000 - {'risk_scale': 1.0}
2025-11-07 20:02:47,648 - UltimateBot_V8 - INFO - Penalty: 0.0000 - {'risk_scale': 1.0}
2025-11-07 20:02:47,656 - UltimateBot_V8 - INFO - Penalty: 0.0000 - {'risk_scale': 1.0}
2025-11-07 20:02:47,664 - UltimateBot_V8 - INFO - Penalty: 0.0000 - {'risk_scale': 1.0}
2025-11-07 20:02:47,672 - UltimateBot_V8 - INFO - Penalty: 0.0000 - {'risk_scale': 1.0}
2025-11-07 20:02:47,680 - UltimateBot_V8 - INFO - Penalty: 0.0000 - {'risk_scale': 1.0}
2025-11-07 20:02:47,688 - UltimateBot_V8 - INFO - Penalty: 0.0000 - {'risk_scale': 1.0}
2025-11-07 20:02:47,696 - UltimateBot_V8 - INFO - Penalty: 0.0000 - {'risk_scale': 1.0}
2025-11-07 20:02:47,705 - UltimateBot_V8 - INFO - Penalty: 0.0000 - {'risk_scale': 1.0}
2025-11-07 20:02:47,713 - UltimateBot_V8 - INFO - Penalty: 0.0000 - {'risk_scale': 1.0}
2025-11-07 20:02:47,721 - UltimateBot_V8 - INFO - Penalty: 0.0000 - {'risk_scale': 1.0}
2025-11-07 20:02:47,729 - UltimateBot_V8 - INFO - Penalty: 0.0000 - {'risk_scale': 1.0}
2025-11-07 20:02:47,737 - UltimateBot_V8 - INFO - Penalty: 0.0000 - {'risk_scale': 1.0}
2025-11-07 20:02:47,745 - UltimateBot_V8 - INFO - Penalty: 0.0000 - {'risk_scale': 1.0}
2025-11-07 20:02:47,754 - UltimateBot_V8 - INFO - Penalty: 0.0000 - {'risk_scale': 1.0}
2025-11-07 20:02:47,762 - UltimateBot_V8 - INFO - Penalty: 0.0000 - {'risk_scale': 1.0}
2025-11-07 20:02:47,770 - UltimateBot_V8 - INFO - Penalty: 0.0000 - {'risk_scale': 1.0}
2025-11-07 20:02:47,779 - UltimateBot_V8 - INFO - Penalty: 0.0000 - {'risk_scale': 1.0}
2025-11-07 20:02:47,787 - UltimateBot_V8 - INFO - Penalty: 0.0000 - {'risk_scale': 1.0}
2025-11-07 20:02:47,795 - UltimateBot_V8 - INFO - Penalty: 0.0000 - {'risk_scale': 1.0}
2025-11-07 20:02:47,804 - UltimateBot_V8 - INFO - Penalty: 0.0000 - {'risk_scale': 1.0}
2025-11-07 20:02:47,812 - UltimateBot_V8 - INFO - Penalty: 0.0000 - {'risk_scale': 1.0}
2025-11-07 20:02:47,821 - UltimateBot_V8 - INFO - Penalty: 0.0000 - {'risk_scale': 1.0}
2025-11-07 20:02:47,830 - UltimateBot_V8 - INFO - Penalty: 0.0000 - {'risk_scale': 1.0}
2025-11-07 20:02:47,838 - UltimateBot_V8 - INFO - Penalty: 0.0000 - {'risk_scale': 1.0}
2025-11-07 20:02:47,838 - UltimateBot_V8 - INFO -   Step 500: Reward=28.2727, Balance=$25000.00
2025-11-07 20:02:47,847 - UltimateBot_V8 - INFO - Penalty: 0.0000 - {'risk_scale': 1.0}
2025-11-07 20:02:47,855 - UltimateBot_V8 - INFO - Penalty: 0.0000 - {'risk_scale': 1.0}
2025-11-07 20:02:47,863 - UltimateBot_V8 - INFO - Penalty: 0.0000 - {'risk_scale': 1.0}
2025-11-07 20:02:47,872 - UltimateBot_V8 - INFO - Penalty: 0.0000 - {'risk_scale': 1.0}
2025-11-07 20:02:47,880 - UltimateBot_V8 - INFO - Penalty: 0.0000 - {'risk_scale': 1.0}
2025-11-07 20:02:47,889 - UltimateBot_V8 - INFO - Penalty: 0.0000 - {'risk_scale': 1.0}
2025-11-07 20:02:47,897 - UltimateBot_V8 - INFO - Penalty: 0.0000 - {'risk_scale': 1.0}
2025-11-07 20:02:47,906 - UltimateBot_V8 - INFO - Penalty: 0.0000 - {'risk_scale': 1.0}
2025-11-07 20:02:47,914 - UltimateBot_V8 - INFO - Penalty: 0.0000 - {'risk_scale': 1.0}
2025-11-07 20:02:47,923 - UltimateBot_V8 - INFO - Penalty: 0.0000 - {'risk_scale': 1.0}
2025-11-07 20:02:47,932 - UltimateBot_V8 - INFO - Penalty: 0.0000 - {'risk_scale': 1.0}
2025-11-07 20:02:47,941 - UltimateBot_V8 - INFO - Penalty: 0.0000 - {'risk_scale': 1.0}
2025-11-07 20:02:47,950 - UltimateBot_V8 - INFO - Penalty: 0.0000 - {'risk_scale': 1.0}
2025-11-07 20:02:47,959 - UltimateBot_V8 - INFO - Penalty: 0.0000 - {'risk_scale': 1.0}
2025-11-07 20:02:47,969 - UltimateBot_V8 - INFO - Penalty: 0.0000 - {'risk_scale': 1.0}
2025-11-07 20:02:47,978 - UltimateBot_V8 - INFO - Penalty: 0.0000 - {'risk_scale': 1.0}
2025-11-07 20:02:47,987 - UltimateBot_V8 - INFO - Penalty: 0.0000 - {'risk_scale': 1.0}
2025-11-07 20:02:47,996 - UltimateBot_V8 - INFO - Penalty: 0.0000 - {'risk_scale': 1.0}
2025-11-07 20:02:48,005 - UltimateBot_V8 - INFO - Penalty: 0.0000 - {'risk_scale': 1.0}
2025-11-07 20:02:48,015 - UltimateBot_V8 - INFO - Penalty: 0.0000 - {'risk_scale': 1.0}
2025-11-07 20:02:48,024 - UltimateBot_V8 - INFO - Penalty: 0.0000 - {'risk_scale': 1.0}
2025-11-07 20:02:48,033 - UltimateBot_V8 - INFO - Penalty: 0.0000 - {'risk_scale': 1.0}
2025-11-07 20:02:48,041 - UltimateBot_V8 - INFO - Penalty: 0.0000 - {'risk_scale': 1.0}
2025-11-07 20:02:48,050 - UltimateBot_V8 - INFO - Penalty: 0.0000 - {'risk_scale': 1.0}
2025-11-07 20:02:48,059 - UltimateBot_V8 - INFO - Penalty: 0.0000 - {'risk_scale': 1.0}
2025-11-07 20:02:48,068 - UltimateBot_V8 - INFO - Penalty: 0.0000 - {'risk_scale': 1.0}
2025-11-07 20:02:48,077 - UltimateBot_V8 - INFO - Penalty: 0.0000 - {'risk_scale': 1.0}
2025-11-07 20:02:48,086 - UltimateBot_V8 - INFO - Penalty: 0.0000 - {'risk_scale': 1.0}
2025-11-07 20:02:48,094 - UltimateBot_V8 - INFO - Penalty: 0.0000 - {'risk_scale': 1.0}
2025-11-07 20:02:48,103 - UltimateBot_V8 - INFO - Penalty: 0.0000 - {'risk_scale': 1.0}
2025-11-07 20:02:48,112 - UltimateBot_V8 - INFO - Penalty: 0.0000 - {'risk_scale': 1.0}
2025-11-07 20:02:48,121 - UltimateBot_V8 - INFO - Penalty: 0.0000 - {'risk_scale': 1.0}
2025-11-07 20:02:48,130 - UltimateBot_V8 - INFO - Penalty: 0.0000 - {'risk_scale': 1.0}
2025-11-07 20:02:48,139 - UltimateBot_V8 - INFO - Penalty: 0.0000 - {'risk_scale': 1.0}
2025-11-07 20:02:48,147 - UltimateBot_V8 - INFO - Penalty: 0.0000 - {'risk_scale': 1.0}
2025-11-07 20:02:48,156 - UltimateBot_V8 - INFO - Penalty: 0.0000 - {'risk_scale': 1.0}
2025-11-07 20:02:48,165 - UltimateBot_V8 - INFO - Penalty: 0.0000 - {'risk_scale': 1.0}
2025-11-07 20:02:48,175 - UltimateBot_V8 - INFO - Penalty: 0.0000 - {'risk_scale': 1.0}
2025-11-07 20:02:48,184 - UltimateBot_V8 - INFO - Penalty: 0.0000 - {'risk_scale': 1.0}
2025-11-07 20:02:48,193 - UltimateBot_V8 - INFO - Penalty: 0.0000 - {'risk_scale': 1.0}
2025-11-07 20:02:48,203 - UltimateBot_V8 - INFO - Penalty: 0.0000 - {'risk_scale': 1.0}
2025-11-07 20:02:48,214 - UltimateBot_V8 - INFO - Penalty: 0.0000 - {'risk_scale': 1.0}
2025-11-07 20:02:48,225 - UltimateBot_V8 - INFO - Penalty: 0.0000 - {'risk_scale': 1.0}
2025-11-07 20:02:48,235 - UltimateBot_V8 - INFO - Penalty: 0.0000 - {'risk_scale': 1.0}
2025-11-07 20:02:48,244 - UltimateBot_V8 - INFO - Penalty: 0.0000 - {'risk_scale': 1.0}
2025-11-07 20:02:48,254 - UltimateBot_V8 - INFO - Penalty: 0.0000 - {'risk_scale': 1.0}
2025-11-07 20:02:48,263 - UltimateBot_V8 - INFO - Penalty: 0.0000 - {'risk_scale': 1.0}
2025-11-07 20:02:48,273 - UltimateBot_V8 - INFO - Penalty: 0.0000 - {'risk_scale': 1.0}
2025-11-07 20:02:48,282 - UltimateBot_V8 - INFO - Penalty: 0.0000 - {'risk_scale': 1.0}
2025-11-07 20:02:48,292 - UltimateBot_V8 - INFO - Penalty: 0.0000 - {'risk_scale': 1.0}
2025-11-07 20:02:48,301 - UltimateBot_V8 - INFO - Penalty: 0.0000 - {'risk_scale': 1.0}
2025-11-07 20:02:48,311 - UltimateBot_V8 - INFO - Penalty: 0.0000 - {'risk_scale': 1.0}
2025-11-07 20:02:48,320 - UltimateBot_V8 - INFO - Penalty: 0.0000 - {'risk_scale': 1.0}
2025-11-07 20:02:48,330 - UltimateBot_V8 - INFO - Penalty: 0.0000 - {'risk_scale': 1.0}
2025-11-07 20:02:48,339 - UltimateBot_V8 - INFO - Penalty: 0.0000 - {'risk_scale': 1.0}
2025-11-07 20:02:48,349 - UltimateBot_V8 - INFO - Penalty: 0.0000 - {'risk_scale': 1.0}
2025-11-07 20:02:48,358 - UltimateBot_V8 - INFO - Penalty: 0.0000 - {'risk_scale': 1.0}
2025-11-07 20:02:48,368 - UltimateBot_V8 - INFO - Penalty: 0.0000 - {'risk_scale': 1.0}
2025-11-07 20:02:48,377 - UltimateBot_V8 - INFO - Penalty: 0.0000 - {'risk_scale': 1.0}
2025-11-07 20:02:48,386 - UltimateBot_V8 - INFO - Penalty: 0.0000 - {'risk_scale': 1.0}
2025-11-07 20:02:48,396 - UltimateBot_V8 - INFO - Penalty: 0.0000 - {'risk_scale': 1.0}
2025-11-07 20:02:48,405 - UltimateBot_V8 - INFO - Penalty: 0.0000 - {'risk_scale': 1.0}
2025-11-07 20:02:48,415 - UltimateBot_V8 - INFO - Penalty: 0.0000 - {'risk_scale': 1.0}
2025-11-07 20:02:48,424 - UltimateBot_V8 - INFO - Penalty: 0.0000 - {'risk_scale': 1.0}
2025-11-07 20:02:48,434 - UltimateBot_V8 - INFO - Penalty: 0.0000 - {'risk_scale': 1.0}
2025-11-07 20:02:48,443 - UltimateBot_V8 - INFO - Penalty: 0.0000 - {'risk_scale': 1.0}
2025-11-07 20:02:48,452 - UltimateBot_V8 - INFO - Penalty: 0.0000 - {'risk_scale': 1.0}
2025-11-07 20:02:48,462 - UltimateBot_V8 - INFO - Penalty: 0.0000 - {'risk_scale': 1.0}
2025-11-07 20:02:48,471 - UltimateBot_V8 - INFO - Penalty: 0.0000 - {'risk_scale': 1.0}
2025-11-07 20:02:48,481 - UltimateBot_V8 - INFO - Penalty: 0.0000 - {'risk_scale': 1.0}
2025-11-07 20:02:48,490 - UltimateBot_V8 - INFO - Penalty: 0.0000 - {'risk_scale': 1.0}
2025-11-07 20:02:48,500 - UltimateBot_V8 - INFO - Penalty: 0.0000 - {'risk_scale': 1.0}
2025-11-07 20:02:48,509 - UltimateBot_V8 - INFO - Penalty: 0.0000 - {'risk_scale': 1.0}
2025-11-07 20:02:48,519 - UltimateBot_V8 - INFO - Penalty: 0.0000 - {'risk_scale': 1.0}
2025-11-07 20:02:48,529 - UltimateBot_V8 - INFO - Penalty: 0.0000 - {'risk_scale': 1.0}
2025-11-07 20:02:48,538 - UltimateBot_V8 - INFO - Penalty: 0.0000 - {'risk_scale': 1.0}
2025-11-07 20:02:48,548 - UltimateBot_V8 - INFO - Penalty: 0.0000 - {'risk_scale': 1.0}
2025-11-07 20:02:48,558 - UltimateBot_V8 - INFO - Penalty: 0.0000 - {'risk_scale': 1.0}
2025-11-07 20:02:48,568 - UltimateBot_V8 - INFO - Penalty: 0.0000 - {'risk_scale': 1.0}
2025-11-07 20:02:48,577 - UltimateBot_V8 - INFO - Penalty: 0.0000 - {'risk_scale': 1.0}
2025-11-07 20:02:48,587 - UltimateBot_V8 - INFO - Penalty: 0.0000 - {'risk_scale': 1.0}
2025-11-07 20:02:48,597 - UltimateBot_V8 - INFO - Penalty: 0.0000 - {'risk_scale': 1.0}
2025-11-07 20:02:48,607 - UltimateBot_V8 - INFO - Penalty: 0.0000 - {'risk_scale': 1.0}
2025-11-07 20:02:48,616 - UltimateBot_V8 - INFO - Penalty: 0.0000 - {'risk_scale': 1.0}
2025-11-07 20:02:48,626 - UltimateBot_V8 - INFO - Penalty: 0.0000 - {'risk_scale': 1.0}
2025-11-07 20:02:48,636 - UltimateBot_V8 - INFO - Penalty: 0.0000 - {'risk_scale': 1.0}
2025-11-07 20:02:48,645 - UltimateBot_V8 - INFO - Penalty: 0.0000 - {'risk_scale': 1.0}
2025-11-07 20:02:48,655 - UltimateBot_V8 - INFO - Penalty: 0.0000 - {'risk_scale': 1.0}
2025-11-07 20:02:48,665 - UltimateBot_V8 - INFO - Penalty: 0.0000 - {'risk_scale': 1.0}
2025-11-07 20:02:48,675 - UltimateBot_V8 - INFO - Penalty: 0.0000 - {'risk_scale': 1.0}
2025-11-07 20:02:48,684 - UltimateBot_V8 - INFO - Penalty: 0.0000 - {'risk_scale': 1.0}
2025-11-07 20:02:48,694 - UltimateBot_V8 - INFO - Penalty: 0.0000 - {'risk_scale': 1.0}
2025-11-07 20:02:48,704 - UltimateBot_V8 - INFO - Penalty: 0.0000 - {'risk_scale': 1.0}
2025-11-07 20:02:48,714 - UltimateBot_V8 - INFO - Penalty: 0.0000 - {'risk_scale': 1.0}
2025-11-07 20:02:48,724 - UltimateBot_V8 - INFO - Penalty: 0.0000 - {'risk_scale': 1.0}
2025-11-07 20:02:48,734 - UltimateBot_V8 - INFO - Penalty: 0.0000 - {'risk_scale': 1.0}
2025-11-07 20:02:48,743 - UltimateBot_V8 - INFO - Penalty: 0.0000 - {'risk_scale': 1.0}
2025-11-07 20:02:48,753 - UltimateBot_V8 - INFO - Penalty: 0.0000 - {'risk_scale': 1.0}
2025-11-07 20:02:48,764 - UltimateBot_V8 - INFO - Penalty: 0.0000 - {'risk_scale': 1.0}
2025-11-07 20:02:48,774 - UltimateBot_V8 - INFO - Penalty: 0.0000 - {'risk_scale': 1.0}
2025-11-07 20:02:48,774 - UltimateBot_V8 - INFO -   Step 600: Reward=20.5424, Balance=$25000.00
2025-11-07 20:02:48,784 - UltimateBot_V8 - INFO - Penalty: 0.0000 - {'risk_scale': 1.0}
2025-11-07 20:02:48,794 - UltimateBot_V8 - INFO - Penalty: 0.0000 - {'risk_scale': 1.0}
2025-11-07 20:02:48,804 - UltimateBot_V8 - INFO - Penalty: 0.0000 - {'risk_scale': 1.0}
2025-11-07 20:02:48,814 - UltimateBot_V8 - INFO - Penalty: 0.0000 - {'risk_scale': 1.0}
2025-11-07 20:02:48,825 - UltimateBot_V8 - INFO - Penalty: 0.0000 - {'risk_scale': 1.0}
2025-11-07 20:02:48,835 - UltimateBot_V8 - INFO - Penalty: 0.0000 - {'risk_scale': 1.0}
2025-11-07 20:02:48,845 - UltimateBot_V8 - INFO - Penalty: 0.0000 - {'risk_scale': 1.0}
2025-11-07 20:02:48,855 - UltimateBot_V8 - INFO - Penalty: 0.0000 - {'risk_scale': 1.0}
2025-11-07 20:02:48,865 - UltimateBot_V8 - INFO - Penalty: 0.0000 - {'risk_scale': 1.0}
2025-11-07 20:02:48,876 - UltimateBot_V8 - INFO - Penalty: 0.0000 - {'risk_scale': 1.0}
2025-11-07 20:02:48,886 - UltimateBot_V8 - INFO - Penalty: 0.0000 - {'risk_scale': 1.0}
2025-11-07 20:02:48,896 - UltimateBot_V8 - INFO - Penalty: 0.0000 - {'risk_scale': 1.0}
2025-11-07 20:02:48,906 - UltimateBot_V8 - INFO - Penalty: 0.0000 - {'risk_scale': 1.0}
2025-11-07 20:02:48,917 - UltimateBot_V8 - INFO - Penalty: 0.0000 - {'risk_scale': 1.0}
2025-11-07 20:02:48,927 - UltimateBot_V8 - INFO - Penalty: 0.0000 - {'risk_scale': 1.0}
2025-11-07 20:02:48,938 - UltimateBot_V8 - INFO - Penalty: 0.0000 - {'risk_scale': 1.0}
2025-11-07 20:02:48,949 - UltimateBot_V8 - INFO - Penalty: 0.0000 - {'risk_scale': 1.0}
2025-11-07 20:02:48,959 - UltimateBot_V8 - INFO - Penalty: 0.0000 - {'risk_scale': 1.0}
2025-11-07 20:02:48,970 - UltimateBot_V8 - INFO - Penalty: 0.0000 - {'risk_scale': 1.0}
2025-11-07 20:02:48,980 - UltimateBot_V8 - INFO - Penalty: 0.0000 - {'risk_scale': 1.0}
2025-11-07 20:02:48,991 - UltimateBot_V8 - INFO - Penalty: 0.0000 - {'risk_scale': 1.0}
2025-11-07 20:02:49,001 - UltimateBot_V8 - INFO - Penalty: 0.0000 - {'risk_scale': 1.0}
2025-11-07 20:02:49,011 - UltimateBot_V8 - INFO - Penalty: 0.0000 - {'risk_scale': 1.0}
2025-11-07 20:02:49,022 - UltimateBot_V8 - INFO - Penalty: 0.0000 - {'risk_scale': 1.0}
2025-11-07 20:02:49,033 - UltimateBot_V8 - INFO - Penalty: 0.0000 - {'risk_scale': 1.0}
2025-11-07 20:02:49,044 - UltimateBot_V8 - INFO - Penalty: 0.0000 - {'risk_scale': 1.0}
2025-11-07 20:02:49,054 - UltimateBot_V8 - INFO - Penalty: 0.0000 - {'risk_scale': 1.0}
2025-11-07 20:02:49,064 - UltimateBot_V8 - INFO - Penalty: 0.0000 - {'risk_scale': 1.0}
2025-11-07 20:02:49,075 - UltimateBot_V8 - INFO - Penalty: 0.0000 - {'risk_scale': 1.0}
2025-11-07 20:02:49,086 - UltimateBot_V8 - INFO - Penalty: 0.0000 - {'risk_scale': 1.0}
2025-11-07 20:02:49,096 - UltimateBot_V8 - INFO - Penalty: 0.0000 - {'risk_scale': 1.0}
2025-11-07 20:02:49,107 - UltimateBot_V8 - INFO - Penalty: 0.0000 - {'risk_scale': 1.0}
2025-11-07 20:02:49,117 - UltimateBot_V8 - INFO - Penalty: 0.0000 - {'risk_scale': 1.0}
2025-11-07 20:02:49,128 - UltimateBot_V8 - INFO - Penalty: 0.0000 - {'risk_scale': 1.0}
2025-11-07 20:02:49,139 - UltimateBot_V8 - INFO - Penalty: 0.0000 - {'risk_scale': 1.0}
2025-11-07 20:02:49,150 - UltimateBot_V8 - INFO - Penalty: 0.0000 - {'risk_scale': 1.0}
2025-11-07 20:02:49,160 - UltimateBot_V8 - INFO - Penalty: 0.0000 - {'risk_scale': 1.0}
2025-11-07 20:02:49,171 - UltimateBot_V8 - INFO - Penalty: 0.0000 - {'risk_scale': 1.0}
2025-11-07 20:02:49,182 - UltimateBot_V8 - INFO - Penalty: 0.0000 - {'risk_scale': 1.0}
2025-11-07 20:02:49,193 - UltimateBot_V8 - INFO - Penalty: 0.0000 - {'risk_scale': 1.0}
2025-11-07 20:02:49,204 - UltimateBot_V8 - INFO - Penalty: 0.0000 - {'risk_scale': 1.0}
2025-11-07 20:02:49,215 - UltimateBot_V8 - INFO - Penalty: 0.0000 - {'risk_scale': 1.0}
2025-11-07 20:02:49,226 - UltimateBot_V8 - INFO - Penalty: 0.0000 - {'risk_scale': 1.0}
2025-11-07 20:02:49,237 - UltimateBot_V8 - INFO - Penalty: 0.0000 - {'risk_scale': 1.0}
2025-11-07 20:02:49,248 - UltimateBot_V8 - INFO - Penalty: 0.0000 - {'risk_scale': 1.0}
2025-11-07 20:02:49,259 - UltimateBot_V8 - INFO - Penalty: 0.0000 - {'risk_scale': 1.0}
2025-11-07 20:02:49,270 - UltimateBot_V8 - INFO - Penalty: 0.0000 - {'risk_scale': 1.0}
2025-11-07 20:02:49,280 - UltimateBot_V8 - INFO - Penalty: 0.0000 - {'risk_scale': 1.0}
2025-11-07 20:02:49,291 - UltimateBot_V8 - INFO - Penalty: 0.0000 - {'risk_scale': 1.0}
2025-11-07 20:02:49,302 - UltimateBot_V8 - INFO - Penalty: 0.0000 - {'risk_scale': 1.0}
2025-11-07 20:02:49,314 - UltimateBot_V8 - INFO - Penalty: 0.0000 - {'risk_scale': 1.0}
2025-11-07 20:02:49,325 - UltimateBot_V8 - INFO - Penalty: 0.0000 - {'risk_scale': 1.0}
2025-11-07 20:02:49,335 - UltimateBot_V8 - INFO - Penalty: 0.0000 - {'risk_scale': 1.0}
2025-11-07 20:02:49,346 - UltimateBot_V8 - INFO - Penalty: 0.0000 - {'risk_scale': 1.0}
2025-11-07 20:02:49,358 - UltimateBot_V8 - INFO - Penalty: 0.0000 - {'risk_scale': 1.0}
2025-11-07 20:02:49,369 - UltimateBot_V8 - INFO - Penalty: 0.0000 - {'risk_scale': 1.0}
2025-11-07 20:02:49,380 - UltimateBot_V8 - INFO - Penalty: 0.0000 - {'risk_scale': 1.0}
2025-11-07 20:02:49,391 - UltimateBot_V8 - INFO - Penalty: 0.0000 - {'risk_scale': 1.0}
2025-11-07 20:02:49,402 - UltimateBot_V8 - INFO - Penalty: 0.0000 - {'risk_scale': 1.0}
2025-11-07 20:02:49,413 - UltimateBot_V8 - INFO - Penalty: 0.0000 - {'risk_scale': 1.0}
2025-11-07 20:02:49,424 - UltimateBot_V8 - INFO - Penalty: 0.0000 - {'risk_scale': 1.0}
2025-11-07 20:02:49,435 - UltimateBot_V8 - INFO - Penalty: 0.0000 - {'risk_scale': 1.0}
2025-11-07 20:02:49,447 - UltimateBot_V8 - INFO - Penalty: 0.0000 - {'risk_scale': 1.0}
2025-11-07 20:02:49,458 - UltimateBot_V8 - INFO - Penalty: 0.0000 - {'risk_scale': 1.0}
2025-11-07 20:02:49,469 - UltimateBot_V8 - INFO - Penalty: 0.0000 - {'risk_scale': 1.0}
2025-11-07 20:02:49,480 - UltimateBot_V8 - INFO - Penalty: 0.0000 - {'risk_scale': 1.0}
2025-11-07 20:02:49,491 - UltimateBot_V8 - INFO - Penalty: 0.0000 - {'risk_scale': 1.0}
2025-11-07 20:02:49,502 - UltimateBot_V8 - INFO - Penalty: 0.0000 - {'risk_scale': 1.0}
2025-11-07 20:02:49,514 - UltimateBot_V8 - INFO - Penalty: 0.0000 - {'risk_scale': 1.0}
2025-11-07 20:02:49,525 - UltimateBot_V8 - INFO - Penalty: 0.0000 - {'risk_scale': 1.0}
2025-11-07 20:02:49,537 - UltimateBot_V8 - INFO - Penalty: 0.0000 - {'risk_scale': 1.0}
2025-11-07 20:02:49,548 - UltimateBot_V8 - INFO - Penalty: 0.0000 - {'risk_scale': 1.0}
2025-11-07 20:02:49,559 - UltimateBot_V8 - INFO - Penalty: 0.0000 - {'risk_scale': 1.0}
2025-11-07 20:02:49,571 - UltimateBot_V8 - INFO - Penalty: 0.0000 - {'risk_scale': 1.0}
2025-11-07 20:02:49,582 - UltimateBot_V8 - INFO - Penalty: 0.0000 - {'risk_scale': 1.0}
2025-11-07 20:02:49,593 - UltimateBot_V8 - INFO - Penalty: 0.0000 - {'risk_scale': 1.0}
2025-11-07 20:02:49,605 - UltimateBot_V8 - INFO - Penalty: 0.0000 - {'risk_scale': 1.0}
2025-11-07 20:02:49,616 - UltimateBot_V8 - INFO - Penalty: 0.0000 - {'risk_scale': 1.0}
2025-11-07 20:02:49,627 - UltimateBot_V8 - INFO - Penalty: 0.0000 - {'risk_scale': 1.0}
2025-11-07 20:02:49,639 - UltimateBot_V8 - INFO - Penalty: 0.0000 - {'risk_scale': 1.0}
2025-11-07 20:02:49,650 - UltimateBot_V8 - INFO - Penalty: 0.0000 - {'risk_scale': 1.0}
2025-11-07 20:02:49,662 - UltimateBot_V8 - INFO - Penalty: 0.0000 - {'risk_scale': 1.0}
2025-11-07 20:02:49,673 - UltimateBot_V8 - INFO - Penalty: 0.0000 - {'risk_scale': 1.0}
2025-11-07 20:02:49,685 - UltimateBot_V8 - INFO - Penalty: 0.0000 - {'risk_scale': 1.0}
2025-11-07 20:02:49,696 - UltimateBot_V8 - INFO - Penalty: 0.0000 - {'risk_scale': 1.0}
2025-11-07 20:02:49,708 - UltimateBot_V8 - INFO - Penalty: 0.0000 - {'risk_scale': 1.0}
2025-11-07 20:02:49,720 - UltimateBot_V8 - INFO - Penalty: 0.0000 - {'risk_scale': 1.0}
2025-11-07 20:02:49,732 - UltimateBot_V8 - INFO - Penalty: 0.0000 - {'risk_scale': 1.0}
2025-11-07 20:02:49,744 - UltimateBot_V8 - INFO - Penalty: 0.0000 - {'risk_scale': 1.0}
2025-11-07 20:02:49,756 - UltimateBot_V8 - INFO - Penalty: 0.0000 - {'risk_scale': 1.0}
2025-11-07 20:02:49,768 - UltimateBot_V8 - INFO - Penalty: 0.0000 - {'risk_scale': 1.0}
2025-11-07 20:02:49,780 - UltimateBot_V8 - INFO - Penalty: 0.0000 - {'risk_scale': 1.0}
2025-11-07 20:02:49,792 - UltimateBot_V8 - INFO - Penalty: 0.0000 - {'risk_scale': 1.0}
2025-11-07 20:02:49,803 - UltimateBot_V8 - INFO - Penalty: 0.0000 - {'risk_scale': 1.0}
2025-11-07 20:02:49,815 - UltimateBot_V8 - INFO - Penalty: 0.0000 - {'risk_scale': 1.0}
2025-11-07 20:02:49,827 - UltimateBot_V8 - INFO - Penalty: 0.0000 - {'risk_scale': 1.0}
2025-11-07 20:02:49,839 - UltimateBot_V8 - INFO - Penalty: 0.0000 - {'risk_scale': 1.0}
2025-11-07 20:02:49,851 - UltimateBot_V8 - INFO - Penalty: 0.0000 - {'risk_scale': 1.0}
2025-11-07 20:02:49,863 - UltimateBot_V8 - INFO - Penalty: 0.0000 - {'risk_scale': 1.0}
2025-11-07 20:02:49,875 - UltimateBot_V8 - INFO - Penalty: 0.0000 - {'risk_scale': 1.0}
2025-11-07 20:02:49,875 - UltimateBot_V8 - INFO -   Step 700: Reward=31.7231, Balance=$25000.00
2025-11-07 20:02:49,887 - UltimateBot_V8 - INFO - Penalty: 0.0000 - {'risk_scale': 1.0}
2025-11-07 20:02:49,899 - UltimateBot_V8 - INFO - Penalty: 0.0000 - {'risk_scale': 1.0}
2025-11-07 20:02:49,911 - UltimateBot_V8 - INFO - Penalty: 0.0000 - {'risk_scale': 1.0}
2025-11-07 20:02:49,922 - UltimateBot_V8 - INFO - Penalty: 0.0000 - {'risk_scale': 1.0}
2025-11-07 20:02:49,935 - UltimateBot_V8 - INFO - Penalty: 0.0000 - {'risk_scale': 1.0}
2025-11-07 20:02:49,947 - UltimateBot_V8 - INFO - Penalty: 0.0000 - {'risk_scale': 1.0}
2025-11-07 20:02:49,959 - UltimateBot_V8 - INFO - Penalty: 0.0000 - {'risk_scale': 1.0}
2025-11-07 20:02:49,971 - UltimateBot_V8 - INFO - Penalty: 0.0000 - {'risk_scale': 1.0}
2025-11-07 20:02:49,983 - UltimateBot_V8 - INFO - Penalty: 0.0000 - {'risk_scale': 1.0}
2025-11-07 20:02:49,996 - UltimateBot_V8 - INFO - Penalty: 0.0000 - {'risk_scale': 1.0}
2025-11-07 20:02:50,008 - UltimateBot_V8 - INFO - Penalty: 0.0000 - {'risk_scale': 1.0}
2025-11-07 20:02:50,021 - UltimateBot_V8 - INFO - Penalty: 0.0000 - {'risk_scale': 1.0}
2025-11-07 20:02:50,033 - UltimateBot_V8 - INFO - Penalty: 0.0000 - {'risk_scale': 1.0}
2025-11-07 20:02:50,044 - UltimateBot_V8 - INFO - Penalty: 0.0000 - {'risk_scale': 1.0}
2025-11-07 20:02:50,056 - UltimateBot_V8 - INFO - Penalty: 0.0000 - {'risk_scale': 1.0}
2025-11-07 20:02:50,069 - UltimateBot_V8 - INFO - Penalty: 0.0000 - {'risk_scale': 1.0}
2025-11-07 20:02:50,080 - UltimateBot_V8 - INFO - Penalty: 0.0000 - {'risk_scale': 1.0}
2025-11-07 20:02:50,093 - UltimateBot_V8 - INFO - Penalty: 0.0000 - {'risk_scale': 1.0}
2025-11-07 20:02:50,105 - UltimateBot_V8 - INFO - Penalty: 0.0000 - {'risk_scale': 1.0}
2025-11-07 20:02:50,117 - UltimateBot_V8 - INFO - Penalty: 0.0000 - {'risk_scale': 1.0}
2025-11-07 20:02:50,129 - UltimateBot_V8 - INFO - Penalty: 0.0000 - {'risk_scale': 1.0}
2025-11-07 20:02:50,142 - UltimateBot_V8 - INFO - Penalty: 0.0000 - {'risk_scale': 1.0}
2025-11-07 20:02:50,154 - UltimateBot_V8 - INFO - Penalty: 0.0000 - {'risk_scale': 1.0}
2025-11-07 20:02:50,166 - UltimateBot_V8 - INFO - Penalty: 0.0000 - {'risk_scale': 1.0}
2025-11-07 20:02:50,178 - UltimateBot_V8 - INFO - Penalty: 0.0000 - {'risk_scale': 1.0}
2025-11-07 20:02:50,190 - UltimateBot_V8 - INFO - Penalty: 0.0000 - {'risk_scale': 1.0}
2025-11-07 20:02:50,203 - UltimateBot_V8 - INFO - Penalty: 0.0000 - {'risk_scale': 1.0}
2025-11-07 20:02:50,216 - UltimateBot_V8 - INFO - Penalty: 0.0000 - {'risk_scale': 1.0}
2025-11-07 20:02:50,229 - UltimateBot_V8 - INFO - Penalty: 0.0000 - {'risk_scale': 1.0}
2025-11-07 20:02:50,242 - UltimateBot_V8 - INFO - Penalty: 0.0000 - {'risk_scale': 1.0}
2025-11-07 20:02:50,255 - UltimateBot_V8 - INFO - Penalty: 0.0000 - {'risk_scale': 1.0}
2025-11-07 20:02:50,267 - UltimateBot_V8 - INFO - Penalty: 0.0000 - {'risk_scale': 1.0}
2025-11-07 20:02:50,280 - UltimateBot_V8 - INFO - Penalty: 0.0000 - {'risk_scale': 1.0}
2025-11-07 20:02:50,292 - UltimateBot_V8 - INFO - Penalty: 0.0000 - {'risk_scale': 1.0}
2025-11-07 20:02:50,305 - UltimateBot_V8 - INFO - Penalty: 0.0000 - {'risk_scale': 1.0}
2025-11-07 20:02:50,318 - UltimateBot_V8 - INFO - Penalty: 0.0000 - {'risk_scale': 1.0}
2025-11-07 20:02:50,330 - UltimateBot_V8 - INFO - Penalty: 0.0000 - {'risk_scale': 1.0}
2025-11-07 20:02:50,342 - UltimateBot_V8 - INFO - Penalty: 0.0000 - {'risk_scale': 1.0}
2025-11-07 20:02:50,355 - UltimateBot_V8 - INFO - Penalty: 0.0000 - {'risk_scale': 1.0}
2025-11-07 20:02:50,367 - UltimateBot_V8 - INFO - Penalty: 0.0000 - {'risk_scale': 1.0}
2025-11-07 20:02:50,379 - UltimateBot_V8 - INFO - Penalty: 0.0000 - {'risk_scale': 1.0}
2025-11-07 20:02:50,391 - UltimateBot_V8 - INFO - Penalty: 0.0000 - {'risk_scale': 1.0}
2025-11-07 20:02:50,404 - UltimateBot_V8 - INFO - Penalty: 0.0000 - {'risk_scale': 1.0}
2025-11-07 20:02:50,416 - UltimateBot_V8 - INFO - Penalty: 0.0000 - {'risk_scale': 1.0}
2025-11-07 20:02:50,429 - UltimateBot_V8 - INFO - Penalty: 0.0000 - {'risk_scale': 1.0}
2025-11-07 20:02:50,441 - UltimateBot_V8 - INFO - Penalty: 0.0000 - {'risk_scale': 1.0}
2025-11-07 20:02:50,454 - UltimateBot_V8 - INFO - Penalty: 0.0000 - {'risk_scale': 1.0}
2025-11-07 20:02:50,466 - UltimateBot_V8 - INFO - Penalty: 0.0000 - {'risk_scale': 1.0}
2025-11-07 20:02:50,479 - UltimateBot_V8 - INFO - Penalty: 0.0000 - {'risk_scale': 1.0}
2025-11-07 20:02:50,493 - UltimateBot_V8 - INFO - Penalty: 0.0000 - {'risk_scale': 1.0}
2025-11-07 20:02:50,507 - UltimateBot_V8 - INFO - Penalty: 0.0000 - {'risk_scale': 1.0}
2025-11-07 20:02:50,520 - UltimateBot_V8 - INFO - Penalty: 0.0000 - {'risk_scale': 1.0}
2025-11-07 20:02:50,533 - UltimateBot_V8 - INFO - Penalty: 0.0000 - {'risk_scale': 1.0}
2025-11-07 20:02:50,546 - UltimateBot_V8 - INFO - Penalty: 0.0000 - {'risk_scale': 1.0}
2025-11-07 20:02:50,559 - UltimateBot_V8 - INFO - Penalty: 0.0000 - {'risk_scale': 1.0}
2025-11-07 20:02:50,572 - UltimateBot_V8 - INFO - Penalty: 0.0000 - {'risk_scale': 1.0}
2025-11-07 20:02:50,585 - UltimateBot_V8 - INFO - Penalty: 0.0000 - {'risk_scale': 1.0}
2025-11-07 20:02:50,598 - UltimateBot_V8 - INFO - Penalty: 0.0000 - {'risk_scale': 1.0}
2025-11-07 20:02:50,611 - UltimateBot_V8 - INFO - Penalty: 0.0000 - {'risk_scale': 1.0}
2025-11-07 20:02:50,624 - UltimateBot_V8 - INFO - Penalty: 0.0000 - {'risk_scale': 1.0}
2025-11-07 20:02:50,636 - UltimateBot_V8 - INFO - Penalty: 0.0000 - {'risk_scale': 1.0}
2025-11-07 20:02:50,649 - UltimateBot_V8 - INFO - Penalty: 0.0000 - {'risk_scale': 1.0}
2025-11-07 20:02:50,662 - UltimateBot_V8 - INFO - Penalty: 0.0000 - {'risk_scale': 1.0}
2025-11-07 20:02:50,674 - UltimateBot_V8 - INFO - Penalty: 0.0000 - {'risk_scale': 1.0}
2025-11-07 20:02:50,687 - UltimateBot_V8 - INFO - Penalty: 0.0000 - {'risk_scale': 1.0}
2025-11-07 20:02:50,700 - UltimateBot_V8 - INFO - Penalty: 0.0000 - {'risk_scale': 1.0}
2025-11-07 20:02:50,713 - UltimateBot_V8 - INFO - Penalty: 0.0000 - {'risk_scale': 1.0}
2025-11-07 20:02:50,726 - UltimateBot_V8 - INFO - Penalty: 0.0000 - {'risk_scale': 1.0}
2025-11-07 20:02:50,739 - UltimateBot_V8 - INFO - Penalty: 0.0000 - {'risk_scale': 1.0}
2025-11-07 20:02:50,752 - UltimateBot_V8 - INFO - Penalty: 0.0000 - {'risk_scale': 1.0}
2025-11-07 20:02:50,764 - UltimateBot_V8 - INFO - Penalty: 0.0000 - {'risk_scale': 1.0}
2025-11-07 20:02:50,777 - UltimateBot_V8 - INFO - Penalty: 0.0000 - {'risk_scale': 1.0}
2025-11-07 20:02:50,790 - UltimateBot_V8 - INFO - Penalty: 0.0000 - {'risk_scale': 1.0}
2025-11-07 20:02:50,803 - UltimateBot_V8 - INFO - Penalty: 0.0000 - {'risk_scale': 1.0}
2025-11-07 20:02:50,816 - UltimateBot_V8 - INFO - Penalty: 0.0000 - {'risk_scale': 1.0}
2025-11-07 20:02:50,829 - UltimateBot_V8 - INFO - Penalty: 0.0000 - {'risk_scale': 1.0}
2025-11-07 20:02:50,843 - UltimateBot_V8 - INFO - Penalty: 0.0000 - {'risk_scale': 1.0}
2025-11-07 20:02:50,856 - UltimateBot_V8 - INFO - Penalty: 0.0000 - {'risk_scale': 1.0}
2025-11-07 20:02:50,869 - UltimateBot_V8 - INFO - Penalty: 0.0000 - {'risk_scale': 1.0}
2025-11-07 20:02:50,882 - UltimateBot_V8 - INFO - Penalty: 0.0000 - {'risk_scale': 1.0}
2025-11-07 20:02:50,894 - UltimateBot_V8 - INFO - Penalty: 0.0000 - {'risk_scale': 1.0}
2025-11-07 20:02:50,907 - UltimateBot_V8 - INFO - Penalty: 0.0000 - {'risk_scale': 1.0}
2025-11-07 20:02:50,920 - UltimateBot_V8 - INFO - Penalty: 0.0000 - {'risk_scale': 1.0}
2025-11-07 20:02:50,934 - UltimateBot_V8 - INFO - Penalty: 0.0000 - {'risk_scale': 1.0}
2025-11-07 20:02:50,947 - UltimateBot_V8 - INFO - Penalty: 0.0000 - {'risk_scale': 1.0}
2025-11-07 20:02:50,961 - UltimateBot_V8 - INFO - Penalty: 0.0000 - {'risk_scale': 1.0}
2025-11-07 20:02:50,974 - UltimateBot_V8 - INFO - Penalty: 0.0000 - {'risk_scale': 1.0}
2025-11-07 20:02:50,988 - UltimateBot_V8 - INFO - Penalty: 0.0000 - {'risk_scale': 1.0}
2025-11-07 20:02:51,001 - UltimateBot_V8 - INFO - Penalty: 0.0000 - {'risk_scale': 1.0}
2025-11-07 20:02:51,014 - UltimateBot_V8 - INFO - Penalty: 0.0000 - {'risk_scale': 1.0}
2025-11-07 20:02:51,027 - UltimateBot_V8 - INFO - Penalty: 0.0000 - {'risk_scale': 1.0}
2025-11-07 20:02:51,040 - UltimateBot_V8 - INFO - Penalty: 0.0000 - {'risk_scale': 1.0}
2025-11-07 20:02:51,054 - UltimateBot_V8 - INFO - Penalty: 0.0000 - {'risk_scale': 1.0}
2025-11-07 20:02:51,067 - UltimateBot_V8 - INFO - Penalty: 0.0000 - {'risk_scale': 1.0}
2025-11-07 20:02:51,080 - UltimateBot_V8 - INFO - Penalty: 0.0000 - {'risk_scale': 1.0}
2025-11-07 20:02:51,093 - UltimateBot_V8 - INFO - Penalty: 0.0000 - {'risk_scale': 1.0}
2025-11-07 20:02:51,107 - UltimateBot_V8 - INFO - Penalty: 0.0000 - {'risk_scale': 1.0}
2025-11-07 20:02:51,120 - UltimateBot_V8 - INFO - Penalty: 0.0000 - {'risk_scale': 1.0}
2025-11-07 20:02:51,134 - UltimateBot_V8 - INFO - Penalty: 0.0000 - {'risk_scale': 1.0}
2025-11-07 20:02:51,148 - UltimateBot_V8 - INFO - Penalty: 0.0000 - {'risk_scale': 1.0}
2025-11-07 20:02:51,148 - UltimateBot_V8 - INFO -   Step 800: Reward=70.3128, Balance=$25000.00
2025-11-07 20:02:51,161 - UltimateBot_V8 - INFO - Penalty: 0.0000 - {'risk_scale': 1.0}
2025-11-07 20:02:51,175 - UltimateBot_V8 - INFO - Penalty: 0.0000 - {'risk_scale': 1.0}
2025-11-07 20:02:51,188 - UltimateBot_V8 - INFO - Penalty: 0.0000 - {'risk_scale': 1.0}
2025-11-07 20:02:51,202 - UltimateBot_V8 - INFO - Penalty: 0.0000 - {'risk_scale': 1.0}
2025-11-07 20:02:51,215 - UltimateBot_V8 - INFO - Penalty: 0.0000 - {'risk_scale': 1.0}
2025-11-07 20:02:51,229 - UltimateBot_V8 - INFO - Penalty: 0.0000 - {'risk_scale': 1.0}
2025-11-07 20:02:51,243 - UltimateBot_V8 - INFO - Penalty: 0.0000 - {'risk_scale': 1.0}
2025-11-07 20:02:51,257 - UltimateBot_V8 - INFO - Penalty: 0.0000 - {'risk_scale': 1.0}
2025-11-07 20:02:51,270 - UltimateBot_V8 - INFO - Penalty: 0.0000 - {'risk_scale': 1.0}
2025-11-07 20:02:51,284 - UltimateBot_V8 - INFO - Penalty: 0.0000 - {'risk_scale': 1.0}
2025-11-07 20:02:51,297 - UltimateBot_V8 - INFO - Penalty: 0.0000 - {'risk_scale': 1.0}
2025-11-07 20:02:51,311 - UltimateBot_V8 - INFO - Penalty: 0.0000 - {'risk_scale': 1.0}
2025-11-07 20:02:51,325 - UltimateBot_V8 - INFO - Penalty: 0.0000 - {'risk_scale': 1.0}
2025-11-07 20:02:51,339 - UltimateBot_V8 - INFO - Penalty: 0.0000 - {'risk_scale': 1.0}
2025-11-07 20:02:51,353 - UltimateBot_V8 - INFO - Penalty: 0.0000 - {'risk_scale': 1.0}
2025-11-07 20:02:51,366 - UltimateBot_V8 - INFO - Penalty: 0.0000 - {'risk_scale': 1.0}
2025-11-07 20:02:51,380 - UltimateBot_V8 - INFO - Penalty: 0.0000 - {'risk_scale': 1.0}
2025-11-07 20:02:51,395 - UltimateBot_V8 - INFO - Penalty: 0.0000 - {'risk_scale': 1.0}
2025-11-07 20:02:51,410 - UltimateBot_V8 - INFO - Penalty: 0.0000 - {'risk_scale': 1.0}
2025-11-07 20:02:51,424 - UltimateBot_V8 - INFO - Penalty: 0.0000 - {'risk_scale': 1.0}
2025-11-07 20:02:51,438 - UltimateBot_V8 - INFO - Penalty: 0.0000 - {'risk_scale': 1.0}
2025-11-07 20:02:51,452 - UltimateBot_V8 - INFO - Penalty: 0.0000 - {'risk_scale': 1.0}
2025-11-07 20:02:51,467 - UltimateBot_V8 - INFO - Penalty: 0.0000 - {'risk_scale': 1.0}
2025-11-07 20:02:51,480 - UltimateBot_V8 - INFO - Penalty: 0.0000 - {'risk_scale': 1.0}
2025-11-07 20:02:51,494 - UltimateBot_V8 - INFO - Penalty: 0.0000 - {'risk_scale': 1.0}
2025-11-07 20:02:51,508 - UltimateBot_V8 - INFO - Penalty: 0.0000 - {'risk_scale': 1.0}
2025-11-07 20:02:51,522 - UltimateBot_V8 - INFO - Penalty: 0.0000 - {'risk_scale': 1.0}
2025-11-07 20:02:51,536 - UltimateBot_V8 - INFO - Penalty: 0.0000 - {'risk_scale': 1.0}
2025-11-07 20:02:51,550 - UltimateBot_V8 - INFO - Penalty: 0.0000 - {'risk_scale': 1.0}
2025-11-07 20:02:51,564 - UltimateBot_V8 - INFO - Penalty: 0.0000 - {'risk_scale': 1.0}
2025-11-07 20:02:51,578 - UltimateBot_V8 - INFO - Penalty: 0.0000 - {'risk_scale': 1.0}
2025-11-07 20:02:51,591 - UltimateBot_V8 - INFO - Penalty: 0.0000 - {'risk_scale': 1.0}
2025-11-07 20:02:51,605 - UltimateBot_V8 - INFO - Penalty: 0.0000 - {'risk_scale': 1.0}
2025-11-07 20:02:51,619 - UltimateBot_V8 - INFO - Penalty: 0.0000 - {'risk_scale': 1.0}
2025-11-07 20:02:51,633 - UltimateBot_V8 - INFO - Penalty: 0.0000 - {'risk_scale': 1.0}
2025-11-07 20:02:51,647 - UltimateBot_V8 - INFO - Penalty: 0.0000 - {'risk_scale': 1.0}
2025-11-07 20:02:51,661 - UltimateBot_V8 - INFO - Penalty: 0.0000 - {'risk_scale': 1.0}
2025-11-07 20:02:51,675 - UltimateBot_V8 - INFO - Penalty: 0.0000 - {'risk_scale': 1.0}
2025-11-07 20:02:51,689 - UltimateBot_V8 - INFO - Penalty: 0.0000 - {'risk_scale': 1.0}
2025-11-07 20:02:51,703 - UltimateBot_V8 - INFO - Penalty: 0.0000 - {'risk_scale': 1.0}
2025-11-07 20:02:51,717 - UltimateBot_V8 - INFO - Penalty: 0.0000 - {'risk_scale': 1.0}
2025-11-07 20:02:51,731 - UltimateBot_V8 - INFO - Penalty: 0.0000 - {'risk_scale': 1.0}
2025-11-07 20:02:51,745 - UltimateBot_V8 - INFO - Penalty: 0.0000 - {'risk_scale': 1.0}
2025-11-07 20:02:51,759 - UltimateBot_V8 - INFO - Penalty: 0.0000 - {'risk_scale': 1.0}
2025-11-07 20:02:51,773 - UltimateBot_V8 - INFO - Penalty: 0.0000 - {'risk_scale': 1.0}
2025-11-07 20:02:51,787 - UltimateBot_V8 - INFO - Penalty: 0.0000 - {'risk_scale': 1.0}
2025-11-07 20:02:51,801 - UltimateBot_V8 - INFO - Penalty: 0.0000 - {'risk_scale': 1.0}
2025-11-07 20:02:51,815 - UltimateBot_V8 - INFO - Penalty: 0.0000 - {'risk_scale': 1.0}
2025-11-07 20:02:51,829 - UltimateBot_V8 - INFO - Penalty: 0.0000 - {'risk_scale': 1.0}
2025-11-07 20:02:51,843 - UltimateBot_V8 - INFO - Penalty: 0.0000 - {'risk_scale': 1.0}
2025-11-07 20:02:51,857 - UltimateBot_V8 - INFO - Penalty: 0.0000 - {'risk_scale': 1.0}
2025-11-07 20:02:51,872 - UltimateBot_V8 - INFO - Penalty: 0.0000 - {'risk_scale': 1.0}
2025-11-07 20:02:51,886 - UltimateBot_V8 - INFO - Penalty: 0.0000 - {'risk_scale': 1.0}
2025-11-07 20:02:51,900 - UltimateBot_V8 - INFO - Penalty: 0.0000 - {'risk_scale': 1.0}
2025-11-07 20:02:51,914 - UltimateBot_V8 - INFO - Penalty: 0.0000 - {'risk_scale': 1.0}
2025-11-07 20:02:51,928 - UltimateBot_V8 - INFO - Penalty: 0.0000 - {'risk_scale': 1.0}
2025-11-07 20:02:51,942 - UltimateBot_V8 - INFO - Penalty: 0.0000 - {'risk_scale': 1.0}
2025-11-07 20:02:51,957 - UltimateBot_V8 - INFO - Penalty: 0.0000 - {'risk_scale': 1.0}
2025-11-07 20:02:51,971 - UltimateBot_V8 - INFO - Penalty: 0.0000 - {'risk_scale': 1.0}
2025-11-07 20:02:51,986 - UltimateBot_V8 - INFO - Penalty: 0.0000 - {'risk_scale': 1.0}
2025-11-07 20:02:52,000 - UltimateBot_V8 - INFO - Penalty: 0.0000 - {'risk_scale': 1.0}
2025-11-07 20:02:52,014 - UltimateBot_V8 - INFO - Penalty: 0.0000 - {'risk_scale': 1.0}
2025-11-07 20:02:52,028 - UltimateBot_V8 - INFO - Penalty: 0.0000 - {'risk_scale': 1.0}
2025-11-07 20:02:52,042 - UltimateBot_V8 - INFO - Penalty: 0.0000 - {'risk_scale': 1.0}
2025-11-07 20:02:52,057 - UltimateBot_V8 - INFO - Penalty: 0.0000 - {'risk_scale': 1.0}
2025-11-07 20:02:52,071 - UltimateBot_V8 - INFO - Penalty: 0.0000 - {'risk_scale': 1.0}
2025-11-07 20:02:52,085 - UltimateBot_V8 - INFO - Penalty: 0.0000 - {'risk_scale': 1.0}
2025-11-07 20:02:52,099 - UltimateBot_V8 - INFO - Penalty: 0.0000 - {'risk_scale': 1.0}
2025-11-07 20:02:52,113 - UltimateBot_V8 - INFO - Penalty: 0.0000 - {'risk_scale': 1.0}
2025-11-07 20:02:52,128 - UltimateBot_V8 - INFO - Penalty: 0.0000 - {'risk_scale': 1.0}
2025-11-07 20:02:52,142 - UltimateBot_V8 - INFO - Penalty: 0.0000 - {'risk_scale': 1.0}
2025-11-07 20:02:52,156 - UltimateBot_V8 - INFO - Penalty: 0.0000 - {'risk_scale': 1.0}
2025-11-07 20:02:52,170 - UltimateBot_V8 - INFO - Penalty: 0.0000 - {'risk_scale': 1.0}
2025-11-07 20:02:52,185 - UltimateBot_V8 - INFO - Penalty: 0.0000 - {'risk_scale': 1.0}
2025-11-07 20:02:52,199 - UltimateBot_V8 - INFO - Penalty: 0.0000 - {'risk_scale': 1.0}
2025-11-07 20:02:52,214 - UltimateBot_V8 - INFO - Penalty: 0.0000 - {'risk_scale': 1.0}
2025-11-07 20:02:52,228 - UltimateBot_V8 - INFO - Penalty: 0.0000 - {'risk_scale': 1.0}
2025-11-07 20:02:52,243 - UltimateBot_V8 - INFO - Penalty: 0.0000 - {'risk_scale': 1.0}
2025-11-07 20:02:52,257 - UltimateBot_V8 - INFO - Penalty: 0.0000 - {'risk_scale': 1.0}
2025-11-07 20:02:52,271 - UltimateBot_V8 - INFO - Penalty: 0.0000 - {'risk_scale': 1.0}
2025-11-07 20:02:52,286 - UltimateBot_V8 - INFO - Penalty: 0.0000 - {'risk_scale': 1.0}
2025-11-07 20:02:52,300 - UltimateBot_V8 - INFO - Penalty: 0.0000 - {'risk_scale': 1.0}
2025-11-07 20:02:52,315 - UltimateBot_V8 - INFO - Penalty: 0.0000 - {'risk_scale': 1.0}
2025-11-07 20:02:52,329 - UltimateBot_V8 - INFO - Penalty: 0.0000 - {'risk_scale': 1.0}
2025-11-07 20:02:52,344 - UltimateBot_V8 - INFO - Penalty: 0.0000 - {'risk_scale': 1.0}
2025-11-07 20:02:52,358 - UltimateBot_V8 - INFO - Penalty: 0.0000 - {'risk_scale': 1.0}
2025-11-07 20:02:52,373 - UltimateBot_V8 - INFO - Penalty: 0.0000 - {'risk_scale': 1.0}
2025-11-07 20:02:52,388 - UltimateBot_V8 - INFO - Penalty: 0.0000 - {'risk_scale': 1.0}
2025-11-07 20:02:52,403 - UltimateBot_V8 - INFO - Penalty: 0.0000 - {'risk_scale': 1.0}
2025-11-07 20:02:52,418 - UltimateBot_V8 - INFO - Penalty: 0.0000 - {'risk_scale': 1.0}
2025-11-07 20:02:52,433 - UltimateBot_V8 - INFO - Penalty: 0.0000 - {'risk_scale': 1.0}
2025-11-07 20:02:52,447 - UltimateBot_V8 - INFO - Penalty: 0.0000 - {'risk_scale': 1.0}
2025-11-07 20:02:52,464 - UltimateBot_V8 - INFO - Penalty: 0.0000 - {'risk_scale': 1.0}
2025-11-07 20:02:52,480 - UltimateBot_V8 - INFO - Penalty: 0.0000 - {'risk_scale': 1.0}
2025-11-07 20:02:52,498 - UltimateBot_V8 - INFO - Penalty: 0.0000 - {'risk_scale': 1.0}
2025-11-07 20:02:52,516 - UltimateBot_V8 - INFO - Penalty: 0.0000 - {'risk_scale': 1.0}
2025-11-07 20:02:52,533 - UltimateBot_V8 - INFO - Penalty: 0.0000 - {'risk_scale': 1.0}
2025-11-07 20:02:52,549 - UltimateBot_V8 - INFO - Penalty: 0.0000 - {'risk_scale': 1.0}
2025-11-07 20:02:52,564 - UltimateBot_V8 - INFO - Penalty: 0.0000 - {'risk_scale': 1.0}
2025-11-07 20:02:52,580 - UltimateBot_V8 - INFO - Penalty: 0.0000 - {'risk_scale': 1.0}
2025-11-07 20:02:52,580 - UltimateBot_V8 - INFO -   Step 900: Reward=118.2674, Balance=$25000.00
2025-11-07 20:02:52,595 - UltimateBot_V8 - INFO - Penalty: 0.0000 - {'risk_scale': 1.0}
2025-11-07 20:02:52,611 - UltimateBot_V8 - INFO - Penalty: 0.0000 - {'risk_scale': 1.0}
2025-11-07 20:02:52,627 - UltimateBot_V8 - INFO - Penalty: 0.0000 - {'risk_scale': 1.0}
2025-11-07 20:02:52,642 - UltimateBot_V8 - INFO - Penalty: 0.0000 - {'risk_scale': 1.0}
2025-11-07 20:02:52,658 - UltimateBot_V8 - INFO - Penalty: 0.0000 - {'risk_scale': 1.0}
2025-11-07 20:02:52,673 - UltimateBot_V8 - INFO - Penalty: 0.0000 - {'risk_scale': 1.0}
2025-11-07 20:02:52,689 - UltimateBot_V8 - INFO - Penalty: 0.0000 - {'risk_scale': 1.0}
2025-11-07 20:02:52,704 - UltimateBot_V8 - INFO - Penalty: 0.0000 - {'risk_scale': 1.0}
2025-11-07 20:02:52,720 - UltimateBot_V8 - INFO - Penalty: 0.0000 - {'risk_scale': 1.0}
2025-11-07 20:02:52,736 - UltimateBot_V8 - INFO - Penalty: 0.0000 - {'risk_scale': 1.0}
2025-11-07 20:02:52,751 - UltimateBot_V8 - INFO - Penalty: 0.0000 - {'risk_scale': 1.0}
2025-11-07 20:02:52,766 - UltimateBot_V8 - INFO - Penalty: 0.0000 - {'risk_scale': 1.0}
2025-11-07 20:02:52,781 - UltimateBot_V8 - INFO - Penalty: 0.0000 - {'risk_scale': 1.0}
2025-11-07 20:02:52,797 - UltimateBot_V8 - INFO - Penalty: 0.0000 - {'risk_scale': 1.0}
2025-11-07 20:02:52,813 - UltimateBot_V8 - INFO - Penalty: 0.0000 - {'risk_scale': 1.0}
2025-11-07 20:02:52,830 - UltimateBot_V8 - INFO - Penalty: 0.0000 - {'risk_scale': 1.0}
2025-11-07 20:02:52,846 - UltimateBot_V8 - INFO - Penalty: 0.0000 - {'risk_scale': 1.0}
2025-11-07 20:02:52,862 - UltimateBot_V8 - INFO - Penalty: 0.0000 - {'risk_scale': 1.0}
2025-11-07 20:02:52,877 - UltimateBot_V8 - INFO - Penalty: 0.0000 - {'risk_scale': 1.0}
2025-11-07 20:02:52,893 - UltimateBot_V8 - INFO - Penalty: 0.0000 - {'risk_scale': 1.0}
2025-11-07 20:02:52,908 - UltimateBot_V8 - INFO - Penalty: 0.0000 - {'risk_scale': 1.0}
2025-11-07 20:02:52,924 - UltimateBot_V8 - INFO - Penalty: 0.0000 - {'risk_scale': 1.0}
2025-11-07 20:02:52,940 - UltimateBot_V8 - INFO - Penalty: 0.0000 - {'risk_scale': 1.0}
2025-11-07 20:02:52,956 - UltimateBot_V8 - INFO - Penalty: 0.0000 - {'risk_scale': 1.0}
2025-11-07 20:02:52,972 - UltimateBot_V8 - INFO - Penalty: 0.0000 - {'risk_scale': 1.0}
2025-11-07 20:02:52,987 - UltimateBot_V8 - INFO - Penalty: 0.0000 - {'risk_scale': 1.0}
2025-11-07 20:02:53,002 - UltimateBot_V8 - INFO - Penalty: 0.0000 - {'risk_scale': 1.0}
2025-11-07 20:02:53,018 - UltimateBot_V8 - INFO - Penalty: 0.0000 - {'risk_scale': 1.0}
2025-11-07 20:02:53,034 - UltimateBot_V8 - INFO - Penalty: 0.0000 - {'risk_scale': 1.0}
2025-11-07 20:02:53,049 - UltimateBot_V8 - INFO - Penalty: 0.0000 - {'risk_scale': 1.0}
2025-11-07 20:02:53,065 - UltimateBot_V8 - INFO - Penalty: 0.0000 - {'risk_scale': 1.0}
2025-11-07 20:02:53,080 - UltimateBot_V8 - INFO - Penalty: 0.0000 - {'risk_scale': 1.0}
2025-11-07 20:02:53,096 - UltimateBot_V8 - INFO - Penalty: 0.0000 - {'risk_scale': 1.0}
2025-11-07 20:02:53,111 - UltimateBot_V8 - INFO - Penalty: 0.0000 - {'risk_scale': 1.0}
2025-11-07 20:02:53,127 - UltimateBot_V8 - INFO - Penalty: 0.0000 - {'risk_scale': 1.0}
2025-11-07 20:02:53,142 - UltimateBot_V8 - INFO - Penalty: 0.0000 - {'risk_scale': 1.0}
2025-11-07 20:02:53,158 - UltimateBot_V8 - INFO - Penalty: 0.0000 - {'risk_scale': 1.0}
2025-11-07 20:02:53,173 - UltimateBot_V8 - INFO - Penalty: 0.0000 - {'risk_scale': 1.0}
2025-11-07 20:02:53,189 - UltimateBot_V8 - INFO - Penalty: 0.0000 - {'risk_scale': 1.0}
2025-11-07 20:02:53,204 - UltimateBot_V8 - INFO - Penalty: 0.0000 - {'risk_scale': 1.0}
2025-11-07 20:02:53,220 - UltimateBot_V8 - INFO - Penalty: 0.0000 - {'risk_scale': 1.0}
2025-11-07 20:02:53,236 - UltimateBot_V8 - INFO - Penalty: 0.0000 - {'risk_scale': 1.0}
2025-11-07 20:02:53,251 - UltimateBot_V8 - INFO - Penalty: 0.0000 - {'risk_scale': 1.0}
2025-11-07 20:02:53,267 - UltimateBot_V8 - INFO - Penalty: 0.0000 - {'risk_scale': 1.0}
2025-11-07 20:02:53,283 - UltimateBot_V8 - INFO - Penalty: 0.0000 - {'risk_scale': 1.0}
2025-11-07 20:02:53,300 - UltimateBot_V8 - INFO - Penalty: 0.0000 - {'risk_scale': 1.0}
2025-11-07 20:02:53,316 - UltimateBot_V8 - INFO - Penalty: 0.0000 - {'risk_scale': 1.0}
2025-11-07 20:02:53,331 - UltimateBot_V8 - INFO - Penalty: 0.0000 - {'risk_scale': 1.0}
2025-11-07 20:02:53,347 - UltimateBot_V8 - INFO - Penalty: 0.0000 - {'risk_scale': 1.0}
2025-11-07 20:02:53,362 - UltimateBot_V8 - INFO - Penalty: 0.0000 - {'risk_scale': 1.0}
2025-11-07 20:02:53,378 - UltimateBot_V8 - INFO - Penalty: 0.0000 - {'risk_scale': 1.0}
2025-11-07 20:02:53,394 - UltimateBot_V8 - INFO - Penalty: 0.0000 - {'risk_scale': 1.0}
2025-11-07 20:02:53,410 - UltimateBot_V8 - INFO - Penalty: 0.0000 - {'risk_scale': 1.0}
2025-11-07 20:02:53,426 - UltimateBot_V8 - INFO - Penalty: 0.0000 - {'risk_scale': 1.0}
2025-11-07 20:02:53,441 - UltimateBot_V8 - INFO - Penalty: 0.0000 - {'risk_scale': 1.0}
2025-11-07 20:02:53,457 - UltimateBot_V8 - INFO - Penalty: 0.0000 - {'risk_scale': 1.0}
2025-11-07 20:02:53,473 - UltimateBot_V8 - INFO - Penalty: 0.0000 - {'risk_scale': 1.0}
2025-11-07 20:02:53,489 - UltimateBot_V8 - INFO - Penalty: 0.0000 - {'risk_scale': 1.0}
2025-11-07 20:02:53,504 - UltimateBot_V8 - INFO - Penalty: 0.0000 - {'risk_scale': 1.0}
2025-11-07 20:02:53,520 - UltimateBot_V8 - INFO - Penalty: 0.0000 - {'risk_scale': 1.0}
2025-11-07 20:02:53,536 - UltimateBot_V8 - INFO - Penalty: 0.0000 - {'risk_scale': 1.0}
2025-11-07 20:02:53,552 - UltimateBot_V8 - INFO - Penalty: 0.0000 - {'risk_scale': 1.0}
2025-11-07 20:02:53,568 - UltimateBot_V8 - INFO - Penalty: 0.0000 - {'risk_scale': 1.0}
2025-11-07 20:02:53,584 - UltimateBot_V8 - INFO - Penalty: 0.0000 - {'risk_scale': 1.0}
2025-11-07 20:02:53,600 - UltimateBot_V8 - INFO - Penalty: 0.0000 - {'risk_scale': 1.0}
2025-11-07 20:02:53,616 - UltimateBot_V8 - INFO - Penalty: 0.0000 - {'risk_scale': 1.0}
2025-11-07 20:02:53,632 - UltimateBot_V8 - INFO - Penalty: 0.0000 - {'risk_scale': 1.0}
2025-11-07 20:02:53,648 - UltimateBot_V8 - INFO - Penalty: 0.0000 - {'risk_scale': 1.0}
2025-11-07 20:02:53,664 - UltimateBot_V8 - INFO - Penalty: 0.0000 - {'risk_scale': 1.0}
2025-11-07 20:02:53,680 - UltimateBot_V8 - INFO - Penalty: 0.0000 - {'risk_scale': 1.0}
2025-11-07 20:02:53,696 - UltimateBot_V8 - INFO - Penalty: 0.0000 - {'risk_scale': 1.0}
2025-11-07 20:02:53,712 - UltimateBot_V8 - INFO - Penalty: 0.0000 - {'risk_scale': 1.0}
2025-11-07 20:02:53,729 - UltimateBot_V8 - INFO - Penalty: 0.0000 - {'risk_scale': 1.0}
2025-11-07 20:02:53,745 - UltimateBot_V8 - INFO - Penalty: 0.0000 - {'risk_scale': 1.0}
2025-11-07 20:02:53,761 - UltimateBot_V8 - INFO - Penalty: 0.0000 - {'risk_scale': 1.0}
2025-11-07 20:02:53,777 - UltimateBot_V8 - INFO - Penalty: 0.0000 - {'risk_scale': 1.0}
2025-11-07 20:02:53,793 - UltimateBot_V8 - INFO - Penalty: 0.0000 - {'risk_scale': 1.0}
2025-11-07 20:02:53,810 - UltimateBot_V8 - INFO - Penalty: 0.0000 - {'risk_scale': 1.0}
2025-11-07 20:02:53,826 - UltimateBot_V8 - INFO - Penalty: 0.0000 - {'risk_scale': 1.0}
2025-11-07 20:02:53,842 - UltimateBot_V8 - INFO - Penalty: 0.0000 - {'risk_scale': 1.0}
2025-11-07 20:02:53,859 - UltimateBot_V8 - INFO - Penalty: 0.0000 - {'risk_scale': 1.0}
2025-11-07 20:02:53,876 - UltimateBot_V8 - INFO - Penalty: 0.0000 - {'risk_scale': 1.0}
2025-11-07 20:02:53,892 - UltimateBot_V8 - INFO - Penalty: 0.0000 - {'risk_scale': 1.0}
2025-11-07 20:02:53,909 - UltimateBot_V8 - INFO - Penalty: 0.0000 - {'risk_scale': 1.0}
2025-11-07 20:02:53,925 - UltimateBot_V8 - INFO - Penalty: 0.0000 - {'risk_scale': 1.0}
2025-11-07 20:02:53,942 - UltimateBot_V8 - INFO - Penalty: 0.0000 - {'risk_scale': 1.0}
2025-11-07 20:02:53,959 - UltimateBot_V8 - INFO - Penalty: 0.0000 - {'risk_scale': 1.0}
2025-11-07 20:02:53,975 - UltimateBot_V8 - INFO - Penalty: 0.0000 - {'risk_scale': 1.0}
2025-11-07 20:02:53,992 - UltimateBot_V8 - INFO - Penalty: 0.0000 - {'risk_scale': 1.0}
2025-11-07 20:02:54,009 - UltimateBot_V8 - INFO - Penalty: 0.0000 - {'risk_scale': 1.0}
2025-11-07 20:02:54,025 - UltimateBot_V8 - INFO - Penalty: 0.0000 - {'risk_scale': 1.0}
2025-11-07 20:02:54,042 - UltimateBot_V8 - INFO - Penalty: 0.0000 - {'risk_scale': 1.0}
2025-11-07 20:02:54,058 - UltimateBot_V8 - INFO - Penalty: 0.0000 - {'risk_scale': 1.0}
2025-11-07 20:02:54,075 - UltimateBot_V8 - INFO - Penalty: 0.0000 - {'risk_scale': 1.0}
2025-11-07 20:02:54,092 - UltimateBot_V8 - INFO - Penalty: 0.0000 - {'risk_scale': 1.0}
2025-11-07 20:02:54,108 - UltimateBot_V8 - INFO - Penalty: 0.0000 - {'risk_scale': 1.0}
2025-11-07 20:02:54,125 - UltimateBot_V8 - INFO - Penalty: 0.0000 - {'risk_scale': 1.0}
2025-11-07 20:02:54,141 - UltimateBot_V8 - INFO - Penalty: 0.0000 - {'risk_scale': 1.0}
2025-11-07 20:02:54,158 - UltimateBot_V8 - INFO - Penalty: 0.0000 - {'risk_scale': 1.0}
2025-11-07 20:02:54,174 - UltimateBot_V8 - INFO - Penalty: 0.0000 - {'risk_scale': 1.0}
2025-11-07 20:02:54,175 - UltimateBot_V8 - INFO -   Step 1000: Reward=160.9897, Balance=$25000.00
2025-11-07 20:02:54,175 - UltimateBot_V8 - INFO - ✅ Episode 1 complete: Reward=160.9897
2025-11-07 20:02:54,175 - UltimateBot_V8 - INFO - 
📊 Backtest Summary:
2025-11-07 20:02:54,175 - UltimateBot_V8 - INFO -    Episodes: 1
2025-11-07 20:02:54,175 - UltimateBot_V8 - INFO -    Avg Reward: 160.9897
2025-11-07 20:02:54,175 - UltimateBot_V8 - INFO -    Std Reward: 0.0000
2025-11-07 20:02:54,175 - UltimateBot_V8 - INFO - 
======================================================================
2025-11-07 20:02:54,175 - UltimateBot_V8 - INFO - ✅ V8 SYSTEM COMPLETED
2025-11-07 20:02:54,175 - UltimateBot_V8 - INFO - ======================================================================
