2025-11-07 18:58:41,695 - UltimateBot_V8 - INFO - 🚀 UltimateTradingSystemV8 initialized (PPO: True)
2025-11-07 18:58:41,695 - UltimateBot_V8 - INFO - 📂 Loading data: 2020-2024
2025-11-07 18:58:41,695 - DataManagerV8 - INFO - 📂 DataManagerV8 initialized with data_dir: /Users/serkanozturk/Desktop/JTTWS/data
2025-11-07 18:58:41,695 - DataManagerV8 - INFO - 📥 Loading EURUSD data (2020-01-01 to 2024-12-31)...
2025-11-07 18:58:41,695 - DataManagerV8 - INFO - 📂 Found 8 CSV files for EURUSD
2025-11-07 18:58:42,246 - DataManagerV8 - INFO - ✅ Loaded 165489 rows for EURUSD from /Users/serkanozturk/Desktop/JTTWS/data/EURUSD2003-2024
2025-11-07 18:58:42,247 - UltimateBot_V8 - INFO -   ✓ EURUSD: 165489 bars
2025-11-07 18:58:42,247 - DataManagerV8 - INFO - 📥 Loading GBPUSD data (2020-01-01 to 2024-12-31)...
2025-11-07 18:58:42,247 - DataManagerV8 - INFO - 📂 Found 8 CSV files for GBPUSD
2025-11-07 18:58:42,794 - DataManagerV8 - INFO - ✅ Loaded 164529 rows for GBPUSD from /Users/serkanozturk/Desktop/JTTWS/data/GBPUSD2003-2024
2025-11-07 18:58:42,795 - UltimateBot_V8 - INFO -   ✓ GBPUSD: 164529 bars
2025-11-07 18:58:42,795 - DataManagerV8 - INFO - 📥 Loading USDJPY data (2020-01-01 to 2024-12-31)...
2025-11-07 18:58:42,795 - DataManagerV8 - INFO - 📂 Found 8 CSV files for USDJPY
2025-11-07 18:58:43,374 - DataManagerV8 - INFO - ✅ Loaded 175297 rows for USDJPY from /Users/serkanozturk/Desktop/JTTWS/data/USDJPY2003-2024
2025-11-07 18:58:43,375 - UltimateBot_V8 - INFO -   ✓ USDJPY: 175297 bars
2025-11-07 18:58:43,375 - UltimateBot_V8 - INFO - ✅ Data loaded: 3 symbols
2025-11-07 18:58:43,375 - UltimateBot_V8 - INFO - 📄 Paper trading mode (using backtest)...
2025-11-07 18:58:43,375 - UltimateBot_V8 - INFO - 📊 Running backtest: 1 episodes
2025-11-07 18:58:43,375 - RightsManager - INFO - Rights initialized: {'USDJPY': 25, 'EURUSD': 21, 'GBPUSD': 18}
2025-11-07 18:58:43,375 - TelegramReporter - INFO - ✅ Telegram enabled
2025-11-07 18:58:43,379 - WeeklyRangeLearner - INFO - ✅ EURUSD weekly: 1117 weeks, p95=452.5 pips
2025-11-07 18:58:43,383 - WeeklyRangeLearner - INFO - ✅ GBPUSD weekly: 1117 weeks, p95=542.9 pips
2025-11-07 18:58:43,387 - WeeklyRangeLearner - INFO - ✅ USDJPY weekly: 1117 weeks, p95=455.5 pips
2025-11-07 18:58:43,387 - UltimateBot_V8 - INFO - ✅ RewardShaper initialized
2025-11-07 18:58:43,387 - UltimateBot_V8 - INFO - 🌍 TradingEnvironmentV8 initialized: 3 symbols, $25000.0
2025-11-07 18:58:43,860 - UltimateBot_V8 - INFO - 
📈 Episode 1/1
2025-11-07 18:58:43,861 - UltimateBot_V8 - INFO - Penalty: 0.0000 - {'risk_scale': 1.0}
2025-11-07 18:58:43,862 - UltimateBot_V8 - INFO - Penalty: 0.0000 - {'risk_scale': 1.0}
2025-11-07 18:58:43,862 - UltimateBot_V8 - INFO - Penalty: 0.0000 - {'risk_scale': 1.0}
2025-11-07 18:58:43,862 - UltimateBot_V8 - INFO - Penalty: 0.0000 - {'risk_scale': 1.0}
2025-11-07 18:58:43,863 - UltimateBot_V8 - INFO - Penalty: 0.0000 - {'risk_scale': 1.0}
2025-11-07 18:58:43,863 - UltimateBot_V8 - INFO - Penalty: 0.0000 - {'risk_scale': 1.0}
2025-11-07 18:58:43,863 - UltimateBot_V8 - INFO - Penalty: 0.0000 - {'risk_scale': 1.0}
2025-11-07 18:58:43,864 - UltimateBot_V8 - INFO - Penalty: 0.0000 - {'risk_scale': 1.0}
2025-11-07 18:58:43,864 - UltimateBot_V8 - INFO - Penalty: 0.0000 - {'risk_scale': 1.0}
2025-11-07 18:58:43,865 - UltimateBot_V8 - INFO - Penalty: 0.0000 - {'risk_scale': 1.0}
2025-11-07 18:58:43,865 - UltimateBot_V8 - INFO - Penalty: 0.0000 - {'risk_scale': 1.0}
2025-11-07 18:58:43,866 - UltimateBot_V8 - INFO - Penalty: 0.0000 - {'risk_scale': 1.0}
2025-11-07 18:58:43,866 - UltimateBot_V8 - INFO - Penalty: 0.0000 - {'risk_scale': 1.0}
2025-11-07 18:58:43,866 - UltimateBot_V8 - INFO - Penalty: 0.0000 - {'risk_scale': 1.0}
2025-11-07 18:58:43,867 - UltimateBot_V8 - INFO - Penalty: 0.0000 - {'risk_scale': 1.0}
2025-11-07 18:58:43,868 - UltimateBot_V8 - INFO - Penalty: 0.0000 - {'risk_scale': 1.0}
2025-11-07 18:58:43,868 - UltimateBot_V8 - INFO - Penalty: 0.0000 - {'risk_scale': 1.0}
2025-11-07 18:58:43,869 - UltimateBot_V8 - INFO - Penalty: 0.0000 - {'risk_scale': 1.0}
2025-11-07 18:58:43,869 - UltimateBot_V8 - INFO - Penalty: 0.0000 - {'risk_scale': 1.0}
2025-11-07 18:58:43,870 - UltimateBot_V8 - INFO - Penalty: 0.0000 - {'risk_scale': 1.0}
2025-11-07 18:58:43,870 - UltimateBot_V8 - INFO - Penalty: 0.0000 - {'risk_scale': 1.0}
2025-11-07 18:58:43,871 - UltimateBot_V8 - INFO - Penalty: 0.0000 - {'risk_scale': 1.0}
2025-11-07 18:58:43,872 - UltimateBot_V8 - INFO - Penalty: 0.0000 - {'risk_scale': 1.0}
2025-11-07 18:58:43,872 - UltimateBot_V8 - INFO - Penalty: 0.0000 - {'risk_scale': 1.0}
2025-11-07 18:58:43,873 - UltimateBot_V8 - INFO - Penalty: 0.0000 - {'risk_scale': 1.0}
2025-11-07 18:58:43,873 - UltimateBot_V8 - INFO - Penalty: 0.0000 - {'risk_scale': 1.0}
2025-11-07 18:58:43,874 - UltimateBot_V8 - INFO - Penalty: 0.0000 - {'risk_scale': 1.0}
2025-11-07 18:58:43,875 - UltimateBot_V8 - INFO - Penalty: 0.0000 - {'risk_scale': 1.0}
2025-11-07 18:58:43,876 - UltimateBot_V8 - INFO - Penalty: 0.0000 - {'risk_scale': 1.0}
2025-11-07 18:58:43,876 - UltimateBot_V8 - INFO - Penalty: 0.0000 - {'risk_scale': 1.0}
2025-11-07 18:58:43,877 - UltimateBot_V8 - INFO - Penalty: 0.0000 - {'risk_scale': 1.0}
2025-11-07 18:58:43,878 - UltimateBot_V8 - INFO - Penalty: 0.0000 - {'risk_scale': 1.0}
2025-11-07 18:58:43,879 - UltimateBot_V8 - INFO - Penalty: 0.0000 - {'risk_scale': 1.0}
2025-11-07 18:58:43,879 - UltimateBot_V8 - INFO - Penalty: 0.0000 - {'risk_scale': 1.0}
2025-11-07 18:58:43,880 - UltimateBot_V8 - INFO - Penalty: 0.0000 - {'risk_scale': 1.0}
2025-11-07 18:58:43,881 - UltimateBot_V8 - INFO - Penalty: 0.0000 - {'risk_scale': 1.0}
2025-11-07 18:58:43,882 - UltimateBot_V8 - INFO - Penalty: 0.0000 - {'risk_scale': 1.0}
2025-11-07 18:58:43,883 - UltimateBot_V8 - INFO - Penalty: 0.0000 - {'risk_scale': 1.0}
2025-11-07 18:58:43,883 - UltimateBot_V8 - INFO - Penalty: 0.0000 - {'risk_scale': 1.0}
2025-11-07 18:58:43,884 - UltimateBot_V8 - INFO - Penalty: 0.0000 - {'risk_scale': 1.0}
2025-11-07 18:58:43,885 - UltimateBot_V8 - INFO - Penalty: 0.0000 - {'risk_scale': 1.0}
2025-11-07 18:58:43,886 - UltimateBot_V8 - INFO - Penalty: 0.0000 - {'risk_scale': 1.0}
2025-11-07 18:58:43,887 - UltimateBot_V8 - INFO - Penalty: 0.0000 - {'risk_scale': 1.0}
2025-11-07 18:58:43,888 - UltimateBot_V8 - INFO - Penalty: 0.0000 - {'risk_scale': 1.0}
2025-11-07 18:58:43,889 - UltimateBot_V8 - INFO - Penalty: 0.0000 - {'risk_scale': 1.0}
2025-11-07 18:58:43,890 - UltimateBot_V8 - INFO - Penalty: 0.0000 - {'risk_scale': 1.0}
2025-11-07 18:58:43,891 - UltimateBot_V8 - INFO - Penalty: 0.0000 - {'risk_scale': 1.0}
2025-11-07 18:58:43,892 - UltimateBot_V8 - INFO - Penalty: 0.0000 - {'risk_scale': 1.0}
2025-11-07 18:58:43,893 - UltimateBot_V8 - INFO - Penalty: 0.0000 - {'risk_scale': 1.0}
2025-11-07 18:58:43,894 - UltimateBot_V8 - INFO - Penalty: 0.0000 - {'risk_scale': 1.0}
2025-11-07 18:58:43,895 - UltimateBot_V8 - INFO - Penalty: 0.0000 - {'risk_scale': 1.0}
2025-11-07 18:58:43,896 - UltimateBot_V8 - INFO - Penalty: 0.0000 - {'risk_scale': 1.0}
2025-11-07 18:58:43,897 - UltimateBot_V8 - INFO - Penalty: 0.0000 - {'risk_scale': 1.0}
2025-11-07 18:58:43,898 - UltimateBot_V8 - INFO - Penalty: 0.0000 - {'risk_scale': 1.0}
2025-11-07 18:58:43,899 - UltimateBot_V8 - INFO - Penalty: 0.0000 - {'risk_scale': 1.0}
2025-11-07 18:58:43,901 - UltimateBot_V8 - INFO - Penalty: 0.0000 - {'risk_scale': 1.0}
2025-11-07 18:58:43,902 - UltimateBot_V8 - INFO - Penalty: 0.0000 - {'risk_scale': 1.0}
2025-11-07 18:58:43,903 - UltimateBot_V8 - INFO - Penalty: 0.0000 - {'risk_scale': 1.0}
2025-11-07 18:58:43,904 - UltimateBot_V8 - INFO - Penalty: 0.0000 - {'risk_scale': 1.0}
2025-11-07 18:58:43,905 - UltimateBot_V8 - INFO - Penalty: 0.0000 - {'risk_scale': 1.0}
2025-11-07 18:58:43,906 - UltimateBot_V8 - INFO - Penalty: 0.0000 - {'risk_scale': 1.0}
2025-11-07 18:58:43,908 - UltimateBot_V8 - INFO - Penalty: 0.0000 - {'risk_scale': 1.0}
2025-11-07 18:58:43,909 - UltimateBot_V8 - INFO - Penalty: 0.0000 - {'risk_scale': 1.0}
2025-11-07 18:58:43,910 - UltimateBot_V8 - INFO - Penalty: 0.0000 - {'risk_scale': 1.0}
2025-11-07 18:58:43,911 - UltimateBot_V8 - INFO - Penalty: 0.0000 - {'risk_scale': 1.0}
2025-11-07 18:58:43,913 - UltimateBot_V8 - INFO - Penalty: 0.0000 - {'risk_scale': 1.0}
2025-11-07 18:58:43,914 - UltimateBot_V8 - INFO - Penalty: 0.0000 - {'risk_scale': 1.0}
2025-11-07 18:58:43,915 - UltimateBot_V8 - INFO - Penalty: 0.0000 - {'risk_scale': 1.0}
2025-11-07 18:58:43,917 - UltimateBot_V8 - INFO - Penalty: 0.0000 - {'risk_scale': 1.0}
2025-11-07 18:58:43,918 - UltimateBot_V8 - INFO - Penalty: 0.0000 - {'risk_scale': 1.0}
2025-11-07 18:58:43,919 - UltimateBot_V8 - INFO - Penalty: 0.0000 - {'risk_scale': 1.0}
2025-11-07 18:58:43,921 - UltimateBot_V8 - INFO - Penalty: 0.0000 - {'risk_scale': 1.0}
2025-11-07 18:58:43,922 - UltimateBot_V8 - INFO - Penalty: 0.0000 - {'risk_scale': 1.0}
2025-11-07 18:58:43,924 - UltimateBot_V8 - INFO - Penalty: 0.0000 - {'risk_scale': 1.0}
2025-11-07 18:58:43,925 - UltimateBot_V8 - INFO - Penalty: 0.0000 - {'risk_scale': 1.0}
2025-11-07 18:58:43,927 - UltimateBot_V8 - INFO - Penalty: 0.0000 - {'risk_scale': 1.0}
2025-11-07 18:58:43,928 - UltimateBot_V8 - INFO - Penalty: 0.0000 - {'risk_scale': 1.0}
2025-11-07 18:58:43,930 - UltimateBot_V8 - INFO - Penalty: 0.0000 - {'risk_scale': 1.0}
2025-11-07 18:58:43,931 - UltimateBot_V8 - INFO - Penalty: 0.0000 - {'risk_scale': 1.0}
2025-11-07 18:58:43,933 - UltimateBot_V8 - INFO - Penalty: 0.0000 - {'risk_scale': 1.0}
2025-11-07 18:58:43,934 - UltimateBot_V8 - INFO - Penalty: 0.0000 - {'risk_scale': 1.0}
2025-11-07 18:58:43,936 - UltimateBot_V8 - INFO - Penalty: 0.0000 - {'risk_scale': 1.0}
2025-11-07 18:58:43,938 - UltimateBot_V8 - INFO - Penalty: 0.0000 - {'risk_scale': 1.0}
2025-11-07 18:58:43,939 - UltimateBot_V8 - INFO - Penalty: 0.0000 - {'risk_scale': 1.0}
2025-11-07 18:58:43,941 - UltimateBot_V8 - INFO - Penalty: 0.0000 - {'risk_scale': 1.0}
2025-11-07 18:58:43,943 - UltimateBot_V8 - INFO - Penalty: 0.0000 - {'risk_scale': 1.0}
2025-11-07 18:58:43,944 - UltimateBot_V8 - INFO - Penalty: 0.0000 - {'risk_scale': 1.0}
2025-11-07 18:58:43,946 - UltimateBot_V8 - INFO - Penalty: 0.0000 - {'risk_scale': 1.0}
2025-11-07 18:58:43,948 - UltimateBot_V8 - INFO - Penalty: 0.0000 - {'risk_scale': 1.0}
2025-11-07 18:58:43,949 - UltimateBot_V8 - INFO - Penalty: 0.0000 - {'risk_scale': 1.0}
2025-11-07 18:58:43,951 - UltimateBot_V8 - INFO - Penalty: 0.0000 - {'risk_scale': 1.0}
2025-11-07 18:58:43,953 - UltimateBot_V8 - INFO - Penalty: 0.0000 - {'risk_scale': 1.0}
2025-11-07 18:58:43,955 - UltimateBot_V8 - INFO - Penalty: 0.0000 - {'risk_scale': 1.0}
2025-11-07 18:58:43,956 - UltimateBot_V8 - INFO - Penalty: 0.0000 - {'risk_scale': 1.0}
2025-11-07 18:58:43,958 - UltimateBot_V8 - INFO - Penalty: 0.0000 - {'risk_scale': 1.0}
2025-11-07 18:58:43,960 - UltimateBot_V8 - INFO - Penalty: 0.0000 - {'risk_scale': 1.0}
2025-11-07 18:58:43,962 - UltimateBot_V8 - INFO - Penalty: 0.0000 - {'risk_scale': 1.0}
2025-11-07 18:58:43,963 - UltimateBot_V8 - INFO - Penalty: 0.0000 - {'risk_scale': 1.0}
2025-11-07 18:58:43,965 - UltimateBot_V8 - INFO - Penalty: 0.0000 - {'risk_scale': 1.0}
2025-11-07 18:58:43,967 - UltimateBot_V8 - INFO - Penalty: 0.0000 - {'risk_scale': 1.0}
2025-11-07 18:58:43,967 - UltimateBot_V8 - INFO -   Step 100: Reward=2.7627, Balance=$25000.00
2025-11-07 18:58:43,969 - UltimateBot_V8 - INFO - Penalty: 0.0000 - {'risk_scale': 1.0}
2025-11-07 18:58:43,971 - UltimateBot_V8 - INFO - Penalty: 0.0000 - {'risk_scale': 1.0}
2025-11-07 18:58:43,973 - UltimateBot_V8 - INFO - Penalty: 0.0000 - {'risk_scale': 1.0}
2025-11-07 18:58:43,975 - UltimateBot_V8 - INFO - Penalty: 0.0000 - {'risk_scale': 1.0}
2025-11-07 18:58:43,977 - UltimateBot_V8 - INFO - Penalty: 0.0000 - {'risk_scale': 1.0}
2025-11-07 18:58:43,979 - UltimateBot_V8 - INFO - Penalty: 0.0000 - {'risk_scale': 1.0}
2025-11-07 18:58:43,981 - UltimateBot_V8 - INFO - Penalty: 0.0000 - {'risk_scale': 1.0}
2025-11-07 18:58:43,983 - UltimateBot_V8 - INFO - Penalty: 0.0000 - {'risk_scale': 1.0}
2025-11-07 18:58:43,985 - UltimateBot_V8 - INFO - Penalty: 0.0000 - {'risk_scale': 1.0}
2025-11-07 18:58:43,987 - UltimateBot_V8 - INFO - Penalty: 0.0000 - {'risk_scale': 1.0}
2025-11-07 18:58:43,989 - UltimateBot_V8 - INFO - Penalty: 0.0000 - {'risk_scale': 1.0}
2025-11-07 18:58:43,991 - UltimateBot_V8 - INFO - Penalty: 0.0000 - {'risk_scale': 1.0}
2025-11-07 18:58:43,993 - UltimateBot_V8 - INFO - Penalty: 0.0000 - {'risk_scale': 1.0}
2025-11-07 18:58:43,995 - UltimateBot_V8 - INFO - Penalty: 0.0000 - {'risk_scale': 1.0}
2025-11-07 18:58:43,997 - UltimateBot_V8 - INFO - Penalty: 0.0000 - {'risk_scale': 1.0}
2025-11-07 18:58:43,999 - UltimateBot_V8 - INFO - Penalty: 0.0000 - {'risk_scale': 1.0}
2025-11-07 18:58:44,001 - UltimateBot_V8 - INFO - Penalty: 0.0000 - {'risk_scale': 1.0}
2025-11-07 18:58:44,003 - UltimateBot_V8 - INFO - Penalty: 0.0000 - {'risk_scale': 1.0}
2025-11-07 18:58:44,006 - UltimateBot_V8 - INFO - Penalty: 0.0000 - {'risk_scale': 1.0}
2025-11-07 18:58:44,008 - UltimateBot_V8 - INFO - Penalty: 0.0000 - {'risk_scale': 1.0}
2025-11-07 18:58:44,010 - UltimateBot_V8 - INFO - Penalty: 0.0000 - {'risk_scale': 1.0}
2025-11-07 18:58:44,012 - UltimateBot_V8 - INFO - Penalty: 0.0000 - {'risk_scale': 1.0}
2025-11-07 18:58:44,014 - UltimateBot_V8 - INFO - Penalty: 0.0000 - {'risk_scale': 1.0}
2025-11-07 18:58:44,017 - UltimateBot_V8 - INFO - Penalty: 0.0000 - {'risk_scale': 1.0}
2025-11-07 18:58:44,019 - UltimateBot_V8 - INFO - Penalty: 0.0000 - {'risk_scale': 1.0}
2025-11-07 18:58:44,021 - UltimateBot_V8 - INFO - Penalty: 0.0000 - {'risk_scale': 1.0}
2025-11-07 18:58:44,023 - UltimateBot_V8 - INFO - Penalty: 0.0000 - {'risk_scale': 1.0}
2025-11-07 18:58:44,026 - UltimateBot_V8 - INFO - Penalty: 0.0000 - {'risk_scale': 1.0}
2025-11-07 18:58:44,028 - UltimateBot_V8 - INFO - Penalty: 0.0000 - {'risk_scale': 1.0}
2025-11-07 18:58:44,030 - UltimateBot_V8 - INFO - Penalty: 0.0000 - {'risk_scale': 1.0}
2025-11-07 18:58:44,033 - UltimateBot_V8 - INFO - Penalty: 0.0000 - {'risk_scale': 1.0}
2025-11-07 18:58:44,035 - UltimateBot_V8 - INFO - Penalty: 0.0000 - {'risk_scale': 1.0}
2025-11-07 18:58:44,038 - UltimateBot_V8 - INFO - Penalty: 0.0000 - {'risk_scale': 1.0}
2025-11-07 18:58:44,040 - UltimateBot_V8 - INFO - Penalty: 0.0000 - {'risk_scale': 1.0}
2025-11-07 18:58:44,042 - UltimateBot_V8 - INFO - Penalty: 0.0000 - {'risk_scale': 1.0}
2025-11-07 18:58:44,045 - UltimateBot_V8 - INFO - Penalty: 0.0000 - {'risk_scale': 1.0}
2025-11-07 18:58:44,047 - UltimateBot_V8 - INFO - Penalty: 0.0000 - {'risk_scale': 1.0}
2025-11-07 18:58:44,050 - UltimateBot_V8 - INFO - Penalty: 0.0000 - {'risk_scale': 1.0}
2025-11-07 18:58:44,052 - UltimateBot_V8 - INFO - Penalty: 0.0000 - {'risk_scale': 1.0}
2025-11-07 18:58:44,055 - UltimateBot_V8 - INFO - Penalty: 0.0000 - {'risk_scale': 1.0}
2025-11-07 18:58:44,057 - UltimateBot_V8 - INFO - Penalty: 0.0000 - {'risk_scale': 1.0}
2025-11-07 18:58:44,060 - UltimateBot_V8 - INFO - Penalty: 0.0000 - {'risk_scale': 1.0}
2025-11-07 18:58:44,062 - UltimateBot_V8 - INFO - Penalty: 0.0000 - {'risk_scale': 1.0}
2025-11-07 18:58:44,065 - UltimateBot_V8 - INFO - Penalty: 0.0000 - {'risk_scale': 1.0}
2025-11-07 18:58:44,067 - UltimateBot_V8 - INFO - Penalty: 0.0000 - {'risk_scale': 1.0}
2025-11-07 18:58:44,070 - UltimateBot_V8 - INFO - Penalty: 0.0000 - {'risk_scale': 1.0}
2025-11-07 18:58:44,073 - UltimateBot_V8 - INFO - Penalty: 0.0000 - {'risk_scale': 1.0}
2025-11-07 18:58:44,075 - UltimateBot_V8 - INFO - Penalty: 0.0000 - {'risk_scale': 1.0}
2025-11-07 18:58:44,078 - UltimateBot_V8 - INFO - Penalty: 0.0000 - {'risk_scale': 1.0}
2025-11-07 18:58:44,081 - UltimateBot_V8 - INFO - Penalty: 0.0000 - {'risk_scale': 1.0}
2025-11-07 18:58:44,083 - UltimateBot_V8 - INFO - Penalty: 0.0000 - {'risk_scale': 1.0}
2025-11-07 18:58:44,086 - UltimateBot_V8 - INFO - Penalty: 0.0000 - {'risk_scale': 1.0}
2025-11-07 18:58:44,089 - UltimateBot_V8 - INFO - Penalty: 0.0000 - {'risk_scale': 1.0}
2025-11-07 18:58:44,092 - UltimateBot_V8 - INFO - Penalty: 0.0000 - {'risk_scale': 1.0}
2025-11-07 18:58:44,094 - UltimateBot_V8 - INFO - Penalty: 0.0000 - {'risk_scale': 1.0}
2025-11-07 18:58:44,097 - UltimateBot_V8 - INFO - Penalty: 0.0000 - {'risk_scale': 1.0}
2025-11-07 18:58:44,100 - UltimateBot_V8 - INFO - Penalty: 0.0000 - {'risk_scale': 1.0}
2025-11-07 18:58:44,103 - UltimateBot_V8 - INFO - Penalty: 0.0000 - {'risk_scale': 1.0}
2025-11-07 18:58:44,105 - UltimateBot_V8 - INFO - Penalty: 0.0000 - {'risk_scale': 1.0}
2025-11-07 18:58:44,108 - UltimateBot_V8 - INFO - Penalty: 0.0000 - {'risk_scale': 1.0}
2025-11-07 18:58:44,111 - UltimateBot_V8 - INFO - Penalty: 0.0000 - {'risk_scale': 1.0}
2025-11-07 18:58:44,114 - UltimateBot_V8 - INFO - Penalty: 0.0000 - {'risk_scale': 1.0}
2025-11-07 18:58:44,117 - UltimateBot_V8 - INFO - Penalty: 0.0000 - {'risk_scale': 1.0}
2025-11-07 18:58:44,120 - UltimateBot_V8 - INFO - Penalty: 0.0000 - {'risk_scale': 1.0}
2025-11-07 18:58:44,123 - UltimateBot_V8 - INFO - Penalty: 0.0000 - {'risk_scale': 1.0}
2025-11-07 18:58:44,126 - UltimateBot_V8 - INFO - Penalty: 0.0000 - {'risk_scale': 1.0}
2025-11-07 18:58:44,129 - UltimateBot_V8 - INFO - Penalty: 0.0000 - {'risk_scale': 1.0}
2025-11-07 18:58:44,132 - UltimateBot_V8 - INFO - Penalty: 0.0000 - {'risk_scale': 1.0}
2025-11-07 18:58:44,135 - UltimateBot_V8 - INFO - Penalty: 0.0000 - {'risk_scale': 1.0}
2025-11-07 18:58:44,138 - UltimateBot_V8 - INFO - Penalty: 0.0000 - {'risk_scale': 1.0}
2025-11-07 18:58:44,141 - UltimateBot_V8 - INFO - Penalty: 0.0000 - {'risk_scale': 1.0}
2025-11-07 18:58:44,145 - UltimateBot_V8 - INFO - Penalty: 0.0000 - {'risk_scale': 1.0}
2025-11-07 18:58:44,149 - UltimateBot_V8 - INFO - Penalty: 0.0000 - {'risk_scale': 1.0}
2025-11-07 18:58:44,152 - UltimateBot_V8 - INFO - Penalty: 0.0000 - {'risk_scale': 1.0}
2025-11-07 18:58:44,156 - UltimateBot_V8 - INFO - Penalty: 0.0000 - {'risk_scale': 1.0}
2025-11-07 18:58:44,159 - UltimateBot_V8 - INFO - Penalty: 0.0000 - {'risk_scale': 1.0}
2025-11-07 18:58:44,162 - UltimateBot_V8 - INFO - Penalty: 0.0000 - {'risk_scale': 1.0}
2025-11-07 18:58:44,166 - UltimateBot_V8 - INFO - Penalty: 0.0000 - {'risk_scale': 1.0}
2025-11-07 18:58:44,169 - UltimateBot_V8 - INFO - Penalty: 0.0000 - {'risk_scale': 1.0}
2025-11-07 18:58:44,172 - UltimateBot_V8 - INFO - Penalty: 0.0000 - {'risk_scale': 1.0}
2025-11-07 18:58:44,175 - UltimateBot_V8 - INFO - Penalty: 0.0000 - {'risk_scale': 1.0}
2025-11-07 18:58:44,179 - UltimateBot_V8 - INFO - Penalty: 0.0000 - {'risk_scale': 1.0}
2025-11-07 18:58:44,182 - UltimateBot_V8 - INFO - Penalty: 0.0000 - {'risk_scale': 1.0}
2025-11-07 18:58:44,185 - UltimateBot_V8 - INFO - Penalty: 0.0000 - {'risk_scale': 1.0}
2025-11-07 18:58:44,189 - UltimateBot_V8 - INFO - Penalty: 0.0000 - {'risk_scale': 1.0}
2025-11-07 18:58:44,192 - UltimateBot_V8 - INFO - Penalty: 0.0000 - {'risk_scale': 1.0}
2025-11-07 18:58:44,195 - UltimateBot_V8 - INFO - Penalty: 0.0000 - {'risk_scale': 1.0}
2025-11-07 18:58:44,198 - UltimateBot_V8 - INFO - Penalty: 0.0000 - {'risk_scale': 1.0}
2025-11-07 18:58:44,202 - UltimateBot_V8 - INFO - Penalty: 0.0000 - {'risk_scale': 1.0}
2025-11-07 18:58:44,205 - UltimateBot_V8 - INFO - Penalty: 0.0000 - {'risk_scale': 1.0}
2025-11-07 18:58:44,208 - UltimateBot_V8 - INFO - Penalty: 0.0000 - {'risk_scale': 1.0}
2025-11-07 18:58:44,212 - UltimateBot_V8 - INFO - Penalty: 0.0000 - {'risk_scale': 1.0}
2025-11-07 18:58:44,215 - UltimateBot_V8 - INFO - Penalty: 0.0000 - {'risk_scale': 1.0}
2025-11-07 18:58:44,218 - UltimateBot_V8 - INFO - Penalty: 0.0000 - {'risk_scale': 1.0}
2025-11-07 18:58:44,222 - UltimateBot_V8 - INFO - Penalty: 0.0000 - {'risk_scale': 1.0}
2025-11-07 18:58:44,225 - UltimateBot_V8 - INFO - Penalty: 0.0000 - {'risk_scale': 1.0}
2025-11-07 18:58:44,229 - UltimateBot_V8 - INFO - Penalty: 0.0000 - {'risk_scale': 1.0}
2025-11-07 18:58:44,232 - UltimateBot_V8 - INFO - Penalty: 0.0000 - {'risk_scale': 1.0}
2025-11-07 18:58:44,236 - UltimateBot_V8 - INFO - Penalty: 0.0000 - {'risk_scale': 1.0}
2025-11-07 18:58:44,239 - UltimateBot_V8 - INFO - Penalty: 0.0000 - {'risk_scale': 1.0}
2025-11-07 18:58:44,239 - UltimateBot_V8 - INFO -   Step 200: Reward=0.6727, Balance=$25000.00
2025-11-07 18:58:44,243 - UltimateBot_V8 - INFO - Penalty: 0.0000 - {'risk_scale': 1.0}
2025-11-07 18:58:44,246 - UltimateBot_V8 - INFO - Penalty: 0.0000 - {'risk_scale': 1.0}
2025-11-07 18:58:44,250 - UltimateBot_V8 - INFO - Penalty: 0.0000 - {'risk_scale': 1.0}
2025-11-07 18:58:44,253 - UltimateBot_V8 - INFO - Penalty: 0.0000 - {'risk_scale': 1.0}
2025-11-07 18:58:44,257 - UltimateBot_V8 - INFO - Penalty: 0.0000 - {'risk_scale': 1.0}
2025-11-07 18:58:44,261 - UltimateBot_V8 - INFO - Penalty: 0.0000 - {'risk_scale': 1.0}
2025-11-07 18:58:44,264 - UltimateBot_V8 - INFO - Penalty: 0.0000 - {'risk_scale': 1.0}
2025-11-07 18:58:44,268 - UltimateBot_V8 - INFO - Penalty: 0.0000 - {'risk_scale': 1.0}
2025-11-07 18:58:44,271 - UltimateBot_V8 - INFO - Penalty: 0.0000 - {'risk_scale': 1.0}
2025-11-07 18:58:44,275 - UltimateBot_V8 - INFO - Penalty: 0.0000 - {'risk_scale': 1.0}
2025-11-07 18:58:44,279 - UltimateBot_V8 - INFO - Penalty: 0.0000 - {'risk_scale': 1.0}
2025-11-07 18:58:44,282 - UltimateBot_V8 - INFO - Penalty: 0.0000 - {'risk_scale': 1.0}
2025-11-07 18:58:44,286 - UltimateBot_V8 - INFO - Penalty: 0.0000 - {'risk_scale': 1.0}
2025-11-07 18:58:44,290 - UltimateBot_V8 - INFO - Penalty: 0.0000 - {'risk_scale': 1.0}
2025-11-07 18:58:44,293 - UltimateBot_V8 - INFO - Penalty: 0.0000 - {'risk_scale': 1.0}
2025-11-07 18:58:44,297 - UltimateBot_V8 - INFO - Penalty: 0.0000 - {'risk_scale': 1.0}
2025-11-07 18:58:44,301 - UltimateBot_V8 - INFO - Penalty: 0.0000 - {'risk_scale': 1.0}
2025-11-07 18:58:44,305 - UltimateBot_V8 - INFO - Penalty: 0.0000 - {'risk_scale': 1.0}
2025-11-07 18:58:44,308 - UltimateBot_V8 - INFO - Penalty: 0.0000 - {'risk_scale': 1.0}
2025-11-07 18:58:44,312 - UltimateBot_V8 - INFO - Penalty: 0.0000 - {'risk_scale': 1.0}
2025-11-07 18:58:44,316 - UltimateBot_V8 - INFO - Penalty: 0.0000 - {'risk_scale': 1.0}
2025-11-07 18:58:44,320 - UltimateBot_V8 - INFO - Penalty: 0.0000 - {'risk_scale': 1.0}
2025-11-07 18:58:44,324 - UltimateBot_V8 - INFO - Penalty: 0.0000 - {'risk_scale': 1.0}
2025-11-07 18:58:44,328 - UltimateBot_V8 - INFO - Penalty: 0.0000 - {'risk_scale': 1.0}
2025-11-07 18:58:44,332 - UltimateBot_V8 - INFO - Penalty: 0.0000 - {'risk_scale': 1.0}
2025-11-07 18:58:44,335 - UltimateBot_V8 - INFO - Penalty: 0.0000 - {'risk_scale': 1.0}
2025-11-07 18:58:44,339 - UltimateBot_V8 - INFO - Penalty: 0.0000 - {'risk_scale': 1.0}
2025-11-07 18:58:44,343 - UltimateBot_V8 - INFO - Penalty: 0.0000 - {'risk_scale': 1.0}
2025-11-07 18:58:44,347 - UltimateBot_V8 - INFO - Penalty: 0.0000 - {'risk_scale': 1.0}
2025-11-07 18:58:44,351 - UltimateBot_V8 - INFO - Penalty: 0.0000 - {'risk_scale': 1.0}
2025-11-07 18:58:44,355 - UltimateBot_V8 - INFO - Penalty: 0.0000 - {'risk_scale': 1.0}
2025-11-07 18:58:44,359 - UltimateBot_V8 - INFO - Penalty: 0.0000 - {'risk_scale': 1.0}
2025-11-07 18:58:44,363 - UltimateBot_V8 - INFO - Penalty: 0.0000 - {'risk_scale': 1.0}
2025-11-07 18:58:44,368 - UltimateBot_V8 - INFO - Penalty: 0.0000 - {'risk_scale': 1.0}
2025-11-07 18:58:44,372 - UltimateBot_V8 - INFO - Penalty: 0.0000 - {'risk_scale': 1.0}
2025-11-07 18:58:44,376 - UltimateBot_V8 - INFO - Penalty: 0.0000 - {'risk_scale': 1.0}
2025-11-07 18:58:44,380 - UltimateBot_V8 - INFO - Penalty: 0.0000 - {'risk_scale': 1.0}
2025-11-07 18:58:44,384 - UltimateBot_V8 - INFO - Penalty: 0.0000 - {'risk_scale': 1.0}
2025-11-07 18:58:44,388 - UltimateBot_V8 - INFO - Penalty: 0.0000 - {'risk_scale': 1.0}
2025-11-07 18:58:44,392 - UltimateBot_V8 - INFO - Penalty: 0.0000 - {'risk_scale': 1.0}
2025-11-07 18:58:44,396 - UltimateBot_V8 - INFO - Penalty: 0.0000 - {'risk_scale': 1.0}
2025-11-07 18:58:44,401 - UltimateBot_V8 - INFO - Penalty: 0.0000 - {'risk_scale': 1.0}
2025-11-07 18:58:44,405 - UltimateBot_V8 - INFO - Penalty: 0.0000 - {'risk_scale': 1.0}
2025-11-07 18:58:44,409 - UltimateBot_V8 - INFO - Penalty: 0.0000 - {'risk_scale': 1.0}
2025-11-07 18:58:44,413 - UltimateBot_V8 - INFO - Penalty: 0.0000 - {'risk_scale': 1.0}
2025-11-07 18:58:44,417 - UltimateBot_V8 - INFO - Penalty: 0.0000 - {'risk_scale': 1.0}
2025-11-07 18:58:44,422 - UltimateBot_V8 - INFO - Penalty: 0.0000 - {'risk_scale': 1.0}
2025-11-07 18:58:44,426 - UltimateBot_V8 - INFO - Penalty: 0.0000 - {'risk_scale': 1.0}
2025-11-07 18:58:44,430 - UltimateBot_V8 - INFO - Penalty: 0.0000 - {'risk_scale': 1.0}
2025-11-07 18:58:44,435 - UltimateBot_V8 - INFO - Penalty: 0.0000 - {'risk_scale': 1.0}
2025-11-07 18:58:44,439 - UltimateBot_V8 - INFO - Penalty: 0.0000 - {'risk_scale': 1.0}
2025-11-07 18:58:44,444 - UltimateBot_V8 - INFO - Penalty: 0.0000 - {'risk_scale': 1.0}
2025-11-07 18:58:44,448 - UltimateBot_V8 - INFO - Penalty: 0.0000 - {'risk_scale': 1.0}
2025-11-07 18:58:44,452 - UltimateBot_V8 - INFO - Penalty: 0.0000 - {'risk_scale': 1.0}
2025-11-07 18:58:44,456 - UltimateBot_V8 - INFO - Penalty: 0.0000 - {'risk_scale': 1.0}
2025-11-07 18:58:44,461 - UltimateBot_V8 - INFO - Penalty: 0.0000 - {'risk_scale': 1.0}
2025-11-07 18:58:44,465 - UltimateBot_V8 - INFO - Penalty: 0.0000 - {'risk_scale': 1.0}
2025-11-07 18:58:44,470 - UltimateBot_V8 - INFO - Penalty: 0.0000 - {'risk_scale': 1.0}
2025-11-07 18:58:44,474 - UltimateBot_V8 - INFO - Penalty: 0.0000 - {'risk_scale': 1.0}
2025-11-07 18:58:44,478 - UltimateBot_V8 - INFO - Penalty: 0.0000 - {'risk_scale': 1.0}
2025-11-07 18:58:44,483 - UltimateBot_V8 - INFO - Penalty: 0.0000 - {'risk_scale': 1.0}
2025-11-07 18:58:44,487 - UltimateBot_V8 - INFO - Penalty: 0.0000 - {'risk_scale': 1.0}
2025-11-07 18:58:44,492 - UltimateBot_V8 - INFO - Penalty: 0.0000 - {'risk_scale': 1.0}
2025-11-07 18:58:44,496 - UltimateBot_V8 - INFO - Penalty: 0.0000 - {'risk_scale': 1.0}
2025-11-07 18:58:44,501 - UltimateBot_V8 - INFO - Penalty: 0.0000 - {'risk_scale': 1.0}
2025-11-07 18:58:44,505 - UltimateBot_V8 - INFO - Penalty: 0.0000 - {'risk_scale': 1.0}
2025-11-07 18:58:44,510 - UltimateBot_V8 - INFO - Penalty: 0.0000 - {'risk_scale': 1.0}
2025-11-07 18:58:44,514 - UltimateBot_V8 - INFO - Penalty: 0.0000 - {'risk_scale': 1.0}
2025-11-07 18:58:44,519 - UltimateBot_V8 - INFO - Penalty: 0.0000 - {'risk_scale': 1.0}
2025-11-07 18:58:44,524 - UltimateBot_V8 - INFO - Penalty: 0.0000 - {'risk_scale': 1.0}
2025-11-07 18:58:44,528 - UltimateBot_V8 - INFO - Penalty: 0.0000 - {'risk_scale': 1.0}
2025-11-07 18:58:44,533 - UltimateBot_V8 - INFO - Penalty: 0.0000 - {'risk_scale': 1.0}
2025-11-07 18:58:44,537 - UltimateBot_V8 - INFO - Penalty: 0.0000 - {'risk_scale': 1.0}
2025-11-07 18:58:44,542 - UltimateBot_V8 - INFO - Penalty: 0.0000 - {'risk_scale': 1.0}
2025-11-07 18:58:44,547 - UltimateBot_V8 - INFO - Penalty: 0.0000 - {'risk_scale': 1.0}
2025-11-07 18:58:44,551 - UltimateBot_V8 - INFO - Penalty: 0.0000 - {'risk_scale': 1.0}
2025-11-07 18:58:44,556 - UltimateBot_V8 - INFO - Penalty: 0.0000 - {'risk_scale': 1.0}
2025-11-07 18:58:44,561 - UltimateBot_V8 - INFO - Penalty: 0.0000 - {'risk_scale': 1.0}
2025-11-07 18:58:44,565 - UltimateBot_V8 - INFO - Penalty: 0.0000 - {'risk_scale': 1.0}
2025-11-07 18:58:44,570 - UltimateBot_V8 - INFO - Penalty: 0.0000 - {'risk_scale': 1.0}
2025-11-07 18:58:44,575 - UltimateBot_V8 - INFO - Penalty: 0.0000 - {'risk_scale': 1.0}
2025-11-07 18:58:44,580 - UltimateBot_V8 - INFO - Penalty: 0.0000 - {'risk_scale': 1.0}
2025-11-07 18:58:44,585 - UltimateBot_V8 - INFO - Penalty: 0.0000 - {'risk_scale': 1.0}
2025-11-07 18:58:44,589 - UltimateBot_V8 - INFO - Penalty: 0.0000 - {'risk_scale': 1.0}
2025-11-07 18:58:44,594 - UltimateBot_V8 - INFO - Penalty: 0.0000 - {'risk_scale': 1.0}
2025-11-07 18:58:44,599 - UltimateBot_V8 - INFO - Penalty: 0.0000 - {'risk_scale': 1.0}
2025-11-07 18:58:44,604 - UltimateBot_V8 - INFO - Penalty: 0.0000 - {'risk_scale': 1.0}
2025-11-07 18:58:44,609 - UltimateBot_V8 - INFO - Penalty: 0.0000 - {'risk_scale': 1.0}
2025-11-07 18:58:44,613 - UltimateBot_V8 - INFO - Penalty: 0.0000 - {'risk_scale': 1.0}
2025-11-07 18:58:44,618 - UltimateBot_V8 - INFO - Penalty: 0.0000 - {'risk_scale': 1.0}
2025-11-07 18:58:44,623 - UltimateBot_V8 - INFO - Penalty: 0.0000 - {'risk_scale': 1.0}
2025-11-07 18:58:44,628 - UltimateBot_V8 - INFO - Penalty: 0.0000 - {'risk_scale': 1.0}
2025-11-07 18:58:44,633 - UltimateBot_V8 - INFO - Penalty: 0.0000 - {'risk_scale': 1.0}
2025-11-07 18:58:44,638 - UltimateBot_V8 - INFO - Penalty: 0.0000 - {'risk_scale': 1.0}
2025-11-07 18:58:44,643 - UltimateBot_V8 - INFO - Penalty: 0.0000 - {'risk_scale': 1.0}
2025-11-07 18:58:44,648 - UltimateBot_V8 - INFO - Penalty: 0.0000 - {'risk_scale': 1.0}
2025-11-07 18:58:44,653 - UltimateBot_V8 - INFO - Penalty: 0.0000 - {'risk_scale': 1.0}
2025-11-07 18:58:44,658 - UltimateBot_V8 - INFO - Penalty: 0.0000 - {'risk_scale': 1.0}
2025-11-07 18:58:44,663 - UltimateBot_V8 - INFO - Penalty: 0.0000 - {'risk_scale': 1.0}
2025-11-07 18:58:44,668 - UltimateBot_V8 - INFO - Penalty: 0.0000 - {'risk_scale': 1.0}
2025-11-07 18:58:44,669 - UltimateBot_V8 - INFO -   Step 300: Reward=-408.5090, Balance=$25000.00
2025-11-07 18:58:44,674 - UltimateBot_V8 - INFO - Penalty: 0.0000 - {'risk_scale': 1.0}
2025-11-07 18:58:44,679 - UltimateBot_V8 - INFO - Penalty: 0.0000 - {'risk_scale': 1.0}
2025-11-07 18:58:44,684 - UltimateBot_V8 - INFO - Penalty: 0.0000 - {'risk_scale': 1.0}
2025-11-07 18:58:44,689 - UltimateBot_V8 - INFO - Penalty: 0.0000 - {'risk_scale': 1.0}
2025-11-07 18:58:44,694 - UltimateBot_V8 - INFO - Penalty: 0.0000 - {'risk_scale': 1.0}
2025-11-07 18:58:44,699 - UltimateBot_V8 - INFO - Penalty: 0.0000 - {'risk_scale': 1.0}
2025-11-07 18:58:44,704 - UltimateBot_V8 - INFO - Penalty: 0.0000 - {'risk_scale': 1.0}
2025-11-07 18:58:44,709 - UltimateBot_V8 - INFO - Penalty: 0.0000 - {'risk_scale': 1.0}
2025-11-07 18:58:44,715 - UltimateBot_V8 - INFO - Penalty: 0.0000 - {'risk_scale': 1.0}
2025-11-07 18:58:44,720 - UltimateBot_V8 - INFO - Penalty: 0.0000 - {'risk_scale': 1.0}
2025-11-07 18:58:44,725 - UltimateBot_V8 - INFO - Penalty: 0.0000 - {'risk_scale': 1.0}
2025-11-07 18:58:44,731 - UltimateBot_V8 - INFO - Penalty: 0.0000 - {'risk_scale': 1.0}
2025-11-07 18:58:44,736 - UltimateBot_V8 - INFO - Penalty: 0.0000 - {'risk_scale': 1.0}
2025-11-07 18:58:44,741 - UltimateBot_V8 - INFO - Penalty: 0.0000 - {'risk_scale': 1.0}
2025-11-07 18:58:44,746 - UltimateBot_V8 - INFO - Penalty: 0.0000 - {'risk_scale': 1.0}
2025-11-07 18:58:44,752 - UltimateBot_V8 - INFO - Penalty: 0.0000 - {'risk_scale': 1.0}
2025-11-07 18:58:44,757 - UltimateBot_V8 - INFO - Penalty: 0.0000 - {'risk_scale': 1.0}
2025-11-07 18:58:44,762 - UltimateBot_V8 - INFO - Penalty: 0.0000 - {'risk_scale': 1.0}
2025-11-07 18:58:44,768 - UltimateBot_V8 - INFO - Penalty: 0.0000 - {'risk_scale': 1.0}
2025-11-07 18:58:44,773 - UltimateBot_V8 - INFO - Penalty: 0.0000 - {'risk_scale': 1.0}
2025-11-07 18:58:44,778 - UltimateBot_V8 - INFO - Penalty: 0.0000 - {'risk_scale': 1.0}
2025-11-07 18:58:44,784 - UltimateBot_V8 - INFO - Penalty: 0.0000 - {'risk_scale': 1.0}
2025-11-07 18:58:44,789 - UltimateBot_V8 - INFO - Penalty: 0.0000 - {'risk_scale': 1.0}
2025-11-07 18:58:44,795 - UltimateBot_V8 - INFO - Penalty: 0.0000 - {'risk_scale': 1.0}
2025-11-07 18:58:44,800 - UltimateBot_V8 - INFO - Penalty: 0.0000 - {'risk_scale': 1.0}
2025-11-07 18:58:44,806 - UltimateBot_V8 - INFO - Penalty: 0.0000 - {'risk_scale': 1.0}
2025-11-07 18:58:44,811 - UltimateBot_V8 - INFO - Penalty: 0.0000 - {'risk_scale': 1.0}
2025-11-07 18:58:44,817 - UltimateBot_V8 - INFO - Penalty: 0.0000 - {'risk_scale': 1.0}
2025-11-07 18:58:44,822 - UltimateBot_V8 - INFO - Penalty: 0.0000 - {'risk_scale': 1.0}
2025-11-07 18:58:44,828 - UltimateBot_V8 - INFO - Penalty: 0.0000 - {'risk_scale': 1.0}
2025-11-07 18:58:44,833 - UltimateBot_V8 - INFO - Penalty: 0.0000 - {'risk_scale': 1.0}
2025-11-07 18:58:44,839 - UltimateBot_V8 - INFO - Penalty: 0.0000 - {'risk_scale': 1.0}
2025-11-07 18:58:44,844 - UltimateBot_V8 - INFO - Penalty: 0.0000 - {'risk_scale': 1.0}
2025-11-07 18:58:44,850 - UltimateBot_V8 - INFO - Penalty: 0.0000 - {'risk_scale': 1.0}
2025-11-07 18:58:44,856 - UltimateBot_V8 - INFO - Penalty: 0.0000 - {'risk_scale': 1.0}
2025-11-07 18:58:44,861 - UltimateBot_V8 - INFO - Penalty: 0.0000 - {'risk_scale': 1.0}
2025-11-07 18:58:44,867 - UltimateBot_V8 - INFO - Penalty: 0.0000 - {'risk_scale': 1.0}
2025-11-07 18:58:44,873 - UltimateBot_V8 - INFO - Penalty: 0.0000 - {'risk_scale': 1.0}
2025-11-07 18:58:44,878 - UltimateBot_V8 - INFO - Penalty: 0.0000 - {'risk_scale': 1.0}
2025-11-07 18:58:44,884 - UltimateBot_V8 - INFO - Penalty: 0.0000 - {'risk_scale': 1.0}
2025-11-07 18:58:44,890 - UltimateBot_V8 - INFO - Penalty: 0.0000 - {'risk_scale': 1.0}
2025-11-07 18:58:44,896 - UltimateBot_V8 - INFO - Penalty: 0.0000 - {'risk_scale': 1.0}
2025-11-07 18:58:44,901 - UltimateBot_V8 - INFO - Penalty: 0.0000 - {'risk_scale': 1.0}
2025-11-07 18:58:44,907 - UltimateBot_V8 - INFO - Penalty: 0.0000 - {'risk_scale': 1.0}
2025-11-07 18:58:44,913 - UltimateBot_V8 - INFO - Penalty: 0.0000 - {'risk_scale': 1.0}
2025-11-07 18:58:44,919 - UltimateBot_V8 - INFO - Penalty: 0.0000 - {'risk_scale': 1.0}
2025-11-07 18:58:44,924 - UltimateBot_V8 - INFO - Penalty: 0.0000 - {'risk_scale': 1.0}
2025-11-07 18:58:44,930 - UltimateBot_V8 - INFO - Penalty: 0.0000 - {'risk_scale': 1.0}
2025-11-07 18:58:44,936 - UltimateBot_V8 - INFO - Penalty: 0.0000 - {'risk_scale': 1.0}
2025-11-07 18:58:44,942 - UltimateBot_V8 - INFO - Penalty: 0.0000 - {'risk_scale': 1.0}
2025-11-07 18:58:44,948 - UltimateBot_V8 - INFO - Penalty: 0.0000 - {'risk_scale': 1.0}
2025-11-07 18:58:44,954 - UltimateBot_V8 - INFO - Penalty: 0.0000 - {'risk_scale': 1.0}
2025-11-07 18:58:44,960 - UltimateBot_V8 - INFO - Penalty: 0.0000 - {'risk_scale': 1.0}
2025-11-07 18:58:44,966 - UltimateBot_V8 - INFO - Penalty: 0.0000 - {'risk_scale': 1.0}
2025-11-07 18:58:44,972 - UltimateBot_V8 - INFO - Penalty: 0.0000 - {'risk_scale': 1.0}
2025-11-07 18:58:44,978 - UltimateBot_V8 - INFO - Penalty: 0.0000 - {'risk_scale': 1.0}
2025-11-07 18:58:44,984 - UltimateBot_V8 - INFO - Penalty: 0.0000 - {'risk_scale': 1.0}
2025-11-07 18:58:44,990 - UltimateBot_V8 - INFO - Penalty: 0.0000 - {'risk_scale': 1.0}
2025-11-07 18:58:44,996 - UltimateBot_V8 - INFO - Penalty: 0.0000 - {'risk_scale': 1.0}
2025-11-07 18:58:45,002 - UltimateBot_V8 - INFO - Penalty: 0.0000 - {'risk_scale': 1.0}
2025-11-07 18:58:45,008 - UltimateBot_V8 - INFO - Penalty: 0.0000 - {'risk_scale': 1.0}
2025-11-07 18:58:45,014 - UltimateBot_V8 - INFO - Penalty: 0.0000 - {'risk_scale': 1.0}
2025-11-07 18:58:45,021 - UltimateBot_V8 - INFO - Penalty: 0.0000 - {'risk_scale': 1.0}
2025-11-07 18:58:45,027 - UltimateBot_V8 - INFO - Penalty: 0.0000 - {'risk_scale': 1.0}
2025-11-07 18:58:45,033 - UltimateBot_V8 - INFO - Penalty: 0.0000 - {'risk_scale': 1.0}
2025-11-07 18:58:45,039 - UltimateBot_V8 - INFO - Penalty: 0.0000 - {'risk_scale': 1.0}
2025-11-07 18:58:45,045 - UltimateBot_V8 - INFO - Penalty: 0.0000 - {'risk_scale': 1.0}
2025-11-07 18:58:45,052 - UltimateBot_V8 - INFO - Penalty: 0.0000 - {'risk_scale': 1.0}
2025-11-07 18:58:45,058 - UltimateBot_V8 - INFO - Penalty: 0.0000 - {'risk_scale': 1.0}
2025-11-07 18:58:45,064 - UltimateBot_V8 - INFO - Penalty: 0.0000 - {'risk_scale': 1.0}
2025-11-07 18:58:45,070 - UltimateBot_V8 - INFO - Penalty: 0.0000 - {'risk_scale': 1.0}
2025-11-07 18:58:45,077 - UltimateBot_V8 - INFO - Penalty: 0.0000 - {'risk_scale': 1.0}
2025-11-07 18:58:45,083 - UltimateBot_V8 - INFO - Penalty: 0.0000 - {'risk_scale': 1.0}
2025-11-07 18:58:45,089 - UltimateBot_V8 - INFO - Penalty: 0.0000 - {'risk_scale': 1.0}
2025-11-07 18:58:45,095 - UltimateBot_V8 - INFO - Penalty: 0.0000 - {'risk_scale': 1.0}
2025-11-07 18:58:45,102 - UltimateBot_V8 - INFO - Penalty: 0.0000 - {'risk_scale': 1.0}
2025-11-07 18:58:45,108 - UltimateBot_V8 - INFO - Penalty: 0.0000 - {'risk_scale': 1.0}
2025-11-07 18:58:45,115 - UltimateBot_V8 - INFO - Penalty: 0.0000 - {'risk_scale': 1.0}
2025-11-07 18:58:45,121 - UltimateBot_V8 - INFO - Penalty: 0.0000 - {'risk_scale': 1.0}
2025-11-07 18:58:45,128 - UltimateBot_V8 - INFO - Penalty: 0.0000 - {'risk_scale': 1.0}
2025-11-07 18:58:45,134 - UltimateBot_V8 - INFO - Penalty: 0.0000 - {'risk_scale': 1.0}
2025-11-07 18:58:45,141 - UltimateBot_V8 - INFO - Penalty: 0.0000 - {'risk_scale': 1.0}
2025-11-07 18:58:45,148 - UltimateBot_V8 - INFO - Penalty: 0.0000 - {'risk_scale': 1.0}
2025-11-07 18:58:45,154 - UltimateBot_V8 - INFO - Penalty: 0.0000 - {'risk_scale': 1.0}
2025-11-07 18:58:45,161 - UltimateBot_V8 - INFO - Penalty: 0.0000 - {'risk_scale': 1.0}
2025-11-07 18:58:45,167 - UltimateBot_V8 - INFO - Penalty: 0.0000 - {'risk_scale': 1.0}
2025-11-07 18:58:45,174 - UltimateBot_V8 - INFO - Penalty: 0.0000 - {'risk_scale': 1.0}
2025-11-07 18:58:45,180 - UltimateBot_V8 - INFO - Penalty: 0.0000 - {'risk_scale': 1.0}
2025-11-07 18:58:45,187 - UltimateBot_V8 - INFO - Penalty: 0.0000 - {'risk_scale': 1.0}
2025-11-07 18:58:45,193 - UltimateBot_V8 - INFO - Penalty: 0.0000 - {'risk_scale': 1.0}
2025-11-07 18:58:45,200 - UltimateBot_V8 - INFO - Penalty: 0.0000 - {'risk_scale': 1.0}
2025-11-07 18:58:45,207 - UltimateBot_V8 - INFO - Penalty: 0.0000 - {'risk_scale': 1.0}
2025-11-07 18:58:45,213 - UltimateBot_V8 - INFO - Penalty: 0.0000 - {'risk_scale': 1.0}
2025-11-07 18:58:45,220 - UltimateBot_V8 - INFO - Penalty: 0.0000 - {'risk_scale': 1.0}
2025-11-07 18:58:45,227 - UltimateBot_V8 - INFO - Penalty: 0.0000 - {'risk_scale': 1.0}
2025-11-07 18:58:45,233 - UltimateBot_V8 - INFO - Penalty: 0.0000 - {'risk_scale': 1.0}
2025-11-07 18:58:45,240 - UltimateBot_V8 - INFO - Penalty: 0.0000 - {'risk_scale': 1.0}
2025-11-07 18:58:45,247 - UltimateBot_V8 - INFO - Penalty: 0.0000 - {'risk_scale': 1.0}
2025-11-07 18:58:45,254 - UltimateBot_V8 - INFO - Penalty: 0.0000 - {'risk_scale': 1.0}
2025-11-07 18:58:45,260 - UltimateBot_V8 - INFO - Penalty: 0.0000 - {'risk_scale': 1.0}
2025-11-07 18:58:45,261 - UltimateBot_V8 - INFO -   Step 400: Reward=-835.3106, Balance=$25000.00
2025-11-07 18:58:45,267 - UltimateBot_V8 - INFO - Penalty: 0.0000 - {'risk_scale': 1.0}
2025-11-07 18:58:45,274 - UltimateBot_V8 - INFO - Penalty: 0.0000 - {'risk_scale': 1.0}
2025-11-07 18:58:45,281 - UltimateBot_V8 - INFO - Penalty: 0.0000 - {'risk_scale': 1.0}
2025-11-07 18:58:45,288 - UltimateBot_V8 - INFO - Penalty: 0.0000 - {'risk_scale': 1.0}
2025-11-07 18:58:45,295 - UltimateBot_V8 - INFO - Penalty: 0.0000 - {'risk_scale': 1.0}
2025-11-07 18:58:45,304 - UltimateBot_V8 - INFO - Penalty: 0.0000 - {'risk_scale': 1.0}
2025-11-07 18:58:45,311 - UltimateBot_V8 - INFO - Penalty: 0.0000 - {'risk_scale': 1.0}
2025-11-07 18:58:45,319 - UltimateBot_V8 - INFO - Penalty: 0.0000 - {'risk_scale': 1.0}
2025-11-07 18:58:45,325 - UltimateBot_V8 - INFO - Penalty: 0.0000 - {'risk_scale': 1.0}
2025-11-07 18:58:45,333 - UltimateBot_V8 - INFO - Penalty: 0.0000 - {'risk_scale': 1.0}
2025-11-07 18:58:45,340 - UltimateBot_V8 - INFO - Penalty: 0.0000 - {'risk_scale': 1.0}
2025-11-07 18:58:45,347 - UltimateBot_V8 - INFO - Penalty: 0.0000 - {'risk_scale': 1.0}
2025-11-07 18:58:45,355 - UltimateBot_V8 - INFO - Penalty: 0.0000 - {'risk_scale': 1.0}
2025-11-07 18:58:45,362 - UltimateBot_V8 - INFO - Penalty: 0.0000 - {'risk_scale': 1.0}
2025-11-07 18:58:45,369 - UltimateBot_V8 - INFO - Penalty: 0.0000 - {'risk_scale': 1.0}
2025-11-07 18:58:45,376 - UltimateBot_V8 - INFO - Penalty: 0.0000 - {'risk_scale': 1.0}
2025-11-07 18:58:45,383 - UltimateBot_V8 - INFO - Penalty: 0.0000 - {'risk_scale': 1.0}
2025-11-07 18:58:45,390 - UltimateBot_V8 - INFO - Penalty: 0.0000 - {'risk_scale': 1.0}
2025-11-07 18:58:45,397 - UltimateBot_V8 - INFO - Penalty: 0.0000 - {'risk_scale': 1.0}
2025-11-07 18:58:45,404 - UltimateBot_V8 - INFO - Penalty: 0.0000 - {'risk_scale': 1.0}
2025-11-07 18:58:45,412 - UltimateBot_V8 - INFO - Penalty: 0.0000 - {'risk_scale': 1.0}
2025-11-07 18:58:45,419 - UltimateBot_V8 - INFO - Penalty: 0.0000 - {'risk_scale': 1.0}
2025-11-07 18:58:45,426 - UltimateBot_V8 - INFO - Penalty: 0.0000 - {'risk_scale': 1.0}
2025-11-07 18:58:45,433 - UltimateBot_V8 - INFO - Penalty: 0.0000 - {'risk_scale': 1.0}
2025-11-07 18:58:45,440 - UltimateBot_V8 - INFO - Penalty: 0.0000 - {'risk_scale': 1.0}
2025-11-07 18:58:45,447 - UltimateBot_V8 - INFO - Penalty: 0.0000 - {'risk_scale': 1.0}
2025-11-07 18:58:45,455 - UltimateBot_V8 - INFO - Penalty: 0.0000 - {'risk_scale': 1.0}
2025-11-07 18:58:45,462 - UltimateBot_V8 - INFO - Penalty: 0.0000 - {'risk_scale': 1.0}
2025-11-07 18:58:45,470 - UltimateBot_V8 - INFO - Penalty: 0.0000 - {'risk_scale': 1.0}
2025-11-07 18:58:45,477 - UltimateBot_V8 - INFO - Penalty: 0.0000 - {'risk_scale': 1.0}
2025-11-07 18:58:45,484 - UltimateBot_V8 - INFO - Penalty: 0.0000 - {'risk_scale': 1.0}
2025-11-07 18:58:45,491 - UltimateBot_V8 - INFO - Penalty: 0.0000 - {'risk_scale': 1.0}
2025-11-07 18:58:45,499 - UltimateBot_V8 - INFO - Penalty: 0.0000 - {'risk_scale': 1.0}
2025-11-07 18:58:45,506 - UltimateBot_V8 - INFO - Penalty: 0.0000 - {'risk_scale': 1.0}
2025-11-07 18:58:45,513 - UltimateBot_V8 - INFO - Penalty: 0.0000 - {'risk_scale': 1.0}
2025-11-07 18:58:45,521 - UltimateBot_V8 - INFO - Penalty: 0.0000 - {'risk_scale': 1.0}
2025-11-07 18:58:45,528 - UltimateBot_V8 - INFO - Penalty: 0.0000 - {'risk_scale': 1.0}
2025-11-07 18:58:45,536 - UltimateBot_V8 - INFO - Penalty: 0.0000 - {'risk_scale': 1.0}
2025-11-07 18:58:45,543 - UltimateBot_V8 - INFO - Penalty: 0.0000 - {'risk_scale': 1.0}
2025-11-07 18:58:45,550 - UltimateBot_V8 - INFO - Penalty: 0.0000 - {'risk_scale': 1.0}
2025-11-07 18:58:45,558 - UltimateBot_V8 - INFO - Penalty: 0.0000 - {'risk_scale': 1.0}
2025-11-07 18:58:45,565 - UltimateBot_V8 - INFO - Penalty: 0.0000 - {'risk_scale': 1.0}
2025-11-07 18:58:45,573 - UltimateBot_V8 - INFO - Penalty: 0.0000 - {'risk_scale': 1.0}
2025-11-07 18:58:45,581 - UltimateBot_V8 - INFO - Penalty: 0.0000 - {'risk_scale': 1.0}
2025-11-07 18:58:45,590 - UltimateBot_V8 - INFO - Penalty: 0.0000 - {'risk_scale': 1.0}
2025-11-07 18:58:45,598 - UltimateBot_V8 - INFO - Penalty: 0.0000 - {'risk_scale': 1.0}
2025-11-07 18:58:45,606 - UltimateBot_V8 - INFO - Penalty: 0.0000 - {'risk_scale': 1.0}
2025-11-07 18:58:45,614 - UltimateBot_V8 - INFO - Penalty: 0.0000 - {'risk_scale': 1.0}
2025-11-07 18:58:45,621 - UltimateBot_V8 - INFO - Penalty: 0.0000 - {'risk_scale': 1.0}
2025-11-07 18:58:45,630 - UltimateBot_V8 - INFO - Penalty: 0.0000 - {'risk_scale': 1.0}
2025-11-07 18:58:45,637 - UltimateBot_V8 - INFO - Penalty: 0.0000 - {'risk_scale': 1.0}
2025-11-07 18:58:45,645 - UltimateBot_V8 - INFO - Penalty: 0.0000 - {'risk_scale': 1.0}
2025-11-07 18:58:45,653 - UltimateBot_V8 - INFO - Penalty: 0.0000 - {'risk_scale': 1.0}
2025-11-07 18:58:45,660 - UltimateBot_V8 - INFO - Penalty: 0.0000 - {'risk_scale': 1.0}
2025-11-07 18:58:45,668 - UltimateBot_V8 - INFO - Penalty: 0.0000 - {'risk_scale': 1.0}
2025-11-07 18:58:45,676 - UltimateBot_V8 - INFO - Penalty: 0.0000 - {'risk_scale': 1.0}
2025-11-07 18:58:45,684 - UltimateBot_V8 - INFO - Penalty: 0.0000 - {'risk_scale': 1.0}
2025-11-07 18:58:45,692 - UltimateBot_V8 - INFO - Penalty: 0.0000 - {'risk_scale': 1.0}
2025-11-07 18:58:45,699 - UltimateBot_V8 - INFO - Penalty: 0.0000 - {'risk_scale': 1.0}
2025-11-07 18:58:45,707 - UltimateBot_V8 - INFO - Penalty: 0.0000 - {'risk_scale': 1.0}
2025-11-07 18:58:45,715 - UltimateBot_V8 - INFO - Penalty: 0.0000 - {'risk_scale': 1.0}
2025-11-07 18:58:45,722 - UltimateBot_V8 - INFO - Penalty: 0.0000 - {'risk_scale': 1.0}
2025-11-07 18:58:45,730 - UltimateBot_V8 - INFO - Penalty: 0.0000 - {'risk_scale': 1.0}
2025-11-07 18:58:45,738 - UltimateBot_V8 - INFO - Penalty: 0.0000 - {'risk_scale': 1.0}
2025-11-07 18:58:45,746 - UltimateBot_V8 - INFO - Penalty: 0.0000 - {'risk_scale': 1.0}
2025-11-07 18:58:45,753 - UltimateBot_V8 - INFO - Penalty: 0.0000 - {'risk_scale': 1.0}
2025-11-07 18:58:45,761 - UltimateBot_V8 - INFO - Penalty: 0.0000 - {'risk_scale': 1.0}
2025-11-07 18:58:45,769 - UltimateBot_V8 - INFO - Penalty: 0.0000 - {'risk_scale': 1.0}
2025-11-07 18:58:45,776 - UltimateBot_V8 - INFO - Penalty: 0.0000 - {'risk_scale': 1.0}
2025-11-07 18:58:45,784 - UltimateBot_V8 - INFO - Penalty: 0.0000 - {'risk_scale': 1.0}
2025-11-07 18:58:45,792 - UltimateBot_V8 - INFO - Penalty: 0.0000 - {'risk_scale': 1.0}
2025-11-07 18:58:45,800 - UltimateBot_V8 - INFO - Penalty: 0.0000 - {'risk_scale': 1.0}
2025-11-07 18:58:45,808 - UltimateBot_V8 - INFO - Penalty: 0.0000 - {'risk_scale': 1.0}
2025-11-07 18:58:45,816 - UltimateBot_V8 - INFO - Penalty: 0.0000 - {'risk_scale': 1.0}
2025-11-07 18:58:45,824 - UltimateBot_V8 - INFO - Penalty: 0.0000 - {'risk_scale': 1.0}
2025-11-07 18:58:45,832 - UltimateBot_V8 - INFO - Penalty: 0.0000 - {'risk_scale': 1.0}
2025-11-07 18:58:45,841 - UltimateBot_V8 - INFO - Penalty: 0.0000 - {'risk_scale': 1.0}
2025-11-07 18:58:45,849 - UltimateBot_V8 - INFO - Penalty: 0.0000 - {'risk_scale': 1.0}
2025-11-07 18:58:45,857 - UltimateBot_V8 - INFO - Penalty: 0.0000 - {'risk_scale': 1.0}
2025-11-07 18:58:45,865 - UltimateBot_V8 - INFO - Penalty: 0.0000 - {'risk_scale': 1.0}
2025-11-07 18:58:45,873 - UltimateBot_V8 - INFO - Penalty: 0.0000 - {'risk_scale': 1.0}
2025-11-07 18:58:45,881 - UltimateBot_V8 - INFO - Penalty: 0.0000 - {'risk_scale': 1.0}
2025-11-07 18:58:45,889 - UltimateBot_V8 - INFO - Penalty: 0.0000 - {'risk_scale': 1.0}
2025-11-07 18:58:45,897 - UltimateBot_V8 - INFO - Penalty: 0.0000 - {'risk_scale': 1.0}
2025-11-07 18:58:45,905 - UltimateBot_V8 - INFO - Penalty: 0.0000 - {'risk_scale': 1.0}
2025-11-07 18:58:45,914 - UltimateBot_V8 - INFO - Penalty: 0.0000 - {'risk_scale': 1.0}
2025-11-07 18:58:45,922 - UltimateBot_V8 - INFO - Penalty: 0.0000 - {'risk_scale': 1.0}
2025-11-07 18:58:45,930 - UltimateBot_V8 - INFO - Penalty: 0.0000 - {'risk_scale': 1.0}
2025-11-07 18:58:45,938 - UltimateBot_V8 - INFO - Penalty: 0.0000 - {'risk_scale': 1.0}
2025-11-07 18:58:45,946 - UltimateBot_V8 - INFO - Penalty: 0.0000 - {'risk_scale': 1.0}
2025-11-07 18:58:45,955 - UltimateBot_V8 - INFO - Penalty: 0.0000 - {'risk_scale': 1.0}
2025-11-07 18:58:45,963 - UltimateBot_V8 - INFO - Penalty: 0.0000 - {'risk_scale': 1.0}
2025-11-07 18:58:45,971 - UltimateBot_V8 - INFO - Penalty: 0.0000 - {'risk_scale': 1.0}
2025-11-07 18:58:45,979 - UltimateBot_V8 - INFO - Penalty: 0.0000 - {'risk_scale': 1.0}
2025-11-07 18:58:45,987 - UltimateBot_V8 - INFO - Penalty: 0.0000 - {'risk_scale': 1.0}
2025-11-07 18:58:45,996 - UltimateBot_V8 - INFO - Penalty: 0.0000 - {'risk_scale': 1.0}
2025-11-07 18:58:46,004 - UltimateBot_V8 - INFO - Penalty: 0.0000 - {'risk_scale': 1.0}
2025-11-07 18:58:46,012 - UltimateBot_V8 - INFO - Penalty: 0.0000 - {'risk_scale': 1.0}
2025-11-07 18:58:46,020 - UltimateBot_V8 - INFO - Penalty: 0.0000 - {'risk_scale': 1.0}
2025-11-07 18:58:46,029 - UltimateBot_V8 - INFO - Penalty: 0.0000 - {'risk_scale': 1.0}
2025-11-07 18:58:46,029 - UltimateBot_V8 - INFO -   Step 500: Reward=-1316.5741, Balance=$25000.00
2025-11-07 18:58:46,037 - UltimateBot_V8 - INFO - Penalty: 0.0000 - {'risk_scale': 1.0}
2025-11-07 18:58:46,045 - UltimateBot_V8 - INFO - Penalty: 0.0000 - {'risk_scale': 1.0}
2025-11-07 18:58:46,054 - UltimateBot_V8 - INFO - Penalty: 0.0000 - {'risk_scale': 1.0}
2025-11-07 18:58:46,063 - UltimateBot_V8 - INFO - Penalty: 0.0000 - {'risk_scale': 1.0}
2025-11-07 18:58:46,071 - UltimateBot_V8 - INFO - Penalty: 0.0000 - {'risk_scale': 1.0}
2025-11-07 18:58:46,080 - UltimateBot_V8 - INFO - Penalty: 0.0000 - {'risk_scale': 1.0}
2025-11-07 18:58:46,088 - UltimateBot_V8 - INFO - Penalty: 0.0000 - {'risk_scale': 1.0}
2025-11-07 18:58:46,096 - UltimateBot_V8 - INFO - Penalty: 0.0000 - {'risk_scale': 1.0}
2025-11-07 18:58:46,105 - UltimateBot_V8 - INFO - Penalty: 0.0000 - {'risk_scale': 1.0}
2025-11-07 18:58:46,113 - UltimateBot_V8 - INFO - Penalty: 0.0000 - {'risk_scale': 1.0}
2025-11-07 18:58:46,122 - UltimateBot_V8 - INFO - Penalty: 0.0000 - {'risk_scale': 1.0}
2025-11-07 18:58:46,130 - UltimateBot_V8 - INFO - Penalty: 0.0000 - {'risk_scale': 1.0}
2025-11-07 18:58:46,139 - UltimateBot_V8 - INFO - Penalty: 0.0000 - {'risk_scale': 1.0}
2025-11-07 18:58:46,147 - UltimateBot_V8 - INFO - Penalty: 0.0000 - {'risk_scale': 1.0}
2025-11-07 18:58:46,156 - UltimateBot_V8 - INFO - Penalty: 0.0000 - {'risk_scale': 1.0}
2025-11-07 18:58:46,165 - UltimateBot_V8 - INFO - Penalty: 0.0000 - {'risk_scale': 1.0}
2025-11-07 18:58:46,173 - UltimateBot_V8 - INFO - Penalty: 0.0000 - {'risk_scale': 1.0}
2025-11-07 18:58:46,182 - UltimateBot_V8 - INFO - Penalty: 0.0000 - {'risk_scale': 1.0}
2025-11-07 18:58:46,191 - UltimateBot_V8 - INFO - Penalty: 0.0000 - {'risk_scale': 1.0}
2025-11-07 18:58:46,199 - UltimateBot_V8 - INFO - Penalty: 0.0000 - {'risk_scale': 1.0}
2025-11-07 18:58:46,208 - UltimateBot_V8 - INFO - Penalty: 0.0000 - {'risk_scale': 1.0}
2025-11-07 18:58:46,216 - UltimateBot_V8 - INFO - Penalty: 0.0000 - {'risk_scale': 1.0}
2025-11-07 18:58:46,225 - UltimateBot_V8 - INFO - Penalty: 0.0000 - {'risk_scale': 1.0}
2025-11-07 18:58:46,234 - UltimateBot_V8 - INFO - Penalty: 0.0000 - {'risk_scale': 1.0}
2025-11-07 18:58:46,243 - UltimateBot_V8 - INFO - Penalty: 0.0000 - {'risk_scale': 1.0}
2025-11-07 18:58:46,251 - UltimateBot_V8 - INFO - Penalty: 0.0000 - {'risk_scale': 1.0}
2025-11-07 18:58:46,260 - UltimateBot_V8 - INFO - Penalty: 0.0000 - {'risk_scale': 1.0}
2025-11-07 18:58:46,269 - UltimateBot_V8 - INFO - Penalty: 0.0000 - {'risk_scale': 1.0}
2025-11-07 18:58:46,278 - UltimateBot_V8 - INFO - Penalty: 0.0000 - {'risk_scale': 1.0}
2025-11-07 18:58:46,287 - UltimateBot_V8 - INFO - Penalty: 0.0000 - {'risk_scale': 1.0}
2025-11-07 18:58:46,296 - UltimateBot_V8 - INFO - Penalty: 0.0000 - {'risk_scale': 1.0}
2025-11-07 18:58:46,305 - UltimateBot_V8 - INFO - Penalty: 0.0000 - {'risk_scale': 1.0}
2025-11-07 18:58:46,314 - UltimateBot_V8 - INFO - Penalty: 0.0000 - {'risk_scale': 1.0}
2025-11-07 18:58:46,323 - UltimateBot_V8 - INFO - Penalty: 0.0000 - {'risk_scale': 1.0}
2025-11-07 18:58:46,332 - UltimateBot_V8 - INFO - Penalty: 0.0000 - {'risk_scale': 1.0}
2025-11-07 18:58:46,341 - UltimateBot_V8 - INFO - Penalty: 0.0000 - {'risk_scale': 1.0}
2025-11-07 18:58:46,350 - UltimateBot_V8 - INFO - Penalty: 0.0000 - {'risk_scale': 1.0}
2025-11-07 18:58:46,359 - UltimateBot_V8 - INFO - Penalty: 0.0000 - {'risk_scale': 1.0}
2025-11-07 18:58:46,368 - UltimateBot_V8 - INFO - Penalty: 0.0000 - {'risk_scale': 1.0}
2025-11-07 18:58:46,377 - UltimateBot_V8 - INFO - Penalty: 0.0000 - {'risk_scale': 1.0}
2025-11-07 18:58:46,386 - UltimateBot_V8 - INFO - Penalty: 0.0000 - {'risk_scale': 1.0}
2025-11-07 18:58:46,395 - UltimateBot_V8 - INFO - Penalty: 0.0000 - {'risk_scale': 1.0}
2025-11-07 18:58:46,404 - UltimateBot_V8 - INFO - Penalty: 0.0000 - {'risk_scale': 1.0}
2025-11-07 18:58:46,414 - UltimateBot_V8 - INFO - Penalty: 0.0000 - {'risk_scale': 1.0}
2025-11-07 18:58:46,423 - UltimateBot_V8 - INFO - Penalty: 0.0000 - {'risk_scale': 1.0}
2025-11-07 18:58:46,432 - UltimateBot_V8 - INFO - Penalty: 0.0000 - {'risk_scale': 1.0}
2025-11-07 18:58:46,441 - UltimateBot_V8 - INFO - Penalty: 0.0000 - {'risk_scale': 1.0}
2025-11-07 18:58:46,451 - UltimateBot_V8 - INFO - Penalty: 0.0000 - {'risk_scale': 1.0}
2025-11-07 18:58:46,460 - UltimateBot_V8 - INFO - Penalty: 0.0000 - {'risk_scale': 1.0}
2025-11-07 18:58:46,469 - UltimateBot_V8 - INFO - Penalty: 0.0000 - {'risk_scale': 1.0}
2025-11-07 18:58:46,478 - UltimateBot_V8 - INFO - Penalty: 0.0000 - {'risk_scale': 1.0}
2025-11-07 18:58:46,488 - UltimateBot_V8 - INFO - Penalty: 0.0000 - {'risk_scale': 1.0}
2025-11-07 18:58:46,497 - UltimateBot_V8 - INFO - Penalty: 0.0000 - {'risk_scale': 1.0}
2025-11-07 18:58:46,506 - UltimateBot_V8 - INFO - Penalty: 0.0000 - {'risk_scale': 1.0}
2025-11-07 18:58:46,515 - UltimateBot_V8 - INFO - Penalty: 0.0000 - {'risk_scale': 1.0}
2025-11-07 18:58:46,524 - UltimateBot_V8 - INFO - Penalty: 0.0000 - {'risk_scale': 1.0}
2025-11-07 18:58:46,534 - UltimateBot_V8 - INFO - Penalty: 0.0000 - {'risk_scale': 1.0}
2025-11-07 18:58:46,543 - UltimateBot_V8 - INFO - Penalty: 0.0000 - {'risk_scale': 1.0}
2025-11-07 18:58:46,552 - UltimateBot_V8 - INFO - Penalty: 0.0000 - {'risk_scale': 1.0}
2025-11-07 18:58:46,561 - UltimateBot_V8 - INFO - Penalty: 0.0000 - {'risk_scale': 1.0}
2025-11-07 18:58:46,571 - UltimateBot_V8 - INFO - Penalty: 0.0000 - {'risk_scale': 1.0}
2025-11-07 18:58:46,580 - UltimateBot_V8 - INFO - Penalty: 0.0000 - {'risk_scale': 1.0}
2025-11-07 18:58:46,589 - UltimateBot_V8 - INFO - Penalty: 0.0000 - {'risk_scale': 1.0}
2025-11-07 18:58:46,598 - UltimateBot_V8 - INFO - Penalty: 0.0000 - {'risk_scale': 1.0}
2025-11-07 18:58:46,608 - UltimateBot_V8 - INFO - Penalty: 0.0000 - {'risk_scale': 1.0}
2025-11-07 18:58:46,617 - UltimateBot_V8 - INFO - Penalty: 0.0000 - {'risk_scale': 1.0}
2025-11-07 18:58:46,627 - UltimateBot_V8 - INFO - Penalty: 0.0000 - {'risk_scale': 1.0}
2025-11-07 18:58:46,636 - UltimateBot_V8 - INFO - Penalty: 0.0000 - {'risk_scale': 1.0}
2025-11-07 18:58:46,645 - UltimateBot_V8 - INFO - Penalty: 0.0000 - {'risk_scale': 1.0}
2025-11-07 18:58:46,655 - UltimateBot_V8 - INFO - Penalty: 0.0000 - {'risk_scale': 1.0}
2025-11-07 18:58:46,664 - UltimateBot_V8 - INFO - Penalty: 0.0000 - {'risk_scale': 1.0}
2025-11-07 18:58:46,674 - UltimateBot_V8 - INFO - Penalty: 0.0000 - {'risk_scale': 1.0}
2025-11-07 18:58:46,684 - UltimateBot_V8 - INFO - Penalty: 0.0000 - {'risk_scale': 1.0}
2025-11-07 18:58:46,693 - UltimateBot_V8 - INFO - Penalty: 0.0000 - {'risk_scale': 1.0}
2025-11-07 18:58:46,703 - UltimateBot_V8 - INFO - Penalty: 0.0000 - {'risk_scale': 1.0}
2025-11-07 18:58:46,713 - UltimateBot_V8 - INFO - Penalty: 0.0000 - {'risk_scale': 1.0}
2025-11-07 18:58:46,722 - UltimateBot_V8 - INFO - Penalty: 0.0000 - {'risk_scale': 1.0}
2025-11-07 18:58:46,732 - UltimateBot_V8 - INFO - Penalty: 0.0000 - {'risk_scale': 1.0}
2025-11-07 18:58:46,741 - UltimateBot_V8 - INFO - Penalty: 0.0000 - {'risk_scale': 1.0}
2025-11-07 18:58:46,751 - UltimateBot_V8 - INFO - Penalty: 0.0000 - {'risk_scale': 1.0}
2025-11-07 18:58:46,761 - UltimateBot_V8 - INFO - Penalty: 0.0000 - {'risk_scale': 1.0}
2025-11-07 18:58:46,770 - UltimateBot_V8 - INFO - Penalty: 0.0000 - {'risk_scale': 1.0}
2025-11-07 18:58:46,780 - UltimateBot_V8 - INFO - Penalty: 0.0000 - {'risk_scale': 1.0}
2025-11-07 18:58:46,790 - UltimateBot_V8 - INFO - Penalty: 0.0000 - {'risk_scale': 1.0}
2025-11-07 18:58:46,800 - UltimateBot_V8 - INFO - Penalty: 0.0000 - {'risk_scale': 1.0}
2025-11-07 18:58:46,810 - UltimateBot_V8 - INFO - Penalty: 0.0000 - {'risk_scale': 1.0}
2025-11-07 18:58:46,819 - UltimateBot_V8 - INFO - Penalty: 0.0000 - {'risk_scale': 1.0}
2025-11-07 18:58:46,829 - UltimateBot_V8 - INFO - Penalty: 0.0000 - {'risk_scale': 1.0}
2025-11-07 18:58:46,839 - UltimateBot_V8 - INFO - Penalty: 0.0000 - {'risk_scale': 1.0}
2025-11-07 18:58:46,849 - UltimateBot_V8 - INFO - Penalty: 0.0000 - {'risk_scale': 1.0}
2025-11-07 18:58:46,858 - UltimateBot_V8 - INFO - Penalty: 0.0000 - {'risk_scale': 1.0}
2025-11-07 18:58:46,868 - UltimateBot_V8 - INFO - Penalty: 0.0000 - {'risk_scale': 1.0}
2025-11-07 18:58:46,878 - UltimateBot_V8 - INFO - Penalty: 0.0000 - {'risk_scale': 1.0}
2025-11-07 18:58:46,888 - UltimateBot_V8 - INFO - Penalty: 0.0000 - {'risk_scale': 1.0}
2025-11-07 18:58:46,897 - UltimateBot_V8 - INFO - Penalty: 0.0000 - {'risk_scale': 1.0}
2025-11-07 18:58:46,907 - UltimateBot_V8 - INFO - Penalty: 0.0000 - {'risk_scale': 1.0}
2025-11-07 18:58:46,917 - UltimateBot_V8 - INFO - Penalty: 0.0000 - {'risk_scale': 1.0}
2025-11-07 18:58:46,927 - UltimateBot_V8 - INFO - Penalty: 0.0000 - {'risk_scale': 1.0}
2025-11-07 18:58:46,937 - UltimateBot_V8 - INFO - Penalty: 0.0000 - {'risk_scale': 1.0}
2025-11-07 18:58:46,947 - UltimateBot_V8 - INFO - Penalty: 0.0000 - {'risk_scale': 1.0}
2025-11-07 18:58:46,947 - UltimateBot_V8 - INFO -   Step 600: Reward=-781.7653, Balance=$25000.00
2025-11-07 18:58:46,957 - UltimateBot_V8 - INFO - Penalty: 0.0000 - {'risk_scale': 1.0}
2025-11-07 18:58:46,967 - UltimateBot_V8 - INFO - Penalty: 0.0000 - {'risk_scale': 1.0}
2025-11-07 18:58:46,976 - UltimateBot_V8 - INFO - Penalty: 0.0000 - {'risk_scale': 1.0}
2025-11-07 18:58:46,986 - UltimateBot_V8 - INFO - Penalty: 0.0000 - {'risk_scale': 1.0}
2025-11-07 18:58:46,996 - UltimateBot_V8 - INFO - Penalty: 0.0000 - {'risk_scale': 1.0}
2025-11-07 18:58:47,006 - UltimateBot_V8 - INFO - Penalty: 0.0000 - {'risk_scale': 1.0}
2025-11-07 18:58:47,016 - UltimateBot_V8 - INFO - Penalty: 0.0000 - {'risk_scale': 1.0}
2025-11-07 18:58:47,026 - UltimateBot_V8 - INFO - Penalty: 0.0000 - {'risk_scale': 1.0}
2025-11-07 18:58:47,036 - UltimateBot_V8 - INFO - Penalty: 0.0000 - {'risk_scale': 1.0}
2025-11-07 18:58:47,046 - UltimateBot_V8 - INFO - Penalty: 0.0000 - {'risk_scale': 1.0}
2025-11-07 18:58:47,056 - UltimateBot_V8 - INFO - Penalty: 0.0000 - {'risk_scale': 1.0}
2025-11-07 18:58:47,066 - UltimateBot_V8 - INFO - Penalty: 0.0000 - {'risk_scale': 1.0}
2025-11-07 18:58:47,076 - UltimateBot_V8 - INFO - Penalty: 0.0000 - {'risk_scale': 1.0}
2025-11-07 18:58:47,086 - UltimateBot_V8 - INFO - Penalty: 0.0000 - {'risk_scale': 1.0}
2025-11-07 18:58:47,096 - UltimateBot_V8 - INFO - Penalty: 0.0000 - {'risk_scale': 1.0}
2025-11-07 18:58:47,106 - UltimateBot_V8 - INFO - Penalty: 0.0000 - {'risk_scale': 1.0}
2025-11-07 18:58:47,116 - UltimateBot_V8 - INFO - Penalty: 0.0000 - {'risk_scale': 1.0}
2025-11-07 18:58:47,126 - UltimateBot_V8 - INFO - Penalty: 0.0000 - {'risk_scale': 1.0}
2025-11-07 18:58:47,136 - UltimateBot_V8 - INFO - Penalty: 0.0000 - {'risk_scale': 1.0}
2025-11-07 18:58:47,147 - UltimateBot_V8 - INFO - Penalty: 0.0000 - {'risk_scale': 1.0}
2025-11-07 18:58:47,157 - UltimateBot_V8 - INFO - Penalty: 0.0000 - {'risk_scale': 1.0}
2025-11-07 18:58:47,166 - UltimateBot_V8 - INFO - Penalty: 0.0000 - {'risk_scale': 1.0}
2025-11-07 18:58:47,176 - UltimateBot_V8 - INFO - Penalty: 0.0000 - {'risk_scale': 1.0}
2025-11-07 18:58:47,186 - UltimateBot_V8 - INFO - Penalty: 0.0000 - {'risk_scale': 1.0}
2025-11-07 18:58:47,196 - UltimateBot_V8 - INFO - Penalty: 0.0000 - {'risk_scale': 1.0}
2025-11-07 18:58:47,207 - UltimateBot_V8 - INFO - Penalty: 0.0000 - {'risk_scale': 1.0}
2025-11-07 18:58:47,217 - UltimateBot_V8 - INFO - Penalty: 0.0000 - {'risk_scale': 1.0}
2025-11-07 18:58:47,227 - UltimateBot_V8 - INFO - Penalty: 0.0000 - {'risk_scale': 1.0}
2025-11-07 18:58:47,237 - UltimateBot_V8 - INFO - Penalty: 0.0000 - {'risk_scale': 1.0}
2025-11-07 18:58:47,247 - UltimateBot_V8 - INFO - Penalty: 0.0000 - {'risk_scale': 1.0}
2025-11-07 18:58:47,257 - UltimateBot_V8 - INFO - Penalty: 0.0000 - {'risk_scale': 1.0}
2025-11-07 18:58:47,267 - UltimateBot_V8 - INFO - Penalty: 0.0000 - {'risk_scale': 1.0}
2025-11-07 18:58:47,277 - UltimateBot_V8 - INFO - Penalty: 0.0000 - {'risk_scale': 1.0}
2025-11-07 18:58:47,287 - UltimateBot_V8 - INFO - Penalty: 0.0000 - {'risk_scale': 1.0}
2025-11-07 18:58:47,297 - UltimateBot_V8 - INFO - Penalty: 0.0000 - {'risk_scale': 1.0}
2025-11-07 18:58:47,307 - UltimateBot_V8 - INFO - Penalty: 0.0000 - {'risk_scale': 1.0}
2025-11-07 18:58:47,317 - UltimateBot_V8 - INFO - Penalty: 0.0000 - {'risk_scale': 1.0}
2025-11-07 18:58:47,328 - UltimateBot_V8 - INFO - Penalty: 0.0000 - {'risk_scale': 1.0}
2025-11-07 18:58:47,338 - UltimateBot_V8 - INFO - Penalty: 0.0000 - {'risk_scale': 1.0}
2025-11-07 18:58:47,348 - UltimateBot_V8 - INFO - Penalty: 0.0000 - {'risk_scale': 1.0}
2025-11-07 18:58:47,358 - UltimateBot_V8 - INFO - Penalty: 0.0000 - {'risk_scale': 1.0}
2025-11-07 18:58:47,368 - UltimateBot_V8 - INFO - Penalty: 0.0000 - {'risk_scale': 1.0}
2025-11-07 18:58:47,378 - UltimateBot_V8 - INFO - Penalty: 0.0000 - {'risk_scale': 1.0}
2025-11-07 18:58:47,388 - UltimateBot_V8 - INFO - Penalty: 0.0000 - {'risk_scale': 1.0}
2025-11-07 18:58:47,398 - UltimateBot_V8 - INFO - Penalty: 0.0000 - {'risk_scale': 1.0}
2025-11-07 18:58:47,408 - UltimateBot_V8 - INFO - Penalty: 0.0000 - {'risk_scale': 1.0}
2025-11-07 18:58:47,418 - UltimateBot_V8 - INFO - Penalty: 0.0000 - {'risk_scale': 1.0}
2025-11-07 18:58:47,429 - UltimateBot_V8 - INFO - Penalty: 0.0000 - {'risk_scale': 1.0}
2025-11-07 18:58:47,439 - UltimateBot_V8 - INFO - Penalty: 0.0000 - {'risk_scale': 1.0}
2025-11-07 18:58:47,449 - UltimateBot_V8 - INFO - Penalty: 0.0000 - {'risk_scale': 1.0}
2025-11-07 18:58:47,459 - UltimateBot_V8 - INFO - Penalty: 0.0000 - {'risk_scale': 1.0}
2025-11-07 18:58:47,469 - UltimateBot_V8 - INFO - Penalty: 0.0000 - {'risk_scale': 1.0}
2025-11-07 18:58:47,479 - UltimateBot_V8 - INFO - Penalty: 0.0000 - {'risk_scale': 1.0}
2025-11-07 18:58:47,489 - UltimateBot_V8 - INFO - Penalty: 0.0000 - {'risk_scale': 1.0}
2025-11-07 18:58:47,499 - UltimateBot_V8 - INFO - Penalty: 0.0000 - {'risk_scale': 1.0}
2025-11-07 18:58:47,509 - UltimateBot_V8 - INFO - Penalty: 0.0000 - {'risk_scale': 1.0}
2025-11-07 18:58:47,519 - UltimateBot_V8 - INFO - Penalty: 0.0000 - {'risk_scale': 1.0}
2025-11-07 18:58:47,529 - UltimateBot_V8 - INFO - Penalty: 0.0000 - {'risk_scale': 1.0}
2025-11-07 18:58:47,539 - UltimateBot_V8 - INFO - Penalty: 0.0000 - {'risk_scale': 1.0}
2025-11-07 18:58:47,549 - UltimateBot_V8 - INFO - Penalty: 0.0000 - {'risk_scale': 1.0}
2025-11-07 18:58:47,559 - UltimateBot_V8 - INFO - Penalty: 0.0000 - {'risk_scale': 1.0}
2025-11-07 18:58:47,569 - UltimateBot_V8 - INFO - Penalty: 0.0000 - {'risk_scale': 1.0}
2025-11-07 18:58:47,579 - UltimateBot_V8 - INFO - Penalty: 0.0000 - {'risk_scale': 1.0}
2025-11-07 18:58:47,591 - UltimateBot_V8 - INFO - Penalty: 0.0000 - {'risk_scale': 1.0}
2025-11-07 18:58:47,601 - UltimateBot_V8 - INFO - Penalty: 0.0000 - {'risk_scale': 1.0}
2025-11-07 18:58:47,612 - UltimateBot_V8 - INFO - Penalty: 0.0000 - {'risk_scale': 1.0}
2025-11-07 18:58:47,622 - UltimateBot_V8 - INFO - Penalty: 0.0000 - {'risk_scale': 1.0}
2025-11-07 18:58:47,633 - UltimateBot_V8 - INFO - Penalty: 0.0000 - {'risk_scale': 1.0}
2025-11-07 18:58:47,643 - UltimateBot_V8 - INFO - Penalty: 0.0000 - {'risk_scale': 1.0}
2025-11-07 18:58:47,653 - UltimateBot_V8 - INFO - Penalty: 0.0000 - {'risk_scale': 1.0}
2025-11-07 18:58:47,663 - UltimateBot_V8 - INFO - Penalty: 0.0000 - {'risk_scale': 1.0}
2025-11-07 18:58:47,673 - UltimateBot_V8 - INFO - Penalty: 0.0000 - {'risk_scale': 1.0}
2025-11-07 18:58:47,683 - UltimateBot_V8 - INFO - Penalty: 0.0000 - {'risk_scale': 1.0}
2025-11-07 18:58:47,693 - UltimateBot_V8 - INFO - Penalty: 0.0000 - {'risk_scale': 1.0}
2025-11-07 18:58:47,703 - UltimateBot_V8 - INFO - Penalty: 0.0000 - {'risk_scale': 1.0}
2025-11-07 18:58:47,713 - UltimateBot_V8 - INFO - Penalty: 0.0000 - {'risk_scale': 1.0}
2025-11-07 18:58:47,723 - UltimateBot_V8 - INFO - Penalty: 0.0000 - {'risk_scale': 1.0}
2025-11-07 18:58:47,733 - UltimateBot_V8 - INFO - Penalty: 0.0000 - {'risk_scale': 1.0}
2025-11-07 18:58:47,743 - UltimateBot_V8 - INFO - Penalty: 0.0000 - {'risk_scale': 1.0}
2025-11-07 18:58:47,753 - UltimateBot_V8 - INFO - Penalty: 0.0000 - {'risk_scale': 1.0}
2025-11-07 18:58:47,763 - UltimateBot_V8 - INFO - Penalty: 0.0000 - {'risk_scale': 1.0}
2025-11-07 18:58:47,773 - UltimateBot_V8 - INFO - Penalty: 0.0000 - {'risk_scale': 1.0}
2025-11-07 18:58:47,783 - UltimateBot_V8 - INFO - Penalty: 0.0000 - {'risk_scale': 1.0}
2025-11-07 18:58:47,793 - UltimateBot_V8 - INFO - Penalty: 0.0000 - {'risk_scale': 1.0}
2025-11-07 18:58:47,803 - UltimateBot_V8 - INFO - Penalty: 0.0000 - {'risk_scale': 1.0}
2025-11-07 18:58:47,813 - UltimateBot_V8 - INFO - Penalty: 0.0000 - {'risk_scale': 1.0}
2025-11-07 18:58:47,823 - UltimateBot_V8 - INFO - Penalty: 0.0000 - {'risk_scale': 1.0}
2025-11-07 18:58:47,833 - UltimateBot_V8 - INFO - Penalty: 0.0000 - {'risk_scale': 1.0}
2025-11-07 18:58:47,845 - UltimateBot_V8 - INFO - Penalty: 0.0000 - {'risk_scale': 1.0}
2025-11-07 18:58:47,856 - UltimateBot_V8 - INFO - Penalty: 0.0000 - {'risk_scale': 1.0}
2025-11-07 18:58:47,866 - UltimateBot_V8 - INFO - Penalty: 0.0000 - {'risk_scale': 1.0}
2025-11-07 18:58:47,877 - UltimateBot_V8 - INFO - Penalty: 0.0000 - {'risk_scale': 1.0}
2025-11-07 18:58:47,887 - UltimateBot_V8 - INFO - Penalty: 0.0000 - {'risk_scale': 1.0}
2025-11-07 18:58:47,897 - UltimateBot_V8 - INFO - Penalty: 0.0000 - {'risk_scale': 1.0}
2025-11-07 18:58:47,907 - UltimateBot_V8 - INFO - Penalty: 0.0000 - {'risk_scale': 1.0}
2025-11-07 18:58:47,918 - UltimateBot_V8 - INFO - Penalty: 0.0000 - {'risk_scale': 1.0}
2025-11-07 18:58:47,928 - UltimateBot_V8 - INFO - Penalty: 0.0000 - {'risk_scale': 1.0}
2025-11-07 18:58:47,938 - UltimateBot_V8 - INFO - Penalty: 0.0000 - {'risk_scale': 1.0}
2025-11-07 18:58:47,948 - UltimateBot_V8 - INFO - Penalty: 0.0000 - {'risk_scale': 1.0}
2025-11-07 18:58:47,958 - UltimateBot_V8 - INFO - Penalty: 0.0000 - {'risk_scale': 1.0}
2025-11-07 18:58:47,958 - UltimateBot_V8 - INFO -   Step 700: Reward=174.7277, Balance=$25000.00
2025-11-07 18:58:47,968 - UltimateBot_V8 - INFO - Penalty: 0.0000 - {'risk_scale': 1.0}
2025-11-07 18:58:47,978 - UltimateBot_V8 - INFO - Penalty: 0.0000 - {'risk_scale': 1.0}
2025-11-07 18:58:47,988 - UltimateBot_V8 - INFO - Penalty: 0.0000 - {'risk_scale': 1.0}
2025-11-07 18:58:47,998 - UltimateBot_V8 - INFO - Penalty: 0.0000 - {'risk_scale': 1.0}
2025-11-07 18:58:48,008 - UltimateBot_V8 - INFO - Penalty: 0.0000 - {'risk_scale': 1.0}
2025-11-07 18:58:48,018 - UltimateBot_V8 - INFO - Penalty: 0.0000 - {'risk_scale': 1.0}
2025-11-07 18:58:48,028 - UltimateBot_V8 - INFO - Penalty: 0.0000 - {'risk_scale': 1.0}
2025-11-07 18:58:48,038 - UltimateBot_V8 - INFO - Penalty: 0.0000 - {'risk_scale': 1.0}
2025-11-07 18:58:48,048 - UltimateBot_V8 - INFO - Penalty: 0.0000 - {'risk_scale': 1.0}
2025-11-07 18:58:48,058 - UltimateBot_V8 - INFO - Penalty: 0.0000 - {'risk_scale': 1.0}
2025-11-07 18:58:48,068 - UltimateBot_V8 - INFO - Penalty: 0.0000 - {'risk_scale': 1.0}
2025-11-07 18:58:48,078 - UltimateBot_V8 - INFO - Penalty: 0.0000 - {'risk_scale': 1.0}
2025-11-07 18:58:48,088 - UltimateBot_V8 - INFO - Penalty: 0.0000 - {'risk_scale': 1.0}
2025-11-07 18:58:48,098 - UltimateBot_V8 - INFO - Penalty: 0.0000 - {'risk_scale': 1.0}
2025-11-07 18:58:48,108 - UltimateBot_V8 - INFO - Penalty: 0.0000 - {'risk_scale': 1.0}
2025-11-07 18:58:48,118 - UltimateBot_V8 - INFO - Penalty: 0.0000 - {'risk_scale': 1.0}
2025-11-07 18:58:48,129 - UltimateBot_V8 - INFO - Penalty: 0.0000 - {'risk_scale': 1.0}
2025-11-07 18:58:48,139 - UltimateBot_V8 - INFO - Penalty: 0.0000 - {'risk_scale': 1.0}
2025-11-07 18:58:48,149 - UltimateBot_V8 - INFO - Penalty: 0.0000 - {'risk_scale': 1.0}
2025-11-07 18:58:48,159 - UltimateBot_V8 - INFO - Penalty: 0.0000 - {'risk_scale': 1.0}
2025-11-07 18:58:48,169 - UltimateBot_V8 - INFO - Penalty: 0.0000 - {'risk_scale': 1.0}
2025-11-07 18:58:48,179 - UltimateBot_V8 - INFO - Penalty: 0.0000 - {'risk_scale': 1.0}
2025-11-07 18:58:48,189 - UltimateBot_V8 - INFO - Penalty: 0.0000 - {'risk_scale': 1.0}
2025-11-07 18:58:48,199 - UltimateBot_V8 - INFO - Penalty: 0.0000 - {'risk_scale': 1.0}
2025-11-07 18:58:48,209 - UltimateBot_V8 - INFO - Penalty: 0.0000 - {'risk_scale': 1.0}
2025-11-07 18:58:48,219 - UltimateBot_V8 - INFO - Penalty: 0.0000 - {'risk_scale': 1.0}
2025-11-07 18:58:48,229 - UltimateBot_V8 - INFO - Penalty: 0.0000 - {'risk_scale': 1.0}
2025-11-07 18:58:48,239 - UltimateBot_V8 - INFO - Penalty: 0.0000 - {'risk_scale': 1.0}
2025-11-07 18:58:48,249 - UltimateBot_V8 - INFO - Penalty: 0.0000 - {'risk_scale': 1.0}
2025-11-07 18:58:48,259 - UltimateBot_V8 - INFO - Penalty: 0.0000 - {'risk_scale': 1.0}
2025-11-07 18:58:48,269 - UltimateBot_V8 - INFO - Penalty: 0.0000 - {'risk_scale': 1.0}
2025-11-07 18:58:48,279 - UltimateBot_V8 - INFO - Penalty: 0.0000 - {'risk_scale': 1.0}
2025-11-07 18:58:48,289 - UltimateBot_V8 - INFO - Penalty: 0.0000 - {'risk_scale': 1.0}
2025-11-07 18:58:48,299 - UltimateBot_V8 - INFO - Penalty: 0.0000 - {'risk_scale': 1.0}
2025-11-07 18:58:48,309 - UltimateBot_V8 - INFO - Penalty: 0.0000 - {'risk_scale': 1.0}
2025-11-07 18:58:48,319 - UltimateBot_V8 - INFO - Penalty: 0.0000 - {'risk_scale': 1.0}
2025-11-07 18:58:48,329 - UltimateBot_V8 - INFO - Penalty: 0.0000 - {'risk_scale': 1.0}
2025-11-07 18:58:48,339 - UltimateBot_V8 - INFO - Penalty: 0.0000 - {'risk_scale': 1.0}
2025-11-07 18:58:48,349 - UltimateBot_V8 - INFO - Penalty: 0.0000 - {'risk_scale': 1.0}
2025-11-07 18:58:48,359 - UltimateBot_V8 - INFO - Penalty: 0.0000 - {'risk_scale': 1.0}
2025-11-07 18:58:48,369 - UltimateBot_V8 - INFO - Penalty: 0.0000 - {'risk_scale': 1.0}
2025-11-07 18:58:48,379 - UltimateBot_V8 - INFO - Penalty: 0.0000 - {'risk_scale': 1.0}
2025-11-07 18:58:48,389 - UltimateBot_V8 - INFO - Penalty: 0.0000 - {'risk_scale': 1.0}
2025-11-07 18:58:48,400 - UltimateBot_V8 - INFO - Penalty: 0.0000 - {'risk_scale': 1.0}
2025-11-07 18:58:48,410 - UltimateBot_V8 - INFO - Penalty: 0.0000 - {'risk_scale': 1.0}
2025-11-07 18:58:48,420 - UltimateBot_V8 - INFO - Penalty: 0.0000 - {'risk_scale': 1.0}
2025-11-07 18:58:48,430 - UltimateBot_V8 - INFO - Penalty: 0.0000 - {'risk_scale': 1.0}
2025-11-07 18:58:48,440 - UltimateBot_V8 - INFO - Penalty: 0.0000 - {'risk_scale': 1.0}
2025-11-07 18:58:48,450 - UltimateBot_V8 - INFO - Penalty: 0.0000 - {'risk_scale': 1.0}
2025-11-07 18:58:48,460 - UltimateBot_V8 - INFO - Penalty: 0.0000 - {'risk_scale': 1.0}
2025-11-07 18:58:48,470 - UltimateBot_V8 - INFO - Penalty: 0.0000 - {'risk_scale': 1.0}
2025-11-07 18:58:48,480 - UltimateBot_V8 - INFO - Penalty: 0.0000 - {'risk_scale': 1.0}
2025-11-07 18:58:48,490 - UltimateBot_V8 - INFO - Penalty: 0.0000 - {'risk_scale': 1.0}
2025-11-07 18:58:48,500 - UltimateBot_V8 - INFO - Penalty: 0.0000 - {'risk_scale': 1.0}
2025-11-07 18:58:48,510 - UltimateBot_V8 - INFO - Penalty: 0.0000 - {'risk_scale': 1.0}
2025-11-07 18:58:48,520 - UltimateBot_V8 - INFO - Penalty: 0.0000 - {'risk_scale': 1.0}
2025-11-07 18:58:48,530 - UltimateBot_V8 - INFO - Penalty: 0.0000 - {'risk_scale': 1.0}
2025-11-07 18:58:48,540 - UltimateBot_V8 - INFO - Penalty: 0.0000 - {'risk_scale': 1.0}
2025-11-07 18:58:48,550 - UltimateBot_V8 - INFO - Penalty: 0.0000 - {'risk_scale': 1.0}
2025-11-07 18:58:48,560 - UltimateBot_V8 - INFO - Penalty: 0.0000 - {'risk_scale': 1.0}
2025-11-07 18:58:48,570 - UltimateBot_V8 - INFO - Penalty: 0.0000 - {'risk_scale': 1.0}
2025-11-07 18:58:48,580 - UltimateBot_V8 - INFO - Penalty: 0.0000 - {'risk_scale': 1.0}
2025-11-07 18:58:48,590 - UltimateBot_V8 - INFO - Penalty: 0.0000 - {'risk_scale': 1.0}
2025-11-07 18:58:48,600 - UltimateBot_V8 - INFO - Penalty: 0.0000 - {'risk_scale': 1.0}
2025-11-07 18:58:48,610 - UltimateBot_V8 - INFO - Penalty: 0.0000 - {'risk_scale': 1.0}
2025-11-07 18:58:48,620 - UltimateBot_V8 - INFO - Penalty: 0.0000 - {'risk_scale': 1.0}
2025-11-07 18:58:48,630 - UltimateBot_V8 - INFO - Penalty: 0.0000 - {'risk_scale': 1.0}
2025-11-07 18:58:48,640 - UltimateBot_V8 - INFO - Penalty: 0.0000 - {'risk_scale': 1.0}
2025-11-07 18:58:48,650 - UltimateBot_V8 - INFO - Penalty: 0.0000 - {'risk_scale': 1.0}
2025-11-07 18:58:48,660 - UltimateBot_V8 - INFO - Penalty: 0.0000 - {'risk_scale': 1.0}
2025-11-07 18:58:48,670 - UltimateBot_V8 - INFO - Penalty: 0.0000 - {'risk_scale': 1.0}
2025-11-07 18:58:48,680 - UltimateBot_V8 - INFO - Penalty: 0.0000 - {'risk_scale': 1.0}
2025-11-07 18:58:48,690 - UltimateBot_V8 - INFO - Penalty: 0.0000 - {'risk_scale': 1.0}
2025-11-07 18:58:48,700 - UltimateBot_V8 - INFO - Penalty: 0.0000 - {'risk_scale': 1.0}
2025-11-07 18:58:48,710 - UltimateBot_V8 - INFO - Penalty: 0.0000 - {'risk_scale': 1.0}
2025-11-07 18:58:48,720 - UltimateBot_V8 - INFO - Penalty: 0.0000 - {'risk_scale': 1.0}
2025-11-07 18:58:48,730 - UltimateBot_V8 - INFO - Penalty: 0.0000 - {'risk_scale': 1.0}
2025-11-07 18:58:48,740 - UltimateBot_V8 - INFO - Penalty: 0.0000 - {'risk_scale': 1.0}
2025-11-07 18:58:48,750 - UltimateBot_V8 - INFO - Penalty: 0.0000 - {'risk_scale': 1.0}
2025-11-07 18:58:48,761 - UltimateBot_V8 - INFO - Penalty: 0.0000 - {'risk_scale': 1.0}
2025-11-07 18:58:48,770 - UltimateBot_V8 - INFO - Penalty: 0.0000 - {'risk_scale': 1.0}
2025-11-07 18:58:48,780 - UltimateBot_V8 - INFO - Penalty: 0.0000 - {'risk_scale': 1.0}
2025-11-07 18:58:48,790 - UltimateBot_V8 - INFO - Penalty: 0.0000 - {'risk_scale': 1.0}
2025-11-07 18:58:48,801 - UltimateBot_V8 - INFO - Penalty: 0.0000 - {'risk_scale': 1.0}
2025-11-07 18:58:48,811 - UltimateBot_V8 - INFO - Penalty: 0.0000 - {'risk_scale': 1.0}
2025-11-07 18:58:48,821 - UltimateBot_V8 - INFO - Penalty: 0.0000 - {'risk_scale': 1.0}
2025-11-07 18:58:48,831 - UltimateBot_V8 - INFO - Penalty: 0.0000 - {'risk_scale': 1.0}
2025-11-07 18:58:48,841 - UltimateBot_V8 - INFO - Penalty: 0.0000 - {'risk_scale': 1.0}
2025-11-07 18:58:48,851 - UltimateBot_V8 - INFO - Penalty: 0.0000 - {'risk_scale': 1.0}
2025-11-07 18:58:48,861 - UltimateBot_V8 - INFO - Penalty: 0.0000 - {'risk_scale': 1.0}
2025-11-07 18:58:48,871 - UltimateBot_V8 - INFO - Penalty: 0.0000 - {'risk_scale': 1.0}
2025-11-07 18:58:48,881 - UltimateBot_V8 - INFO - Penalty: 0.0000 - {'risk_scale': 1.0}
2025-11-07 18:58:48,891 - UltimateBot_V8 - INFO - Penalty: 0.0000 - {'risk_scale': 1.0}
2025-11-07 18:58:48,901 - UltimateBot_V8 - INFO - Penalty: 0.0000 - {'risk_scale': 1.0}
2025-11-07 18:58:48,911 - UltimateBot_V8 - INFO - Penalty: 0.0000 - {'risk_scale': 1.0}
2025-11-07 18:58:48,921 - UltimateBot_V8 - INFO - Penalty: 0.0000 - {'risk_scale': 1.0}
2025-11-07 18:58:48,931 - UltimateBot_V8 - INFO - Penalty: 0.0000 - {'risk_scale': 1.0}
2025-11-07 18:58:48,941 - UltimateBot_V8 - INFO - Penalty: 0.0000 - {'risk_scale': 1.0}
2025-11-07 18:58:48,951 - UltimateBot_V8 - INFO - Penalty: 0.0000 - {'risk_scale': 1.0}
2025-11-07 18:58:48,961 - UltimateBot_V8 - INFO - Penalty: 0.0000 - {'risk_scale': 1.0}
2025-11-07 18:58:48,961 - UltimateBot_V8 - INFO -   Step 800: Reward=4010.3283, Balance=$25000.00
2025-11-07 18:58:48,971 - UltimateBot_V8 - INFO - Penalty: 0.0000 - {'risk_scale': 1.0}
2025-11-07 18:58:48,981 - UltimateBot_V8 - INFO - Penalty: 0.0000 - {'risk_scale': 1.0}
2025-11-07 18:58:48,991 - UltimateBot_V8 - INFO - Penalty: 0.0000 - {'risk_scale': 1.0}
2025-11-07 18:58:49,001 - UltimateBot_V8 - INFO - Penalty: 0.0000 - {'risk_scale': 1.0}
2025-11-07 18:58:49,011 - UltimateBot_V8 - INFO - Penalty: 0.0000 - {'risk_scale': 1.0}
2025-11-07 18:58:49,021 - UltimateBot_V8 - INFO - Penalty: 0.0000 - {'risk_scale': 1.0}
2025-11-07 18:58:49,032 - UltimateBot_V8 - INFO - Penalty: 0.0000 - {'risk_scale': 1.0}
2025-11-07 18:58:49,042 - UltimateBot_V8 - INFO - Penalty: 0.0000 - {'risk_scale': 1.0}
2025-11-07 18:58:49,052 - UltimateBot_V8 - INFO - Penalty: 0.0000 - {'risk_scale': 1.0}
2025-11-07 18:58:49,062 - UltimateBot_V8 - INFO - Penalty: 0.0000 - {'risk_scale': 1.0}
2025-11-07 18:58:49,072 - UltimateBot_V8 - INFO - Penalty: 0.0000 - {'risk_scale': 1.0}
2025-11-07 18:58:49,082 - UltimateBot_V8 - INFO - Penalty: 0.0000 - {'risk_scale': 1.0}
2025-11-07 18:58:49,092 - UltimateBot_V8 - INFO - Penalty: 0.0000 - {'risk_scale': 1.0}
2025-11-07 18:58:49,102 - UltimateBot_V8 - INFO - Penalty: 0.0000 - {'risk_scale': 1.0}
2025-11-07 18:58:49,112 - UltimateBot_V8 - INFO - Penalty: 0.0000 - {'risk_scale': 1.0}
2025-11-07 18:58:49,123 - UltimateBot_V8 - INFO - Penalty: 0.0000 - {'risk_scale': 1.0}
2025-11-07 18:58:49,133 - UltimateBot_V8 - INFO - Penalty: 0.0000 - {'risk_scale': 1.0}
2025-11-07 18:58:49,144 - UltimateBot_V8 - INFO - Penalty: 0.0000 - {'risk_scale': 1.0}
2025-11-07 18:58:49,154 - UltimateBot_V8 - INFO - Penalty: 0.0000 - {'risk_scale': 1.0}
2025-11-07 18:58:49,164 - UltimateBot_V8 - INFO - Penalty: 0.0000 - {'risk_scale': 1.0}
2025-11-07 18:58:49,174 - UltimateBot_V8 - INFO - Penalty: 0.0000 - {'risk_scale': 1.0}
2025-11-07 18:58:49,184 - UltimateBot_V8 - INFO - Penalty: 0.0000 - {'risk_scale': 1.0}
2025-11-07 18:58:49,194 - UltimateBot_V8 - INFO - Penalty: 0.0000 - {'risk_scale': 1.0}
2025-11-07 18:58:49,204 - UltimateBot_V8 - INFO - Penalty: 0.0000 - {'risk_scale': 1.0}
2025-11-07 18:58:49,214 - UltimateBot_V8 - INFO - Penalty: 0.0000 - {'risk_scale': 1.0}
2025-11-07 18:58:49,224 - UltimateBot_V8 - INFO - Penalty: 0.0000 - {'risk_scale': 1.0}
2025-11-07 18:58:49,234 - UltimateBot_V8 - INFO - Penalty: 0.0000 - {'risk_scale': 1.0}
2025-11-07 18:58:49,244 - UltimateBot_V8 - INFO - Penalty: 0.0000 - {'risk_scale': 1.0}
2025-11-07 18:58:49,254 - UltimateBot_V8 - INFO - Penalty: 0.0000 - {'risk_scale': 1.0}
2025-11-07 18:58:49,264 - UltimateBot_V8 - INFO - Penalty: 0.0000 - {'risk_scale': 1.0}
2025-11-07 18:58:49,274 - UltimateBot_V8 - INFO - Penalty: 0.0000 - {'risk_scale': 1.0}
2025-11-07 18:58:49,284 - UltimateBot_V8 - INFO - Penalty: 0.0000 - {'risk_scale': 1.0}
2025-11-07 18:58:49,294 - UltimateBot_V8 - INFO - Penalty: 0.0000 - {'risk_scale': 1.0}
2025-11-07 18:58:49,304 - UltimateBot_V8 - INFO - Penalty: 0.0000 - {'risk_scale': 1.0}
2025-11-07 18:58:49,314 - UltimateBot_V8 - INFO - Penalty: 0.0000 - {'risk_scale': 1.0}
2025-11-07 18:58:49,324 - UltimateBot_V8 - INFO - Penalty: 0.0000 - {'risk_scale': 1.0}
2025-11-07 18:58:49,335 - UltimateBot_V8 - INFO - Penalty: 0.0000 - {'risk_scale': 1.0}
2025-11-07 18:58:49,345 - UltimateBot_V8 - INFO - Penalty: 0.0000 - {'risk_scale': 1.0}
2025-11-07 18:58:49,355 - UltimateBot_V8 - INFO - Penalty: 0.0000 - {'risk_scale': 1.0}
2025-11-07 18:58:49,365 - UltimateBot_V8 - INFO - Penalty: 0.0000 - {'risk_scale': 1.0}
2025-11-07 18:58:49,375 - UltimateBot_V8 - INFO - Penalty: 0.0000 - {'risk_scale': 1.0}
2025-11-07 18:58:49,385 - UltimateBot_V8 - INFO - Penalty: 0.0000 - {'risk_scale': 1.0}
2025-11-07 18:58:49,395 - UltimateBot_V8 - INFO - Penalty: 0.0000 - {'risk_scale': 1.0}
2025-11-07 18:58:49,405 - UltimateBot_V8 - INFO - Penalty: 0.0000 - {'risk_scale': 1.0}
2025-11-07 18:58:49,415 - UltimateBot_V8 - INFO - Penalty: 0.0000 - {'risk_scale': 1.0}
2025-11-07 18:58:49,425 - UltimateBot_V8 - INFO - Penalty: 0.0000 - {'risk_scale': 1.0}
2025-11-07 18:58:49,435 - UltimateBot_V8 - INFO - Penalty: 0.0000 - {'risk_scale': 1.0}
2025-11-07 18:58:49,445 - UltimateBot_V8 - INFO - Penalty: 0.0000 - {'risk_scale': 1.0}
2025-11-07 18:58:49,455 - UltimateBot_V8 - INFO - Penalty: 0.0000 - {'risk_scale': 1.0}
2025-11-07 18:58:49,465 - UltimateBot_V8 - INFO - Penalty: 0.0000 - {'risk_scale': 1.0}
2025-11-07 18:58:49,475 - UltimateBot_V8 - INFO - Penalty: 0.0000 - {'risk_scale': 1.0}
2025-11-07 18:58:49,485 - UltimateBot_V8 - INFO - Penalty: 0.0000 - {'risk_scale': 1.0}
2025-11-07 18:58:49,496 - UltimateBot_V8 - INFO - Penalty: 0.0000 - {'risk_scale': 1.0}
2025-11-07 18:58:49,506 - UltimateBot_V8 - INFO - Penalty: 0.0000 - {'risk_scale': 1.0}
2025-11-07 18:58:49,516 - UltimateBot_V8 - INFO - Penalty: 0.0000 - {'risk_scale': 1.0}
2025-11-07 18:58:49,526 - UltimateBot_V8 - INFO - Penalty: 0.0000 - {'risk_scale': 1.0}
2025-11-07 18:58:49,536 - UltimateBot_V8 - INFO - Penalty: 0.0000 - {'risk_scale': 1.0}
2025-11-07 18:58:49,546 - UltimateBot_V8 - INFO - Penalty: 0.0000 - {'risk_scale': 1.0}
2025-11-07 18:58:49,556 - UltimateBot_V8 - INFO - Penalty: 0.0000 - {'risk_scale': 1.0}
2025-11-07 18:58:49,566 - UltimateBot_V8 - INFO - Penalty: 0.0000 - {'risk_scale': 1.0}
2025-11-07 18:58:49,576 - UltimateBot_V8 - INFO - Penalty: 0.0000 - {'risk_scale': 1.0}
2025-11-07 18:58:49,586 - UltimateBot_V8 - INFO - Penalty: 0.0000 - {'risk_scale': 1.0}
2025-11-07 18:58:49,596 - UltimateBot_V8 - INFO - Penalty: 0.0000 - {'risk_scale': 1.0}
2025-11-07 18:58:49,606 - UltimateBot_V8 - INFO - Penalty: 0.0000 - {'risk_scale': 1.0}
2025-11-07 18:58:49,616 - UltimateBot_V8 - INFO - Penalty: 0.0000 - {'risk_scale': 1.0}
2025-11-07 18:58:49,626 - UltimateBot_V8 - INFO - Penalty: 0.0000 - {'risk_scale': 1.0}
2025-11-07 18:58:49,636 - UltimateBot_V8 - INFO - Penalty: 0.0000 - {'risk_scale': 1.0}
2025-11-07 18:58:49,646 - UltimateBot_V8 - INFO - Penalty: 0.0000 - {'risk_scale': 1.0}
2025-11-07 18:58:49,656 - UltimateBot_V8 - INFO - Penalty: 0.0000 - {'risk_scale': 1.0}
2025-11-07 18:58:49,666 - UltimateBot_V8 - INFO - Penalty: 0.0000 - {'risk_scale': 1.0}
2025-11-07 18:58:49,676 - UltimateBot_V8 - INFO - Penalty: 0.0000 - {'risk_scale': 1.0}
2025-11-07 18:58:49,686 - UltimateBot_V8 - INFO - Penalty: 0.0000 - {'risk_scale': 1.0}
2025-11-07 18:58:49,696 - UltimateBot_V8 - INFO - Penalty: 0.0000 - {'risk_scale': 1.0}
2025-11-07 18:58:49,706 - UltimateBot_V8 - INFO - Penalty: 0.0000 - {'risk_scale': 1.0}
2025-11-07 18:58:49,716 - UltimateBot_V8 - INFO - Penalty: 0.0000 - {'risk_scale': 1.0}
2025-11-07 18:58:49,726 - UltimateBot_V8 - INFO - Penalty: 0.0000 - {'risk_scale': 1.0}
2025-11-07 18:58:49,737 - UltimateBot_V8 - INFO - Penalty: 0.0000 - {'risk_scale': 1.0}
2025-11-07 18:58:49,746 - UltimateBot_V8 - INFO - Penalty: 0.0000 - {'risk_scale': 1.0}
2025-11-07 18:58:49,756 - UltimateBot_V8 - INFO - Penalty: 0.0000 - {'risk_scale': 1.0}
2025-11-07 18:58:49,766 - UltimateBot_V8 - INFO - Penalty: 0.0000 - {'risk_scale': 1.0}
2025-11-07 18:58:49,777 - UltimateBot_V8 - INFO - Penalty: 0.0000 - {'risk_scale': 1.0}
2025-11-07 18:58:49,787 - UltimateBot_V8 - INFO - Penalty: 0.0000 - {'risk_scale': 1.0}
2025-11-07 18:58:49,797 - UltimateBot_V8 - INFO - Penalty: 0.0000 - {'risk_scale': 1.0}
2025-11-07 18:58:49,807 - UltimateBot_V8 - INFO - Penalty: 0.0000 - {'risk_scale': 1.0}
2025-11-07 18:58:49,817 - UltimateBot_V8 - INFO - Penalty: 0.0000 - {'risk_scale': 1.0}
2025-11-07 18:58:49,826 - UltimateBot_V8 - INFO - Penalty: 0.0000 - {'risk_scale': 1.0}
2025-11-07 18:58:49,837 - UltimateBot_V8 - INFO - Penalty: 0.0000 - {'risk_scale': 1.0}
2025-11-07 18:58:49,848 - UltimateBot_V8 - INFO - Penalty: 0.0000 - {'risk_scale': 1.0}
2025-11-07 18:58:49,859 - UltimateBot_V8 - INFO - Penalty: 0.0000 - {'risk_scale': 1.0}
2025-11-07 18:58:49,870 - UltimateBot_V8 - INFO - Penalty: 0.0000 - {'risk_scale': 1.0}
2025-11-07 18:58:49,881 - UltimateBot_V8 - INFO - Penalty: 0.0000 - {'risk_scale': 1.0}
2025-11-07 18:58:49,891 - UltimateBot_V8 - INFO - Penalty: 0.0000 - {'risk_scale': 1.0}
2025-11-07 18:58:49,902 - UltimateBot_V8 - INFO - Penalty: 0.0000 - {'risk_scale': 1.0}
2025-11-07 18:58:49,912 - UltimateBot_V8 - INFO - Penalty: 0.0000 - {'risk_scale': 1.0}
2025-11-07 18:58:49,922 - UltimateBot_V8 - INFO - Penalty: 0.0000 - {'risk_scale': 1.0}
2025-11-07 18:58:49,932 - UltimateBot_V8 - INFO - Penalty: 0.0000 - {'risk_scale': 1.0}
2025-11-07 18:58:49,943 - UltimateBot_V8 - INFO - Penalty: 0.0000 - {'risk_scale': 1.0}
2025-11-07 18:58:49,953 - UltimateBot_V8 - INFO - Penalty: 0.0000 - {'risk_scale': 1.0}
2025-11-07 18:58:49,963 - UltimateBot_V8 - INFO - Penalty: 0.0000 - {'risk_scale': 1.0}
2025-11-07 18:58:49,973 - UltimateBot_V8 - INFO - Penalty: 0.0000 - {'risk_scale': 1.0}
2025-11-07 18:58:49,973 - UltimateBot_V8 - INFO -   Step 900: Reward=10427.5684, Balance=$25000.00
2025-11-07 18:58:49,983 - UltimateBot_V8 - INFO - Penalty: 0.0000 - {'risk_scale': 1.0}
2025-11-07 18:58:49,993 - UltimateBot_V8 - INFO - Penalty: 0.0000 - {'risk_scale': 1.0}
2025-11-07 18:58:50,003 - UltimateBot_V8 - INFO - Penalty: 0.0000 - {'risk_scale': 1.0}
2025-11-07 18:58:50,013 - UltimateBot_V8 - INFO - Penalty: 0.0000 - {'risk_scale': 1.0}
2025-11-07 18:58:50,023 - UltimateBot_V8 - INFO - Penalty: 0.0000 - {'risk_scale': 1.0}
2025-11-07 18:58:50,033 - UltimateBot_V8 - INFO - Penalty: 0.0000 - {'risk_scale': 1.0}
2025-11-07 18:58:50,043 - UltimateBot_V8 - INFO - Penalty: 0.0000 - {'risk_scale': 1.0}
2025-11-07 18:58:50,054 - UltimateBot_V8 - INFO - Penalty: 0.0000 - {'risk_scale': 1.0}
2025-11-07 18:58:50,064 - UltimateBot_V8 - INFO - Penalty: 0.0000 - {'risk_scale': 1.0}
2025-11-07 18:58:50,074 - UltimateBot_V8 - INFO - Penalty: 0.0000 - {'risk_scale': 1.0}
2025-11-07 18:58:50,084 - UltimateBot_V8 - INFO - Penalty: 0.0000 - {'risk_scale': 1.0}
2025-11-07 18:58:50,094 - UltimateBot_V8 - INFO - Penalty: 0.0000 - {'risk_scale': 1.0}
2025-11-07 18:58:50,105 - UltimateBot_V8 - INFO - Penalty: 0.0000 - {'risk_scale': 1.0}
2025-11-07 18:58:50,116 - UltimateBot_V8 - INFO - Penalty: 0.0000 - {'risk_scale': 1.0}
2025-11-07 18:58:50,127 - UltimateBot_V8 - INFO - Penalty: 0.0000 - {'risk_scale': 1.0}
2025-11-07 18:58:50,137 - UltimateBot_V8 - INFO - Penalty: 0.0000 - {'risk_scale': 1.0}
2025-11-07 18:58:50,148 - UltimateBot_V8 - INFO - Penalty: 0.0000 - {'risk_scale': 1.0}
2025-11-07 18:58:50,158 - UltimateBot_V8 - INFO - Penalty: 0.0000 - {'risk_scale': 1.0}
2025-11-07 18:58:50,169 - UltimateBot_V8 - INFO - Penalty: 0.0000 - {'risk_scale': 1.0}
2025-11-07 18:58:50,179 - UltimateBot_V8 - INFO - Penalty: 0.0000 - {'risk_scale': 1.0}
2025-11-07 18:58:50,189 - UltimateBot_V8 - INFO - Penalty: 0.0000 - {'risk_scale': 1.0}
2025-11-07 18:58:50,200 - UltimateBot_V8 - INFO - Penalty: 0.0000 - {'risk_scale': 1.0}
2025-11-07 18:58:50,210 - UltimateBot_V8 - INFO - Penalty: 0.0000 - {'risk_scale': 1.0}
2025-11-07 18:58:50,220 - UltimateBot_V8 - INFO - Penalty: 0.0000 - {'risk_scale': 1.0}
2025-11-07 18:58:50,230 - UltimateBot_V8 - INFO - Penalty: 0.0000 - {'risk_scale': 1.0}
2025-11-07 18:58:50,240 - UltimateBot_V8 - INFO - Penalty: 0.0000 - {'risk_scale': 1.0}
2025-11-07 18:58:50,250 - UltimateBot_V8 - INFO - Penalty: 0.0000 - {'risk_scale': 1.0}
2025-11-07 18:58:50,261 - UltimateBot_V8 - INFO - Penalty: 0.0000 - {'risk_scale': 1.0}
2025-11-07 18:58:50,271 - UltimateBot_V8 - INFO - Penalty: 0.0000 - {'risk_scale': 1.0}
2025-11-07 18:58:50,281 - UltimateBot_V8 - INFO - Penalty: 0.0000 - {'risk_scale': 1.0}
2025-11-07 18:58:50,291 - UltimateBot_V8 - INFO - Penalty: 0.0000 - {'risk_scale': 1.0}
2025-11-07 18:58:50,301 - UltimateBot_V8 - INFO - Penalty: 0.0000 - {'risk_scale': 1.0}
2025-11-07 18:58:50,311 - UltimateBot_V8 - INFO - Penalty: 0.0000 - {'risk_scale': 1.0}
2025-11-07 18:58:50,321 - UltimateBot_V8 - INFO - Penalty: 0.0000 - {'risk_scale': 1.0}
2025-11-07 18:58:50,332 - UltimateBot_V8 - INFO - Penalty: 0.0000 - {'risk_scale': 1.0}
2025-11-07 18:58:50,342 - UltimateBot_V8 - INFO - Penalty: 0.0000 - {'risk_scale': 1.0}
2025-11-07 18:58:50,352 - UltimateBot_V8 - INFO - Penalty: 0.0000 - {'risk_scale': 1.0}
2025-11-07 18:58:50,362 - UltimateBot_V8 - INFO - Penalty: 0.0000 - {'risk_scale': 1.0}
2025-11-07 18:58:50,372 - UltimateBot_V8 - INFO - Penalty: 0.0000 - {'risk_scale': 1.0}
2025-11-07 18:58:50,383 - UltimateBot_V8 - INFO - Penalty: 0.0000 - {'risk_scale': 1.0}
2025-11-07 18:58:50,393 - UltimateBot_V8 - INFO - Penalty: 0.0000 - {'risk_scale': 1.0}
2025-11-07 18:58:50,403 - UltimateBot_V8 - INFO - Penalty: 0.0000 - {'risk_scale': 1.0}
2025-11-07 18:58:50,414 - UltimateBot_V8 - INFO - Penalty: 0.0000 - {'risk_scale': 1.0}
2025-11-07 18:58:50,424 - UltimateBot_V8 - INFO - Penalty: 0.0000 - {'risk_scale': 1.0}
2025-11-07 18:58:50,434 - UltimateBot_V8 - INFO - Penalty: 0.0000 - {'risk_scale': 1.0}
2025-11-07 18:58:50,444 - UltimateBot_V8 - INFO - Penalty: 0.0000 - {'risk_scale': 1.0}
2025-11-07 18:58:50,455 - UltimateBot_V8 - INFO - Penalty: 0.0000 - {'risk_scale': 1.0}
2025-11-07 18:58:50,465 - UltimateBot_V8 - INFO - Penalty: 0.0000 - {'risk_scale': 1.0}
2025-11-07 18:58:50,475 - UltimateBot_V8 - INFO - Penalty: 0.0000 - {'risk_scale': 1.0}
2025-11-07 18:58:50,485 - UltimateBot_V8 - INFO - Penalty: 0.0000 - {'risk_scale': 1.0}
2025-11-07 18:58:50,495 - UltimateBot_V8 - INFO - Penalty: 0.0000 - {'risk_scale': 1.0}
2025-11-07 18:58:50,505 - UltimateBot_V8 - INFO - Penalty: 0.0000 - {'risk_scale': 1.0}
2025-11-07 18:58:50,515 - UltimateBot_V8 - INFO - Penalty: 0.0000 - {'risk_scale': 1.0}
2025-11-07 18:58:50,525 - UltimateBot_V8 - INFO - Penalty: 0.0000 - {'risk_scale': 1.0}
2025-11-07 18:58:50,536 - UltimateBot_V8 - INFO - Penalty: 0.0000 - {'risk_scale': 1.0}
2025-11-07 18:58:50,546 - UltimateBot_V8 - INFO - Penalty: 0.0000 - {'risk_scale': 1.0}
2025-11-07 18:58:50,556 - UltimateBot_V8 - INFO - Penalty: 0.0000 - {'risk_scale': 1.0}
2025-11-07 18:58:50,566 - UltimateBot_V8 - INFO - Penalty: 0.0000 - {'risk_scale': 1.0}
2025-11-07 18:58:50,576 - UltimateBot_V8 - INFO - Penalty: 0.0000 - {'risk_scale': 1.0}
2025-11-07 18:58:50,587 - UltimateBot_V8 - INFO - Penalty: 0.0000 - {'risk_scale': 1.0}
2025-11-07 18:58:50,598 - UltimateBot_V8 - INFO - Penalty: 0.0000 - {'risk_scale': 1.0}
2025-11-07 18:58:50,609 - UltimateBot_V8 - INFO - Penalty: 0.0000 - {'risk_scale': 1.0}
2025-11-07 18:58:50,619 - UltimateBot_V8 - INFO - Penalty: 0.0000 - {'risk_scale': 1.0}
2025-11-07 18:58:50,630 - UltimateBot_V8 - INFO - Penalty: 0.0000 - {'risk_scale': 1.0}
2025-11-07 18:58:50,640 - UltimateBot_V8 - INFO - Penalty: 0.0000 - {'risk_scale': 1.0}
2025-11-07 18:58:50,651 - UltimateBot_V8 - INFO - Penalty: 0.0000 - {'risk_scale': 1.0}
2025-11-07 18:58:50,661 - UltimateBot_V8 - INFO - Penalty: 0.0000 - {'risk_scale': 1.0}
2025-11-07 18:58:50,671 - UltimateBot_V8 - INFO - Penalty: 0.0000 - {'risk_scale': 1.0}
2025-11-07 18:58:50,681 - UltimateBot_V8 - INFO - Penalty: 0.0000 - {'risk_scale': 1.0}
2025-11-07 18:58:50,691 - UltimateBot_V8 - INFO - Penalty: 0.0000 - {'risk_scale': 1.0}
2025-11-07 18:58:50,702 - UltimateBot_V8 - INFO - Penalty: 0.0000 - {'risk_scale': 1.0}
2025-11-07 18:58:50,712 - UltimateBot_V8 - INFO - Penalty: 0.0000 - {'risk_scale': 1.0}
2025-11-07 18:58:50,723 - UltimateBot_V8 - INFO - Penalty: 0.0000 - {'risk_scale': 1.0}
2025-11-07 18:58:50,733 - UltimateBot_V8 - INFO - Penalty: 0.0000 - {'risk_scale': 1.0}
2025-11-07 18:58:50,743 - UltimateBot_V8 - INFO - Penalty: 0.0000 - {'risk_scale': 1.0}
2025-11-07 18:58:50,753 - UltimateBot_V8 - INFO - Penalty: 0.0000 - {'risk_scale': 1.0}
2025-11-07 18:58:50,763 - UltimateBot_V8 - INFO - Penalty: 0.0000 - {'risk_scale': 1.0}
2025-11-07 18:58:50,773 - UltimateBot_V8 - INFO - Penalty: 0.0000 - {'risk_scale': 1.0}
2025-11-07 18:58:50,783 - UltimateBot_V8 - INFO - Penalty: 0.0000 - {'risk_scale': 1.0}
2025-11-07 18:58:50,793 - UltimateBot_V8 - INFO - Penalty: 0.0000 - {'risk_scale': 1.0}
2025-11-07 18:58:50,804 - UltimateBot_V8 - INFO - Penalty: 0.0000 - {'risk_scale': 1.0}
2025-11-07 18:58:50,814 - UltimateBot_V8 - INFO - Penalty: 0.0000 - {'risk_scale': 1.0}
2025-11-07 18:58:50,824 - UltimateBot_V8 - INFO - Penalty: 0.0000 - {'risk_scale': 1.0}
2025-11-07 18:58:50,834 - UltimateBot_V8 - INFO - Penalty: 0.0000 - {'risk_scale': 1.0}
2025-11-07 18:58:50,844 - UltimateBot_V8 - INFO - Penalty: 0.0000 - {'risk_scale': 1.0}
2025-11-07 18:58:50,854 - UltimateBot_V8 - INFO - Penalty: 0.0000 - {'risk_scale': 1.0}
2025-11-07 18:58:50,864 - UltimateBot_V8 - INFO - Penalty: 0.0000 - {'risk_scale': 1.0}
2025-11-07 18:58:50,875 - UltimateBot_V8 - INFO - Penalty: 0.0000 - {'risk_scale': 1.0}
2025-11-07 18:58:50,885 - UltimateBot_V8 - INFO - Penalty: 0.0000 - {'risk_scale': 1.0}
2025-11-07 18:58:50,895 - UltimateBot_V8 - INFO - Penalty: 0.0000 - {'risk_scale': 1.0}
2025-11-07 18:58:50,905 - UltimateBot_V8 - INFO - Penalty: 0.0000 - {'risk_scale': 1.0}
2025-11-07 18:58:50,915 - UltimateBot_V8 - INFO - Penalty: 0.0000 - {'risk_scale': 1.0}
2025-11-07 18:58:50,925 - UltimateBot_V8 - INFO - Penalty: 0.0000 - {'risk_scale': 1.0}
2025-11-07 18:58:50,935 - UltimateBot_V8 - INFO - Penalty: 0.0000 - {'risk_scale': 1.0}
2025-11-07 18:58:50,945 - UltimateBot_V8 - INFO - Penalty: 0.0000 - {'risk_scale': 1.0}
2025-11-07 18:58:50,955 - UltimateBot_V8 - INFO - Penalty: 0.0000 - {'risk_scale': 1.0}
2025-11-07 18:58:50,965 - UltimateBot_V8 - INFO - Penalty: 0.0000 - {'risk_scale': 1.0}
2025-11-07 18:58:50,975 - UltimateBot_V8 - INFO - Penalty: 0.0000 - {'risk_scale': 1.0}
2025-11-07 18:58:50,985 - UltimateBot_V8 - INFO - Penalty: 0.0000 - {'risk_scale': 1.0}
2025-11-07 18:58:50,995 - UltimateBot_V8 - INFO - Penalty: 0.0000 - {'risk_scale': 1.0}
2025-11-07 18:58:50,995 - UltimateBot_V8 - INFO -   Step 1000: Reward=16913.4123, Balance=$25000.00
2025-11-07 18:58:50,995 - UltimateBot_V8 - INFO - ✅ Episode 1 complete: Reward=16913.4123
2025-11-07 18:58:50,995 - UltimateBot_V8 - INFO - 
📊 Backtest Summary:
2025-11-07 18:58:50,996 - UltimateBot_V8 - INFO -    Episodes: 1
2025-11-07 18:58:50,996 - UltimateBot_V8 - INFO -    Avg Reward: 16913.4123
2025-11-07 18:58:50,996 - UltimateBot_V8 - INFO -    Std Reward: 0.0000
2025-11-07 18:58:50,996 - UltimateBot_V8 - INFO - 
======================================================================
2025-11-07 18:58:50,996 - UltimateBot_V8 - INFO - ✅ V8 SYSTEM COMPLETED
2025-11-07 18:58:50,996 - UltimateBot_V8 - INFO - ======================================================================
